#-----------------------------------------------------------
# Webtalk v2018.2 (64-bit)
# SW Build 2258646 on Thu Jun 14 20:02:38 MDT 2018
# 
# Start of session at: Tue Dec 11 04:33:02 2018
# Process ID: 1162
# Current directory: /home/lais/Documentos/ROB307/rob_307/hw_arm_microblaze_opt/hw_arm_microblaze.sdk/webtalk
# Command line: wbtcv -mode batch -source sdk_webtalk.tcl
# Log file: /home/lais/Documentos/ROB307/rob_307/hw_arm_microblaze_opt/hw_arm_microblaze.sdk/webtalk/webtalk.log
# Journal file: /home/lais/Documentos/ROB307/rob_307/hw_arm_microblaze_opt/hw_arm_microblaze.sdk/webtalk/webtalk.jou
#-----------------------------------------------------------
source sdk_webtalk.tcl
# webtalk_init -webtalk_dir /home/lais/Documentos/ROB307/rob_307/hw_arm_microblaze_opt/hw_arm_microblaze.sdk/webtalk
# webtalk_register_client -client project
# webtalk_add_data -client project -key date_generated -value "2018-12-11 04:33:00" -context "software_version_and_target_device"
# webtalk_add_data -client project -key product_version -value "SDK v2018.2" -context "software_version_and_target_device"
# webtalk_add_data -client project -key build_version -value "2018.2" -context "software_version_and_target_device"
# webtalk_add_data -client project -key os_platform -value "amd64" -context "software_version_and_target_device"
# webtalk_add_data -client project -key registration_id -value "" -context "software_version_and_target_device"
# webtalk_add_data -client project -key tool_flow -value "SDK" -context "software_version_and_target_device"
# webtalk_add_data -client project -key beta -value "false" -context "software_version_and_target_device"
# webtalk_add_data -client project -key route_design -value "NA" -context "software_version_and_target_device"
# webtalk_add_data -client project -key target_family -value "NA" -context "software_version_and_target_device"
# webtalk_add_data -client project -key target_device -value "NA" -context "software_version_and_target_device"
# webtalk_add_data -client project -key target_package -value "NA" -context "software_version_and_target_device"
# webtalk_add_data -client project -key target_speed -value "NA" -context "software_version_and_target_device"
# webtalk_add_data -client project -key random_id -value "cqs8ern3qmstemgnj1n4t2h061" -context "software_version_and_target_device"
# webtalk_add_data -client project -key project_id -value "2018.2_34" -context "software_version_and_target_device"
# webtalk_add_data -client project -key project_iteration -value "34" -context "software_version_and_target_device"
# webtalk_add_data -client project -key os_name -value "Ubuntu" -context "user_environment"
# webtalk_add_data -client project -key os_release -value "Ubuntu 16.04.5 LTS" -context "user_environment"
# webtalk_add_data -client project -key cpu_name -value "Intel(R) Core(TM) i5-3337U CPU @ 1.80GHz" -context "user_environment"
# webtalk_add_data -client project -key cpu_speed -value "1070.126 MHz" -context "user_environment"
# webtalk_add_data -client project -key total_processors -value "1" -context "user_environment"
# webtalk_add_data -client project -key system_ram -value "4,029 GB" -context "user_environment"
# webtalk_register_client -client sdk
# webtalk_add_data -client sdk -key uid -value "1544497641000" -context "sdk\\\\hardware/1544497641000"
# webtalk_add_data -client sdk -key isZynq -value "true" -context "sdk\\\\hardware/1544497641000"
# webtalk_add_data -client sdk -key isZynqMP -value "false" -context "sdk\\\\hardware/1544497641000"
# webtalk_add_data -client sdk -key Processors -value "3" -context "sdk\\\\hardware/1544497641000"
# webtalk_add_data -client sdk -key VivadoVersion -value "2018.2" -context "sdk\\\\hardware/1544497641000"
# webtalk_add_data -client sdk -key Arch -value "zynq" -context "sdk\\\\hardware/1544497641000"
# webtalk_add_data -client sdk -key Device -value "7z020" -context "sdk\\\\hardware/1544497641000"
# webtalk_add_data -client sdk -key IsHandoff -value "true" -context "sdk\\\\hardware/1544497641000"
# webtalk_add_data -client sdk -key os -value "NA" -context "sdk\\\\hardware/1544497641000"
# webtalk_add_data -client sdk -key apptemplate -value "NA" -context "sdk\\\\hardware/1544497641000"
# webtalk_add_data -client sdk -key RecordType -value "HWCreation" -context "sdk\\\\hardware/1544497641000"
# webtalk_add_data -client sdk -key uid -value "1544498367000" -context "sdk\\\\bsp/1544498367000"
# webtalk_add_data -client sdk -key hwid -value "1544497641000" -context "sdk\\\\bsp/1544498367000"
# webtalk_add_data -client sdk -key os -value "standalone" -context "sdk\\\\bsp/1544498367000"
# webtalk_add_data -client sdk -key apptemplate -value "null" -context "sdk\\\\bsp/1544498367000"
# webtalk_add_data -client sdk -key RecordType -value "BSPCreation" -context "sdk\\\\bsp/1544498367000"
# webtalk_add_data -client sdk -key uid -value "1544498854000" -context "sdk\\\\bsp/1544498854000"
# webtalk_add_data -client sdk -key hwid -value "1544497641000" -context "sdk\\\\bsp/1544498854000"
# webtalk_add_data -client sdk -key os -value "standalone" -context "sdk\\\\bsp/1544498854000"
# webtalk_add_data -client sdk -key apptemplate -value "null" -context "sdk\\\\bsp/1544498854000"
# webtalk_add_data -client sdk -key RecordType -value "BSPCreation" -context "sdk\\\\bsp/1544498854000"
# webtalk_add_data -client sdk -key uid -value "NA" -context "sdk\\\\bsp/1544499180498"
# webtalk_add_data -client sdk -key RecordType -value "ToolUsage" -context "sdk\\\\bsp/1544499180498"
# webtalk_add_data -client sdk -key BootgenCount -value "0" -context "sdk\\\\bsp/1544499180498"
# webtalk_add_data -client sdk -key DebugCount -value "0" -context "sdk\\\\bsp/1544499180498"
# webtalk_add_data -client sdk -key PerfCount -value "0" -context "sdk\\\\bsp/1544499180498"
# webtalk_add_data -client sdk -key FlashCount -value "0" -context "sdk\\\\bsp/1544499180498"
# webtalk_add_data -client sdk -key CrossTriggCount -value "0" -context "sdk\\\\bsp/1544499180498"
# webtalk_add_data -client sdk -key QemuDebugCount -value "0" -context "sdk\\\\bsp/1544499180498"
# webtalk_transmit -clientid 2735168313 -regid "" -xml /home/lais/Documentos/ROB307/rob_307/hw_arm_microblaze_opt/hw_arm_microblaze.sdk/webtalk/usage_statistics_ext_sdk.xml -html /home/lais/Documentos/ROB307/rob_307/hw_arm_microblaze_opt/hw_arm_microblaze.sdk/webtalk/usage_statistics_ext_sdk.html -wdm /home/lais/Documentos/ROB307/rob_307/hw_arm_microblaze_opt/hw_arm_microblaze.sdk/webtalk/sdk_webtalk.wdm -intro "<H3>SDK Usage Report</H3><BR>"
# webtalk_terminate
INFO: [Common 17-206] Exiting Webtalk at Tue Dec 11 04:33:02 2018...
