04:06:51 INFO  : Registering command handlers for SDK TCF services
04:06:53 INFO  : Launching XSCT server: xsct -n -interactive /home/lais/Documentos/ROB307/rob_307/hw_arm_microblaze_opt/hw_arm_microblaze.sdk/temp_xsdb_launch_script.tcl
04:06:59 INFO  : XSCT server has started successfully.
04:07:13 INFO  : Successfully done setting XSCT server connection channel  
04:07:13 INFO  : Successfully done setting SDK workspace  
04:07:13 INFO  : Processing command line option -hwspec /home/lais/Documentos/ROB307/rob_307/hw_arm_microblaze_opt/hw_arm_microblaze.sdk/microblaze_arm_wrapper.hdf.
04:23:41 INFO  : Connected to target on host '127.0.0.1' and port '3121'.
04:23:42 INFO  : 'targets -set -filter {jtag_cable_name =~ "Digilent Zed 210248686086" && level==0} -index 1' command is executed.
04:23:44 INFO  : FPGA configured successfully with bitstream "/home/lais/Documentos/ROB307/rob_307/hw_arm_microblaze_opt/hw_arm_microblaze.sdk/microblaze_arm_wrapper_hw_platform_0/download.bit"
04:30:43 INFO  : 'targets -set -filter {jtag_cable_name =~ "Digilent Zed 210248686086" && level==0} -index 1' command is executed.
04:30:43 INFO  : 'fpga -state' command is executed.
04:30:43 INFO  : Connected to target on host '127.0.0.1' and port '3121'.
04:30:43 INFO  : Jtag cable 'Digilent Zed 210248686086' is selected.
04:30:43 INFO  : 'jtag frequency' command is executed.
04:30:43 INFO  : Sourcing of '/home/lais/Documentos/ROB307/rob_307/hw_arm_microblaze_opt/hw_arm_microblaze.sdk/microblaze_arm_wrapper_hw_platform_0/ps7_init.tcl' is done.
04:30:43 INFO  : Context for 'APU' is selected.
04:30:43 INFO  : Hardware design information is loaded from '/home/lais/Documentos/ROB307/rob_307/hw_arm_microblaze_opt/hw_arm_microblaze.sdk/microblaze_arm_wrapper_hw_platform_0/system.hdf'.
04:30:43 INFO  : 'configparams force-mem-access 1' command is executed.
04:30:43 INFO  : Context for 'APU' is selected.
04:30:43 INFO  : 'stop' command is executed.
04:30:44 INFO  : 'ps7_init' command is executed.
04:30:44 INFO  : 'ps7_post_config' command is executed.
04:30:44 INFO  : 'configparams mdm-detect-bscan-mask 2' command is executed.
04:30:44 INFO  : Context for processor 'microblaze_0' is selected.
04:30:44 INFO  : Processor reset is completed for 'microblaze_0'.
04:30:44 INFO  : Context for processor 'microblaze_0' is selected.
04:30:44 INFO  : The application '/home/lais/Documentos/ROB307/rob_307/hw_arm_microblaze_opt/hw_arm_microblaze.sdk/dijkstra/Debug/dijkstra.elf' is downloaded to processor 'microblaze_0'.
04:30:44 INFO  : 'configparams force-mem-access 0' command is executed.
04:30:44 INFO  : ----------------XSDB Script----------------
connect -url tcp:127.0.0.1:3121
source /home/lais/Documentos/ROB307/rob_307/hw_arm_microblaze_opt/hw_arm_microblaze.sdk/microblaze_arm_wrapper_hw_platform_0/ps7_init.tcl
targets -set -nocase -filter {name =~"APU*" && jtag_cable_name =~ "Digilent Zed 210248686086"} -index 0
loadhw -hw /home/lais/Documentos/ROB307/rob_307/hw_arm_microblaze_opt/hw_arm_microblaze.sdk/microblaze_arm_wrapper_hw_platform_0/system.hdf -mem-ranges [list {0x40000000 0xbfffffff}]
configparams force-mem-access 1
targets -set -nocase -filter {name =~"APU*" && jtag_cable_name =~ "Digilent Zed 210248686086"} -index 0
stop
ps7_init
ps7_post_config
configparams mdm-detect-bscan-mask 2
targets -set -nocase -filter {name =~ "microblaze*#0" && bscan=="USER2"  && jtag_cable_name =~ "Digilent Zed 210248686086"} -index 1
rst -processor
targets -set -nocase -filter {name =~ "microblaze*#0" && bscan=="USER2"  && jtag_cable_name =~ "Digilent Zed 210248686086"} -index 1
dow /home/lais/Documentos/ROB307/rob_307/hw_arm_microblaze_opt/hw_arm_microblaze.sdk/dijkstra/Debug/dijkstra.elf
configparams force-mem-access 0
----------------End of Script----------------

04:30:44 INFO  : Context for processor 'microblaze_0' is selected.
04:30:44 INFO  : 'con' command is executed.
04:30:44 INFO  : ----------------XSDB Script (After Launch)----------------
targets -set -nocase -filter {name =~ "microblaze*#0" && bscan=="USER2"  && jtag_cable_name =~ "Digilent Zed 210248686086"} -index 1
con
----------------End of Script----------------

04:30:44 INFO  : Disconnected from the channel tcfchan#1.
04:33:17 INFO  : Registering command handlers for SDK TCF services
04:33:19 INFO  : Launching XSCT server: xsct -n -interactive /home/lais/Documentos/ROB307/rob_307/hw_arm_microblaze_opt/hw_arm_microblaze.sdk/temp_xsdb_launch_script.tcl
04:33:22 INFO  : XSCT server has started successfully.
04:33:22 INFO  : Successfully done setting XSCT server connection channel  
04:33:22 INFO  : Successfully done setting SDK workspace  
04:33:22 INFO  : Processing command line option -hwspec /home/lais/Documentos/ROB307/rob_307/hw_arm_microblaze_opt/hw_arm_microblaze.sdk/microblaze_arm_wrapper.hdf.
04:33:22 INFO  : Checking for hwspec changes in the project microblaze_arm_wrapper_hw_platform_0.
04:37:51 INFO  : Registering command handlers for SDK TCF services
04:37:53 INFO  : Launching XSCT server: xsct -n -interactive /home/lais/Documentos/ROB307/rob_307/hw_arm_microblaze_opt/hw_arm_microblaze.sdk/temp_xsdb_launch_script.tcl
04:37:56 INFO  : XSCT server has started successfully.
04:37:56 INFO  : Successfully done setting XSCT server connection channel  
04:37:56 INFO  : Successfully done setting SDK workspace  
04:37:56 INFO  : Processing command line option -hwspec /home/lais/Documentos/ROB307/rob_307/hw_arm_microblaze_opt/hw_arm_microblaze.sdk/microblaze_arm_wrapper.hdf.
04:37:56 INFO  : Checking for hwspec changes in the project microblaze_arm_wrapper_hw_platform_0.
04:38:29 INFO  : Registering command handlers for SDK TCF services
04:38:30 INFO  : Launching XSCT server: xsct -n -interactive /home/lais/Documentos/ROB307/rob_307/hw_arm_microblaze_opt/hw_arm_microblaze.sdk/temp_xsdb_launch_script.tcl
04:38:33 INFO  : XSCT server has started successfully.
04:38:33 INFO  : Successfully done setting XSCT server connection channel  
04:38:33 INFO  : Successfully done setting SDK workspace  
04:38:33 INFO  : Processing command line option -hwspec /home/lais/Documentos/ROB307/rob_307/hw_arm_microblaze_opt/hw_arm_microblaze.sdk/microblaze_arm_wrapper.hdf.
04:38:33 INFO  : Checking for hwspec changes in the project microblaze_arm_wrapper_hw_platform_0.
04:40:45 INFO  : 'targets -set -filter {jtag_cable_name =~ "Digilent Zed 210248686086" && level==0} -index 1' command is executed.
04:40:45 INFO  : 'fpga -state' command is executed.
04:40:45 INFO  : Connected to target on host '127.0.0.1' and port '3121'.
04:40:45 INFO  : Jtag cable 'Digilent Zed 210248686086' is selected.
04:40:45 INFO  : 'jtag frequency' command is executed.
04:40:45 INFO  : Sourcing of '/home/lais/Documentos/ROB307/rob_307/hw_arm_microblaze_opt/hw_arm_microblaze.sdk/microblaze_arm_wrapper_hw_platform_0/ps7_init.tcl' is done.
04:40:45 INFO  : Context for 'APU' is selected.
04:40:45 INFO  : Hardware design information is loaded from '/home/lais/Documentos/ROB307/rob_307/hw_arm_microblaze_opt/hw_arm_microblaze.sdk/microblaze_arm_wrapper_hw_platform_0/system.hdf'.
04:40:45 INFO  : 'configparams force-mem-access 1' command is executed.
04:40:45 INFO  : Context for 'APU' is selected.
04:40:45 INFO  : 'stop' command is executed.
04:40:46 INFO  : 'ps7_init' command is executed.
04:40:46 INFO  : 'ps7_post_config' command is executed.
04:40:46 INFO  : 'configparams mdm-detect-bscan-mask 2' command is executed.
04:40:46 INFO  : Context for processor 'microblaze_0' is selected.
04:40:46 INFO  : Processor reset is completed for 'microblaze_0'.
04:40:46 INFO  : Context for processor 'microblaze_0' is selected.
04:40:46 INFO  : The application '/home/lais/Documentos/ROB307/rob_307/hw_arm_microblaze_opt/hw_arm_microblaze.sdk/dijkstra/Debug/dijkstra.elf' is downloaded to processor 'microblaze_0'.
04:40:46 INFO  : 'configparams force-mem-access 0' command is executed.
04:40:46 INFO  : ----------------XSDB Script----------------
connect -url tcp:127.0.0.1:3121
source /home/lais/Documentos/ROB307/rob_307/hw_arm_microblaze_opt/hw_arm_microblaze.sdk/microblaze_arm_wrapper_hw_platform_0/ps7_init.tcl
targets -set -nocase -filter {name =~"APU*" && jtag_cable_name =~ "Digilent Zed 210248686086"} -index 0
loadhw -hw /home/lais/Documentos/ROB307/rob_307/hw_arm_microblaze_opt/hw_arm_microblaze.sdk/microblaze_arm_wrapper_hw_platform_0/system.hdf -mem-ranges [list {0x40000000 0xbfffffff}]
configparams force-mem-access 1
targets -set -nocase -filter {name =~"APU*" && jtag_cable_name =~ "Digilent Zed 210248686086"} -index 0
stop
ps7_init
ps7_post_config
configparams mdm-detect-bscan-mask 2
targets -set -nocase -filter {name =~ "microblaze*#0" && bscan=="USER2"  && jtag_cable_name =~ "Digilent Zed 210248686086"} -index 1
rst -processor
targets -set -nocase -filter {name =~ "microblaze*#0" && bscan=="USER2"  && jtag_cable_name =~ "Digilent Zed 210248686086"} -index 1
dow /home/lais/Documentos/ROB307/rob_307/hw_arm_microblaze_opt/hw_arm_microblaze.sdk/dijkstra/Debug/dijkstra.elf
configparams force-mem-access 0
----------------End of Script----------------

04:40:46 INFO  : Context for processor 'microblaze_0' is selected.
04:40:46 INFO  : 'con' command is executed.
04:40:46 INFO  : ----------------XSDB Script (After Launch)----------------
targets -set -nocase -filter {name =~ "microblaze*#0" && bscan=="USER2"  && jtag_cable_name =~ "Digilent Zed 210248686086"} -index 1
con
----------------End of Script----------------

04:40:46 INFO  : Disconnected from the channel tcfchan#1.
04:43:24 INFO  : 'targets -set -filter {jtag_cable_name =~ "Digilent Zed 210248686086" && level==0} -index 1' command is executed.
04:43:24 INFO  : 'fpga -state' command is executed.
04:43:24 INFO  : Connected to target on host '127.0.0.1' and port '3121'.
04:43:24 INFO  : Jtag cable 'Digilent Zed 210248686086' is selected.
04:43:24 INFO  : 'jtag frequency' command is executed.
04:43:24 INFO  : Sourcing of '/home/lais/Documentos/ROB307/rob_307/hw_arm_microblaze_opt/hw_arm_microblaze.sdk/microblaze_arm_wrapper_hw_platform_0/ps7_init.tcl' is done.
04:43:24 INFO  : Context for 'APU' is selected.
04:43:26 INFO  : Hardware design information is loaded from '/home/lais/Documentos/ROB307/rob_307/hw_arm_microblaze_opt/hw_arm_microblaze.sdk/microblaze_arm_wrapper_hw_platform_0/system.hdf'.
04:43:26 INFO  : 'configparams force-mem-access 1' command is executed.
04:43:26 INFO  : Context for 'APU' is selected.
04:43:26 INFO  : 'stop' command is executed.
04:43:27 INFO  : 'ps7_init' command is executed.
04:43:27 INFO  : 'ps7_post_config' command is executed.
04:43:27 INFO  : 'configparams mdm-detect-bscan-mask 2' command is executed.
04:43:27 INFO  : Context for processor 'microblaze_0' is selected.
04:43:27 INFO  : Processor reset is completed for 'microblaze_0'.
04:43:27 INFO  : Context for processor 'microblaze_0' is selected.
04:43:27 INFO  : The application '/home/lais/Documentos/ROB307/rob_307/hw_arm_microblaze_opt/hw_arm_microblaze.sdk/dijkstra/Debug/dijkstra.elf' is downloaded to processor 'microblaze_0'.
04:43:27 INFO  : 'configparams force-mem-access 0' command is executed.
04:43:27 INFO  : ----------------XSDB Script----------------
connect -url tcp:127.0.0.1:3121
source /home/lais/Documentos/ROB307/rob_307/hw_arm_microblaze_opt/hw_arm_microblaze.sdk/microblaze_arm_wrapper_hw_platform_0/ps7_init.tcl
targets -set -nocase -filter {name =~"APU*" && jtag_cable_name =~ "Digilent Zed 210248686086"} -index 0
loadhw -hw /home/lais/Documentos/ROB307/rob_307/hw_arm_microblaze_opt/hw_arm_microblaze.sdk/microblaze_arm_wrapper_hw_platform_0/system.hdf -mem-ranges [list {0x40000000 0xbfffffff}]
configparams force-mem-access 1
targets -set -nocase -filter {name =~"APU*" && jtag_cable_name =~ "Digilent Zed 210248686086"} -index 0
stop
ps7_init
ps7_post_config
configparams mdm-detect-bscan-mask 2
targets -set -nocase -filter {name =~ "microblaze*#0" && bscan=="USER2"  && jtag_cable_name =~ "Digilent Zed 210248686086"} -index 1
rst -processor
targets -set -nocase -filter {name =~ "microblaze*#0" && bscan=="USER2"  && jtag_cable_name =~ "Digilent Zed 210248686086"} -index 1
dow /home/lais/Documentos/ROB307/rob_307/hw_arm_microblaze_opt/hw_arm_microblaze.sdk/dijkstra/Debug/dijkstra.elf
configparams force-mem-access 0
----------------End of Script----------------

04:43:27 INFO  : Context for processor 'microblaze_0' is selected.
04:43:27 INFO  : 'con' command is executed.
04:43:27 INFO  : ----------------XSDB Script (After Launch)----------------
targets -set -nocase -filter {name =~ "microblaze*#0" && bscan=="USER2"  && jtag_cable_name =~ "Digilent Zed 210248686086"} -index 1
con
----------------End of Script----------------

04:43:27 INFO  : Disconnected from the channel tcfchan#2.
04:44:00 INFO  : 'targets -set -filter {jtag_cable_name =~ "Digilent Zed 210248686086" && level==0} -index 1' command is executed.
04:44:00 INFO  : 'fpga -state' command is executed.
04:44:00 INFO  : Connected to target on host '127.0.0.1' and port '3121'.
04:44:01 INFO  : Jtag cable 'Digilent Zed 210248686086' is selected.
04:44:01 INFO  : 'jtag frequency' command is executed.
04:44:01 INFO  : Sourcing of '/home/lais/Documentos/ROB307/rob_307/hw_arm_microblaze_opt/hw_arm_microblaze.sdk/microblaze_arm_wrapper_hw_platform_0/ps7_init.tcl' is done.
04:44:01 INFO  : Context for 'APU' is selected.
04:44:01 INFO  : Hardware design information is loaded from '/home/lais/Documentos/ROB307/rob_307/hw_arm_microblaze_opt/hw_arm_microblaze.sdk/microblaze_arm_wrapper_hw_platform_0/system.hdf'.
04:44:01 INFO  : 'configparams force-mem-access 1' command is executed.
04:44:01 INFO  : Context for 'APU' is selected.
04:44:01 INFO  : 'stop' command is executed.
04:44:01 INFO  : 'ps7_init' command is executed.
04:44:01 INFO  : 'ps7_post_config' command is executed.
04:44:01 INFO  : 'configparams mdm-detect-bscan-mask 2' command is executed.
04:44:01 INFO  : Context for processor 'microblaze_0' is selected.
04:44:01 INFO  : Processor reset is completed for 'microblaze_0'.
04:44:01 INFO  : Context for processor 'microblaze_0' is selected.
04:44:02 INFO  : The application '/home/lais/Documentos/ROB307/rob_307/hw_arm_microblaze_opt/hw_arm_microblaze.sdk/dijkstra/Debug/dijkstra.elf' is downloaded to processor 'microblaze_0'.
04:44:02 INFO  : 'configparams force-mem-access 0' command is executed.
04:44:02 INFO  : ----------------XSDB Script----------------
connect -url tcp:127.0.0.1:3121
source /home/lais/Documentos/ROB307/rob_307/hw_arm_microblaze_opt/hw_arm_microblaze.sdk/microblaze_arm_wrapper_hw_platform_0/ps7_init.tcl
targets -set -nocase -filter {name =~"APU*" && jtag_cable_name =~ "Digilent Zed 210248686086"} -index 0
loadhw -hw /home/lais/Documentos/ROB307/rob_307/hw_arm_microblaze_opt/hw_arm_microblaze.sdk/microblaze_arm_wrapper_hw_platform_0/system.hdf -mem-ranges [list {0x40000000 0xbfffffff}]
configparams force-mem-access 1
targets -set -nocase -filter {name =~"APU*" && jtag_cable_name =~ "Digilent Zed 210248686086"} -index 0
stop
ps7_init
ps7_post_config
configparams mdm-detect-bscan-mask 2
targets -set -nocase -filter {name =~ "microblaze*#0" && bscan=="USER2"  && jtag_cable_name =~ "Digilent Zed 210248686086"} -index 1
rst -processor
targets -set -nocase -filter {name =~ "microblaze*#0" && bscan=="USER2"  && jtag_cable_name =~ "Digilent Zed 210248686086"} -index 1
dow /home/lais/Documentos/ROB307/rob_307/hw_arm_microblaze_opt/hw_arm_microblaze.sdk/dijkstra/Debug/dijkstra.elf
configparams force-mem-access 0
----------------End of Script----------------

04:44:02 INFO  : Memory regions updated for context APU
04:44:02 INFO  : Memory regions updated for context MicroBlaze #0
04:44:02 INFO  : Memory regions updated for context MicroBlaze #0
04:44:02 INFO  : Context for processor 'microblaze_0' is selected.
04:44:02 INFO  : 'con' command is executed.
04:44:02 INFO  : ----------------XSDB Script (After Launch)----------------
targets -set -nocase -filter {name =~ "microblaze*#0" && bscan=="USER2"  && jtag_cable_name =~ "Digilent Zed 210248686086"} -index 1
con
----------------End of Script----------------

04:44:02 INFO  : Launch script is exported to file '/home/lais/Documentos/ROB307/rob_307/hw_arm_microblaze_opt/hw_arm_microblaze.sdk/.sdk/launch_scripts/xilinx_c-c++_application_(system_debugger)/system_debugger_using_debug_dijkstra.elf_on_local.tcl'
04:44:45 INFO  : Disconnected from the channel tcfchan#3.
04:44:46 INFO  : 'targets -set -filter {jtag_cable_name =~ "Digilent Zed 210248686086" && level==0} -index 1' command is executed.
04:44:46 INFO  : 'fpga -state' command is executed.
04:44:46 INFO  : Connected to target on host '127.0.0.1' and port '3121'.
04:44:46 INFO  : Jtag cable 'Digilent Zed 210248686086' is selected.
04:44:46 INFO  : 'jtag frequency' command is executed.
04:44:46 INFO  : Sourcing of '/home/lais/Documentos/ROB307/rob_307/hw_arm_microblaze_opt/hw_arm_microblaze.sdk/microblaze_arm_wrapper_hw_platform_0/ps7_init.tcl' is done.
04:44:46 INFO  : Context for 'APU' is selected.
04:44:48 INFO  : Hardware design information is loaded from '/home/lais/Documentos/ROB307/rob_307/hw_arm_microblaze_opt/hw_arm_microblaze.sdk/microblaze_arm_wrapper_hw_platform_0/system.hdf'.
04:44:48 INFO  : 'configparams force-mem-access 1' command is executed.
04:44:48 INFO  : Context for 'APU' is selected.
04:44:48 INFO  : 'stop' command is executed.
04:44:48 INFO  : 'ps7_init' command is executed.
04:44:48 INFO  : 'ps7_post_config' command is executed.
04:44:48 INFO  : 'configparams mdm-detect-bscan-mask 2' command is executed.
04:44:48 INFO  : Context for processor 'microblaze_0' is selected.
04:44:48 INFO  : Processor reset is completed for 'microblaze_0'.
04:44:48 INFO  : Context for processor 'microblaze_0' is selected.
04:44:49 INFO  : The application '/home/lais/Documentos/ROB307/rob_307/hw_arm_microblaze_opt/hw_arm_microblaze.sdk/dijkstra/Debug/dijkstra.elf' is downloaded to processor 'microblaze_0'.
04:44:49 INFO  : 'configparams force-mem-access 0' command is executed.
04:44:49 INFO  : ----------------XSDB Script----------------
connect -url tcp:127.0.0.1:3121
source /home/lais/Documentos/ROB307/rob_307/hw_arm_microblaze_opt/hw_arm_microblaze.sdk/microblaze_arm_wrapper_hw_platform_0/ps7_init.tcl
targets -set -nocase -filter {name =~"APU*" && jtag_cable_name =~ "Digilent Zed 210248686086"} -index 0
loadhw -hw /home/lais/Documentos/ROB307/rob_307/hw_arm_microblaze_opt/hw_arm_microblaze.sdk/microblaze_arm_wrapper_hw_platform_0/system.hdf -mem-ranges [list {0x40000000 0xbfffffff}]
configparams force-mem-access 1
targets -set -nocase -filter {name =~"APU*" && jtag_cable_name =~ "Digilent Zed 210248686086"} -index 0
stop
ps7_init
ps7_post_config
configparams mdm-detect-bscan-mask 2
targets -set -nocase -filter {name =~ "microblaze*#0" && bscan=="USER2"  && jtag_cable_name =~ "Digilent Zed 210248686086"} -index 1
rst -processor
targets -set -nocase -filter {name =~ "microblaze*#0" && bscan=="USER2"  && jtag_cable_name =~ "Digilent Zed 210248686086"} -index 1
dow /home/lais/Documentos/ROB307/rob_307/hw_arm_microblaze_opt/hw_arm_microblaze.sdk/dijkstra/Debug/dijkstra.elf
configparams force-mem-access 0
----------------End of Script----------------

04:44:49 INFO  : Memory regions updated for context APU
04:44:49 INFO  : Memory regions updated for context MicroBlaze #0
04:44:49 INFO  : Memory regions updated for context MicroBlaze #0
04:44:49 INFO  : Context for processor 'microblaze_0' is selected.
04:44:49 INFO  : 'con' command is executed.
04:44:49 INFO  : ----------------XSDB Script (After Launch)----------------
targets -set -nocase -filter {name =~ "microblaze*#0" && bscan=="USER2"  && jtag_cable_name =~ "Digilent Zed 210248686086"} -index 1
con
----------------End of Script----------------

04:44:49 INFO  : Launch script is exported to file '/home/lais/Documentos/ROB307/rob_307/hw_arm_microblaze_opt/hw_arm_microblaze.sdk/.sdk/launch_scripts/xilinx_c-c++_application_(system_debugger)/system_debugger_using_debug_dijkstra.elf_on_local.tcl'
04:45:32 INFO  : Connected to target on host '127.0.0.1' and port '3121'.
04:45:32 INFO  : 'targets -set -filter {jtag_cable_name =~ "Digilent Zed 210248686086" && level==0} -index 1' command is executed.
04:45:36 INFO  : FPGA configured successfully with bitstream "/home/lais/Documentos/ROB307/rob_307/hw_arm_microblaze_opt/hw_arm_microblaze.sdk/microblaze_arm_wrapper_hw_platform_0/download.bit"
04:46:58 INFO  : Disconnected from the channel tcfchan#4.
04:46:59 INFO  : 'targets -set -filter {jtag_cable_name =~ "Digilent Zed 210248686086" && level==0} -index 1' command is executed.
04:46:59 INFO  : 'fpga -state' command is executed.
04:46:59 INFO  : Connected to target on host '127.0.0.1' and port '3121'.
04:46:59 INFO  : Jtag cable 'Digilent Zed 210248686086' is selected.
04:46:59 INFO  : 'jtag frequency' command is executed.
04:46:59 INFO  : Sourcing of '/home/lais/Documentos/ROB307/rob_307/hw_arm_microblaze_opt/hw_arm_microblaze.sdk/microblaze_arm_wrapper_hw_platform_0/ps7_init.tcl' is done.
04:46:59 INFO  : Context for 'APU' is selected.
04:47:01 INFO  : Hardware design information is loaded from '/home/lais/Documentos/ROB307/rob_307/hw_arm_microblaze_opt/hw_arm_microblaze.sdk/microblaze_arm_wrapper_hw_platform_0/system.hdf'.
04:47:01 INFO  : 'configparams force-mem-access 1' command is executed.
04:47:01 INFO  : Context for 'APU' is selected.
04:47:01 INFO  : 'stop' command is executed.
04:47:01 INFO  : 'ps7_init' command is executed.
04:47:02 INFO  : 'ps7_post_config' command is executed.
04:47:02 INFO  : 'configparams mdm-detect-bscan-mask 2' command is executed.
04:47:02 INFO  : Context for processor 'microblaze_0' is selected.
04:47:02 INFO  : Processor reset is completed for 'microblaze_0'.
04:47:02 INFO  : Context for processor 'microblaze_0' is selected.
04:47:02 INFO  : The application '/home/lais/Documentos/ROB307/rob_307/hw_arm_microblaze_opt/hw_arm_microblaze.sdk/dijkstra/Debug/dijkstra.elf' is downloaded to processor 'microblaze_0'.
04:47:02 INFO  : 'configparams force-mem-access 0' command is executed.
04:47:02 INFO  : ----------------XSDB Script----------------
connect -url tcp:127.0.0.1:3121
source /home/lais/Documentos/ROB307/rob_307/hw_arm_microblaze_opt/hw_arm_microblaze.sdk/microblaze_arm_wrapper_hw_platform_0/ps7_init.tcl
targets -set -nocase -filter {name =~"APU*" && jtag_cable_name =~ "Digilent Zed 210248686086"} -index 0
loadhw -hw /home/lais/Documentos/ROB307/rob_307/hw_arm_microblaze_opt/hw_arm_microblaze.sdk/microblaze_arm_wrapper_hw_platform_0/system.hdf -mem-ranges [list {0x40000000 0xbfffffff}]
configparams force-mem-access 1
targets -set -nocase -filter {name =~"APU*" && jtag_cable_name =~ "Digilent Zed 210248686086"} -index 0
stop
ps7_init
ps7_post_config
configparams mdm-detect-bscan-mask 2
targets -set -nocase -filter {name =~ "microblaze*#0" && bscan=="USER2"  && jtag_cable_name =~ "Digilent Zed 210248686086"} -index 1
rst -processor
targets -set -nocase -filter {name =~ "microblaze*#0" && bscan=="USER2"  && jtag_cable_name =~ "Digilent Zed 210248686086"} -index 1
dow /home/lais/Documentos/ROB307/rob_307/hw_arm_microblaze_opt/hw_arm_microblaze.sdk/dijkstra/Debug/dijkstra.elf
configparams force-mem-access 0
----------------End of Script----------------

04:47:02 INFO  : Memory regions updated for context APU
04:47:02 INFO  : Memory regions updated for context MicroBlaze #0
04:47:02 INFO  : Memory regions updated for context MicroBlaze #0
04:47:02 INFO  : Context for processor 'microblaze_0' is selected.
04:47:02 INFO  : 'con' command is executed.
04:47:02 INFO  : ----------------XSDB Script (After Launch)----------------
targets -set -nocase -filter {name =~ "microblaze*#0" && bscan=="USER2"  && jtag_cable_name =~ "Digilent Zed 210248686086"} -index 1
con
----------------End of Script----------------

04:47:02 INFO  : Launch script is exported to file '/home/lais/Documentos/ROB307/rob_307/hw_arm_microblaze_opt/hw_arm_microblaze.sdk/.sdk/launch_scripts/xilinx_c-c++_application_(system_debugger)/system_debugger_using_debug_dijkstra.elf_on_local.tcl'
04:51:35 INFO  : 'targets -set -filter {jtag_cable_name =~ "Digilent Zed 210248686086" && level==0} -index 1' command is executed.
04:51:35 INFO  : 'fpga -state' command is executed.
04:51:35 INFO  : Connected to target on host '127.0.0.1' and port '3121'.
04:51:35 INFO  : Jtag cable 'Digilent Zed 210248686086' is selected.
04:51:35 INFO  : 'jtag frequency' command is executed.
04:51:35 INFO  : Sourcing of '/home/lais/Documentos/ROB307/rob_307/hw_arm_microblaze_opt/hw_arm_microblaze.sdk/microblaze_arm_wrapper_hw_platform_0/ps7_init.tcl' is done.
04:51:35 INFO  : Context for 'APU' is selected.
04:51:35 INFO  : Hardware design information is loaded from '/home/lais/Documentos/ROB307/rob_307/hw_arm_microblaze_opt/hw_arm_microblaze.sdk/microblaze_arm_wrapper_hw_platform_0/system.hdf'.
04:51:35 INFO  : 'configparams force-mem-access 1' command is executed.
04:51:35 INFO  : Context for 'APU' is selected.
04:51:35 INFO  : 'stop' command is executed.
04:51:36 INFO  : 'ps7_init' command is executed.
04:51:36 INFO  : 'ps7_post_config' command is executed.
04:51:36 INFO  : 'configparams mdm-detect-bscan-mask 2' command is executed.
04:51:36 INFO  : Context for processor 'microblaze_0' is selected.
04:51:36 INFO  : Processor reset is completed for 'microblaze_0'.
04:51:36 INFO  : Context for processor 'microblaze_0' is selected.
04:51:36 INFO  : The application '/home/lais/Documentos/ROB307/rob_307/hw_arm_microblaze_opt/hw_arm_microblaze.sdk/dijkstra/Debug/dijkstra.elf' is downloaded to processor 'microblaze_0'.
04:51:36 INFO  : 'configparams force-mem-access 0' command is executed.
04:51:36 INFO  : ----------------XSDB Script----------------
connect -url tcp:127.0.0.1:3121
source /home/lais/Documentos/ROB307/rob_307/hw_arm_microblaze_opt/hw_arm_microblaze.sdk/microblaze_arm_wrapper_hw_platform_0/ps7_init.tcl
targets -set -nocase -filter {name =~"APU*" && jtag_cable_name =~ "Digilent Zed 210248686086"} -index 0
loadhw -hw /home/lais/Documentos/ROB307/rob_307/hw_arm_microblaze_opt/hw_arm_microblaze.sdk/microblaze_arm_wrapper_hw_platform_0/system.hdf -mem-ranges [list {0x40000000 0xbfffffff}]
configparams force-mem-access 1
targets -set -nocase -filter {name =~"APU*" && jtag_cable_name =~ "Digilent Zed 210248686086"} -index 0
stop
ps7_init
ps7_post_config
configparams mdm-detect-bscan-mask 2
targets -set -nocase -filter {name =~ "microblaze*#0" && bscan=="USER2"  && jtag_cable_name =~ "Digilent Zed 210248686086"} -index 1
rst -processor
targets -set -nocase -filter {name =~ "microblaze*#0" && bscan=="USER2"  && jtag_cable_name =~ "Digilent Zed 210248686086"} -index 1
dow /home/lais/Documentos/ROB307/rob_307/hw_arm_microblaze_opt/hw_arm_microblaze.sdk/dijkstra/Debug/dijkstra.elf
configparams force-mem-access 0
----------------End of Script----------------

04:51:36 INFO  : Context for processor 'microblaze_0' is selected.
04:51:36 INFO  : 'con' command is executed.
04:51:36 INFO  : ----------------XSDB Script (After Launch)----------------
targets -set -nocase -filter {name =~ "microblaze*#0" && bscan=="USER2"  && jtag_cable_name =~ "Digilent Zed 210248686086"} -index 1
con
----------------End of Script----------------

04:51:36 INFO  : Disconnected from the channel tcfchan#5.
04:55:45 WARN  : channel "tcfchan#5" closed
04:55:46 INFO  : 'targets -set -filter {jtag_cable_name =~ "Digilent Zed 210248686086" && level==0} -index 1' command is executed.
04:55:46 INFO  : 'fpga -state' command is executed.
04:55:46 INFO  : Connected to target on host '127.0.0.1' and port '3121'.
04:55:47 INFO  : Jtag cable 'Digilent Zed 210248686086' is selected.
04:55:47 INFO  : 'jtag frequency' command is executed.
04:55:47 INFO  : Sourcing of '/home/lais/Documentos/ROB307/rob_307/hw_arm_microblaze_opt/hw_arm_microblaze.sdk/microblaze_arm_wrapper_hw_platform_0/ps7_init.tcl' is done.
04:55:47 INFO  : Context for 'APU' is selected.
04:55:49 INFO  : Hardware design information is loaded from '/home/lais/Documentos/ROB307/rob_307/hw_arm_microblaze_opt/hw_arm_microblaze.sdk/microblaze_arm_wrapper_hw_platform_0/system.hdf'.
04:55:49 INFO  : 'configparams force-mem-access 1' command is executed.
04:55:49 INFO  : Context for 'APU' is selected.
04:55:49 INFO  : 'stop' command is executed.
04:55:50 INFO  : 'ps7_init' command is executed.
04:55:50 INFO  : 'ps7_post_config' command is executed.
04:55:50 INFO  : 'configparams mdm-detect-bscan-mask 2' command is executed.
04:55:50 INFO  : Context for processor 'microblaze_0' is selected.
04:55:50 INFO  : Processor reset is completed for 'microblaze_0'.
04:55:50 INFO  : Context for processor 'microblaze_0' is selected.
04:55:50 INFO  : The application '/home/lais/Documentos/ROB307/rob_307/hw_arm_microblaze_opt/hw_arm_microblaze.sdk/dijkstra/Debug/dijkstra.elf' is downloaded to processor 'microblaze_0'.
04:55:50 INFO  : 'configparams force-mem-access 0' command is executed.
04:55:50 INFO  : ----------------XSDB Script----------------
connect -url tcp:127.0.0.1:3121
source /home/lais/Documentos/ROB307/rob_307/hw_arm_microblaze_opt/hw_arm_microblaze.sdk/microblaze_arm_wrapper_hw_platform_0/ps7_init.tcl
targets -set -nocase -filter {name =~"APU*" && jtag_cable_name =~ "Digilent Zed 210248686086"} -index 0
loadhw -hw /home/lais/Documentos/ROB307/rob_307/hw_arm_microblaze_opt/hw_arm_microblaze.sdk/microblaze_arm_wrapper_hw_platform_0/system.hdf -mem-ranges [list {0x40000000 0xbfffffff}]
configparams force-mem-access 1
targets -set -nocase -filter {name =~"APU*" && jtag_cable_name =~ "Digilent Zed 210248686086"} -index 0
stop
ps7_init
ps7_post_config
configparams mdm-detect-bscan-mask 2
targets -set -nocase -filter {name =~ "microblaze*#0" && bscan=="USER2"  && jtag_cable_name =~ "Digilent Zed 210248686086"} -index 1
rst -processor
targets -set -nocase -filter {name =~ "microblaze*#0" && bscan=="USER2"  && jtag_cable_name =~ "Digilent Zed 210248686086"} -index 1
dow /home/lais/Documentos/ROB307/rob_307/hw_arm_microblaze_opt/hw_arm_microblaze.sdk/dijkstra/Debug/dijkstra.elf
configparams force-mem-access 0
----------------End of Script----------------

04:55:50 INFO  : Memory regions updated for context APU
04:55:50 INFO  : Memory regions updated for context MicroBlaze #0
04:55:50 INFO  : Memory regions updated for context MicroBlaze #0
04:55:50 INFO  : Context for processor 'microblaze_0' is selected.
04:55:50 INFO  : 'con' command is executed.
04:55:50 INFO  : ----------------XSDB Script (After Launch)----------------
targets -set -nocase -filter {name =~ "microblaze*#0" && bscan=="USER2"  && jtag_cable_name =~ "Digilent Zed 210248686086"} -index 1
con
----------------End of Script----------------

04:55:50 INFO  : Launch script is exported to file '/home/lais/Documentos/ROB307/rob_307/hw_arm_microblaze_opt/hw_arm_microblaze.sdk/.sdk/launch_scripts/xilinx_c-c++_application_(system_debugger)/system_debugger_using_debug_dijkstra.elf_on_local.tcl'
04:56:06 INFO  : 'targets -set -filter {jtag_cable_name =~ "Digilent Zed 210248686086" && level==0} -index 1' command is executed.
04:56:06 INFO  : 'fpga -state' command is executed.
04:56:06 INFO  : Connected to target on host '127.0.0.1' and port '3121'.
04:56:06 INFO  : Jtag cable 'Digilent Zed 210248686086' is selected.
04:56:06 INFO  : 'jtag frequency' command is executed.
04:56:06 INFO  : Sourcing of '/home/lais/Documentos/ROB307/rob_307/hw_arm_microblaze_opt/hw_arm_microblaze.sdk/microblaze_arm_wrapper_hw_platform_0/ps7_init.tcl' is done.
04:56:06 INFO  : Context for 'APU' is selected.
04:56:06 INFO  : Hardware design information is loaded from '/home/lais/Documentos/ROB307/rob_307/hw_arm_microblaze_opt/hw_arm_microblaze.sdk/microblaze_arm_wrapper_hw_platform_0/system.hdf'.
04:56:06 INFO  : 'configparams force-mem-access 1' command is executed.
04:56:06 INFO  : Context for 'APU' is selected.
04:56:06 INFO  : 'stop' command is executed.
04:56:07 INFO  : 'ps7_init' command is executed.
04:56:07 INFO  : 'ps7_post_config' command is executed.
04:56:07 INFO  : 'configparams mdm-detect-bscan-mask 2' command is executed.
04:56:07 INFO  : Context for processor 'microblaze_0' is selected.
04:56:07 INFO  : Processor reset is completed for 'microblaze_0'.
04:56:07 INFO  : Context for processor 'microblaze_0' is selected.
04:56:07 INFO  : The application '/home/lais/Documentos/ROB307/rob_307/hw_arm_microblaze_opt/hw_arm_microblaze.sdk/dijkstra/Debug/dijkstra.elf' is downloaded to processor 'microblaze_0'.
04:56:07 INFO  : 'configparams force-mem-access 0' command is executed.
04:56:07 INFO  : ----------------XSDB Script----------------
connect -url tcp:127.0.0.1:3121
source /home/lais/Documentos/ROB307/rob_307/hw_arm_microblaze_opt/hw_arm_microblaze.sdk/microblaze_arm_wrapper_hw_platform_0/ps7_init.tcl
targets -set -nocase -filter {name =~"APU*" && jtag_cable_name =~ "Digilent Zed 210248686086"} -index 0
loadhw -hw /home/lais/Documentos/ROB307/rob_307/hw_arm_microblaze_opt/hw_arm_microblaze.sdk/microblaze_arm_wrapper_hw_platform_0/system.hdf -mem-ranges [list {0x40000000 0xbfffffff}]
configparams force-mem-access 1
targets -set -nocase -filter {name =~"APU*" && jtag_cable_name =~ "Digilent Zed 210248686086"} -index 0
stop
ps7_init
ps7_post_config
configparams mdm-detect-bscan-mask 2
targets -set -nocase -filter {name =~ "microblaze*#0" && bscan=="USER2"  && jtag_cable_name =~ "Digilent Zed 210248686086"} -index 1
rst -processor
targets -set -nocase -filter {name =~ "microblaze*#0" && bscan=="USER2"  && jtag_cable_name =~ "Digilent Zed 210248686086"} -index 1
dow /home/lais/Documentos/ROB307/rob_307/hw_arm_microblaze_opt/hw_arm_microblaze.sdk/dijkstra/Debug/dijkstra.elf
configparams force-mem-access 0
----------------End of Script----------------

04:56:07 INFO  : Context for processor 'microblaze_0' is selected.
04:56:07 INFO  : 'con' command is executed.
04:56:07 INFO  : ----------------XSDB Script (After Launch)----------------
targets -set -nocase -filter {name =~ "microblaze*#0" && bscan=="USER2"  && jtag_cable_name =~ "Digilent Zed 210248686086"} -index 1
con
----------------End of Script----------------

04:56:07 INFO  : Disconnected from the channel tcfchan#6.
05:00:52 INFO  : Connected to target on host '127.0.0.1' and port '3121'.
05:00:52 INFO  : 'targets -set -filter {jtag_cable_name =~ "Digilent Zed 210248686086" && level==0} -index 1' command is executed.
05:00:59 INFO  : FPGA configured successfully with bitstream "/home/lais/Documentos/ROB307/rob_307/hw_arm_microblaze_opt/hw_arm_microblaze.sdk/microblaze_arm_wrapper_hw_platform_0/download.bit"
05:08:00 INFO  : 'targets -set -filter {jtag_cable_name =~ "Digilent Zed 210248686086" && level==0} -index 1' command is executed.
05:08:00 INFO  : 'fpga -state' command is executed.
05:08:00 INFO  : Connected to target on host '127.0.0.1' and port '3121'.
05:08:00 INFO  : Jtag cable 'Digilent Zed 210248686086' is selected.
05:08:00 INFO  : 'jtag frequency' command is executed.
05:08:00 INFO  : Sourcing of '/home/lais/Documentos/ROB307/rob_307/hw_arm_microblaze_opt/hw_arm_microblaze.sdk/microblaze_arm_wrapper_hw_platform_0/ps7_init.tcl' is done.
05:08:00 INFO  : Context for 'APU' is selected.
05:08:00 INFO  : Hardware design information is loaded from '/home/lais/Documentos/ROB307/rob_307/hw_arm_microblaze_opt/hw_arm_microblaze.sdk/microblaze_arm_wrapper_hw_platform_0/system.hdf'.
05:08:00 INFO  : 'configparams force-mem-access 1' command is executed.
05:08:00 INFO  : Context for 'APU' is selected.
05:08:00 INFO  : 'stop' command is executed.
05:08:01 INFO  : 'ps7_init' command is executed.
05:08:01 INFO  : 'ps7_post_config' command is executed.
05:08:01 INFO  : 'configparams mdm-detect-bscan-mask 2' command is executed.
05:08:01 INFO  : Context for processor 'microblaze_0' is selected.
05:08:01 INFO  : Processor reset is completed for 'microblaze_0'.
05:08:01 INFO  : Context for processor 'microblaze_0' is selected.
05:08:01 INFO  : The application '/home/lais/Documentos/ROB307/rob_307/hw_arm_microblaze_opt/hw_arm_microblaze.sdk/dijkstra/Debug/dijkstra.elf' is downloaded to processor 'microblaze_0'.
05:08:01 INFO  : 'configparams force-mem-access 0' command is executed.
05:08:01 INFO  : ----------------XSDB Script----------------
connect -url tcp:127.0.0.1:3121
source /home/lais/Documentos/ROB307/rob_307/hw_arm_microblaze_opt/hw_arm_microblaze.sdk/microblaze_arm_wrapper_hw_platform_0/ps7_init.tcl
targets -set -nocase -filter {name =~"APU*" && jtag_cable_name =~ "Digilent Zed 210248686086"} -index 0
loadhw -hw /home/lais/Documentos/ROB307/rob_307/hw_arm_microblaze_opt/hw_arm_microblaze.sdk/microblaze_arm_wrapper_hw_platform_0/system.hdf -mem-ranges [list {0x40000000 0xbfffffff}]
configparams force-mem-access 1
targets -set -nocase -filter {name =~"APU*" && jtag_cable_name =~ "Digilent Zed 210248686086"} -index 0
stop
ps7_init
ps7_post_config
configparams mdm-detect-bscan-mask 2
targets -set -nocase -filter {name =~ "microblaze*#0" && bscan=="USER2"  && jtag_cable_name =~ "Digilent Zed 210248686086"} -index 1
rst -processor
targets -set -nocase -filter {name =~ "microblaze*#0" && bscan=="USER2"  && jtag_cable_name =~ "Digilent Zed 210248686086"} -index 1
dow /home/lais/Documentos/ROB307/rob_307/hw_arm_microblaze_opt/hw_arm_microblaze.sdk/dijkstra/Debug/dijkstra.elf
configparams force-mem-access 0
----------------End of Script----------------

05:08:01 INFO  : Context for processor 'microblaze_0' is selected.
05:08:01 INFO  : 'con' command is executed.
05:08:01 INFO  : ----------------XSDB Script (After Launch)----------------
targets -set -nocase -filter {name =~ "microblaze*#0" && bscan=="USER2"  && jtag_cable_name =~ "Digilent Zed 210248686086"} -index 1
con
----------------End of Script----------------

05:08:01 INFO  : Disconnected from the channel tcfchan#7.
05:45:49 WARN  : channel "tcfchan#6" closed
