10:33:44 INFO  : Registering command handlers for SDK TCF services
10:33:46 INFO  : Launching XSCT server: xsct -n -interactive /home/lais/Documentos/ROB307/rob_307/hw_arm_microblaze/hw_arm_microblaze.sdk/temp_xsdb_launch_script.tcl
10:33:52 INFO  : XSCT server has started successfully.
10:33:52 INFO  : Successfully done setting XSCT server connection channel  
10:34:07 INFO  : Successfully done setting SDK workspace  
10:34:07 INFO  : Processing command line option -hwspec /home/lais/Documentos/ROB307/rob_307/hw_arm_microblaze/hw_arm_microblaze.sdk/microblaze_arm_wrapper.hdf.
10:37:07 INFO  : Refreshed build settings on project quicksort
10:43:09 INFO  : Connected to target on host '127.0.0.1' and port '3121'.
10:43:09 INFO  : 'targets -set -filter {jtag_cable_name =~ "Digilent Zed 210248773728" && level==0} -index 1' command is executed.
10:43:12 INFO  : FPGA configured successfully with bitstream "/home/lais/Documentos/ROB307/rob_307/hw_arm_microblaze/hw_arm_microblaze.sdk/microblaze_arm_wrapper_hw_platform_0/download.bit"
10:45:01 INFO  : 'targets -set -filter {jtag_cable_name =~ "Digilent Zed 210248773728" && level==0} -index 1' command is executed.
10:45:01 INFO  : 'fpga -state' command is executed.
10:45:01 INFO  : Connected to target on host '127.0.0.1' and port '3121'.
10:45:01 INFO  : Jtag cable 'Digilent Zed 210248773728' is selected.
10:45:01 INFO  : 'jtag frequency' command is executed.
10:45:01 INFO  : Sourcing of '/home/lais/Documentos/ROB307/rob_307/hw_arm_microblaze/hw_arm_microblaze.sdk/microblaze_arm_wrapper_hw_platform_0/ps7_init.tcl' is done.
10:45:01 INFO  : Context for 'APU' is selected.
10:45:02 INFO  : Hardware design information is loaded from '/home/lais/Documentos/ROB307/rob_307/hw_arm_microblaze/hw_arm_microblaze.sdk/microblaze_arm_wrapper_hw_platform_0/system.hdf'.
10:45:02 INFO  : 'configparams force-mem-access 1' command is executed.
10:45:02 INFO  : Context for 'APU' is selected.
10:45:02 INFO  : 'stop' command is executed.
10:45:02 INFO  : 'ps7_init' command is executed.
10:45:02 INFO  : 'ps7_post_config' command is executed.
10:45:02 INFO  : 'configparams mdm-detect-bscan-mask 2' command is executed.
10:45:02 INFO  : Context for processor 'microblaze_0' is selected.
10:45:02 INFO  : Processor reset is completed for 'microblaze_0'.
10:45:02 INFO  : Context for processor 'microblaze_0' is selected.
10:45:03 INFO  : The application '/home/lais/Documentos/ROB307/rob_307/hw_arm_microblaze/hw_arm_microblaze.sdk/kmeans/Debug/kmeans.elf' is downloaded to processor 'microblaze_0'.
10:45:03 INFO  : 'configparams force-mem-access 0' command is executed.
10:45:03 INFO  : ----------------XSDB Script----------------
connect -url tcp:127.0.0.1:3121
source /home/lais/Documentos/ROB307/rob_307/hw_arm_microblaze/hw_arm_microblaze.sdk/microblaze_arm_wrapper_hw_platform_0/ps7_init.tcl
targets -set -nocase -filter {name =~"APU*" && jtag_cable_name =~ "Digilent Zed 210248773728"} -index 0
loadhw -hw /home/lais/Documentos/ROB307/rob_307/hw_arm_microblaze/hw_arm_microblaze.sdk/microblaze_arm_wrapper_hw_platform_0/system.hdf -mem-ranges [list {0x40000000 0xbfffffff}]
configparams force-mem-access 1
targets -set -nocase -filter {name =~"APU*" && jtag_cable_name =~ "Digilent Zed 210248773728"} -index 0
stop
ps7_init
ps7_post_config
configparams mdm-detect-bscan-mask 2
targets -set -nocase -filter {name =~ "microblaze*#0" && bscan=="USER2"  && jtag_cable_name =~ "Digilent Zed 210248773728"} -index 1
rst -processor
targets -set -nocase -filter {name =~ "microblaze*#0" && bscan=="USER2"  && jtag_cable_name =~ "Digilent Zed 210248773728"} -index 1
dow /home/lais/Documentos/ROB307/rob_307/hw_arm_microblaze/hw_arm_microblaze.sdk/kmeans/Debug/kmeans.elf
configparams force-mem-access 0
----------------End of Script----------------

10:45:03 INFO  : Memory regions updated for context APU
10:45:03 INFO  : Memory regions updated for context PA
10:45:03 INFO  : Memory regions updated for context PA
10:45:03 INFO  : Context for processor 'microblaze_0' is selected.
10:45:03 INFO  : 'con' command is executed.
10:45:03 INFO  : ----------------XSDB Script (After Launch)----------------
targets -set -nocase -filter {name =~ "microblaze*#0" && bscan=="USER2"  && jtag_cable_name =~ "Digilent Zed 210248773728"} -index 1
con
----------------End of Script----------------

10:45:03 INFO  : Launch script is exported to file '/home/lais/Documentos/ROB307/rob_307/hw_arm_microblaze/hw_arm_microblaze.sdk/.sdk/launch_scripts/xilinx_c-c++_application_(system_debugger)/system_debugger_using_debug_kmeans.elf_on_local.tcl'
10:45:55 INFO  : Disconnected from the channel tcfchan#1.
10:45:56 INFO  : 'targets -set -filter {jtag_cable_name =~ "Digilent Zed 210248773728" && level==0} -index 1' command is executed.
10:45:56 INFO  : 'fpga -state' command is executed.
10:45:56 INFO  : Connected to target on host '127.0.0.1' and port '3121'.
10:45:56 INFO  : Jtag cable 'Digilent Zed 210248773728' is selected.
10:45:56 INFO  : 'jtag frequency' command is executed.
10:45:56 INFO  : Sourcing of '/home/lais/Documentos/ROB307/rob_307/hw_arm_microblaze/hw_arm_microblaze.sdk/microblaze_arm_wrapper_hw_platform_0/ps7_init.tcl' is done.
10:45:56 INFO  : Context for 'APU' is selected.
10:45:58 INFO  : Hardware design information is loaded from '/home/lais/Documentos/ROB307/rob_307/hw_arm_microblaze/hw_arm_microblaze.sdk/microblaze_arm_wrapper_hw_platform_0/system.hdf'.
10:45:58 INFO  : 'configparams force-mem-access 1' command is executed.
10:45:58 INFO  : Context for 'APU' is selected.
10:45:58 INFO  : 'stop' command is executed.
10:45:59 INFO  : 'ps7_init' command is executed.
10:45:59 INFO  : 'ps7_post_config' command is executed.
10:45:59 INFO  : 'configparams mdm-detect-bscan-mask 2' command is executed.
10:45:59 INFO  : Context for processor 'microblaze_0' is selected.
10:45:59 INFO  : Processor reset is completed for 'microblaze_0'.
10:45:59 INFO  : Context for processor 'microblaze_0' is selected.
10:46:00 INFO  : The application '/home/lais/Documentos/ROB307/rob_307/hw_arm_microblaze/hw_arm_microblaze.sdk/kmeans/Debug/kmeans.elf' is downloaded to processor 'microblaze_0'.
10:46:00 INFO  : 'configparams force-mem-access 0' command is executed.
10:46:00 INFO  : ----------------XSDB Script----------------
connect -url tcp:127.0.0.1:3121
source /home/lais/Documentos/ROB307/rob_307/hw_arm_microblaze/hw_arm_microblaze.sdk/microblaze_arm_wrapper_hw_platform_0/ps7_init.tcl
targets -set -nocase -filter {name =~"APU*" && jtag_cable_name =~ "Digilent Zed 210248773728"} -index 0
loadhw -hw /home/lais/Documentos/ROB307/rob_307/hw_arm_microblaze/hw_arm_microblaze.sdk/microblaze_arm_wrapper_hw_platform_0/system.hdf -mem-ranges [list {0x40000000 0xbfffffff}]
configparams force-mem-access 1
targets -set -nocase -filter {name =~"APU*" && jtag_cable_name =~ "Digilent Zed 210248773728"} -index 0
stop
ps7_init
ps7_post_config
configparams mdm-detect-bscan-mask 2
targets -set -nocase -filter {name =~ "microblaze*#0" && bscan=="USER2"  && jtag_cable_name =~ "Digilent Zed 210248773728"} -index 1
rst -processor
targets -set -nocase -filter {name =~ "microblaze*#0" && bscan=="USER2"  && jtag_cable_name =~ "Digilent Zed 210248773728"} -index 1
dow /home/lais/Documentos/ROB307/rob_307/hw_arm_microblaze/hw_arm_microblaze.sdk/kmeans/Debug/kmeans.elf
configparams force-mem-access 0
----------------End of Script----------------

10:46:00 INFO  : Memory regions updated for context APU
10:46:00 INFO  : Memory regions updated for context PA
10:46:00 INFO  : Memory regions updated for context PA
10:46:00 INFO  : Context for processor 'microblaze_0' is selected.
10:46:00 INFO  : 'con' command is executed.
10:46:00 INFO  : ----------------XSDB Script (After Launch)----------------
targets -set -nocase -filter {name =~ "microblaze*#0" && bscan=="USER2"  && jtag_cable_name =~ "Digilent Zed 210248773728"} -index 1
con
----------------End of Script----------------

10:46:00 INFO  : Launch script is exported to file '/home/lais/Documentos/ROB307/rob_307/hw_arm_microblaze/hw_arm_microblaze.sdk/.sdk/launch_scripts/xilinx_c-c++_application_(system_debugger)/system_debugger_using_debug_kmeans.elf_on_local.tcl'
10:48:07 INFO  : Disconnected from the channel tcfchan#2.
10:48:09 INFO  : 'targets -set -filter {jtag_cable_name =~ "Digilent Zed 210248773728" && level==0} -index 1' command is executed.
10:48:09 INFO  : 'fpga -state' command is executed.
10:48:09 INFO  : Connected to target on host '127.0.0.1' and port '3121'.
10:48:09 INFO  : Jtag cable 'Digilent Zed 210248773728' is selected.
10:48:09 INFO  : 'jtag frequency' command is executed.
10:48:09 INFO  : Sourcing of '/home/lais/Documentos/ROB307/rob_307/hw_arm_microblaze/hw_arm_microblaze.sdk/microblaze_arm_wrapper_hw_platform_0/ps7_init.tcl' is done.
10:48:09 INFO  : Context for 'APU' is selected.
10:48:11 INFO  : Hardware design information is loaded from '/home/lais/Documentos/ROB307/rob_307/hw_arm_microblaze/hw_arm_microblaze.sdk/microblaze_arm_wrapper_hw_platform_0/system.hdf'.
10:48:11 INFO  : 'configparams force-mem-access 1' command is executed.
10:48:11 INFO  : Context for 'APU' is selected.
10:48:11 INFO  : 'stop' command is executed.
10:48:11 INFO  : 'ps7_init' command is executed.
10:48:11 INFO  : 'ps7_post_config' command is executed.
10:48:11 INFO  : 'configparams mdm-detect-bscan-mask 2' command is executed.
10:48:11 INFO  : Context for processor 'microblaze_0' is selected.
10:48:11 INFO  : Processor reset is completed for 'microblaze_0'.
10:48:11 INFO  : Context for processor 'microblaze_0' is selected.
10:48:12 INFO  : The application '/home/lais/Documentos/ROB307/rob_307/hw_arm_microblaze/hw_arm_microblaze.sdk/dijkstra/Debug/dijkstra.elf' is downloaded to processor 'microblaze_0'.
10:48:12 INFO  : 'configparams force-mem-access 0' command is executed.
10:48:12 INFO  : ----------------XSDB Script----------------
connect -url tcp:127.0.0.1:3121
source /home/lais/Documentos/ROB307/rob_307/hw_arm_microblaze/hw_arm_microblaze.sdk/microblaze_arm_wrapper_hw_platform_0/ps7_init.tcl
targets -set -nocase -filter {name =~"APU*" && jtag_cable_name =~ "Digilent Zed 210248773728"} -index 0
loadhw -hw /home/lais/Documentos/ROB307/rob_307/hw_arm_microblaze/hw_arm_microblaze.sdk/microblaze_arm_wrapper_hw_platform_0/system.hdf -mem-ranges [list {0x40000000 0xbfffffff}]
configparams force-mem-access 1
targets -set -nocase -filter {name =~"APU*" && jtag_cable_name =~ "Digilent Zed 210248773728"} -index 0
stop
ps7_init
ps7_post_config
configparams mdm-detect-bscan-mask 2
targets -set -nocase -filter {name =~ "microblaze*#0" && bscan=="USER2"  && jtag_cable_name =~ "Digilent Zed 210248773728"} -index 1
rst -processor
targets -set -nocase -filter {name =~ "microblaze*#0" && bscan=="USER2"  && jtag_cable_name =~ "Digilent Zed 210248773728"} -index 1
dow /home/lais/Documentos/ROB307/rob_307/hw_arm_microblaze/hw_arm_microblaze.sdk/dijkstra/Debug/dijkstra.elf
configparams force-mem-access 0
----------------End of Script----------------

10:48:12 INFO  : Memory regions updated for context APU
10:48:12 INFO  : Memory regions updated for context PA
10:48:12 INFO  : Memory regions updated for context PA
10:48:12 INFO  : Context for processor 'microblaze_0' is selected.
10:48:12 INFO  : 'con' command is executed.
10:48:12 INFO  : ----------------XSDB Script (After Launch)----------------
targets -set -nocase -filter {name =~ "microblaze*#0" && bscan=="USER2"  && jtag_cable_name =~ "Digilent Zed 210248773728"} -index 1
con
----------------End of Script----------------

10:48:12 INFO  : Launch script is exported to file '/home/lais/Documentos/ROB307/rob_307/hw_arm_microblaze/hw_arm_microblaze.sdk/.sdk/launch_scripts/xilinx_c-c++_application_(system_debugger)/system_debugger_using_debug_dijkstra.elf_on_local.tcl'
10:49:49 INFO  : Disconnected from the channel tcfchan#3.
10:49:50 INFO  : 'targets -set -filter {jtag_cable_name =~ "Digilent Zed 210248773728" && level==0} -index 1' command is executed.
10:49:50 INFO  : 'fpga -state' command is executed.
10:49:50 INFO  : Connected to target on host '127.0.0.1' and port '3121'.
10:49:50 INFO  : Jtag cable 'Digilent Zed 210248773728' is selected.
10:49:50 INFO  : 'jtag frequency' command is executed.
10:49:50 INFO  : Sourcing of '/home/lais/Documentos/ROB307/rob_307/hw_arm_microblaze/hw_arm_microblaze.sdk/microblaze_arm_wrapper_hw_platform_0/ps7_init.tcl' is done.
10:49:50 INFO  : Context for 'APU' is selected.
10:49:52 INFO  : Hardware design information is loaded from '/home/lais/Documentos/ROB307/rob_307/hw_arm_microblaze/hw_arm_microblaze.sdk/microblaze_arm_wrapper_hw_platform_0/system.hdf'.
10:49:52 INFO  : 'configparams force-mem-access 1' command is executed.
10:49:52 INFO  : Context for 'APU' is selected.
10:49:52 INFO  : 'stop' command is executed.
10:49:52 INFO  : 'ps7_init' command is executed.
10:49:52 INFO  : 'ps7_post_config' command is executed.
10:49:52 INFO  : 'configparams mdm-detect-bscan-mask 2' command is executed.
10:49:52 INFO  : Context for processor 'microblaze_0' is selected.
10:49:52 INFO  : Processor reset is completed for 'microblaze_0'.
10:49:52 INFO  : Context for processor 'microblaze_0' is selected.
10:49:53 INFO  : The application '/home/lais/Documentos/ROB307/rob_307/hw_arm_microblaze/hw_arm_microblaze.sdk/dijkstra/Debug/dijkstra.elf' is downloaded to processor 'microblaze_0'.
10:49:53 INFO  : 'configparams force-mem-access 0' command is executed.
10:49:53 INFO  : ----------------XSDB Script----------------
connect -url tcp:127.0.0.1:3121
source /home/lais/Documentos/ROB307/rob_307/hw_arm_microblaze/hw_arm_microblaze.sdk/microblaze_arm_wrapper_hw_platform_0/ps7_init.tcl
targets -set -nocase -filter {name =~"APU*" && jtag_cable_name =~ "Digilent Zed 210248773728"} -index 0
loadhw -hw /home/lais/Documentos/ROB307/rob_307/hw_arm_microblaze/hw_arm_microblaze.sdk/microblaze_arm_wrapper_hw_platform_0/system.hdf -mem-ranges [list {0x40000000 0xbfffffff}]
configparams force-mem-access 1
targets -set -nocase -filter {name =~"APU*" && jtag_cable_name =~ "Digilent Zed 210248773728"} -index 0
stop
ps7_init
ps7_post_config
configparams mdm-detect-bscan-mask 2
targets -set -nocase -filter {name =~ "microblaze*#0" && bscan=="USER2"  && jtag_cable_name =~ "Digilent Zed 210248773728"} -index 1
rst -processor
targets -set -nocase -filter {name =~ "microblaze*#0" && bscan=="USER2"  && jtag_cable_name =~ "Digilent Zed 210248773728"} -index 1
dow /home/lais/Documentos/ROB307/rob_307/hw_arm_microblaze/hw_arm_microblaze.sdk/dijkstra/Debug/dijkstra.elf
configparams force-mem-access 0
----------------End of Script----------------

10:49:53 INFO  : Memory regions updated for context APU
10:49:53 INFO  : Memory regions updated for context PA
10:49:53 INFO  : Memory regions updated for context PA
10:49:53 INFO  : Context for processor 'microblaze_0' is selected.
10:49:53 INFO  : 'con' command is executed.
10:49:53 INFO  : ----------------XSDB Script (After Launch)----------------
targets -set -nocase -filter {name =~ "microblaze*#0" && bscan=="USER2"  && jtag_cable_name =~ "Digilent Zed 210248773728"} -index 1
con
----------------End of Script----------------

10:49:53 INFO  : Launch script is exported to file '/home/lais/Documentos/ROB307/rob_307/hw_arm_microblaze/hw_arm_microblaze.sdk/.sdk/launch_scripts/xilinx_c-c++_application_(system_debugger)/system_debugger_using_debug_dijkstra.elf_on_local.tcl'
10:50:59 INFO  : Disconnected from the channel tcfchan#4.
10:51:02 INFO  : 'targets -set -filter {jtag_cable_name =~ "Digilent Zed 210248773728" && level==0} -index 1' command is executed.
10:51:02 INFO  : 'fpga -state' command is executed.
10:51:02 INFO  : Connected to target on host '127.0.0.1' and port '3121'.
10:51:02 INFO  : Jtag cable 'Digilent Zed 210248773728' is selected.
10:51:02 INFO  : 'jtag frequency' command is executed.
10:51:02 INFO  : Sourcing of '/home/lais/Documentos/ROB307/rob_307/hw_arm_microblaze/hw_arm_microblaze.sdk/microblaze_arm_wrapper_hw_platform_0/ps7_init.tcl' is done.
10:51:02 INFO  : Context for 'APU' is selected.
10:51:04 INFO  : Hardware design information is loaded from '/home/lais/Documentos/ROB307/rob_307/hw_arm_microblaze/hw_arm_microblaze.sdk/microblaze_arm_wrapper_hw_platform_0/system.hdf'.
10:51:05 INFO  : 'configparams force-mem-access 1' command is executed.
10:51:05 INFO  : Context for 'APU' is selected.
10:51:05 INFO  : 'stop' command is executed.
10:51:05 INFO  : 'ps7_init' command is executed.
10:51:05 INFO  : 'ps7_post_config' command is executed.
10:51:05 INFO  : 'configparams mdm-detect-bscan-mask 2' command is executed.
10:51:05 INFO  : Context for processor 'microblaze_0' is selected.
10:51:05 INFO  : Processor reset is completed for 'microblaze_0'.
10:51:05 INFO  : Context for processor 'microblaze_0' is selected.
10:51:05 INFO  : The application '/home/lais/Documentos/ROB307/rob_307/hw_arm_microblaze/hw_arm_microblaze.sdk/dijkstra/Debug/dijkstra.elf' is downloaded to processor 'microblaze_0'.
10:51:05 INFO  : 'configparams force-mem-access 0' command is executed.
10:51:05 INFO  : ----------------XSDB Script----------------
connect -url tcp:127.0.0.1:3121
source /home/lais/Documentos/ROB307/rob_307/hw_arm_microblaze/hw_arm_microblaze.sdk/microblaze_arm_wrapper_hw_platform_0/ps7_init.tcl
targets -set -nocase -filter {name =~"APU*" && jtag_cable_name =~ "Digilent Zed 210248773728"} -index 0
loadhw -hw /home/lais/Documentos/ROB307/rob_307/hw_arm_microblaze/hw_arm_microblaze.sdk/microblaze_arm_wrapper_hw_platform_0/system.hdf -mem-ranges [list {0x40000000 0xbfffffff}]
configparams force-mem-access 1
targets -set -nocase -filter {name =~"APU*" && jtag_cable_name =~ "Digilent Zed 210248773728"} -index 0
stop
ps7_init
ps7_post_config
configparams mdm-detect-bscan-mask 2
targets -set -nocase -filter {name =~ "microblaze*#0" && bscan=="USER2"  && jtag_cable_name =~ "Digilent Zed 210248773728"} -index 1
rst -processor
targets -set -nocase -filter {name =~ "microblaze*#0" && bscan=="USER2"  && jtag_cable_name =~ "Digilent Zed 210248773728"} -index 1
dow /home/lais/Documentos/ROB307/rob_307/hw_arm_microblaze/hw_arm_microblaze.sdk/dijkstra/Debug/dijkstra.elf
configparams force-mem-access 0
----------------End of Script----------------

10:51:06 INFO  : Memory regions updated for context APU
10:51:06 INFO  : Memory regions updated for context PA
10:51:06 INFO  : Memory regions updated for context PA
10:51:06 INFO  : Context for processor 'microblaze_0' is selected.
10:51:06 INFO  : 'con' command is executed.
10:51:06 INFO  : ----------------XSDB Script (After Launch)----------------
targets -set -nocase -filter {name =~ "microblaze*#0" && bscan=="USER2"  && jtag_cable_name =~ "Digilent Zed 210248773728"} -index 1
con
----------------End of Script----------------

10:51:06 INFO  : Launch script is exported to file '/home/lais/Documentos/ROB307/rob_307/hw_arm_microblaze/hw_arm_microblaze.sdk/.sdk/launch_scripts/xilinx_c-c++_application_(system_debugger)/system_debugger_using_debug_dijkstra.elf_on_local.tcl'
10:52:16 INFO  : Connected to target on host '127.0.0.1' and port '3121'.
10:52:16 INFO  : 'targets -set -filter {jtag_cable_name =~ "Digilent Zed 210248773728" && level==0} -index 1' command is executed.
10:52:18 INFO  : FPGA configured successfully with bitstream "/home/lais/Documentos/ROB307/rob_307/hw_arm_microblaze/hw_arm_microblaze.sdk/microblaze_arm_wrapper_hw_platform_0/download.bit"
10:53:00 INFO  : Disconnected from the channel tcfchan#5.
10:53:03 INFO  : 'targets -set -filter {jtag_cable_name =~ "Digilent Zed 210248773728" && level==0} -index 1' command is executed.
10:53:03 INFO  : 'fpga -state' command is executed.
10:53:03 INFO  : Connected to target on host '127.0.0.1' and port '3121'.
10:53:03 INFO  : Jtag cable 'Digilent Zed 210248773728' is selected.
10:53:03 INFO  : 'jtag frequency' command is executed.
10:53:03 INFO  : Sourcing of '/home/lais/Documentos/ROB307/rob_307/hw_arm_microblaze/hw_arm_microblaze.sdk/microblaze_arm_wrapper_hw_platform_0/ps7_init.tcl' is done.
10:53:03 INFO  : Context for 'APU' is selected.
10:53:05 INFO  : Hardware design information is loaded from '/home/lais/Documentos/ROB307/rob_307/hw_arm_microblaze/hw_arm_microblaze.sdk/microblaze_arm_wrapper_hw_platform_0/system.hdf'.
10:53:05 INFO  : 'configparams force-mem-access 1' command is executed.
10:53:05 INFO  : Context for 'APU' is selected.
10:53:05 INFO  : 'stop' command is executed.
10:53:06 INFO  : 'ps7_init' command is executed.
10:53:06 INFO  : 'ps7_post_config' command is executed.
10:53:06 INFO  : 'configparams mdm-detect-bscan-mask 2' command is executed.
10:53:06 INFO  : Context for processor 'microblaze_0' is selected.
10:53:06 INFO  : Processor reset is completed for 'microblaze_0'.
10:53:06 INFO  : Context for processor 'microblaze_0' is selected.
10:53:06 INFO  : The application '/home/lais/Documentos/ROB307/rob_307/hw_arm_microblaze/hw_arm_microblaze.sdk/dijkstra/Debug/dijkstra.elf' is downloaded to processor 'microblaze_0'.
10:53:06 INFO  : 'configparams force-mem-access 0' command is executed.
10:53:06 INFO  : ----------------XSDB Script----------------
connect -url tcp:127.0.0.1:3121
source /home/lais/Documentos/ROB307/rob_307/hw_arm_microblaze/hw_arm_microblaze.sdk/microblaze_arm_wrapper_hw_platform_0/ps7_init.tcl
targets -set -nocase -filter {name =~"APU*" && jtag_cable_name =~ "Digilent Zed 210248773728"} -index 0
loadhw -hw /home/lais/Documentos/ROB307/rob_307/hw_arm_microblaze/hw_arm_microblaze.sdk/microblaze_arm_wrapper_hw_platform_0/system.hdf -mem-ranges [list {0x40000000 0xbfffffff}]
configparams force-mem-access 1
targets -set -nocase -filter {name =~"APU*" && jtag_cable_name =~ "Digilent Zed 210248773728"} -index 0
stop
ps7_init
ps7_post_config
configparams mdm-detect-bscan-mask 2
targets -set -nocase -filter {name =~ "microblaze*#0" && bscan=="USER2"  && jtag_cable_name =~ "Digilent Zed 210248773728"} -index 1
rst -processor
targets -set -nocase -filter {name =~ "microblaze*#0" && bscan=="USER2"  && jtag_cable_name =~ "Digilent Zed 210248773728"} -index 1
dow /home/lais/Documentos/ROB307/rob_307/hw_arm_microblaze/hw_arm_microblaze.sdk/dijkstra/Debug/dijkstra.elf
configparams force-mem-access 0
----------------End of Script----------------

10:53:06 INFO  : Memory regions updated for context APU
10:53:06 INFO  : Memory regions updated for context PA
10:53:06 INFO  : Memory regions updated for context PA
10:53:06 INFO  : Context for processor 'microblaze_0' is selected.
10:53:06 INFO  : 'con' command is executed.
10:53:06 INFO  : ----------------XSDB Script (After Launch)----------------
targets -set -nocase -filter {name =~ "microblaze*#0" && bscan=="USER2"  && jtag_cable_name =~ "Digilent Zed 210248773728"} -index 1
con
----------------End of Script----------------

10:53:06 INFO  : Launch script is exported to file '/home/lais/Documentos/ROB307/rob_307/hw_arm_microblaze/hw_arm_microblaze.sdk/.sdk/launch_scripts/xilinx_c-c++_application_(system_debugger)/system_debugger_using_debug_dijkstra.elf_on_local.tcl'
11:07:48 INFO  : Disconnected from the channel tcfchan#6.
11:07:49 INFO  : 'targets -set -filter {jtag_cable_name =~ "Digilent Zed 210248773728" && level==0} -index 1' command is executed.
11:07:49 INFO  : 'fpga -state' command is executed.
11:07:49 INFO  : Connected to target on host '127.0.0.1' and port '3121'.
11:07:50 INFO  : Jtag cable 'Digilent Zed 210248773728' is selected.
11:07:50 INFO  : 'jtag frequency' command is executed.
11:07:50 INFO  : Sourcing of '/home/lais/Documentos/ROB307/rob_307/hw_arm_microblaze/hw_arm_microblaze.sdk/microblaze_arm_wrapper_hw_platform_0/ps7_init.tcl' is done.
11:07:50 INFO  : Context for 'APU' is selected.
11:07:52 INFO  : Hardware design information is loaded from '/home/lais/Documentos/ROB307/rob_307/hw_arm_microblaze/hw_arm_microblaze.sdk/microblaze_arm_wrapper_hw_platform_0/system.hdf'.
11:07:52 INFO  : 'configparams force-mem-access 1' command is executed.
11:07:52 INFO  : Context for 'APU' is selected.
11:07:52 INFO  : 'stop' command is executed.
11:07:52 INFO  : 'ps7_init' command is executed.
11:07:52 INFO  : 'ps7_post_config' command is executed.
11:07:52 INFO  : 'configparams mdm-detect-bscan-mask 2' command is executed.
11:07:52 INFO  : Context for processor 'microblaze_0' is selected.
11:07:52 INFO  : Processor reset is completed for 'microblaze_0'.
11:07:53 INFO  : Context for processor 'microblaze_0' is selected.
11:07:53 INFO  : The application '/home/lais/Documentos/ROB307/rob_307/hw_arm_microblaze/hw_arm_microblaze.sdk/quicksort/Debug/quicksort.elf' is downloaded to processor 'microblaze_0'.
11:07:53 INFO  : 'configparams force-mem-access 0' command is executed.
11:07:53 INFO  : ----------------XSDB Script----------------
connect -url tcp:127.0.0.1:3121
source /home/lais/Documentos/ROB307/rob_307/hw_arm_microblaze/hw_arm_microblaze.sdk/microblaze_arm_wrapper_hw_platform_0/ps7_init.tcl
targets -set -nocase -filter {name =~"APU*" && jtag_cable_name =~ "Digilent Zed 210248773728"} -index 0
loadhw -hw /home/lais/Documentos/ROB307/rob_307/hw_arm_microblaze/hw_arm_microblaze.sdk/microblaze_arm_wrapper_hw_platform_0/system.hdf -mem-ranges [list {0x40000000 0xbfffffff}]
configparams force-mem-access 1
targets -set -nocase -filter {name =~"APU*" && jtag_cable_name =~ "Digilent Zed 210248773728"} -index 0
stop
ps7_init
ps7_post_config
configparams mdm-detect-bscan-mask 2
targets -set -nocase -filter {name =~ "microblaze*#0" && bscan=="USER2"  && jtag_cable_name =~ "Digilent Zed 210248773728"} -index 1
rst -processor
targets -set -nocase -filter {name =~ "microblaze*#0" && bscan=="USER2"  && jtag_cable_name =~ "Digilent Zed 210248773728"} -index 1
dow /home/lais/Documentos/ROB307/rob_307/hw_arm_microblaze/hw_arm_microblaze.sdk/quicksort/Debug/quicksort.elf
configparams force-mem-access 0
----------------End of Script----------------

11:07:53 INFO  : Memory regions updated for context APU
11:07:53 INFO  : Memory regions updated for context PA
11:07:53 INFO  : Memory regions updated for context PA
11:07:53 INFO  : Context for processor 'microblaze_0' is selected.
11:07:53 INFO  : 'con' command is executed.
11:07:53 INFO  : ----------------XSDB Script (After Launch)----------------
targets -set -nocase -filter {name =~ "microblaze*#0" && bscan=="USER2"  && jtag_cable_name =~ "Digilent Zed 210248773728"} -index 1
con
----------------End of Script----------------

11:07:53 INFO  : Launch script is exported to file '/home/lais/Documentos/ROB307/rob_307/hw_arm_microblaze/hw_arm_microblaze.sdk/.sdk/launch_scripts/xilinx_c-c++_application_(system_debugger)/system_debugger_using_debug_quicksort.elf_on_local.tcl'
11:09:26 INFO  : Connected to target on host '127.0.0.1' and port '3121'.
11:09:26 INFO  : 'targets -set -filter {jtag_cable_name =~ "Digilent Zed 210248773728" && level==0} -index 1' command is executed.
11:09:28 INFO  : FPGA configured successfully with bitstream "/home/lais/Documentos/ROB307/rob_307/hw_arm_microblaze/hw_arm_microblaze.sdk/microblaze_arm_wrapper_hw_platform_0/download.bit"
11:11:50 INFO  : Disconnected from the channel tcfchan#7.
11:11:51 INFO  : 'targets -set -filter {jtag_cable_name =~ "Digilent Zed 210248773728" && level==0} -index 1' command is executed.
11:11:51 INFO  : 'fpga -state' command is executed.
11:11:51 INFO  : Connected to target on host '127.0.0.1' and port '3121'.
11:11:52 INFO  : Jtag cable 'Digilent Zed 210248773728' is selected.
11:11:52 INFO  : 'jtag frequency' command is executed.
11:11:52 INFO  : Sourcing of '/home/lais/Documentos/ROB307/rob_307/hw_arm_microblaze/hw_arm_microblaze.sdk/microblaze_arm_wrapper_hw_platform_0/ps7_init.tcl' is done.
11:11:52 INFO  : Context for 'APU' is selected.
11:11:54 INFO  : Hardware design information is loaded from '/home/lais/Documentos/ROB307/rob_307/hw_arm_microblaze/hw_arm_microblaze.sdk/microblaze_arm_wrapper_hw_platform_0/system.hdf'.
11:11:54 INFO  : 'configparams force-mem-access 1' command is executed.
11:11:54 INFO  : Context for 'APU' is selected.
11:11:54 INFO  : 'stop' command is executed.
11:11:54 INFO  : 'ps7_init' command is executed.
11:11:54 INFO  : 'ps7_post_config' command is executed.
11:11:54 INFO  : 'configparams mdm-detect-bscan-mask 2' command is executed.
11:11:54 INFO  : Context for processor 'microblaze_0' is selected.
11:11:54 INFO  : Processor reset is completed for 'microblaze_0'.
11:11:54 INFO  : Context for processor 'microblaze_0' is selected.
11:11:55 INFO  : The application '/home/lais/Documentos/ROB307/rob_307/hw_arm_microblaze/hw_arm_microblaze.sdk/dijkstra/Debug/dijkstra.elf' is downloaded to processor 'microblaze_0'.
11:11:55 INFO  : 'configparams force-mem-access 0' command is executed.
11:11:55 INFO  : ----------------XSDB Script----------------
connect -url tcp:127.0.0.1:3121
source /home/lais/Documentos/ROB307/rob_307/hw_arm_microblaze/hw_arm_microblaze.sdk/microblaze_arm_wrapper_hw_platform_0/ps7_init.tcl
targets -set -nocase -filter {name =~"APU*" && jtag_cable_name =~ "Digilent Zed 210248773728"} -index 0
loadhw -hw /home/lais/Documentos/ROB307/rob_307/hw_arm_microblaze/hw_arm_microblaze.sdk/microblaze_arm_wrapper_hw_platform_0/system.hdf -mem-ranges [list {0x40000000 0xbfffffff}]
configparams force-mem-access 1
targets -set -nocase -filter {name =~"APU*" && jtag_cable_name =~ "Digilent Zed 210248773728"} -index 0
stop
ps7_init
ps7_post_config
configparams mdm-detect-bscan-mask 2
targets -set -nocase -filter {name =~ "microblaze*#0" && bscan=="USER2"  && jtag_cable_name =~ "Digilent Zed 210248773728"} -index 1
rst -processor
targets -set -nocase -filter {name =~ "microblaze*#0" && bscan=="USER2"  && jtag_cable_name =~ "Digilent Zed 210248773728"} -index 1
dow /home/lais/Documentos/ROB307/rob_307/hw_arm_microblaze/hw_arm_microblaze.sdk/dijkstra/Debug/dijkstra.elf
configparams force-mem-access 0
----------------End of Script----------------

11:11:55 INFO  : Memory regions updated for context APU
11:11:55 INFO  : Memory regions updated for context PA
11:11:55 INFO  : Memory regions updated for context PA
11:11:55 INFO  : Context for processor 'microblaze_0' is selected.
11:11:55 INFO  : 'con' command is executed.
11:11:55 INFO  : ----------------XSDB Script (After Launch)----------------
targets -set -nocase -filter {name =~ "microblaze*#0" && bscan=="USER2"  && jtag_cable_name =~ "Digilent Zed 210248773728"} -index 1
con
----------------End of Script----------------

11:11:55 INFO  : Launch script is exported to file '/home/lais/Documentos/ROB307/rob_307/hw_arm_microblaze/hw_arm_microblaze.sdk/.sdk/launch_scripts/xilinx_c-c++_application_(system_debugger)/system_debugger_using_debug_dijkstra.elf_on_local.tcl'
11:20:12 INFO  : Disconnected from the channel tcfchan#8.
11:20:13 INFO  : 'targets -set -filter {jtag_cable_name =~ "Digilent Zed 210248773728" && level==0} -index 1' command is executed.
11:20:13 INFO  : 'fpga -state' command is executed.
11:20:13 INFO  : Connected to target on host '127.0.0.1' and port '3121'.
11:20:14 INFO  : Jtag cable 'Digilent Zed 210248773728' is selected.
11:20:14 INFO  : 'jtag frequency' command is executed.
11:20:14 INFO  : Sourcing of '/home/lais/Documentos/ROB307/rob_307/hw_arm_microblaze/hw_arm_microblaze.sdk/microblaze_arm_wrapper_hw_platform_0/ps7_init.tcl' is done.
11:20:14 INFO  : Context for 'APU' is selected.
11:20:16 INFO  : Hardware design information is loaded from '/home/lais/Documentos/ROB307/rob_307/hw_arm_microblaze/hw_arm_microblaze.sdk/microblaze_arm_wrapper_hw_platform_0/system.hdf'.
11:20:16 INFO  : 'configparams force-mem-access 1' command is executed.
11:20:16 INFO  : Context for 'APU' is selected.
11:20:16 INFO  : 'stop' command is executed.
11:20:16 INFO  : 'ps7_init' command is executed.
11:20:16 INFO  : 'ps7_post_config' command is executed.
11:20:16 INFO  : 'configparams mdm-detect-bscan-mask 2' command is executed.
11:20:16 INFO  : Context for processor 'microblaze_0' is selected.
11:20:16 INFO  : Processor reset is completed for 'microblaze_0'.
11:20:16 INFO  : Context for processor 'microblaze_0' is selected.
11:20:17 INFO  : The application '/home/lais/Documentos/ROB307/rob_307/hw_arm_microblaze/hw_arm_microblaze.sdk/dijkstra/Debug/dijkstra.elf' is downloaded to processor 'microblaze_0'.
11:20:17 INFO  : 'configparams force-mem-access 0' command is executed.
11:20:17 INFO  : ----------------XSDB Script----------------
connect -url tcp:127.0.0.1:3121
source /home/lais/Documentos/ROB307/rob_307/hw_arm_microblaze/hw_arm_microblaze.sdk/microblaze_arm_wrapper_hw_platform_0/ps7_init.tcl
targets -set -nocase -filter {name =~"APU*" && jtag_cable_name =~ "Digilent Zed 210248773728"} -index 0
loadhw -hw /home/lais/Documentos/ROB307/rob_307/hw_arm_microblaze/hw_arm_microblaze.sdk/microblaze_arm_wrapper_hw_platform_0/system.hdf -mem-ranges [list {0x40000000 0xbfffffff}]
configparams force-mem-access 1
targets -set -nocase -filter {name =~"APU*" && jtag_cable_name =~ "Digilent Zed 210248773728"} -index 0
stop
ps7_init
ps7_post_config
configparams mdm-detect-bscan-mask 2
targets -set -nocase -filter {name =~ "microblaze*#0" && bscan=="USER2"  && jtag_cable_name =~ "Digilent Zed 210248773728"} -index 1
rst -processor
targets -set -nocase -filter {name =~ "microblaze*#0" && bscan=="USER2"  && jtag_cable_name =~ "Digilent Zed 210248773728"} -index 1
dow /home/lais/Documentos/ROB307/rob_307/hw_arm_microblaze/hw_arm_microblaze.sdk/dijkstra/Debug/dijkstra.elf
configparams force-mem-access 0
----------------End of Script----------------

11:20:17 INFO  : Memory regions updated for context APU
11:20:17 INFO  : Memory regions updated for context PA
11:20:17 INFO  : Memory regions updated for context PA
11:20:17 INFO  : Context for processor 'microblaze_0' is selected.
11:20:17 INFO  : 'con' command is executed.
11:20:17 INFO  : ----------------XSDB Script (After Launch)----------------
targets -set -nocase -filter {name =~ "microblaze*#0" && bscan=="USER2"  && jtag_cable_name =~ "Digilent Zed 210248773728"} -index 1
con
----------------End of Script----------------

11:20:17 INFO  : Launch script is exported to file '/home/lais/Documentos/ROB307/rob_307/hw_arm_microblaze/hw_arm_microblaze.sdk/.sdk/launch_scripts/xilinx_c-c++_application_(system_debugger)/system_debugger_using_debug_dijkstra.elf_on_local.tcl'
11:26:26 INFO  : Disconnected from the channel tcfchan#9.
11:26:27 INFO  : 'targets -set -filter {jtag_cable_name =~ "Digilent Zed 210248773728" && level==0} -index 1' command is executed.
11:26:27 INFO  : 'fpga -state' command is executed.
11:26:27 INFO  : Connected to target on host '127.0.0.1' and port '3121'.
11:26:27 INFO  : Jtag cable 'Digilent Zed 210248773728' is selected.
11:26:27 INFO  : 'jtag frequency' command is executed.
11:26:27 INFO  : Sourcing of '/home/lais/Documentos/ROB307/rob_307/hw_arm_microblaze/hw_arm_microblaze.sdk/microblaze_arm_wrapper_hw_platform_0/ps7_init.tcl' is done.
11:26:27 INFO  : Context for 'APU' is selected.
11:26:30 INFO  : Hardware design information is loaded from '/home/lais/Documentos/ROB307/rob_307/hw_arm_microblaze/hw_arm_microblaze.sdk/microblaze_arm_wrapper_hw_platform_0/system.hdf'.
11:26:30 INFO  : 'configparams force-mem-access 1' command is executed.
11:26:30 INFO  : Context for 'APU' is selected.
11:26:30 INFO  : 'stop' command is executed.
11:26:30 INFO  : 'ps7_init' command is executed.
11:26:30 INFO  : 'ps7_post_config' command is executed.
11:26:30 INFO  : 'configparams mdm-detect-bscan-mask 2' command is executed.
11:26:30 INFO  : Context for processor 'microblaze_0' is selected.
11:26:30 INFO  : Processor reset is completed for 'microblaze_0'.
11:26:30 INFO  : Context for processor 'microblaze_0' is selected.
11:26:31 INFO  : The application '/home/lais/Documentos/ROB307/rob_307/hw_arm_microblaze/hw_arm_microblaze.sdk/dijkstra/Debug/dijkstra.elf' is downloaded to processor 'microblaze_0'.
11:26:31 INFO  : 'configparams force-mem-access 0' command is executed.
11:26:31 INFO  : ----------------XSDB Script----------------
connect -url tcp:127.0.0.1:3121
source /home/lais/Documentos/ROB307/rob_307/hw_arm_microblaze/hw_arm_microblaze.sdk/microblaze_arm_wrapper_hw_platform_0/ps7_init.tcl
targets -set -nocase -filter {name =~"APU*" && jtag_cable_name =~ "Digilent Zed 210248773728"} -index 0
loadhw -hw /home/lais/Documentos/ROB307/rob_307/hw_arm_microblaze/hw_arm_microblaze.sdk/microblaze_arm_wrapper_hw_platform_0/system.hdf -mem-ranges [list {0x40000000 0xbfffffff}]
configparams force-mem-access 1
targets -set -nocase -filter {name =~"APU*" && jtag_cable_name =~ "Digilent Zed 210248773728"} -index 0
stop
ps7_init
ps7_post_config
configparams mdm-detect-bscan-mask 2
targets -set -nocase -filter {name =~ "microblaze*#0" && bscan=="USER2"  && jtag_cable_name =~ "Digilent Zed 210248773728"} -index 1
rst -processor
targets -set -nocase -filter {name =~ "microblaze*#0" && bscan=="USER2"  && jtag_cable_name =~ "Digilent Zed 210248773728"} -index 1
dow /home/lais/Documentos/ROB307/rob_307/hw_arm_microblaze/hw_arm_microblaze.sdk/dijkstra/Debug/dijkstra.elf
configparams force-mem-access 0
----------------End of Script----------------

11:26:31 INFO  : Memory regions updated for context APU
11:26:31 INFO  : Memory regions updated for context PA
11:26:31 INFO  : Memory regions updated for context PA
11:26:31 INFO  : Context for processor 'microblaze_0' is selected.
11:26:31 INFO  : 'con' command is executed.
11:26:31 INFO  : ----------------XSDB Script (After Launch)----------------
targets -set -nocase -filter {name =~ "microblaze*#0" && bscan=="USER2"  && jtag_cable_name =~ "Digilent Zed 210248773728"} -index 1
con
----------------End of Script----------------

11:26:31 INFO  : Launch script is exported to file '/home/lais/Documentos/ROB307/rob_307/hw_arm_microblaze/hw_arm_microblaze.sdk/.sdk/launch_scripts/xilinx_c-c++_application_(system_debugger)/system_debugger_using_debug_dijkstra.elf_on_local.tcl'
11:28:07 INFO  : Disconnected from the channel tcfchan#10.
11:28:08 INFO  : 'targets -set -filter {jtag_cable_name =~ "Digilent Zed 210248773728" && level==0} -index 1' command is executed.
11:28:08 INFO  : 'fpga -state' command is executed.
11:28:08 INFO  : Connected to target on host '127.0.0.1' and port '3121'.
11:28:09 INFO  : Jtag cable 'Digilent Zed 210248773728' is selected.
11:28:09 INFO  : 'jtag frequency' command is executed.
11:28:09 INFO  : Sourcing of '/home/lais/Documentos/ROB307/rob_307/hw_arm_microblaze/hw_arm_microblaze.sdk/microblaze_arm_wrapper_hw_platform_0/ps7_init.tcl' is done.
11:28:09 INFO  : Context for 'APU' is selected.
11:28:11 INFO  : Hardware design information is loaded from '/home/lais/Documentos/ROB307/rob_307/hw_arm_microblaze/hw_arm_microblaze.sdk/microblaze_arm_wrapper_hw_platform_0/system.hdf'.
11:28:11 INFO  : 'configparams force-mem-access 1' command is executed.
11:28:11 INFO  : Context for 'APU' is selected.
11:28:11 INFO  : 'stop' command is executed.
11:28:11 INFO  : 'ps7_init' command is executed.
11:28:11 INFO  : 'ps7_post_config' command is executed.
11:28:11 INFO  : 'configparams mdm-detect-bscan-mask 2' command is executed.
11:28:11 INFO  : Context for processor 'microblaze_0' is selected.
11:28:11 INFO  : Processor reset is completed for 'microblaze_0'.
11:28:11 INFO  : Context for processor 'microblaze_0' is selected.
11:28:12 INFO  : The application '/home/lais/Documentos/ROB307/rob_307/hw_arm_microblaze/hw_arm_microblaze.sdk/dijkstra/Debug/dijkstra.elf' is downloaded to processor 'microblaze_0'.
11:28:12 INFO  : 'configparams force-mem-access 0' command is executed.
11:28:12 INFO  : ----------------XSDB Script----------------
connect -url tcp:127.0.0.1:3121
source /home/lais/Documentos/ROB307/rob_307/hw_arm_microblaze/hw_arm_microblaze.sdk/microblaze_arm_wrapper_hw_platform_0/ps7_init.tcl
targets -set -nocase -filter {name =~"APU*" && jtag_cable_name =~ "Digilent Zed 210248773728"} -index 0
loadhw -hw /home/lais/Documentos/ROB307/rob_307/hw_arm_microblaze/hw_arm_microblaze.sdk/microblaze_arm_wrapper_hw_platform_0/system.hdf -mem-ranges [list {0x40000000 0xbfffffff}]
configparams force-mem-access 1
targets -set -nocase -filter {name =~"APU*" && jtag_cable_name =~ "Digilent Zed 210248773728"} -index 0
stop
ps7_init
ps7_post_config
configparams mdm-detect-bscan-mask 2
targets -set -nocase -filter {name =~ "microblaze*#0" && bscan=="USER2"  && jtag_cable_name =~ "Digilent Zed 210248773728"} -index 1
rst -processor
targets -set -nocase -filter {name =~ "microblaze*#0" && bscan=="USER2"  && jtag_cable_name =~ "Digilent Zed 210248773728"} -index 1
dow /home/lais/Documentos/ROB307/rob_307/hw_arm_microblaze/hw_arm_microblaze.sdk/dijkstra/Debug/dijkstra.elf
configparams force-mem-access 0
----------------End of Script----------------

11:28:12 INFO  : Memory regions updated for context APU
11:28:12 INFO  : Memory regions updated for context PA
11:28:12 INFO  : Memory regions updated for context PA
11:28:12 INFO  : Context for processor 'microblaze_0' is selected.
11:28:12 INFO  : 'con' command is executed.
11:28:12 INFO  : ----------------XSDB Script (After Launch)----------------
targets -set -nocase -filter {name =~ "microblaze*#0" && bscan=="USER2"  && jtag_cable_name =~ "Digilent Zed 210248773728"} -index 1
con
----------------End of Script----------------

11:28:12 INFO  : Launch script is exported to file '/home/lais/Documentos/ROB307/rob_307/hw_arm_microblaze/hw_arm_microblaze.sdk/.sdk/launch_scripts/xilinx_c-c++_application_(system_debugger)/system_debugger_using_debug_dijkstra.elf_on_local.tcl'
11:28:47 INFO  : Connected to target on host '127.0.0.1' and port '3121'.
11:28:47 INFO  : 'targets -set -filter {jtag_cable_name =~ "Digilent Zed 210248773728" && level==0} -index 1' command is executed.
11:28:53 INFO  : FPGA configured successfully with bitstream "/home/lais/Documentos/ROB307/rob_307/hw_arm_microblaze/hw_arm_microblaze.sdk/microblaze_arm_wrapper_hw_platform_0/download.bit"
11:29:13 INFO  : Disconnected from the channel tcfchan#11.
11:29:14 INFO  : 'targets -set -filter {jtag_cable_name =~ "Digilent Zed 210248773728" && level==0} -index 1' command is executed.
11:29:14 INFO  : 'fpga -state' command is executed.
11:29:14 INFO  : Connected to target on host '127.0.0.1' and port '3121'.
11:29:14 INFO  : Jtag cable 'Digilent Zed 210248773728' is selected.
11:29:14 INFO  : 'jtag frequency' command is executed.
11:29:14 INFO  : Sourcing of '/home/lais/Documentos/ROB307/rob_307/hw_arm_microblaze/hw_arm_microblaze.sdk/microblaze_arm_wrapper_hw_platform_0/ps7_init.tcl' is done.
11:29:14 INFO  : Context for 'APU' is selected.
11:29:16 INFO  : Hardware design information is loaded from '/home/lais/Documentos/ROB307/rob_307/hw_arm_microblaze/hw_arm_microblaze.sdk/microblaze_arm_wrapper_hw_platform_0/system.hdf'.
11:29:16 INFO  : 'configparams force-mem-access 1' command is executed.
11:29:16 INFO  : Context for 'APU' is selected.
11:29:16 INFO  : 'stop' command is executed.
11:29:16 INFO  : 'ps7_init' command is executed.
11:29:17 INFO  : 'ps7_post_config' command is executed.
11:29:17 INFO  : 'configparams mdm-detect-bscan-mask 2' command is executed.
11:29:17 INFO  : Context for processor 'microblaze_0' is selected.
11:29:17 INFO  : Processor reset is completed for 'microblaze_0'.
11:29:17 INFO  : Context for processor 'microblaze_0' is selected.
11:29:17 INFO  : The application '/home/lais/Documentos/ROB307/rob_307/hw_arm_microblaze/hw_arm_microblaze.sdk/dijkstra/Debug/dijkstra.elf' is downloaded to processor 'microblaze_0'.
11:29:17 INFO  : 'configparams force-mem-access 0' command is executed.
11:29:17 INFO  : ----------------XSDB Script----------------
connect -url tcp:127.0.0.1:3121
source /home/lais/Documentos/ROB307/rob_307/hw_arm_microblaze/hw_arm_microblaze.sdk/microblaze_arm_wrapper_hw_platform_0/ps7_init.tcl
targets -set -nocase -filter {name =~"APU*" && jtag_cable_name =~ "Digilent Zed 210248773728"} -index 0
loadhw -hw /home/lais/Documentos/ROB307/rob_307/hw_arm_microblaze/hw_arm_microblaze.sdk/microblaze_arm_wrapper_hw_platform_0/system.hdf -mem-ranges [list {0x40000000 0xbfffffff}]
configparams force-mem-access 1
targets -set -nocase -filter {name =~"APU*" && jtag_cable_name =~ "Digilent Zed 210248773728"} -index 0
stop
ps7_init
ps7_post_config
configparams mdm-detect-bscan-mask 2
targets -set -nocase -filter {name =~ "microblaze*#0" && bscan=="USER2"  && jtag_cable_name =~ "Digilent Zed 210248773728"} -index 1
rst -processor
targets -set -nocase -filter {name =~ "microblaze*#0" && bscan=="USER2"  && jtag_cable_name =~ "Digilent Zed 210248773728"} -index 1
dow /home/lais/Documentos/ROB307/rob_307/hw_arm_microblaze/hw_arm_microblaze.sdk/dijkstra/Debug/dijkstra.elf
configparams force-mem-access 0
----------------End of Script----------------

11:29:17 INFO  : Memory regions updated for context APU
11:29:17 INFO  : Memory regions updated for context PA
11:29:17 INFO  : Memory regions updated for context PA
11:29:17 INFO  : Context for processor 'microblaze_0' is selected.
11:29:17 INFO  : 'con' command is executed.
11:29:17 INFO  : ----------------XSDB Script (After Launch)----------------
targets -set -nocase -filter {name =~ "microblaze*#0" && bscan=="USER2"  && jtag_cable_name =~ "Digilent Zed 210248773728"} -index 1
con
----------------End of Script----------------

11:29:17 INFO  : Launch script is exported to file '/home/lais/Documentos/ROB307/rob_307/hw_arm_microblaze/hw_arm_microblaze.sdk/.sdk/launch_scripts/xilinx_c-c++_application_(system_debugger)/system_debugger_using_debug_dijkstra.elf_on_local.tcl'
11:29:46 INFO  : Disconnected from the channel tcfchan#12.
11:29:48 INFO  : 'targets -set -filter {jtag_cable_name =~ "Digilent Zed 210248773728" && level==0} -index 1' command is executed.
11:29:48 INFO  : 'fpga -state' command is executed.
11:29:48 INFO  : Connected to target on host '127.0.0.1' and port '3121'.
11:29:48 INFO  : Jtag cable 'Digilent Zed 210248773728' is selected.
11:29:48 INFO  : 'jtag frequency' command is executed.
11:29:48 INFO  : Sourcing of '/home/lais/Documentos/ROB307/rob_307/hw_arm_microblaze/hw_arm_microblaze.sdk/microblaze_arm_wrapper_hw_platform_0/ps7_init.tcl' is done.
11:29:48 INFO  : Context for 'APU' is selected.
11:29:51 INFO  : Hardware design information is loaded from '/home/lais/Documentos/ROB307/rob_307/hw_arm_microblaze/hw_arm_microblaze.sdk/microblaze_arm_wrapper_hw_platform_0/system.hdf'.
11:29:51 INFO  : 'configparams force-mem-access 1' command is executed.
11:29:51 INFO  : Context for 'APU' is selected.
11:29:51 INFO  : 'stop' command is executed.
11:29:51 ERROR : Memory write error at 0xF8000008. AP transaction timeout
11:29:51 INFO  : ----------------XSDB Script----------------
connect -url tcp:127.0.0.1:3121
source /home/lais/Documentos/ROB307/rob_307/hw_arm_microblaze/hw_arm_microblaze.sdk/microblaze_arm_wrapper_hw_platform_0/ps7_init.tcl
targets -set -nocase -filter {name =~"APU*" && jtag_cable_name =~ "Digilent Zed 210248773728"} -index 0
loadhw -hw /home/lais/Documentos/ROB307/rob_307/hw_arm_microblaze/hw_arm_microblaze.sdk/microblaze_arm_wrapper_hw_platform_0/system.hdf -mem-ranges [list {0x40000000 0xbfffffff}]
configparams force-mem-access 1
targets -set -nocase -filter {name =~"APU*" && jtag_cable_name =~ "Digilent Zed 210248773728"} -index 0
stop
ps7_init
----------------End of Script----------------

11:30:14 INFO  : Connected to target on host '127.0.0.1' and port '3121'.
11:30:14 INFO  : 'targets -set -filter {jtag_cable_name =~ "Digilent Zed 210248773728" && level==0} -index 1' command is executed.
11:30:21 ERROR : fpga configuration failed. DONE PIN is not HIGH
11:31:14 INFO  : 'targets -set -filter {jtag_cable_name =~ "Digilent Zed 210248773728" && level==0} -index 1' command is executed.
11:31:14 INFO  : 'fpga -state' command is executed.
11:31:37 INFO  : Connected to target on host '127.0.0.1' and port '3121'.
11:31:37 INFO  : Jtag cable 'Digilent Zed 210248773728' is selected.
11:31:37 INFO  : 'jtag frequency' command is executed.
11:31:37 INFO  : Sourcing of '/home/lais/Documentos/ROB307/rob_307/hw_arm_microblaze/hw_arm_microblaze.sdk/microblaze_arm_wrapper_hw_platform_0/ps7_init.tcl' is done.
11:31:37 INFO  : Context for 'APU' is selected.
11:31:37 INFO  : Hardware design information is loaded from '/home/lais/Documentos/ROB307/rob_307/hw_arm_microblaze/hw_arm_microblaze.sdk/microblaze_arm_wrapper_hw_platform_0/system.hdf'.
11:31:37 INFO  : 'configparams force-mem-access 1' command is executed.
11:31:37 INFO  : Context for 'APU' is selected.
11:31:37 INFO  : 'stop' command is executed.
11:31:38 INFO  : 'ps7_init' command is executed.
11:31:38 INFO  : 'ps7_post_config' command is executed.
11:31:38 INFO  : 'configparams mdm-detect-bscan-mask 2' command is executed.
11:31:41 ERROR : no targets found with "name =~ "microblaze*#0" && bscan=="USER2"  && jtag_cable_name =~ "Digilent Zed 210248773728"". available targets:
  1* APU
     2  ARM Cortex-A9 MPCore #0 (Suspended)
     3  ARM Cortex-A9 MPCore #1 (Suspended)
  4  xc7z020
11:31:41 INFO  : ----------------XSDB Script----------------
connect -url tcp:127.0.0.1:3121
source /home/lais/Documentos/ROB307/rob_307/hw_arm_microblaze/hw_arm_microblaze.sdk/microblaze_arm_wrapper_hw_platform_0/ps7_init.tcl
targets -set -nocase -filter {name =~"APU*" && jtag_cable_name =~ "Digilent Zed 210248773728"} -index 0
loadhw -hw /home/lais/Documentos/ROB307/rob_307/hw_arm_microblaze/hw_arm_microblaze.sdk/microblaze_arm_wrapper_hw_platform_0/system.hdf -mem-ranges [list {0x40000000 0xbfffffff}]
configparams force-mem-access 1
targets -set -nocase -filter {name =~"APU*" && jtag_cable_name =~ "Digilent Zed 210248773728"} -index 0
stop
ps7_init
ps7_post_config
configparams mdm-detect-bscan-mask 2
targets -set -nocase -filter {name =~ "microblaze*#0" && bscan=="USER2"  && jtag_cable_name =~ "Digilent Zed 210248773728"} -index 1
----------------End of Script----------------

11:32:01 INFO  : Connected to target on host '127.0.0.1' and port '3121'.
11:32:01 INFO  : 'targets -set -filter {jtag_cable_name =~ "Digilent Zed 210248773728" && level==0} -index 1' command is executed.
11:32:05 INFO  : FPGA configured successfully with bitstream "/home/lais/Documentos/ROB307/rob_307/hw_arm_microblaze/hw_arm_microblaze.sdk/microblaze_arm_wrapper_hw_platform_0/download.bit"
11:32:16 INFO  : 'targets -set -filter {jtag_cable_name =~ "Digilent Zed 210248773728" && level==0} -index 1' command is executed.
11:32:16 INFO  : 'fpga -state' command is executed.
11:32:16 INFO  : Connected to target on host '127.0.0.1' and port '3121'.
11:32:16 INFO  : Jtag cable 'Digilent Zed 210248773728' is selected.
11:32:16 INFO  : 'jtag frequency' command is executed.
11:32:16 INFO  : Sourcing of '/home/lais/Documentos/ROB307/rob_307/hw_arm_microblaze/hw_arm_microblaze.sdk/microblaze_arm_wrapper_hw_platform_0/ps7_init.tcl' is done.
11:32:17 INFO  : Context for 'APU' is selected.
11:32:17 INFO  : Hardware design information is loaded from '/home/lais/Documentos/ROB307/rob_307/hw_arm_microblaze/hw_arm_microblaze.sdk/microblaze_arm_wrapper_hw_platform_0/system.hdf'.
11:32:17 INFO  : 'configparams force-mem-access 1' command is executed.
11:32:17 INFO  : Context for 'APU' is selected.
11:32:17 INFO  : 'stop' command is executed.
11:32:17 INFO  : 'ps7_init' command is executed.
11:32:17 INFO  : 'ps7_post_config' command is executed.
11:32:17 INFO  : 'configparams mdm-detect-bscan-mask 2' command is executed.
11:32:17 INFO  : Context for processor 'microblaze_0' is selected.
11:32:17 INFO  : Processor reset is completed for 'microblaze_0'.
11:32:17 INFO  : Context for processor 'microblaze_0' is selected.
11:32:17 INFO  : The application '/home/lais/Documentos/ROB307/rob_307/hw_arm_microblaze/hw_arm_microblaze.sdk/dijkstra/Debug/dijkstra.elf' is downloaded to processor 'microblaze_0'.
11:32:17 INFO  : 'configparams force-mem-access 0' command is executed.
11:32:17 INFO  : ----------------XSDB Script----------------
connect -url tcp:127.0.0.1:3121
source /home/lais/Documentos/ROB307/rob_307/hw_arm_microblaze/hw_arm_microblaze.sdk/microblaze_arm_wrapper_hw_platform_0/ps7_init.tcl
targets -set -nocase -filter {name =~"APU*" && jtag_cable_name =~ "Digilent Zed 210248773728"} -index 0
loadhw -hw /home/lais/Documentos/ROB307/rob_307/hw_arm_microblaze/hw_arm_microblaze.sdk/microblaze_arm_wrapper_hw_platform_0/system.hdf -mem-ranges [list {0x40000000 0xbfffffff}]
configparams force-mem-access 1
targets -set -nocase -filter {name =~"APU*" && jtag_cable_name =~ "Digilent Zed 210248773728"} -index 0
stop
ps7_init
ps7_post_config
configparams mdm-detect-bscan-mask 2
targets -set -nocase -filter {name =~ "microblaze*#0" && bscan=="USER2"  && jtag_cable_name =~ "Digilent Zed 210248773728"} -index 1
rst -processor
targets -set -nocase -filter {name =~ "microblaze*#0" && bscan=="USER2"  && jtag_cable_name =~ "Digilent Zed 210248773728"} -index 1
dow /home/lais/Documentos/ROB307/rob_307/hw_arm_microblaze/hw_arm_microblaze.sdk/dijkstra/Debug/dijkstra.elf
configparams force-mem-access 0
----------------End of Script----------------

11:32:17 INFO  : Memory regions updated for context APU
11:32:17 INFO  : Memory regions updated for context PA
11:32:17 INFO  : Memory regions updated for context PA
11:32:18 INFO  : Context for processor 'microblaze_0' is selected.
11:32:18 INFO  : 'con' command is executed.
11:32:18 INFO  : ----------------XSDB Script (After Launch)----------------
targets -set -nocase -filter {name =~ "microblaze*#0" && bscan=="USER2"  && jtag_cable_name =~ "Digilent Zed 210248773728"} -index 1
con
----------------End of Script----------------

11:32:18 INFO  : Launch script is exported to file '/home/lais/Documentos/ROB307/rob_307/hw_arm_microblaze/hw_arm_microblaze.sdk/.sdk/launch_scripts/xilinx_c-c++_application_(system_debugger)/system_debugger_using_debug_dijkstra.elf_on_local.tcl'
11:32:36 INFO  : Disconnected from the channel tcfchan#13.
11:32:38 INFO  : 'targets -set -filter {jtag_cable_name =~ "Digilent Zed 210248773728" && level==0} -index 1' command is executed.
11:32:38 INFO  : 'fpga -state' command is executed.
11:32:38 INFO  : Connected to target on host '127.0.0.1' and port '3121'.
11:32:38 INFO  : Jtag cable 'Digilent Zed 210248773728' is selected.
11:32:38 INFO  : 'jtag frequency' command is executed.
11:32:38 INFO  : Sourcing of '/home/lais/Documentos/ROB307/rob_307/hw_arm_microblaze/hw_arm_microblaze.sdk/microblaze_arm_wrapper_hw_platform_0/ps7_init.tcl' is done.
11:32:38 INFO  : Context for 'APU' is selected.
11:32:40 INFO  : Hardware design information is loaded from '/home/lais/Documentos/ROB307/rob_307/hw_arm_microblaze/hw_arm_microblaze.sdk/microblaze_arm_wrapper_hw_platform_0/system.hdf'.
11:32:40 INFO  : 'configparams force-mem-access 1' command is executed.
11:32:40 INFO  : Context for 'APU' is selected.
11:32:40 INFO  : 'stop' command is executed.
11:32:40 INFO  : 'ps7_init' command is executed.
11:32:40 INFO  : 'ps7_post_config' command is executed.
11:32:40 INFO  : 'configparams mdm-detect-bscan-mask 2' command is executed.
11:32:40 INFO  : Context for processor 'microblaze_0' is selected.
11:32:40 INFO  : Processor reset is completed for 'microblaze_0'.
11:32:41 INFO  : Context for processor 'microblaze_0' is selected.
11:32:41 INFO  : The application '/home/lais/Documentos/ROB307/rob_307/hw_arm_microblaze/hw_arm_microblaze.sdk/dijkstra/Debug/dijkstra.elf' is downloaded to processor 'microblaze_0'.
11:32:41 INFO  : 'configparams force-mem-access 0' command is executed.
11:32:41 INFO  : ----------------XSDB Script----------------
connect -url tcp:127.0.0.1:3121
source /home/lais/Documentos/ROB307/rob_307/hw_arm_microblaze/hw_arm_microblaze.sdk/microblaze_arm_wrapper_hw_platform_0/ps7_init.tcl
targets -set -nocase -filter {name =~"APU*" && jtag_cable_name =~ "Digilent Zed 210248773728"} -index 0
loadhw -hw /home/lais/Documentos/ROB307/rob_307/hw_arm_microblaze/hw_arm_microblaze.sdk/microblaze_arm_wrapper_hw_platform_0/system.hdf -mem-ranges [list {0x40000000 0xbfffffff}]
configparams force-mem-access 1
targets -set -nocase -filter {name =~"APU*" && jtag_cable_name =~ "Digilent Zed 210248773728"} -index 0
stop
ps7_init
ps7_post_config
configparams mdm-detect-bscan-mask 2
targets -set -nocase -filter {name =~ "microblaze*#0" && bscan=="USER2"  && jtag_cable_name =~ "Digilent Zed 210248773728"} -index 1
rst -processor
targets -set -nocase -filter {name =~ "microblaze*#0" && bscan=="USER2"  && jtag_cable_name =~ "Digilent Zed 210248773728"} -index 1
dow /home/lais/Documentos/ROB307/rob_307/hw_arm_microblaze/hw_arm_microblaze.sdk/dijkstra/Debug/dijkstra.elf
configparams force-mem-access 0
----------------End of Script----------------

11:32:41 INFO  : Memory regions updated for context APU
11:32:41 INFO  : Memory regions updated for context PA
11:32:41 INFO  : Memory regions updated for context PA
11:32:41 INFO  : Context for processor 'microblaze_0' is selected.
11:32:41 INFO  : 'con' command is executed.
11:32:41 INFO  : ----------------XSDB Script (After Launch)----------------
targets -set -nocase -filter {name =~ "microblaze*#0" && bscan=="USER2"  && jtag_cable_name =~ "Digilent Zed 210248773728"} -index 1
con
----------------End of Script----------------

11:32:41 INFO  : Launch script is exported to file '/home/lais/Documentos/ROB307/rob_307/hw_arm_microblaze/hw_arm_microblaze.sdk/.sdk/launch_scripts/xilinx_c-c++_application_(system_debugger)/system_debugger_using_debug_dijkstra.elf_on_local.tcl'
11:34:04 INFO  : Disconnected from the channel tcfchan#14.
11:34:06 INFO  : 'targets -set -filter {jtag_cable_name =~ "Digilent Zed 210248773728" && level==0} -index 1' command is executed.
11:34:06 INFO  : 'fpga -state' command is executed.
11:34:06 INFO  : Connected to target on host '127.0.0.1' and port '3121'.
11:34:06 INFO  : Jtag cable 'Digilent Zed 210248773728' is selected.
11:34:06 INFO  : 'jtag frequency' command is executed.
11:34:06 INFO  : Sourcing of '/home/lais/Documentos/ROB307/rob_307/hw_arm_microblaze/hw_arm_microblaze.sdk/microblaze_arm_wrapper_hw_platform_0/ps7_init.tcl' is done.
11:34:06 INFO  : Context for 'APU' is selected.
11:34:08 INFO  : Hardware design information is loaded from '/home/lais/Documentos/ROB307/rob_307/hw_arm_microblaze/hw_arm_microblaze.sdk/microblaze_arm_wrapper_hw_platform_0/system.hdf'.
11:34:08 INFO  : 'configparams force-mem-access 1' command is executed.
11:34:08 INFO  : Context for 'APU' is selected.
11:34:08 INFO  : 'stop' command is executed.
11:34:08 INFO  : 'ps7_init' command is executed.
11:34:08 INFO  : 'ps7_post_config' command is executed.
11:34:08 INFO  : 'configparams mdm-detect-bscan-mask 2' command is executed.
11:34:08 INFO  : Context for processor 'microblaze_0' is selected.
11:34:09 INFO  : Processor reset is completed for 'microblaze_0'.
11:34:09 INFO  : Context for processor 'microblaze_0' is selected.
11:34:09 INFO  : The application '/home/lais/Documentos/ROB307/rob_307/hw_arm_microblaze/hw_arm_microblaze.sdk/dijkstra/Debug/dijkstra.elf' is downloaded to processor 'microblaze_0'.
11:34:09 INFO  : 'configparams force-mem-access 0' command is executed.
11:34:09 INFO  : ----------------XSDB Script----------------
connect -url tcp:127.0.0.1:3121
source /home/lais/Documentos/ROB307/rob_307/hw_arm_microblaze/hw_arm_microblaze.sdk/microblaze_arm_wrapper_hw_platform_0/ps7_init.tcl
targets -set -nocase -filter {name =~"APU*" && jtag_cable_name =~ "Digilent Zed 210248773728"} -index 0
loadhw -hw /home/lais/Documentos/ROB307/rob_307/hw_arm_microblaze/hw_arm_microblaze.sdk/microblaze_arm_wrapper_hw_platform_0/system.hdf -mem-ranges [list {0x40000000 0xbfffffff}]
configparams force-mem-access 1
targets -set -nocase -filter {name =~"APU*" && jtag_cable_name =~ "Digilent Zed 210248773728"} -index 0
stop
ps7_init
ps7_post_config
configparams mdm-detect-bscan-mask 2
targets -set -nocase -filter {name =~ "microblaze*#0" && bscan=="USER2"  && jtag_cable_name =~ "Digilent Zed 210248773728"} -index 1
rst -processor
targets -set -nocase -filter {name =~ "microblaze*#0" && bscan=="USER2"  && jtag_cable_name =~ "Digilent Zed 210248773728"} -index 1
dow /home/lais/Documentos/ROB307/rob_307/hw_arm_microblaze/hw_arm_microblaze.sdk/dijkstra/Debug/dijkstra.elf
configparams force-mem-access 0
----------------End of Script----------------

11:34:09 INFO  : Memory regions updated for context APU
11:34:09 INFO  : Memory regions updated for context PA
11:34:09 INFO  : Memory regions updated for context PA
11:34:09 INFO  : Context for processor 'microblaze_0' is selected.
11:34:09 INFO  : 'con' command is executed.
11:34:09 INFO  : ----------------XSDB Script (After Launch)----------------
targets -set -nocase -filter {name =~ "microblaze*#0" && bscan=="USER2"  && jtag_cable_name =~ "Digilent Zed 210248773728"} -index 1
con
----------------End of Script----------------

11:34:09 INFO  : Launch script is exported to file '/home/lais/Documentos/ROB307/rob_307/hw_arm_microblaze/hw_arm_microblaze.sdk/.sdk/launch_scripts/xilinx_c-c++_application_(system_debugger)/system_debugger_using_debug_dijkstra.elf_on_local.tcl'
11:35:08 INFO  : Connected to target on host '127.0.0.1' and port '3121'.
11:35:08 INFO  : 'targets -set -filter {jtag_cable_name =~ "Digilent Zed 210248773728" && level==0} -index 1' command is executed.
11:35:14 INFO  : FPGA configured successfully with bitstream "/home/lais/Documentos/ROB307/rob_307/hw_arm_microblaze/hw_arm_microblaze.sdk/microblaze_arm_wrapper_hw_platform_0/download.bit"
11:35:55 INFO  : Disconnected from the channel tcfchan#15.
11:35:56 INFO  : 'targets -set -filter {jtag_cable_name =~ "Digilent Zed 210248773728" && level==0} -index 1' command is executed.
11:35:56 INFO  : 'fpga -state' command is executed.
11:35:56 INFO  : Connected to target on host '127.0.0.1' and port '3121'.
11:35:57 INFO  : Jtag cable 'Digilent Zed 210248773728' is selected.
11:35:57 INFO  : 'jtag frequency' command is executed.
11:35:57 INFO  : Sourcing of '/home/lais/Documentos/ROB307/rob_307/hw_arm_microblaze/hw_arm_microblaze.sdk/microblaze_arm_wrapper_hw_platform_0/ps7_init.tcl' is done.
11:35:57 INFO  : Context for 'APU' is selected.
11:35:59 INFO  : Hardware design information is loaded from '/home/lais/Documentos/ROB307/rob_307/hw_arm_microblaze/hw_arm_microblaze.sdk/microblaze_arm_wrapper_hw_platform_0/system.hdf'.
11:35:59 INFO  : 'configparams force-mem-access 1' command is executed.
11:35:59 INFO  : Context for 'APU' is selected.
11:35:59 INFO  : 'stop' command is executed.
11:36:00 INFO  : 'ps7_init' command is executed.
11:36:00 INFO  : 'ps7_post_config' command is executed.
11:36:00 INFO  : 'configparams mdm-detect-bscan-mask 2' command is executed.
11:36:00 INFO  : Context for processor 'microblaze_0' is selected.
11:36:00 INFO  : Processor reset is completed for 'microblaze_0'.
11:36:00 INFO  : Context for processor 'microblaze_0' is selected.
11:36:00 INFO  : The application '/home/lais/Documentos/ROB307/rob_307/hw_arm_microblaze/hw_arm_microblaze.sdk/quicksort/Debug/quicksort.elf' is downloaded to processor 'microblaze_0'.
11:36:00 INFO  : 'configparams force-mem-access 0' command is executed.
11:36:00 INFO  : ----------------XSDB Script----------------
connect -url tcp:127.0.0.1:3121
source /home/lais/Documentos/ROB307/rob_307/hw_arm_microblaze/hw_arm_microblaze.sdk/microblaze_arm_wrapper_hw_platform_0/ps7_init.tcl
targets -set -nocase -filter {name =~"APU*" && jtag_cable_name =~ "Digilent Zed 210248773728"} -index 0
loadhw -hw /home/lais/Documentos/ROB307/rob_307/hw_arm_microblaze/hw_arm_microblaze.sdk/microblaze_arm_wrapper_hw_platform_0/system.hdf -mem-ranges [list {0x40000000 0xbfffffff}]
configparams force-mem-access 1
targets -set -nocase -filter {name =~"APU*" && jtag_cable_name =~ "Digilent Zed 210248773728"} -index 0
stop
ps7_init
ps7_post_config
configparams mdm-detect-bscan-mask 2
targets -set -nocase -filter {name =~ "microblaze*#0" && bscan=="USER2"  && jtag_cable_name =~ "Digilent Zed 210248773728"} -index 1
rst -processor
targets -set -nocase -filter {name =~ "microblaze*#0" && bscan=="USER2"  && jtag_cable_name =~ "Digilent Zed 210248773728"} -index 1
dow /home/lais/Documentos/ROB307/rob_307/hw_arm_microblaze/hw_arm_microblaze.sdk/quicksort/Debug/quicksort.elf
configparams force-mem-access 0
----------------End of Script----------------

11:36:00 INFO  : Memory regions updated for context APU
11:36:00 INFO  : Memory regions updated for context PA
11:36:00 INFO  : Memory regions updated for context PA
11:36:00 INFO  : Context for processor 'microblaze_0' is selected.
11:36:00 INFO  : 'con' command is executed.
11:36:00 INFO  : ----------------XSDB Script (After Launch)----------------
targets -set -nocase -filter {name =~ "microblaze*#0" && bscan=="USER2"  && jtag_cable_name =~ "Digilent Zed 210248773728"} -index 1
con
----------------End of Script----------------

11:36:00 INFO  : Launch script is exported to file '/home/lais/Documentos/ROB307/rob_307/hw_arm_microblaze/hw_arm_microblaze.sdk/.sdk/launch_scripts/xilinx_c-c++_application_(system_debugger)/system_debugger_using_debug_quicksort.elf_on_local.tcl'
11:37:57 INFO  : Connected to target on host '127.0.0.1' and port '3121'.
11:37:57 INFO  : 'targets -set -filter {jtag_cable_name =~ "Digilent Zed 210248773728" && level==0} -index 1' command is executed.
11:38:02 INFO  : FPGA configured successfully with bitstream "/home/lais/Documentos/ROB307/rob_307/hw_arm_microblaze/hw_arm_microblaze.sdk/microblaze_arm_wrapper_hw_platform_0/download.bit"
11:38:34 INFO  : Disconnected from the channel tcfchan#16.
11:38:35 INFO  : 'targets -set -filter {jtag_cable_name =~ "Digilent Zed 210248773728" && level==0} -index 1' command is executed.
11:38:35 INFO  : 'fpga -state' command is executed.
11:38:35 INFO  : Connected to target on host '127.0.0.1' and port '3121'.
11:38:35 INFO  : Jtag cable 'Digilent Zed 210248773728' is selected.
11:38:35 INFO  : 'jtag frequency' command is executed.
11:38:35 INFO  : Sourcing of '/home/lais/Documentos/ROB307/rob_307/hw_arm_microblaze/hw_arm_microblaze.sdk/microblaze_arm_wrapper_hw_platform_0/ps7_init.tcl' is done.
11:38:35 INFO  : Context for 'APU' is selected.
11:38:38 INFO  : Hardware design information is loaded from '/home/lais/Documentos/ROB307/rob_307/hw_arm_microblaze/hw_arm_microblaze.sdk/microblaze_arm_wrapper_hw_platform_0/system.hdf'.
11:38:38 INFO  : 'configparams force-mem-access 1' command is executed.
11:38:38 INFO  : Context for 'APU' is selected.
11:38:38 INFO  : 'stop' command is executed.
11:38:38 INFO  : 'ps7_init' command is executed.
11:38:38 INFO  : 'ps7_post_config' command is executed.
11:38:38 INFO  : 'configparams mdm-detect-bscan-mask 2' command is executed.
11:38:38 INFO  : Context for processor 'microblaze_0' is selected.
11:38:38 INFO  : Processor reset is completed for 'microblaze_0'.
11:38:38 INFO  : Context for processor 'microblaze_0' is selected.
11:38:39 INFO  : The application '/home/lais/Documentos/ROB307/rob_307/hw_arm_microblaze/hw_arm_microblaze.sdk/quicksort/Debug/quicksort.elf' is downloaded to processor 'microblaze_0'.
11:38:39 INFO  : 'configparams force-mem-access 0' command is executed.
11:38:39 INFO  : ----------------XSDB Script----------------
connect -url tcp:127.0.0.1:3121
source /home/lais/Documentos/ROB307/rob_307/hw_arm_microblaze/hw_arm_microblaze.sdk/microblaze_arm_wrapper_hw_platform_0/ps7_init.tcl
targets -set -nocase -filter {name =~"APU*" && jtag_cable_name =~ "Digilent Zed 210248773728"} -index 0
loadhw -hw /home/lais/Documentos/ROB307/rob_307/hw_arm_microblaze/hw_arm_microblaze.sdk/microblaze_arm_wrapper_hw_platform_0/system.hdf -mem-ranges [list {0x40000000 0xbfffffff}]
configparams force-mem-access 1
targets -set -nocase -filter {name =~"APU*" && jtag_cable_name =~ "Digilent Zed 210248773728"} -index 0
stop
ps7_init
ps7_post_config
configparams mdm-detect-bscan-mask 2
targets -set -nocase -filter {name =~ "microblaze*#0" && bscan=="USER2"  && jtag_cable_name =~ "Digilent Zed 210248773728"} -index 1
rst -processor
targets -set -nocase -filter {name =~ "microblaze*#0" && bscan=="USER2"  && jtag_cable_name =~ "Digilent Zed 210248773728"} -index 1
dow /home/lais/Documentos/ROB307/rob_307/hw_arm_microblaze/hw_arm_microblaze.sdk/quicksort/Debug/quicksort.elf
configparams force-mem-access 0
----------------End of Script----------------

11:38:39 INFO  : Memory regions updated for context APU
11:38:39 INFO  : Memory regions updated for context PA
11:38:39 INFO  : Memory regions updated for context PA
11:38:39 INFO  : Context for processor 'microblaze_0' is selected.
11:38:39 INFO  : 'con' command is executed.
11:38:39 INFO  : ----------------XSDB Script (After Launch)----------------
targets -set -nocase -filter {name =~ "microblaze*#0" && bscan=="USER2"  && jtag_cable_name =~ "Digilent Zed 210248773728"} -index 1
con
----------------End of Script----------------

11:38:39 INFO  : Launch script is exported to file '/home/lais/Documentos/ROB307/rob_307/hw_arm_microblaze/hw_arm_microblaze.sdk/.sdk/launch_scripts/xilinx_c-c++_application_(system_debugger)/system_debugger_using_debug_quicksort.elf_on_local.tcl'
11:40:04 INFO  : Disconnected from the channel tcfchan#17.
11:40:06 INFO  : 'targets -set -filter {jtag_cable_name =~ "Digilent Zed 210248773728" && level==0} -index 1' command is executed.
11:40:06 INFO  : 'fpga -state' command is executed.
11:40:06 INFO  : Connected to target on host '127.0.0.1' and port '3121'.
11:40:06 INFO  : Jtag cable 'Digilent Zed 210248773728' is selected.
11:40:06 INFO  : 'jtag frequency' command is executed.
11:40:06 INFO  : Sourcing of '/home/lais/Documentos/ROB307/rob_307/hw_arm_microblaze/hw_arm_microblaze.sdk/microblaze_arm_wrapper_hw_platform_0/ps7_init.tcl' is done.
11:40:06 INFO  : Context for 'APU' is selected.
11:40:08 INFO  : Hardware design information is loaded from '/home/lais/Documentos/ROB307/rob_307/hw_arm_microblaze/hw_arm_microblaze.sdk/microblaze_arm_wrapper_hw_platform_0/system.hdf'.
11:40:08 INFO  : 'configparams force-mem-access 1' command is executed.
11:40:08 INFO  : Context for 'APU' is selected.
11:40:08 INFO  : 'stop' command is executed.
11:40:09 INFO  : 'ps7_init' command is executed.
11:40:09 INFO  : 'ps7_post_config' command is executed.
11:40:09 INFO  : 'configparams mdm-detect-bscan-mask 2' command is executed.
11:40:09 INFO  : Context for processor 'microblaze_0' is selected.
11:40:09 INFO  : Processor reset is completed for 'microblaze_0'.
11:40:09 INFO  : Context for processor 'microblaze_0' is selected.
11:40:09 INFO  : The application '/home/lais/Documentos/ROB307/rob_307/hw_arm_microblaze/hw_arm_microblaze.sdk/quicksort/Debug/quicksort.elf' is downloaded to processor 'microblaze_0'.
11:40:09 INFO  : 'configparams force-mem-access 0' command is executed.
11:40:09 INFO  : ----------------XSDB Script----------------
connect -url tcp:127.0.0.1:3121
source /home/lais/Documentos/ROB307/rob_307/hw_arm_microblaze/hw_arm_microblaze.sdk/microblaze_arm_wrapper_hw_platform_0/ps7_init.tcl
targets -set -nocase -filter {name =~"APU*" && jtag_cable_name =~ "Digilent Zed 210248773728"} -index 0
loadhw -hw /home/lais/Documentos/ROB307/rob_307/hw_arm_microblaze/hw_arm_microblaze.sdk/microblaze_arm_wrapper_hw_platform_0/system.hdf -mem-ranges [list {0x40000000 0xbfffffff}]
configparams force-mem-access 1
targets -set -nocase -filter {name =~"APU*" && jtag_cable_name =~ "Digilent Zed 210248773728"} -index 0
stop
ps7_init
ps7_post_config
configparams mdm-detect-bscan-mask 2
targets -set -nocase -filter {name =~ "microblaze*#0" && bscan=="USER2"  && jtag_cable_name =~ "Digilent Zed 210248773728"} -index 1
rst -processor
targets -set -nocase -filter {name =~ "microblaze*#0" && bscan=="USER2"  && jtag_cable_name =~ "Digilent Zed 210248773728"} -index 1
dow /home/lais/Documentos/ROB307/rob_307/hw_arm_microblaze/hw_arm_microblaze.sdk/quicksort/Debug/quicksort.elf
configparams force-mem-access 0
----------------End of Script----------------

11:40:09 INFO  : Memory regions updated for context APU
11:40:09 INFO  : Memory regions updated for context PA
11:40:09 INFO  : Memory regions updated for context PA
11:40:09 INFO  : Context for processor 'microblaze_0' is selected.
11:40:09 INFO  : 'con' command is executed.
11:40:09 INFO  : ----------------XSDB Script (After Launch)----------------
targets -set -nocase -filter {name =~ "microblaze*#0" && bscan=="USER2"  && jtag_cable_name =~ "Digilent Zed 210248773728"} -index 1
con
----------------End of Script----------------

11:40:09 INFO  : Launch script is exported to file '/home/lais/Documentos/ROB307/rob_307/hw_arm_microblaze/hw_arm_microblaze.sdk/.sdk/launch_scripts/xilinx_c-c++_application_(system_debugger)/system_debugger_using_debug_quicksort.elf_on_local.tcl'
11:40:57 INFO  : Disconnected from the channel tcfchan#18.
11:41:35 INFO  : Registering command handlers for SDK TCF services
11:41:36 INFO  : Launching XSCT server: xsct -n -interactive /home/lais/Documentos/ROB307/rob_307/hw_arm_microblaze/hw_arm_microblaze.sdk/temp_xsdb_launch_script.tcl
11:41:40 INFO  : XSCT server has started successfully.
11:41:40 INFO  : Successfully done setting XSCT server connection channel  
11:41:41 INFO  : Successfully done setting SDK workspace  
11:41:41 INFO  : Processing command line option -hwspec /home/lais/Documentos/ROB307/rob_307/hw_arm_microblaze/hw_arm_microblaze.sdk/microblaze_arm_wrapper.hdf.
11:41:41 INFO  : Checking for hwspec changes in the project microblaze_arm_wrapper_hw_platform_0.
11:55:03 INFO  : 'targets -set -filter {jtag_cable_name =~ "Digilent Zed 210248773728" && level==0} -index 1' command is executed.
11:55:03 INFO  : 'fpga -state' command is executed.
11:55:03 INFO  : Connected to target on host '127.0.0.1' and port '3121'.
11:55:03 INFO  : Jtag cable 'Digilent Zed 210248773728' is selected.
11:55:03 INFO  : 'jtag frequency' command is executed.
11:55:03 INFO  : Sourcing of '/home/lais/Documentos/ROB307/rob_307/hw_arm_microblaze/hw_arm_microblaze.sdk/microblaze_arm_wrapper_hw_platform_0/ps7_init.tcl' is done.
11:55:03 INFO  : Context for 'APU' is selected.
11:55:03 INFO  : Hardware design information is loaded from '/home/lais/Documentos/ROB307/rob_307/hw_arm_microblaze/hw_arm_microblaze.sdk/microblaze_arm_wrapper_hw_platform_0/system.hdf'.
11:55:03 INFO  : 'configparams force-mem-access 1' command is executed.
11:55:04 INFO  : Context for 'APU' is selected.
11:55:04 INFO  : 'stop' command is executed.
11:55:04 INFO  : 'ps7_init' command is executed.
11:55:04 INFO  : 'ps7_post_config' command is executed.
11:55:04 INFO  : 'configparams mdm-detect-bscan-mask 2' command is executed.
11:55:04 INFO  : Context for processor 'microblaze_0' is selected.
11:55:04 INFO  : Processor reset is completed for 'microblaze_0'.
11:55:04 INFO  : Context for processor 'microblaze_0' is selected.
11:55:05 INFO  : The application '/home/lais/Documentos/ROB307/rob_307/hw_arm_microblaze/hw_arm_microblaze.sdk/kmeans/Debug/kmeans.elf' is downloaded to processor 'microblaze_0'.
11:55:05 INFO  : 'configparams force-mem-access 0' command is executed.
11:55:05 INFO  : ----------------XSDB Script----------------
connect -url tcp:127.0.0.1:3121
source /home/lais/Documentos/ROB307/rob_307/hw_arm_microblaze/hw_arm_microblaze.sdk/microblaze_arm_wrapper_hw_platform_0/ps7_init.tcl
targets -set -nocase -filter {name =~"APU*" && jtag_cable_name =~ "Digilent Zed 210248773728"} -index 0
loadhw -hw /home/lais/Documentos/ROB307/rob_307/hw_arm_microblaze/hw_arm_microblaze.sdk/microblaze_arm_wrapper_hw_platform_0/system.hdf -mem-ranges [list {0x40000000 0xbfffffff}]
configparams force-mem-access 1
targets -set -nocase -filter {name =~"APU*" && jtag_cable_name =~ "Digilent Zed 210248773728"} -index 0
stop
ps7_init
ps7_post_config
configparams mdm-detect-bscan-mask 2
targets -set -nocase -filter {name =~ "microblaze*#0" && bscan=="USER2"  && jtag_cable_name =~ "Digilent Zed 210248773728"} -index 1
rst -processor
targets -set -nocase -filter {name =~ "microblaze*#0" && bscan=="USER2"  && jtag_cable_name =~ "Digilent Zed 210248773728"} -index 1
dow /home/lais/Documentos/ROB307/rob_307/hw_arm_microblaze/hw_arm_microblaze.sdk/kmeans/Debug/kmeans.elf
configparams force-mem-access 0
----------------End of Script----------------

11:55:05 INFO  : Memory regions updated for context APU
11:55:05 INFO  : Memory regions updated for context PA
11:55:05 INFO  : Memory regions updated for context PA
11:55:05 INFO  : Context for processor 'microblaze_0' is selected.
11:55:05 INFO  : 'con' command is executed.
11:55:05 INFO  : ----------------XSDB Script (After Launch)----------------
targets -set -nocase -filter {name =~ "microblaze*#0" && bscan=="USER2"  && jtag_cable_name =~ "Digilent Zed 210248773728"} -index 1
con
----------------End of Script----------------

11:55:05 INFO  : Launch script is exported to file '/home/lais/Documentos/ROB307/rob_307/hw_arm_microblaze/hw_arm_microblaze.sdk/.sdk/launch_scripts/xilinx_c-c++_application_(system_debugger)/system_debugger_using_debug_kmeans.elf_on_local.tcl'
11:56:18 INFO  : Disconnected from the channel tcfchan#1.
00:20:11 INFO  : Registering command handlers for SDK TCF services
00:20:18 INFO  : Launching XSCT server: xsct -n -interactive /home/lais/Documentos/ROB307/rob_307/hw_arm_microblaze/hw_arm_microblaze.sdk/temp_xsdb_launch_script.tcl
00:20:25 INFO  : XSCT server has started successfully.
00:20:37 INFO  : Successfully done setting XSCT server connection channel  
00:20:37 INFO  : Successfully done setting SDK workspace  
00:20:37 INFO  : Processing command line option -hwspec /home/lais/Documentos/ROB307/rob_307/hw_arm_microblaze/hw_arm_microblaze.sdk/microblaze_arm_wrapper.hdf.
00:20:38 INFO  : Checking for hwspec changes in the project microblaze_arm_wrapper_hw_platform_0.
00:20:45 INFO  : SDK has detected change in the last modified timestamps for source hardware specification file Source:1543749161000,  Project:1543707554000
00:20:45 INFO  : The hardware specification for project 'microblaze_arm_wrapper_hw_platform_0' is different from /home/lais/Documentos/ROB307/rob_307/hw_arm_microblaze/hw_arm_microblaze.sdk/microblaze_arm_wrapper.hdf.
00:20:46 INFO  : Copied contents of /home/lais/Documentos/ROB307/rob_307/hw_arm_microblaze/hw_arm_microblaze.sdk/microblaze_arm_wrapper.hdf into /microblaze_arm_wrapper_hw_platform_0/system.hdf.
00:21:07 INFO  : Synchronizing projects in the workspace with the hardware platform specification changes.
00:21:28 INFO  : 
00:21:29 INFO  : 
00:21:30 INFO  : 
00:21:31 INFO  : Updating hardware inferred compiler options for dijkstra.
00:21:32 INFO  : Updating hardware inferred compiler options for kmeans.
00:21:33 INFO  : Updating hardware inferred compiler options for quicksort.
00:21:33 INFO  : Clearing existing target manager status.
00:21:33 INFO  : Workspace synchronized with the new hardware specification file. Cleaning dependent projects...
00:21:49 WARN  : Linker script will not be updated automatically. Users need to update it manually.
