22:53:59 INFO  : Registering command handlers for SDK TCF services
22:54:00 INFO  : Launching XSCT server: xsct -n -interactive /home/lais/Documentos/ROB307/rob_307/quicksort/hardware_arm_only/hardware_arm_only.sdk/temp_xsdb_launch_script.tcl
22:54:03 INFO  : XSCT server has started successfully.
22:54:03 INFO  : Successfully done setting XSCT server connection channel  
22:54:03 INFO  : Successfully done setting SDK workspace  
22:54:03 INFO  : Processing command line option -hwspec /home/lais/Documentos/ROB307/rob_307/quicksort/hardware_arm_only/hardware_arm_only.sdk/design_1_wrapper.hdf.
22:58:30 INFO  : Connected to target on host '127.0.0.1' and port '3121'.
23:00:39 INFO  : Refreshed build settings on project quicksort
23:01:11 INFO  : 'targets -set -filter {jtag_cable_name =~ "Digilent Zed 210248773728" && level==0} -index 1' command is executed.
23:01:11 INFO  : 'fpga -state' command is executed.
23:01:21 INFO  : Memory regions updated for context APU
23:01:25 INFO  : Connected to target on host '127.0.0.1' and port '3121'.
23:01:25 INFO  : 'targets -set -filter {jtag_cable_name =~ "Digilent Zed 210248773728" && level==0} -index 1' command is executed.
23:01:31 INFO  : FPGA configured successfully with bitstream "/home/lais/Documentos/ROB307/rob_307/quicksort/hardware_arm_only/hardware_arm_only.sdk/design_1_wrapper_hw_platform_0/design_1_wrapper.bit"
23:01:37 INFO  : 'targets -set -filter {jtag_cable_name =~ "Digilent Zed 210248773728" && level==0} -index 1' command is executed.
23:01:37 INFO  : 'fpga -state' command is executed.
23:01:37 INFO  : Connected to target on host '127.0.0.1' and port '3121'.
23:01:38 INFO  : Jtag cable 'Digilent Zed 210248773728' is selected.
23:01:38 INFO  : 'jtag frequency' command is executed.
23:01:38 INFO  : Sourcing of '/home/lais/Documentos/ROB307/rob_307/quicksort/hardware_arm_only/hardware_arm_only.sdk/design_1_wrapper_hw_platform_0/ps7_init.tcl' is done.
23:01:38 INFO  : Context for 'APU' is selected.
23:01:38 INFO  : Hardware design information is loaded from '/home/lais/Documentos/ROB307/rob_307/quicksort/hardware_arm_only/hardware_arm_only.sdk/design_1_wrapper_hw_platform_0/system.hdf'.
23:01:38 INFO  : 'configparams force-mem-access 1' command is executed.
23:01:38 INFO  : Context for 'APU' is selected.
23:01:38 INFO  : 'stop' command is executed.
23:01:38 INFO  : 'ps7_init' command is executed.
23:01:38 INFO  : 'ps7_post_config' command is executed.
23:01:38 INFO  : Context for processor 'ps7_cortexa9_0' is selected.
23:01:38 INFO  : Processor reset is completed for 'ps7_cortexa9_0'.
23:01:38 INFO  : Context for processor 'ps7_cortexa9_0' is selected.
23:01:39 INFO  : The application '/home/lais/Documentos/ROB307/rob_307/quicksort/hardware_arm_only/hardware_arm_only.sdk/quicksort/Debug/quicksort.elf' is downloaded to processor 'ps7_cortexa9_0'.
23:01:39 INFO  : 'configparams force-mem-access 0' command is executed.
23:01:39 INFO  : ----------------XSDB Script----------------
connect -url tcp:127.0.0.1:3121
source /home/lais/Documentos/ROB307/rob_307/quicksort/hardware_arm_only/hardware_arm_only.sdk/design_1_wrapper_hw_platform_0/ps7_init.tcl
targets -set -nocase -filter {name =~"APU*" && jtag_cable_name =~ "Digilent Zed 210248773728"} -index 0
loadhw -hw /home/lais/Documentos/ROB307/rob_307/quicksort/hardware_arm_only/hardware_arm_only.sdk/design_1_wrapper_hw_platform_0/system.hdf -mem-ranges [list {0x40000000 0xbfffffff}]
configparams force-mem-access 1
targets -set -nocase -filter {name =~"APU*" && jtag_cable_name =~ "Digilent Zed 210248773728"} -index 0
stop
ps7_init
ps7_post_config
targets -set -nocase -filter {name =~ "ARM*#0" && jtag_cable_name =~ "Digilent Zed 210248773728"} -index 0
rst -processor
targets -set -nocase -filter {name =~ "ARM*#0" && jtag_cable_name =~ "Digilent Zed 210248773728"} -index 0
dow /home/lais/Documentos/ROB307/rob_307/quicksort/hardware_arm_only/hardware_arm_only.sdk/quicksort/Debug/quicksort.elf
configparams force-mem-access 0
----------------End of Script----------------

23:01:39 INFO  : Memory regions updated for context APU
23:01:39 INFO  : Context for processor 'ps7_cortexa9_0' is selected.
23:01:39 INFO  : 'con' command is executed.
23:01:39 INFO  : ----------------XSDB Script (After Launch)----------------
targets -set -nocase -filter {name =~ "ARM*#0" && jtag_cable_name =~ "Digilent Zed 210248773728"} -index 0
con
----------------End of Script----------------

23:01:39 INFO  : Launch script is exported to file '/home/lais/Documentos/ROB307/rob_307/quicksort/hardware_arm_only/hardware_arm_only.sdk/.sdk/launch_scripts/xilinx_c-c++_application_(system_debugger)/system_debugger_using_debug_quicksort.elf_on_local.tcl'
23:02:16 INFO  : Disconnected from the channel tcfchan#1.
23:02:22 INFO  : 'targets -set -filter {jtag_cable_name =~ "Digilent Zed 210248773728" && level==0} -index 1' command is executed.
23:02:22 INFO  : 'fpga -state' command is executed.
23:02:22 INFO  : Connected to target on host '127.0.0.1' and port '3121'.
23:02:22 INFO  : Jtag cable 'Digilent Zed 210248773728' is selected.
23:02:22 INFO  : 'jtag frequency' command is executed.
23:02:22 INFO  : Sourcing of '/home/lais/Documentos/ROB307/rob_307/quicksort/hardware_arm_only/hardware_arm_only.sdk/design_1_wrapper_hw_platform_0/ps7_init.tcl' is done.
23:02:22 INFO  : Context for 'APU' is selected.
23:02:25 INFO  : Hardware design information is loaded from '/home/lais/Documentos/ROB307/rob_307/quicksort/hardware_arm_only/hardware_arm_only.sdk/design_1_wrapper_hw_platform_0/system.hdf'.
23:02:25 INFO  : 'configparams force-mem-access 1' command is executed.
23:02:25 INFO  : Context for 'APU' is selected.
23:02:25 INFO  : 'stop' command is executed.
23:02:25 INFO  : 'ps7_init' command is executed.
23:02:25 INFO  : 'ps7_post_config' command is executed.
23:02:25 INFO  : Context for processor 'ps7_cortexa9_0' is selected.
23:02:25 INFO  : Processor reset is completed for 'ps7_cortexa9_0'.
23:02:25 INFO  : Context for processor 'ps7_cortexa9_0' is selected.
23:02:25 INFO  : The application '/home/lais/Documentos/ROB307/rob_307/quicksort/hardware_arm_only/hardware_arm_only.sdk/quicksort/Debug/quicksort.elf' is downloaded to processor 'ps7_cortexa9_0'.
23:02:25 INFO  : 'configparams force-mem-access 0' command is executed.
23:02:25 INFO  : ----------------XSDB Script----------------
connect -url tcp:127.0.0.1:3121
source /home/lais/Documentos/ROB307/rob_307/quicksort/hardware_arm_only/hardware_arm_only.sdk/design_1_wrapper_hw_platform_0/ps7_init.tcl
targets -set -nocase -filter {name =~"APU*" && jtag_cable_name =~ "Digilent Zed 210248773728"} -index 0
loadhw -hw /home/lais/Documentos/ROB307/rob_307/quicksort/hardware_arm_only/hardware_arm_only.sdk/design_1_wrapper_hw_platform_0/system.hdf -mem-ranges [list {0x40000000 0xbfffffff}]
configparams force-mem-access 1
targets -set -nocase -filter {name =~"APU*" && jtag_cable_name =~ "Digilent Zed 210248773728"} -index 0
stop
ps7_init
ps7_post_config
targets -set -nocase -filter {name =~ "ARM*#0" && jtag_cable_name =~ "Digilent Zed 210248773728"} -index 0
rst -processor
targets -set -nocase -filter {name =~ "ARM*#0" && jtag_cable_name =~ "Digilent Zed 210248773728"} -index 0
dow /home/lais/Documentos/ROB307/rob_307/quicksort/hardware_arm_only/hardware_arm_only.sdk/quicksort/Debug/quicksort.elf
configparams force-mem-access 0
----------------End of Script----------------

23:02:25 INFO  : Memory regions updated for context APU
23:02:26 INFO  : Context for processor 'ps7_cortexa9_0' is selected.
23:02:26 INFO  : 'con' command is executed.
23:02:26 INFO  : ----------------XSDB Script (After Launch)----------------
targets -set -nocase -filter {name =~ "ARM*#0" && jtag_cable_name =~ "Digilent Zed 210248773728"} -index 0
con
----------------End of Script----------------

23:02:26 INFO  : Launch script is exported to file '/home/lais/Documentos/ROB307/rob_307/quicksort/hardware_arm_only/hardware_arm_only.sdk/.sdk/launch_scripts/xilinx_c-c++_application_(system_debugger)/system_debugger_using_debug_quicksort.elf_on_local.tcl'
23:03:27 ERROR : (XSDB Server)Desconexão

