#-----------------------------------------------------------
# Vivado v2018.2 (64-bit)
# SW Build 2258646 on Thu Jun 14 20:02:38 MDT 2018
# IP Build 2256618 on Thu Jun 14 22:10:49 MDT 2018
# Start of session at: Sat Dec  8 13:29:36 2018
# Process ID: 12686
# Current directory: /home/lais/Documents/ROB307/rob_307
# Command line: vivado
# Log file: /home/lais/Documents/ROB307/rob_307/vivado.log
# Journal file: /home/lais/Documents/ROB307/rob_307/vivado.jou
#-----------------------------------------------------------
start_gui
open_project /home/lais/Documents/ROB307/rob_307/hardware_arm_only/hardware_arm_only.xpr
Scanning sources...
Finished scanning sources
WARNING: [filemgmt 56-3] IPUserFilesDir: Could not find the directory '/home/lais/Documents/ROB307/rob_307/hardware_arm_only/hardware_arm_only.ip_user_files'.
INFO: [IP_Flow 19-234] Refreshing IP repositories
INFO: [IP_Flow 19-1704] No user IP repositories specified
INFO: [IP_Flow 19-2313] Loaded Vivado IP repository '/opt/Xilinx/Vivado/2018.2/data/ip'.
update_compile_order -fileset sources_1
open_bd_design {/home/lais/Documents/ROB307/rob_307/hardware_arm_only/hardware_arm_only.srcs/sources_1/bd/design_1/design_1.bd}
Adding cell -- xilinx.com:ip:processing_system7:5.5 - processing_system7_0
Adding cell -- xilinx.com:ip:axi_timer:2.0 - axi_timer_0
Adding cell -- xilinx.com:ip:proc_sys_reset:5.0 - rst_ps7_0_100M
Adding cell -- xilinx.com:ip:axi_protocol_converter:2.1 - auto_pc
Successfully read diagram <design_1> from BD file </home/lais/Documents/ROB307/rob_307/hardware_arm_only/hardware_arm_only.srcs/sources_1/bd/design_1/design_1.bd>
launch_sdk -workspace /home/lais/Documents/ROB307/rob_307/hardware_arm_only/hardware_arm_only.sdk -hwspec /home/lais/Documents/ROB307/rob_307/hardware_arm_only/hardware_arm_only.sdk/design_1_wrapper.hdf
INFO: [Vivado 12-393] Launching SDK...
INFO: [Vivado 12-417] Running xsdk -workspace /home/lais/Documents/ROB307/rob_307/hardware_arm_only/hardware_arm_only.sdk -hwspec /home/lais/Documents/ROB307/rob_307/hardware_arm_only/hardware_arm_only.sdk/design_1_wrapper.hdf
INFO: [Vivado 12-3157] SDK launch initiated. Please check console for any further messages.
launch_sdk -workspace /home/lais/Documents/ROB307/rob_307/hardware_arm_only/hardware_arm_only.sdk -hwspec /home/lais/Documents/ROB307/rob_307/hardware_arm_only/hardware_arm_only.sdk/design_1_wrapper.hdf
INFO: [Vivado 12-393] Launching SDK...
INFO: [Vivado 12-417] Running xsdk -workspace /home/lais/Documents/ROB307/rob_307/hardware_arm_only/hardware_arm_only.sdk -hwspec /home/lais/Documents/ROB307/rob_307/hardware_arm_only/hardware_arm_only.sdk/design_1_wrapper.hdf
INFO: [Vivado 12-3157] SDK launch initiated. Please check console for any further messages.
launch_sdk -workspace /home/lais/Documents/ROB307/rob_307/hardware_arm_only/hardware_arm_only.sdk -hwspec /home/lais/Documents/ROB307/rob_307/hardware_arm_only/hardware_arm_only.sdk/design_1_wrapper.hdf
INFO: [Vivado 12-393] Launching SDK...
INFO: [Vivado 12-417] Running xsdk -workspace /home/lais/Documents/ROB307/rob_307/hardware_arm_only/hardware_arm_only.sdk -hwspec /home/lais/Documents/ROB307/rob_307/hardware_arm_only/hardware_arm_only.sdk/design_1_wrapper.hdf
INFO: [Vivado 12-3157] SDK launch initiated. Please check console for any further messages.
