Copyright 1986-2018 Xilinx, Inc. All Rights Reserved.
----------------------------------------------------------------------------------------------------
| Tool Version : Vivado v.2018.2 (lin64) Build 2258646 Thu Jun 14 20:02:38 MDT 2018
| Date         : Sun Dec  9 01:42:34 2018
| Host         : lais-Inspiron-3421 running 64-bit Ubuntu 16.04.5 LTS
| Command      : report_clock_utilization -file microblaze_arm_wrapper_clock_utilization_routed.rpt
| Design       : microblaze_arm_wrapper
| Device       : 7z020-clg484
| Speed File   : -1  PRODUCTION 1.11 2014-09-11
----------------------------------------------------------------------------------------------------

Clock Utilization Report

Table of Contents
-----------------
1. Clock Primitive Utilization
2. Global Clock Resources
3. Global Clock Source Details
4. Clock Regions: Key Resource Utilization
5. Clock Regions : Global Clock Summary
6. Device Cell Placement Summary for Global Clock g0
7. Device Cell Placement Summary for Global Clock g1
8. Clock Region Cell Placement per Global Clock: Region X0Y0
9. Clock Region Cell Placement per Global Clock: Region X1Y0
10. Clock Region Cell Placement per Global Clock: Region X0Y1
11. Clock Region Cell Placement per Global Clock: Region X1Y1
12. Clock Region Cell Placement per Global Clock: Region X0Y2

1. Clock Primitive Utilization
------------------------------

+----------+------+-----------+-----+--------------+--------+
| Type     | Used | Available | LOC | Clock Region | Pblock |
+----------+------+-----------+-----+--------------+--------+
| BUFGCTRL |    2 |        32 |   0 |            0 |      0 |
| BUFH     |    0 |        72 |   0 |            0 |      0 |
| BUFIO    |    0 |        16 |   0 |            0 |      0 |
| BUFMR    |    0 |         8 |   0 |            0 |      0 |
| BUFR     |    0 |        16 |   0 |            0 |      0 |
| MMCM     |    0 |         4 |   0 |            0 |      0 |
| PLL      |    0 |         4 |   0 |            0 |      0 |
+----------+------+-----------+-----+--------------+--------+


2. Global Clock Resources
-------------------------

+-----------+-----------+-----------------+------------+----------------+--------------+-------------------+-------------+-----------------+--------------+----------------------------------------------------------------+--------------------------------------------------------------------------------+------------------------------------------------------------------+
| Global Id | Source Id | Driver Type/Pin | Constraint | Site           | Clock Region | Load Clock Region | Clock Loads | Non-Clock Loads | Clock Period | Clock                                                          | Driver Pin                                                                     | Net                                                              |
+-----------+-----------+-----------------+------------+----------------+--------------+-------------------+-------------+-----------------+--------------+----------------------------------------------------------------+--------------------------------------------------------------------------------+------------------------------------------------------------------+
| g0        | src0      | BUFG/O          | None       | BUFGCTRL_X0Y17 | n/a          |                 5 |        8252 |               0 |       10.000 | clk_fpga_0                                                     | microblaze_arm_i/processing_system7_0/inst/buffer_fclk_clk_0.FCLK_CLK_0_BUFG/O | microblaze_arm_i/processing_system7_0/inst/FCLK_CLK0             |
| g1        | src1      | BUFG/O          | None       | BUFGCTRL_X0Y16 | n/a          |                 3 |         235 |               0 |       33.333 | microblaze_arm_i/mdm_1/U0/Use_E2.BSCAN_I/Use_E2.BSCANE2_I/DRCK | microblaze_arm_i/mdm_1/U0/No_Dbg_Reg_Access.BUFG_DRCK/Using_FPGA.Native/O      | microblaze_arm_i/mdm_1/U0/No_Dbg_Reg_Access.BUFG_DRCK/Dbg_Clk_31 |
+-----------+-----------+-----------------+------------+----------------+--------------+-------------------+-------------+-----------------+--------------+----------------------------------------------------------------+--------------------------------------------------------------------------------+------------------------------------------------------------------+
* Clock Loads column represents the clock pin loads (pin count)
** Non-Clock Loads column represents the non-clock pin loads (pin count)


3. Global Clock Source Details
------------------------------

+-----------+-----------+-----------------+------------+------------+--------------+-------------+-----------------+---------------------+----------------------------------------------------------------+----------------------------------------------------------------+-------------------------------------------------------------------+
| Source Id | Global Id | Driver Type/Pin | Constraint | Site       | Clock Region | Clock Loads | Non-Clock Loads | Source Clock Period | Source Clock                                                   | Driver Pin                                                     | Net                                                               |
+-----------+-----------+-----------------+------------+------------+--------------+-------------+-----------------+---------------------+----------------------------------------------------------------+----------------------------------------------------------------+-------------------------------------------------------------------+
| src0      | g0        | PS7/FCLKCLK[0]  | PS7_X0Y0   | PS7_X0Y0   | X0Y2         |           1 |               0 |              10.000 | clk_fpga_0                                                     | microblaze_arm_i/processing_system7_0/inst/PS7_i/FCLKCLK[0]    | microblaze_arm_i/processing_system7_0/inst/FCLK_CLK_unbuffered[0] |
| src1      | g1        | BSCANE2/DRCK    | None       | BSCAN_X0Y1 | X1Y1         |           1 |               0 |              33.333 | microblaze_arm_i/mdm_1/U0/Use_E2.BSCAN_I/Use_E2.BSCANE2_I/DRCK | microblaze_arm_i/mdm_1/U0/Use_E2.BSCAN_I/Use_E2.BSCANE2_I/DRCK | microblaze_arm_i/mdm_1/U0/Use_E2.BSCAN_I/drck_i                   |
+-----------+-----------+-----------------+------------+------------+--------------+-------------+-----------------+---------------------+----------------------------------------------------------------+----------------------------------------------------------------+-------------------------------------------------------------------+
* Clock Loads column represents the clock pin loads (pin count)
** Non-Clock Loads column represents the non-clock pin loads (pin count)


4. Clock Regions: Key Resource Utilization
------------------------------------------

+-------------------+--------------+--------------+--------------+--------------+--------------+--------------+--------------+--------------+--------------+--------------+--------------+--------------+--------------+--------------+--------------+
|                   | Global Clock |     BUFRs    |    BUFMRs    |    BUFIOs    |     MMCM     |      PLL     |      GT      |      PCI     |    ILOGIC    |    OLOGIC    |      FF      |     LUTM     |    RAMB18    |    RAMB36    |    DSP48E2   |
+-------------------+------+-------+------+-------+------+-------+------+-------+------+-------+------+-------+------+-------+------+-------+------+-------+------+-------+------+-------+------+-------+------+-------+------+-------+------+-------+
| Clock Region Name | Used | Avail | Used | Avail | Used | Avail | Used | Avail | Used | Avail | Used | Avail | Used | Avail | Used | Avail | Used | Avail | Used | Avail | Used | Avail | Used | Avail | Used | Avail | Used | Avail | Used | Avail |
+-------------------+------+-------+------+-------+------+-------+------+-------+------+-------+------+-------+------+-------+------+-------+------+-------+------+-------+------+-------+------+-------+------+-------+------+-------+------+-------+
| X0Y0              |    2 |    12 |    0 |     4 |    0 |     2 |    0 |     4 |    0 |     1 |    0 |     1 |    0 |     0 |    0 |     0 |    0 |    50 |    0 |    50 | 4236 |  2500 | 1891 |  1000 |    0 |    60 |   23 |    30 |    6 |    60 |
| X1Y0              |    2 |    12 |    0 |     4 |    0 |     2 |    0 |     4 |    0 |     1 |    0 |     1 |    0 |     0 |    0 |     0 |    0 |    50 |    0 |    50 | 1643 |  3200 |  491 |   850 |    0 |    60 |   18 |    30 |    0 |    40 |
| X0Y1              |    1 |    12 |    0 |     0 |    0 |     0 |    0 |     0 |    0 |     0 |    0 |     0 |    0 |     0 |    0 |     0 |    0 |     0 |    0 |     0 | 1218 |  1200 |  520 |   400 |    0 |    20 |    0 |    10 |    0 |    20 |
| X1Y1              |    2 |    12 |    0 |     4 |    0 |     2 |    0 |     4 |    0 |     1 |    0 |     1 |    0 |     0 |    0 |     0 |    0 |    50 |    0 |    50 |  380 |  2600 |  120 |   850 |    0 |    60 |    0 |    30 |    0 |    40 |
| X0Y2              |    1 |    12 |    0 |     0 |    0 |     0 |    0 |     0 |    0 |     0 |    0 |     0 |    0 |     0 |    0 |     0 |    0 |     0 |    0 |     0 |  359 |  1200 |  148 |   400 |    0 |    20 |    0 |    10 |    0 |    20 |
| X1Y2              |    0 |    12 |    0 |     4 |    0 |     2 |    0 |     4 |    0 |     1 |    0 |     1 |    0 |     0 |    0 |     0 |    0 |    50 |    0 |    50 |    0 |  2600 |    0 |   850 |    0 |    60 |    0 |    30 |    0 |    40 |
+-------------------+------+-------+------+-------+------+-------+------+-------+------+-------+------+-------+------+-------+------+-------+------+-------+------+-------+------+-------+------+-------+------+-------+------+-------+------+-------+
* Global Clock column represents track count; while other columns represents cell counts


5. Clock Regions : Global Clock Summary
---------------------------------------

All Modules
+----+----+----+
|    | X0 | X1 |
+----+----+----+
| Y2 |  1 |  0 |
| Y1 |  1 |  2 |
| Y0 |  2 |  2 |
+----+----+----+


6. Device Cell Placement Summary for Global Clock g0
----------------------------------------------------

+-----------+-----------------+-------------------+------------+-------------+---------------+-------------+----------+----------------+----------+------------------------------------------------------+
| Global Id | Driver Type/Pin | Driver Region (D) | Clock      | Period (ns) | Waveform (ns) | Slice Loads | IO Loads | Clocking Loads | GT Loads | Net                                                  |
+-----------+-----------------+-------------------+------------+-------------+---------------+-------------+----------+----------------+----------+------------------------------------------------------+
| g0        | BUFG/O          | n/a               | clk_fpga_0 |      10.000 | {0.000 5.000} |        8051 |        0 |              0 |        0 | microblaze_arm_i/processing_system7_0/inst/FCLK_CLK0 |
+-----------+-----------------+-------------------+------------+-------------+---------------+-------------+----------+----------------+----------+------------------------------------------------------+
* Logic Loads column represents load cell count of all cell types other than IO, GT and clock resources
** IO Loads column represents load cell count of IO types
*** Clocking Loads column represents load cell count that are clock resources (global clock buffer, MMCM, PLL, etc)
**** GT Loads column represents load cell count of GT types


+----+-------+-------+
|    | X0    | X1    |
+----+-------+-------+
| Y2 |   360 |     0 |
| Y1 |  1262 |   351 |
| Y0 |  4510 |  1568 |
+----+-------+-------+


7. Device Cell Placement Summary for Global Clock g1
----------------------------------------------------

+-----------+-----------------+-------------------+----------------------------------------------------------------+-------------+----------------+-------------+----------+----------------+----------+------------------------------------------------------------------+
| Global Id | Driver Type/Pin | Driver Region (D) | Clock                                                          | Period (ns) | Waveform (ns)  | Slice Loads | IO Loads | Clocking Loads | GT Loads | Net                                                              |
+-----------+-----------------+-------------------+----------------------------------------------------------------+-------------+----------------+-------------+----------+----------------+----------+------------------------------------------------------------------+
| g1        | BUFG/O          | n/a               | microblaze_arm_i/mdm_1/U0/Use_E2.BSCAN_I/Use_E2.BSCANE2_I/DRCK |      33.333 | {0.000 16.667} |         235 |        0 |              0 |        0 | microblaze_arm_i/mdm_1/U0/No_Dbg_Reg_Access.BUFG_DRCK/Dbg_Clk_31 |
+-----------+-----------------+-------------------+----------------------------------------------------------------+-------------+----------------+-------------+----------+----------------+----------+------------------------------------------------------------------+
* Logic Loads column represents load cell count of all cell types other than IO, GT and clock resources
** IO Loads column represents load cell count of IO types
*** Clocking Loads column represents load cell count that are clock resources (global clock buffer, MMCM, PLL, etc)
**** GT Loads column represents load cell count of GT types


+----+-----+------+
|    | X0  | X1   |
+----+-----+------+
| Y2 |   0 |    0 |
| Y1 |   0 |   34 |
| Y0 |  20 |  181 |
+----+-----+------+


8. Clock Region Cell Placement per Global Clock: Region X0Y0
------------------------------------------------------------

+-----------+-------+-----------------+------------+-------------+-----------------+------+--------+------+-----+----+------+-----+---------+------------------------------------------------------------------+
| Global Id | Track | Driver Type/Pin | Constraint | Clock Loads | Non-Clock Loads | FF   | LUTRAM | RAMB | DSP | GT | MMCM | PLL | Hard IP | Net                                                              |
+-----------+-------+-----------------+------------+-------------+-----------------+------+--------+------+-----+----+------+-----+---------+------------------------------------------------------------------+
| g0        | n/a   | BUFG/O          | None       |        4510 |               0 | 4232 |    249 |   23 |   6 |  0 |    0 |   0 |       0 | microblaze_arm_i/processing_system7_0/inst/FCLK_CLK0             |
| g1        | n/a   | BUFG/O          | None       |          20 |               0 |    4 |     16 |    0 |   0 |  0 |    0 |   0 |       0 | microblaze_arm_i/mdm_1/U0/No_Dbg_Reg_Access.BUFG_DRCK/Dbg_Clk_31 |
+-----------+-------+-----------------+------------+-------------+-----------------+------+--------+------+-----+----+------+-----+---------+------------------------------------------------------------------+
* Clock Loads column represents the clock pin loads (pin count)
** Non-Clock Loads column represents the non-clock pin loads (pin count)
*** Columns FF, LUTRAM, RAMB through 'Hard IP' represents load cell counts


9. Clock Region Cell Placement per Global Clock: Region X1Y0
------------------------------------------------------------

+-----------+-------+-----------------+------------+-------------+-----------------+------+--------+------+-----+----+------+-----+---------+------------------------------------------------------------------+
| Global Id | Track | Driver Type/Pin | Constraint | Clock Loads | Non-Clock Loads | FF   | LUTRAM | RAMB | DSP | GT | MMCM | PLL | Hard IP | Net                                                              |
+-----------+-------+-----------------+------------+-------------+-----------------+------+--------+------+-----+----+------+-----+---------+------------------------------------------------------------------+
| g0        | n/a   | BUFG/O          | None       |        1568 |               0 | 1468 |     82 |   18 |   0 |  0 |    0 |   0 |       0 | microblaze_arm_i/processing_system7_0/inst/FCLK_CLK0             |
| g1        | n/a   | BUFG/O          | None       |         181 |               0 |  175 |      6 |    0 |   0 |  0 |    0 |   0 |       0 | microblaze_arm_i/mdm_1/U0/No_Dbg_Reg_Access.BUFG_DRCK/Dbg_Clk_31 |
+-----------+-------+-----------------+------------+-------------+-----------------+------+--------+------+-----+----+------+-----+---------+------------------------------------------------------------------+
* Clock Loads column represents the clock pin loads (pin count)
** Non-Clock Loads column represents the non-clock pin loads (pin count)
*** Columns FF, LUTRAM, RAMB through 'Hard IP' represents load cell counts


10. Clock Region Cell Placement per Global Clock: Region X0Y1
-------------------------------------------------------------

+-----------+-------+-----------------+------------+-------------+-----------------+------+--------+------+-----+----+------+-----+---------+------------------------------------------------------+
| Global Id | Track | Driver Type/Pin | Constraint | Clock Loads | Non-Clock Loads | FF   | LUTRAM | RAMB | DSP | GT | MMCM | PLL | Hard IP | Net                                                  |
+-----------+-------+-----------------+------------+-------------+-----------------+------+--------+------+-----+----+------+-----+---------+------------------------------------------------------+
| g0        | n/a   | BUFG/O          | None       |        1262 |               0 | 1218 |     44 |    0 |   0 |  0 |    0 |   0 |       0 | microblaze_arm_i/processing_system7_0/inst/FCLK_CLK0 |
+-----------+-------+-----------------+------------+-------------+-----------------+------+--------+------+-----+----+------+-----+---------+------------------------------------------------------+
* Clock Loads column represents the clock pin loads (pin count)
** Non-Clock Loads column represents the non-clock pin loads (pin count)
*** Columns FF, LUTRAM, RAMB through 'Hard IP' represents load cell counts


11. Clock Region Cell Placement per Global Clock: Region X1Y1
-------------------------------------------------------------

+-----------+-------+-----------------+------------+-------------+-----------------+-----+--------+------+-----+----+------+-----+---------+------------------------------------------------------------------+
| Global Id | Track | Driver Type/Pin | Constraint | Clock Loads | Non-Clock Loads | FF  | LUTRAM | RAMB | DSP | GT | MMCM | PLL | Hard IP | Net                                                              |
+-----------+-------+-----------------+------------+-------------+-----------------+-----+--------+------+-----+----+------+-----+---------+------------------------------------------------------------------+
| g0        | n/a   | BUFG/O          | None       |         351 |               0 | 349 |      2 |    0 |   0 |  0 |    0 |   0 |       0 | microblaze_arm_i/processing_system7_0/inst/FCLK_CLK0             |
| g1        | n/a   | BUFG/O          | None       |          34 |               0 |  31 |      3 |    0 |   0 |  0 |    0 |   0 |       0 | microblaze_arm_i/mdm_1/U0/No_Dbg_Reg_Access.BUFG_DRCK/Dbg_Clk_31 |
+-----------+-------+-----------------+------------+-------------+-----------------+-----+--------+------+-----+----+------+-----+---------+------------------------------------------------------------------+
* Clock Loads column represents the clock pin loads (pin count)
** Non-Clock Loads column represents the non-clock pin loads (pin count)
*** Columns FF, LUTRAM, RAMB through 'Hard IP' represents load cell counts


12. Clock Region Cell Placement per Global Clock: Region X0Y2
-------------------------------------------------------------

+-----------+-------+-----------------+------------+-------------+-----------------+-----+--------+------+-----+----+------+-----+---------+------------------------------------------------------+
| Global Id | Track | Driver Type/Pin | Constraint | Clock Loads | Non-Clock Loads | FF  | LUTRAM | RAMB | DSP | GT | MMCM | PLL | Hard IP | Net                                                  |
+-----------+-------+-----------------+------------+-------------+-----------------+-----+--------+------+-----+----+------+-----+---------+------------------------------------------------------+
| g0        | n/a   | BUFG/O          | None       |         360 |               0 | 359 |      0 |    0 |   0 |  0 |    0 |   0 |       0 | microblaze_arm_i/processing_system7_0/inst/FCLK_CLK0 |
+-----------+-------+-----------------+------------+-------------+-----------------+-----+--------+------+-----+----+------+-----+---------+------------------------------------------------------+
* Clock Loads column represents the clock pin loads (pin count)
** Non-Clock Loads column represents the non-clock pin loads (pin count)
*** Columns FF, LUTRAM, RAMB through 'Hard IP' represents load cell counts



# Location of BUFG Primitives 
set_property LOC BUFGCTRL_X0Y17 [get_cells microblaze_arm_i/processing_system7_0/inst/buffer_fclk_clk_0.FCLK_CLK_0_BUFG]
set_property LOC BUFGCTRL_X0Y16 [get_cells microblaze_arm_i/mdm_1/U0/No_Dbg_Reg_Access.BUFG_DRCK/Using_FPGA.Native]

# Location of IO Primitives which is load of clock spine

# Location of clock ports

# Clock net "microblaze_arm_i/processing_system7_0/inst/FCLK_CLK0" driven by instance "microblaze_arm_i/processing_system7_0/inst/buffer_fclk_clk_0.FCLK_CLK_0_BUFG" located at site "BUFGCTRL_X0Y17"
#startgroup
create_pblock {CLKAG_microblaze_arm_i/processing_system7_0/inst/FCLK_CLK0}
add_cells_to_pblock [get_pblocks  {CLKAG_microblaze_arm_i/processing_system7_0/inst/FCLK_CLK0}] [get_cells -filter { PRIMITIVE_GROUP != I/O && IS_PRIMITIVE==1 && PRIMITIVE_LEVEL !=INTERNAL } -of_object [get_pins -filter {DIRECTION==IN} -of_objects [get_nets -hierarchical -filter {PARENT=="microblaze_arm_i/processing_system7_0/inst/FCLK_CLK0"}]]]
resize_pblock [get_pblocks {CLKAG_microblaze_arm_i/processing_system7_0/inst/FCLK_CLK0}] -add {CLOCKREGION_X0Y0:CLOCKREGION_X0Y0 CLOCKREGION_X0Y1:CLOCKREGION_X0Y1 CLOCKREGION_X0Y2:CLOCKREGION_X0Y2 CLOCKREGION_X1Y0:CLOCKREGION_X1Y0 CLOCKREGION_X1Y1:CLOCKREGION_X1Y1}
#endgroup

# Clock net "microblaze_arm_i/mdm_1/U0/No_Dbg_Reg_Access.BUFG_DRCK/Dbg_Clk_31" driven by instance "microblaze_arm_i/mdm_1/U0/No_Dbg_Reg_Access.BUFG_DRCK/Using_FPGA.Native" located at site "BUFGCTRL_X0Y16"
#startgroup
create_pblock {CLKAG_microblaze_arm_i/mdm_1/U0/No_Dbg_Reg_Access.BUFG_DRCK/Dbg_Clk_31}
add_cells_to_pblock [get_pblocks  {CLKAG_microblaze_arm_i/mdm_1/U0/No_Dbg_Reg_Access.BUFG_DRCK/Dbg_Clk_31}] [get_cells -filter { PRIMITIVE_GROUP != I/O && IS_PRIMITIVE==1 && PRIMITIVE_LEVEL !=INTERNAL } -of_object [get_pins -filter {DIRECTION==IN} -of_objects [get_nets -hierarchical -filter {PARENT=="microblaze_arm_i/mdm_1/U0/No_Dbg_Reg_Access.BUFG_DRCK/Dbg_Clk_31"}]]]
resize_pblock [get_pblocks {CLKAG_microblaze_arm_i/mdm_1/U0/No_Dbg_Reg_Access.BUFG_DRCK/Dbg_Clk_31}] -add {CLOCKREGION_X0Y0:CLOCKREGION_X0Y0 CLOCKREGION_X1Y0:CLOCKREGION_X1Y0 CLOCKREGION_X1Y1:CLOCKREGION_X1Y1}
#endgroup
