00:42:05 **** Incremental Build of configuration Debug for project quicksort ****
make pre-build main-build 
a9-linaro-pre-build-step
 
Building file: ../src/main.cc
Invoking: ARM v7 g++ compiler
arm-none-eabi-g++ -Wall -O0 -g3 -c -fmessage-length=0 -MT"src/main.o" -mcpu=cortex-a9 -mfpu=vfpv3 -mfloat-abi=hard -I../../quicksort_bsp/ps7_cortexa9_0/include -MMD -MP -MF"src/main.d" -MT"src/main.o" -o "src/main.o" "../src/main.cc"
../src/main.cc: In function 'void createVector(const char*)':
../src/main.cc:88:16: warning: ISO C++ forbids converting a string constant to 'TCHAR* {aka char*}' [-Wwrite-strings]
  TCHAR *Path = "0:/";
                ^~~~~
../src/main.cc:116:20: warning: comparison between signed and unsigned integer expressions [-Wsign-compare]
   for(int j = 0; j < n_read; j++){
                  ~~^~~~~~~~
../src/main.cc: At global scope:
../src/main.cc:32:13: warning: 'fileName' defined but not used [-Wunused-variable]
 static char fileName[]="data10e3.txt";
             ^~~~~~~~
Finished building: ../src/main.cc
 
Building target: quicksort.elf
Invoking: ARM v7 g++ linker
arm-none-eabi-g++ -mcpu=cortex-a9 -mfpu=vfpv3 -mfloat-abi=hard -Wl,-build-id=none -specs=Xilinx.spec -Wl,-T -Wl,../src/lscript.ld -L../../quicksort_bsp/ps7_cortexa9_0/lib -o "quicksort.elf"  ./src/main.o   -Wl,--start-group,-lxil,-lgcc,-lc,-lstdc++,--end-group -Wl,--start-group,-lxilffs,-lxil,-lgcc,-lc,--end-group
Finished building target: quicksort.elf
 
Invoking: ARM v7 Print Size
arm-none-eabi-size quicksort.elf  |tee "quicksort.elf.size"
   text	   data	    bss	    dec	    hex	filename
 118428	   2728	8067808	8188964	 7cf424	quicksort.elf
Finished building: quicksort.elf.size
 

00:42:06 Build Finished (took 222ms)

