

================================================================
== Vivado HLS Report for 'doKmean'
================================================================
* Date:           Thu Nov 29 23:45:49 2018

* Version:        2018.2 (Build 2258646 on Thu Jun 14 20:25:20 MDT 2018)
* Project:        kmeans
* Solution:       solution1
* Product family: zynq
* Target device:  xc7z020clg484-1


================================================================
== Performance Estimates
================================================================
+ Timing (ns): 
    * Summary: 
    +--------+-------+----------+------------+
    |  Clock | Target| Estimated| Uncertainty|
    +--------+-------+----------+------------+
    |ap_clk  |  10.00|     9.634|        1.25|
    +--------+-------+----------+------------+

+ Latency (clock cycles): 
    * Summary: 
    +----------+----------+----------+----------+---------+
    |       Latency       |       Interval      | Pipeline|
    |    min   |    max   |    min   |    max   |   Type  |
    +----------+----------+----------+----------+---------+
    |  16398110|  16424190|  16398110|  16424190|   none  |
    +----------+----------+----------+----------+---------+

    + Detail: 
        * Instance: 
        N/A

        * Loop: 
        +------------------+----------+----------+----------+-----------+-----------+------+----------+
        |                  |       Latency       | Iteration|  Initiation Interval  | Trip |          |
        |     Loop Name    |    min   |    max   |  Latency |  achieved |   target  | Count| Pipelined|
        +------------------+----------+----------+----------+-----------+-----------+------+----------+
        |- read_p          |    102000|    102000|       102|          -|          -|  1000|    no    |
        | + read_p.1       |       100|       100|         2|          -|          -|    50|    no    |
        |- read_c          |      2040|      2040|       102|          -|          -|    20|    no    |
        | + read_c.1       |       100|       100|         2|          -|          -|    50|    no    |
        |- Loop 3          |      2000|      2000|         2|          -|          -|  1000|    no    |
        |- cluster         |  16284000|  16284000|     16284|          -|          -|  1000|    no    |
        | + cluster.1      |     16280|     16280|       814|          -|          -|    20|    no    |
        |  ++ cluster.1.1  |       800|       800|        16|          -|          -|    50|    no    |
        |- sumcen          |     10040|     10040|       502|          -|          -|    20|    no    |
        | + sumcen.1       |       500|       500|        10|          -|          -|    50|    no    |
        |- update          |     24040|     24040|      1202|          -|          -|    20|    no    |
        | + update.1       |      1200|      1200|        24|          -|          -|    50|    no    |
        |- Loop 7          |        63|        63|         3|          -|          -|    21|    no    |
        +------------------+----------+----------+----------+-----------+-----------+------+----------+



================================================================
== Utilization Estimates
================================================================
* Summary: 
+-----------------+---------+-------+--------+-------+
|       Name      | BRAM_18K| DSP48E|   FF   |  LUT  |
+-----------------+---------+-------+--------+-------+
|DSP              |        -|      1|       -|      -|
|Expression       |        -|      -|       0|   1042|
|FIFO             |        -|      -|       -|      -|
|Instance         |        0|      7|    2199|   3607|
|Memory           |      134|      -|      64|     10|
|Multiplexer      |        -|      -|       -|   1148|
|Register         |        -|      -|    1291|      -|
+-----------------+---------+-------+--------+-------+
|Total            |      134|      8|    3554|   5807|
+-----------------+---------+-------+--------+-------+
|Available        |      280|    220|  106400|  53200|
+-----------------+---------+-------+--------+-------+
|Utilization (%)  |       47|      3|       3|     10|
+-----------------+---------+-------+--------+-------+

+ Detail: 
    * Instance: 
    +--------------------------+------------------------+---------+-------+-----+-----+
    |         Instance         |         Module         | BRAM_18K| DSP48E|  FF | LUT |
    +--------------------------+------------------------+---------+-------+-----+-----+
    |doKmean_CRTL_BUS_s_axi_U  |doKmean_CRTL_BUS_s_axi  |        0|      0|   74|  104|
    |doKmean_faddfsub_cud_U1   |doKmean_faddfsub_cud    |        0|      2|  205|  390|
    |doKmean_fcmp_32nshbi_U6   |doKmean_fcmp_32nshbi    |        0|      0|   66|  239|
    |doKmean_fdiv_32nsfYi_U4   |doKmean_fdiv_32nsfYi    |        0|      0|  761|  994|
    |doKmean_fmul_32nseOg_U3   |doKmean_fmul_32nseOg    |        0|      3|  143|  321|
    |doKmean_fsqrt_32nibs_U7   |doKmean_fsqrt_32nibs    |        0|      0|  405|  615|
    |doKmean_fsub_32nsdEe_U2   |doKmean_fsub_32nsdEe    |        0|      2|  205|  390|
    |doKmean_sitofp_32g8j_U5   |doKmean_sitofp_32g8j    |        0|      0|  340|  554|
    +--------------------------+------------------------+---------+-------+-----+-----+
    |Total                     |                        |        0|      7| 2199| 3607|
    +--------------------------+------------------------+---------+-------+-----+-----+

    * DSP48: 
    +-------------------------+----------------------+--------------+
    |         Instance        |        Module        |  Expression  |
    +-------------------------+----------------------+--------------+
    |doKmean_mac_muladjbC_U8  |doKmean_mac_muladjbC  | i0 + i1 * i2 |
    +-------------------------+----------------------+--------------+

    * Memory: 
    +-----------------+----------------------+---------+----+----+-------+-----+------+-------------+
    |      Memory     |        Module        | BRAM_18K| FF | LUT| Words | Bits| Banks| W*Bits*Banks|
    +-----------------+----------------------+---------+----+----+-------+-----+------+-------------+
    |centroids_U      |doKmean_centroids     |        2|   0|   0|   1000|   32|     1|        32000|
    |new_centroids_U  |doKmean_new_centrbkb  |        2|   0|   0|   1000|   32|     1|        32000|
    |np_cluster_U     |doKmean_np_cluster    |        0|  64|  10|     20|   32|     1|          640|
    |points_U         |doKmean_points        |      128|   0|   0|  50000|   32|     1|      1600000|
    |results_U        |doKmean_results       |        2|   0|   0|   1001|   32|     1|        32032|
    +-----------------+----------------------+---------+----+----+-------+-----+------+-------------+
    |Total            |                      |      134|  64|  10|  53021|  160|     5|      1696672|
    +-----------------+----------------------+---------+----+----+-------+-----+------+-------------+

    * FIFO: 
    N/A

    * Expression: 
    +-------------------------------------+----------+-------+---+----+------------+------------+
    |            Variable Name            | Operation| DSP48E| FF| LUT| Bitwidth P0| Bitwidth P1|
    +-------------------------------------+----------+-------+---+----+------------+------------+
    |c_1_fu_1225_p2                       |     +    |      0|  0|  15|           5|           1|
    |c_2_fu_956_p2                        |     +    |      0|  0|  15|           5|           1|
    |f_1_fu_1242_p2                       |     +    |      0|  0|  15|           6|           1|
    |gain_off1_fu_1153_p2                 |     +    |      0|  0|  39|          32|           3|
    |gain_off_fu_712_p2                   |     +    |      0|  0|  39|          32|           2|
    |i_1_fu_702_p2                        |     +    |      0|  0|  14|          10|           1|
    |i_2_fu_855_p2                        |     +    |      0|  0|  15|           5|           1|
    |i_3_fu_898_p2                        |     +    |      0|  0|  14|          10|           1|
    |i_4_fu_926_p2                        |     +    |      0|  0|  14|          10|           1|
    |i_5_fu_1136_p2                       |     +    |      0|  0|  15|           5|           1|
    |idx_1_fu_1268_p2                     |     +    |      0|  0|  15|           5|           1|
    |j_1_fu_739_p2                        |     +    |      0|  0|  15|           6|           1|
    |j_2_fu_867_p2                        |     +    |      0|  0|  15|           6|           1|
    |j_3_fu_1180_p2                       |     +    |      0|  0|  15|           6|           1|
    |j_4_fu_968_p2                        |     +    |      0|  0|  15|           6|           1|
    |next_mul1_fu_1213_p2                 |     +    |      0|  0|  14|          10|           6|
    |next_mul2_fu_843_p2                  |     +    |      0|  0|  14|          10|           6|
    |next_mul4_fu_940_p2                  |     +    |      0|  0|  14|          10|           6|
    |next_mul6_fu_914_p2                  |     +    |      0|  0|  23|          16|           6|
    |next_mul8_fu_1124_p2                 |     +    |      0|  0|  14|          10|           6|
    |next_mul_fu_690_p2                   |     +    |      0|  0|  23|          16|           6|
    |tmp_13_fu_1117_p2                    |     +    |      0|  0|  39|          32|           1|
    |tmp_22_fu_877_p2                     |     +    |      0|  0|  14|          10|          10|
    |tmp_26_fu_1198_p2                    |     +    |      0|  0|  14|          10|          10|
    |tmp_39_fu_982_p2                     |     +    |      0|  0|  14|          10|          10|
    |tmp_40_fu_993_p2                     |     +    |      0|  0|  23|          16|          16|
    |tmp_41_fu_1252_p2                    |     +    |      0|  0|  14|          10|          10|
    |tmp_6_fu_749_p2                      |     +    |      0|  0|  23|          16|          16|
    |inStream_V_data_V_0_load_A           |    and   |      0|  0|   2|           1|           1|
    |inStream_V_data_V_0_load_B           |    and   |      0|  0|   2|           1|           1|
    |inStream_V_dest_V_0_load_A           |    and   |      0|  0|   2|           1|           1|
    |inStream_V_dest_V_0_load_B           |    and   |      0|  0|   2|           1|           1|
    |inStream_V_id_V_0_load_A             |    and   |      0|  0|   2|           1|           1|
    |inStream_V_id_V_0_load_B             |    and   |      0|  0|   2|           1|           1|
    |inStream_V_keep_V_0_load_A           |    and   |      0|  0|   2|           1|           1|
    |inStream_V_keep_V_0_load_B           |    and   |      0|  0|   2|           1|           1|
    |inStream_V_strb_V_0_load_A           |    and   |      0|  0|   2|           1|           1|
    |inStream_V_strb_V_0_load_B           |    and   |      0|  0|   2|           1|           1|
    |inStream_V_user_V_0_load_A           |    and   |      0|  0|   2|           1|           1|
    |inStream_V_user_V_0_load_B           |    and   |      0|  0|   2|           1|           1|
    |outStream_V_data_V_1_load_A          |    and   |      0|  0|   2|           1|           1|
    |outStream_V_data_V_1_load_B          |    and   |      0|  0|   2|           1|           1|
    |outStream_V_dest_V_1_load_A          |    and   |      0|  0|   2|           1|           1|
    |outStream_V_dest_V_1_load_B          |    and   |      0|  0|   2|           1|           1|
    |outStream_V_id_V_1_load_A            |    and   |      0|  0|   2|           1|           1|
    |outStream_V_id_V_1_load_B            |    and   |      0|  0|   2|           1|           1|
    |outStream_V_keep_V_1_load_A          |    and   |      0|  0|   2|           1|           1|
    |outStream_V_keep_V_1_load_B          |    and   |      0|  0|   2|           1|           1|
    |outStream_V_last_V_1_load_A          |    and   |      0|  0|   2|           1|           1|
    |outStream_V_last_V_1_load_B          |    and   |      0|  0|   2|           1|           1|
    |outStream_V_strb_V_1_load_A          |    and   |      0|  0|   2|           1|           1|
    |outStream_V_strb_V_1_load_B          |    and   |      0|  0|   2|           1|           1|
    |outStream_V_user_V_1_load_A          |    and   |      0|  0|   2|           1|           1|
    |outStream_V_user_V_1_load_B          |    and   |      0|  0|   2|           1|           1|
    |tmp_35_fu_1075_p2                    |    and   |      0|  0|   2|           1|           1|
    |tmp_37_fu_1081_p2                    |    and   |      0|  0|   2|           1|           1|
    |exitcond10_fu_1236_p2                |   icmp   |      0|  0|  11|           6|           5|
    |exitcond1_fu_696_p2                  |   icmp   |      0|  0|  13|          10|           6|
    |exitcond1_i_fu_950_p2                |   icmp   |      0|  0|  11|           5|           5|
    |exitcond2_fu_733_p2                  |   icmp   |      0|  0|  11|           6|           5|
    |exitcond3_fu_849_p2                  |   icmp   |      0|  0|  11|           5|           5|
    |exitcond4_fu_861_p2                  |   icmp   |      0|  0|  11|           6|           5|
    |exitcond5_fu_892_p2                  |   icmp   |      0|  0|  13|          10|           6|
    |exitcond6_fu_920_p2                  |   icmp   |      0|  0|  13|          10|           6|
    |exitcond7_fu_1130_p2                 |   icmp   |      0|  0|  11|           5|           5|
    |exitcond8_fu_1174_p2                 |   icmp   |      0|  0|  11|           6|           5|
    |exitcond9_fu_1219_p2                 |   icmp   |      0|  0|  11|           5|           5|
    |exitcond_fu_1262_p2                  |   icmp   |      0|  0|  11|           5|           5|
    |exitcond_i_fu_962_p2                 |   icmp   |      0|  0|  11|           6|           5|
    |icmp1_fu_1168_p2                     |   icmp   |      0|  0|  18|          31|           1|
    |icmp_fu_727_p2                       |   icmp   |      0|  0|  18|          31|           1|
    |inStream_V_data_V_0_state_cmp_full   |   icmp   |      0|  0|   8|           2|           1|
    |inStream_V_dest_V_0_state_cmp_full   |   icmp   |      0|  0|   8|           2|           1|
    |inStream_V_id_V_0_state_cmp_full     |   icmp   |      0|  0|   8|           2|           1|
    |inStream_V_keep_V_0_state_cmp_full   |   icmp   |      0|  0|   8|           2|           1|
    |inStream_V_strb_V_0_state_cmp_full   |   icmp   |      0|  0|   8|           2|           1|
    |inStream_V_user_V_0_state_cmp_full   |   icmp   |      0|  0|   8|           2|           1|
    |notlhs1_fu_1057_p2                   |   icmp   |      0|  0|  11|           8|           2|
    |notlhs_fu_1039_p2                    |   icmp   |      0|  0|  11|           8|           2|
    |notrhs1_fu_1063_p2                   |   icmp   |      0|  0|  18|          23|           1|
    |notrhs_fu_1045_p2                    |   icmp   |      0|  0|  18|          23|           1|
    |outStream_V_data_V_1_state_cmp_full  |   icmp   |      0|  0|   8|           2|           1|
    |outStream_V_dest_V_1_state_cmp_full  |   icmp   |      0|  0|   8|           2|           1|
    |outStream_V_id_V_1_state_cmp_full    |   icmp   |      0|  0|   8|           2|           1|
    |outStream_V_keep_V_1_state_cmp_full  |   icmp   |      0|  0|   8|           2|           1|
    |outStream_V_last_V_1_state_cmp_full  |   icmp   |      0|  0|   8|           2|           1|
    |outStream_V_strb_V_1_state_cmp_full  |   icmp   |      0|  0|   8|           2|           1|
    |outStream_V_user_V_1_state_cmp_full  |   icmp   |      0|  0|   8|           2|           1|
    |tmp_10_fu_1147_p2                    |   icmp   |      0|  0|   8|           2|           1|
    |tmp_3_fu_778_p2                      |   icmp   |      0|  0|  13|          10|           1|
    |tmp_9_fu_1101_p2                     |   icmp   |      0|  0|  18|          32|          32|
    |valOut_last_V_fu_1279_p2             |   icmp   |      0|  0|  11|           5|           5|
    |ap_block_state78                     |    or    |      0|  0|   2|           1|           1|
    |tmp_14_fu_755_p2                     |    or    |      0|  0|   6|           6|           6|
    |tmp_33_fu_1051_p2                    |    or    |      0|  0|   2|           1|           1|
    |tmp_34_fu_1069_p2                    |    or    |      0|  0|   2|           1|           1|
    |cluster_2_fu_1087_p3                 |  select  |      0|  0|  32|           1|          32|
    |min_distance_1_fu_1094_p3            |  select  |      0|  0|  32|           1|          32|
    +-------------------------------------+----------+-------+---+----+------------+------------+
    |Total                                |          |      0|  0|1042|         648|         356|
    +-------------------------------------+----------+-------+---+----+------------+------------+

    * Multiplexer: 
    +-------------------------------+-----+-----------+-----+-----------+
    |              Name             | LUT | Input Size| Bits| Total Bits|
    +-------------------------------+-----+-----------+-----+-----------+
    |ap_NS_fsm                      |  357|         81|    1|         81|
    |c_reg_586                      |    9|          2|    5|         10|
    |centroids_address0             |   15|          3|   10|         30|
    |centroids_address1             |   15|          3|   10|         30|
    |cluster_1_reg_505              |    9|          2|    5|         10|
    |cluster_reg_480                |    9|          2|   32|         64|
    |distance_i_reg_528             |    9|          2|   32|         64|
    |f_reg_609                      |    9|          2|    6|         12|
    |grp_fu_631_opcode              |   15|          3|    2|          6|
    |grp_fu_631_p0                  |   21|          4|   32|        128|
    |grp_fu_631_p1                  |   21|          4|   32|        128|
    |i1_reg_411                     |    9|          2|    5|         10|
    |i5_reg_445                     |    9|          2|   10|         20|
    |i7_reg_457                     |    9|          2|   10|         20|
    |i8_reg_551                     |    9|          2|    5|         10|
    |i_reg_376                      |    9|          2|   10|         20|
    |idx_reg_620                    |    9|          2|    5|         10|
    |inStream_TDATA_blk_n           |    9|          2|    1|          2|
    |inStream_V_data_V_0_data_out   |    9|          2|   32|         64|
    |inStream_V_data_V_0_state      |   15|          3|    2|          6|
    |inStream_V_dest_V_0_data_out   |    9|          2|    6|         12|
    |inStream_V_dest_V_0_state      |   15|          3|    2|          6|
    |inStream_V_id_V_0_data_out     |    9|          2|    5|         10|
    |inStream_V_id_V_0_state        |   15|          3|    2|          6|
    |inStream_V_keep_V_0_data_out   |    9|          2|    4|          8|
    |inStream_V_keep_V_0_state      |   15|          3|    2|          6|
    |inStream_V_strb_V_0_data_out   |    9|          2|    4|          8|
    |inStream_V_strb_V_0_state      |   15|          3|    2|          6|
    |inStream_V_user_V_0_data_out   |    9|          2|    2|          4|
    |inStream_V_user_V_0_state      |   15|          3|    2|          6|
    |j2_reg_434                     |    9|          2|    6|         12|
    |j9_reg_574                     |    9|          2|    6|         12|
    |j_i_reg_540                    |    9|          2|    6|         12|
    |j_reg_400                      |    9|          2|    6|         12|
    |min_distance_i_reg_493         |    9|          2|   32|         64|
    |new_centroids_address0         |   27|          5|   10|         50|
    |new_centroids_d0               |   15|          3|   32|         96|
    |np_cluster_address0            |   21|          4|    5|         20|
    |np_cluster_d0                  |   15|          3|   32|         96|
    |outStream_TDATA_blk_n          |    9|          2|    1|          2|
    |outStream_V_data_V_1_data_out  |    9|          2|   32|         64|
    |outStream_V_data_V_1_state     |   15|          3|    2|          6|
    |outStream_V_dest_V_1_data_out  |    9|          2|    6|         12|
    |outStream_V_dest_V_1_state     |   15|          3|    2|          6|
    |outStream_V_id_V_1_data_out    |    9|          2|    5|         10|
    |outStream_V_id_V_1_state       |   15|          3|    2|          6|
    |outStream_V_keep_V_1_data_out  |    9|          2|    4|          8|
    |outStream_V_keep_V_1_state     |   15|          3|    2|          6|
    |outStream_V_last_V_1_data_out  |    9|          2|    1|          2|
    |outStream_V_last_V_1_state     |   15|          3|    2|          6|
    |outStream_V_strb_V_1_data_out  |    9|          2|    4|          8|
    |outStream_V_strb_V_1_state     |   15|          3|    2|          6|
    |outStream_V_user_V_1_data_out  |    9|          2|    2|          4|
    |outStream_V_user_V_1_state     |   15|          3|    2|          6|
    |phi_mul1_reg_422               |    9|          2|   10|         20|
    |phi_mul3_reg_516               |    9|          2|   10|         20|
    |phi_mul5_reg_468               |    9|          2|   16|         32|
    |phi_mul7_reg_562               |    9|          2|   10|         20|
    |phi_mul9_reg_597               |    9|          2|   10|         20|
    |phi_mul_reg_388                |    9|          2|   16|         32|
    |points_address0                |   15|          3|   16|         48|
    |points_address1                |   15|          3|   16|         48|
    |reg_671                        |    9|          2|   32|         64|
    |results_address0               |   38|          7|   10|         70|
    |results_d0                     |   21|          4|   32|        128|
    +-------------------------------+-----+-----------+-----+-----------+
    |Total                          | 1148|        245|  660|       1825|
    +-------------------------------+-----+-----------+-----+-----------+

    * Register: 
    +--------------------------------+----+----+-----+-----------+
    |              Name              | FF | LUT| Bits| Const Bits|
    +--------------------------------+----+----+-----+-----------+
    |ap_CS_fsm                       |  80|   0|   80|          0|
    |c_1_reg_1582                    |   5|   0|    5|          0|
    |c_2_reg_1440                    |   5|   0|    5|          0|
    |c_reg_586                       |   5|   0|    5|          0|
    |centroids_load_1_reg_1480       |  32|   0|   32|          0|
    |centroids_load_reg_1470         |  32|   0|   32|          0|
    |cluster_1_cast7_reg_1432        |   5|   0|   32|         27|
    |cluster_1_reg_505               |   5|   0|    5|          0|
    |cluster_reg_480                 |  32|   0|   32|          0|
    |distance_2_reg_1500             |  32|   0|   32|          0|
    |distance_i_reg_528              |  32|   0|   32|          0|
    |end_cast_reg_1422               |   1|   0|   32|         31|
    |end_fu_174                      |   1|   0|    2|          1|
    |f_1_reg_1595                    |   6|   0|    6|          0|
    |f_reg_609                       |   6|   0|    6|          0|
    |gain_read_reg_1318              |  32|   0|   32|          0|
    |i1_reg_411                      |   5|   0|    5|          0|
    |i5_reg_445                      |  10|   0|   10|          0|
    |i7_reg_457                      |  10|   0|   10|          0|
    |i8_reg_551                      |   5|   0|    5|          0|
    |i_1_reg_1332                    |  10|   0|   10|          0|
    |i_2_reg_1371                    |   5|   0|    5|          0|
    |i_3_reg_1392                    |  10|   0|   10|          0|
    |i_4_reg_1412                    |  10|   0|   10|          0|
    |i_5_reg_1533                    |   5|   0|    5|          0|
    |i_reg_376                       |  10|   0|   10|          0|
    |icmp1_reg_1547                  |   1|   0|    1|          0|
    |icmp_reg_1342                   |   1|   0|    1|          0|
    |idx_1_reg_1633                  |   5|   0|    5|          0|
    |idx_reg_620                     |   5|   0|    5|          0|
    |inStream_V_data_V_0_payload_A   |  32|   0|   32|          0|
    |inStream_V_data_V_0_payload_B   |  32|   0|   32|          0|
    |inStream_V_data_V_0_sel_rd      |   1|   0|    1|          0|
    |inStream_V_data_V_0_sel_wr      |   1|   0|    1|          0|
    |inStream_V_data_V_0_state       |   2|   0|    2|          0|
    |inStream_V_dest_V_0_payload_A   |   6|   0|    6|          0|
    |inStream_V_dest_V_0_payload_B   |   6|   0|    6|          0|
    |inStream_V_dest_V_0_sel_rd      |   1|   0|    1|          0|
    |inStream_V_dest_V_0_sel_wr      |   1|   0|    1|          0|
    |inStream_V_dest_V_0_state       |   2|   0|    2|          0|
    |inStream_V_id_V_0_payload_A     |   5|   0|    5|          0|
    |inStream_V_id_V_0_payload_B     |   5|   0|    5|          0|
    |inStream_V_id_V_0_sel_rd        |   1|   0|    1|          0|
    |inStream_V_id_V_0_sel_wr        |   1|   0|    1|          0|
    |inStream_V_id_V_0_state         |   2|   0|    2|          0|
    |inStream_V_keep_V_0_payload_A   |   4|   0|    4|          0|
    |inStream_V_keep_V_0_payload_B   |   4|   0|    4|          0|
    |inStream_V_keep_V_0_sel_rd      |   1|   0|    1|          0|
    |inStream_V_keep_V_0_sel_wr      |   1|   0|    1|          0|
    |inStream_V_keep_V_0_state       |   2|   0|    2|          0|
    |inStream_V_strb_V_0_payload_A   |   4|   0|    4|          0|
    |inStream_V_strb_V_0_payload_B   |   4|   0|    4|          0|
    |inStream_V_strb_V_0_sel_rd      |   1|   0|    1|          0|
    |inStream_V_strb_V_0_sel_wr      |   1|   0|    1|          0|
    |inStream_V_strb_V_0_state       |   2|   0|    2|          0|
    |inStream_V_user_V_0_payload_A   |   2|   0|    2|          0|
    |inStream_V_user_V_0_payload_B   |   2|   0|    2|          0|
    |inStream_V_user_V_0_sel_rd      |   1|   0|    1|          0|
    |inStream_V_user_V_0_sel_wr      |   1|   0|    1|          0|
    |inStream_V_user_V_0_state       |   2|   0|    2|          0|
    |j2_reg_434                      |   6|   0|    6|          0|
    |j9_reg_574                      |   6|   0|    6|          0|
    |j_1_reg_1349                    |   6|   0|    6|          0|
    |j_2_reg_1379                    |   6|   0|    6|          0|
    |j_3_reg_1554                    |   6|   0|    6|          0|
    |j_4_reg_1453                    |   6|   0|    6|          0|
    |j_i_reg_540                     |   6|   0|    6|          0|
    |j_reg_400                       |   6|   0|    6|          0|
    |min_distance_i_reg_493          |  32|   0|   32|          0|
    |new_centroids_addr_1_reg_1615   |  10|   0|   10|          0|
    |new_centroids_addr_reg_1569     |  10|   0|   10|          0|
    |next_mul1_reg_1574              |  10|   0|   10|          0|
    |next_mul2_reg_1363              |  10|   0|   10|          0|
    |next_mul4_reg_1427              |  10|   0|   10|          0|
    |next_mul6_reg_1404              |  16|   0|   16|          0|
    |next_mul8_reg_1525              |  10|   0|   10|          0|
    |next_mul_reg_1324               |  16|   0|   16|          0|
    |np_cluster_addr_1_reg_1587      |   5|   0|    5|          0|
    |np_cluster_addr_reg_1520        |   5|   0|    5|          0|
    |outStream_V_data_V_1_payload_A  |  32|   0|   32|          0|
    |outStream_V_data_V_1_payload_B  |  32|   0|   32|          0|
    |outStream_V_data_V_1_sel_rd     |   1|   0|    1|          0|
    |outStream_V_data_V_1_sel_wr     |   1|   0|    1|          0|
    |outStream_V_data_V_1_state      |   2|   0|    2|          0|
    |outStream_V_dest_V_1_payload_A  |   6|   0|    6|          0|
    |outStream_V_dest_V_1_payload_B  |   6|   0|    6|          0|
    |outStream_V_dest_V_1_sel_rd     |   1|   0|    1|          0|
    |outStream_V_dest_V_1_sel_wr     |   1|   0|    1|          0|
    |outStream_V_dest_V_1_state      |   2|   0|    2|          0|
    |outStream_V_id_V_1_payload_A    |   5|   0|    5|          0|
    |outStream_V_id_V_1_payload_B    |   5|   0|    5|          0|
    |outStream_V_id_V_1_sel_rd       |   1|   0|    1|          0|
    |outStream_V_id_V_1_sel_wr       |   1|   0|    1|          0|
    |outStream_V_id_V_1_state        |   2|   0|    2|          0|
    |outStream_V_keep_V_1_payload_A  |   4|   0|    4|          0|
    |outStream_V_keep_V_1_payload_B  |   4|   0|    4|          0|
    |outStream_V_keep_V_1_sel_rd     |   1|   0|    1|          0|
    |outStream_V_keep_V_1_sel_wr     |   1|   0|    1|          0|
    |outStream_V_keep_V_1_state      |   2|   0|    2|          0|
    |outStream_V_last_V_1_payload_A  |   1|   0|    1|          0|
    |outStream_V_last_V_1_payload_B  |   1|   0|    1|          0|
    |outStream_V_last_V_1_sel_rd     |   1|   0|    1|          0|
    |outStream_V_last_V_1_sel_wr     |   1|   0|    1|          0|
    |outStream_V_last_V_1_state      |   2|   0|    2|          0|
    |outStream_V_strb_V_1_payload_A  |   4|   0|    4|          0|
    |outStream_V_strb_V_1_payload_B  |   4|   0|    4|          0|
    |outStream_V_strb_V_1_sel_rd     |   1|   0|    1|          0|
    |outStream_V_strb_V_1_sel_wr     |   1|   0|    1|          0|
    |outStream_V_strb_V_1_state      |   2|   0|    2|          0|
    |outStream_V_user_V_1_payload_A  |   2|   0|    2|          0|
    |outStream_V_user_V_1_payload_B  |   2|   0|    2|          0|
    |outStream_V_user_V_1_sel_rd     |   1|   0|    1|          0|
    |outStream_V_user_V_1_sel_wr     |   1|   0|    1|          0|
    |outStream_V_user_V_1_state      |   2|   0|    2|          0|
    |phi_mul1_reg_422                |  10|   0|   10|          0|
    |phi_mul3_reg_516                |  10|   0|   10|          0|
    |phi_mul5_reg_468                |  16|   0|   16|          0|
    |phi_mul7_reg_562                |  10|   0|   10|          0|
    |phi_mul9_reg_597                |  10|   0|   10|          0|
    |phi_mul_reg_388                 |  16|   0|   16|          0|
    |points_load_2_reg_1475          |  32|   0|   32|          0|
    |reg_671                         |  32|   0|   32|          0|
    |reg_678                         |  32|   0|   32|          0|
    |reg_684                         |  32|   0|   32|          0|
    |results_addr_1_reg_1445         |  10|   0|   10|          0|
    |results_addr_2_reg_1538         |   5|   0|   10|          5|
    |tmp_10_reg_1543                 |   1|   0|    1|          0|
    |tmp_19_reg_1620                 |  32|   0|   32|          0|
    |tmp_20_reg_1625                 |  32|   0|   32|          0|
    |tmp_22_reg_1384                 |  10|   0|   10|          0|
    |tmp_27_reg_1559                 |  11|   0|   11|          0|
    |tmp_3_reg_1359                  |   1|   0|    1|          0|
    |tmp_41_reg_1600                 |  10|   0|   10|          0|
    |tmp_4_reg_1337                  |   6|   0|    6|          0|
    |tmp_51_cast_reg_1610            |  10|   0|   64|         54|
    |tmp_6_i_reg_1485                |  32|   0|   32|          0|
    |tmp_6_reg_1354                  |  16|   0|   16|          0|
    |tmp_7_i_reg_1490                |  32|   0|   32|          0|
    |tmp_8_reg_1417                  |  10|   0|   64|         54|
    |valOut_last_V_reg_1643          |   1|   0|    1|          0|
    |valref_dest_V                   |   6|   0|    6|          0|
    |valref_id_V                     |   5|   0|    5|          0|
    |valref_keep_V                   |   4|   0|    4|          0|
    |valref_strb_V                   |   4|   0|    4|          0|
    |valref_user_V                   |   2|   0|    2|          0|
    +--------------------------------+----+----+-----+-----------+
    |Total                           |1291|   0| 1463|        172|
    +--------------------------------+----+----+-----+-----------+



================================================================
== Interface
================================================================
* Summary: 
+------------------------+-----+-----+------------+--------------------+--------------+
|        RTL Ports       | Dir | Bits|  Protocol  |    Source Object   |    C Type    |
+------------------------+-----+-----+------------+--------------------+--------------+
|s_axi_CRTL_BUS_AWVALID  |  in |    1|    s_axi   |      CRTL_BUS      |    scalar    |
|s_axi_CRTL_BUS_AWREADY  | out |    1|    s_axi   |      CRTL_BUS      |    scalar    |
|s_axi_CRTL_BUS_AWADDR   |  in |    5|    s_axi   |      CRTL_BUS      |    scalar    |
|s_axi_CRTL_BUS_WVALID   |  in |    1|    s_axi   |      CRTL_BUS      |    scalar    |
|s_axi_CRTL_BUS_WREADY   | out |    1|    s_axi   |      CRTL_BUS      |    scalar    |
|s_axi_CRTL_BUS_WDATA    |  in |   32|    s_axi   |      CRTL_BUS      |    scalar    |
|s_axi_CRTL_BUS_WSTRB    |  in |    4|    s_axi   |      CRTL_BUS      |    scalar    |
|s_axi_CRTL_BUS_ARVALID  |  in |    1|    s_axi   |      CRTL_BUS      |    scalar    |
|s_axi_CRTL_BUS_ARREADY  | out |    1|    s_axi   |      CRTL_BUS      |    scalar    |
|s_axi_CRTL_BUS_ARADDR   |  in |    5|    s_axi   |      CRTL_BUS      |    scalar    |
|s_axi_CRTL_BUS_RVALID   | out |    1|    s_axi   |      CRTL_BUS      |    scalar    |
|s_axi_CRTL_BUS_RREADY   |  in |    1|    s_axi   |      CRTL_BUS      |    scalar    |
|s_axi_CRTL_BUS_RDATA    | out |   32|    s_axi   |      CRTL_BUS      |    scalar    |
|s_axi_CRTL_BUS_RRESP    | out |    2|    s_axi   |      CRTL_BUS      |    scalar    |
|s_axi_CRTL_BUS_BVALID   | out |    1|    s_axi   |      CRTL_BUS      |    scalar    |
|s_axi_CRTL_BUS_BREADY   |  in |    1|    s_axi   |      CRTL_BUS      |    scalar    |
|s_axi_CRTL_BUS_BRESP    | out |    2|    s_axi   |      CRTL_BUS      |    scalar    |
|ap_clk                  |  in |    1| ap_ctrl_hs |       doKmean      | return value |
|ap_rst_n                |  in |    1| ap_ctrl_hs |       doKmean      | return value |
|interrupt               | out |    1| ap_ctrl_hs |       doKmean      | return value |
|inStream_TDATA          |  in |   32|    axis    |  inStream_V_data_V |    pointer   |
|inStream_TVALID         |  in |    1|    axis    |  inStream_V_dest_V |    pointer   |
|inStream_TREADY         | out |    1|    axis    |  inStream_V_dest_V |    pointer   |
|inStream_TDEST          |  in |    6|    axis    |  inStream_V_dest_V |    pointer   |
|inStream_TKEEP          |  in |    4|    axis    |  inStream_V_keep_V |    pointer   |
|inStream_TSTRB          |  in |    4|    axis    |  inStream_V_strb_V |    pointer   |
|inStream_TUSER          |  in |    2|    axis    |  inStream_V_user_V |    pointer   |
|inStream_TLAST          |  in |    1|    axis    |  inStream_V_last_V |    pointer   |
|inStream_TID            |  in |    5|    axis    |   inStream_V_id_V  |    pointer   |
|outStream_TDATA         | out |   32|    axis    | outStream_V_data_V |    pointer   |
|outStream_TVALID        | out |    1|    axis    | outStream_V_dest_V |    pointer   |
|outStream_TREADY        |  in |    1|    axis    | outStream_V_dest_V |    pointer   |
|outStream_TDEST         | out |    6|    axis    | outStream_V_dest_V |    pointer   |
|outStream_TKEEP         | out |    4|    axis    | outStream_V_keep_V |    pointer   |
|outStream_TSTRB         | out |    4|    axis    | outStream_V_strb_V |    pointer   |
|outStream_TUSER         | out |    2|    axis    | outStream_V_user_V |    pointer   |
|outStream_TLAST         | out |    1|    axis    | outStream_V_last_V |    pointer   |
|outStream_TID           | out |    5|    axis    |  outStream_V_id_V  |    pointer   |
+------------------------+-----+-----+------------+--------------------+--------------+

