INFO: [SIM 2] *************** CSIM start ***************
INFO: [SIM 4] CSIM will launch GCC as the compiler.
   Compiling ../../../test_kmeans.cpp in debug mode
   Compiling ../../../kmeans.cpp in debug mode
   Generating csim.exe
Value is 12 
Value is 7 
Value is 8 
Value is 0 
Value is 17 
Value is 18 
Value is 1 
Value is 9 
Value is 15 
Value is 6 
Value is 10 
Value is 14 
Value is 5 
Value is 4 
Value is 19 
Value is 3 
Value is 13 
Value is 2 
Value is 16 
Value is 11 
Value is 0 
WARNING: Hls::stream 'hls::stream<ap_axis<32, 2, 5, 6> >.2' contains leftover data, which may result in RTL simulation hanging.
INFO: [SIM 1] CSim done with 0 errors.
INFO: [SIM 3] *************** CSIM finish ***************
