

================================================================
== Vivado HLS Report for 'doKmean'
================================================================
* Date:           Thu Nov 29 01:54:33 2018

* Version:        2018.2 (Build 2258646 on Thu Jun 14 20:25:20 MDT 2018)
* Project:        kmeans
* Solution:       solution1
* Product family: zynq
* Target device:  xc7z020clg484-1


================================================================
== Performance Estimates
================================================================
+ Timing (ns): 
    * Summary: 
    +--------+-------+----------+------------+
    |  Clock | Target| Estimated| Uncertainty|
    +--------+-------+----------+------------+
    |ap_clk  |  10.00|     8.735|        1.25|
    +--------+-------+----------+------------+

+ Latency (clock cycles): 
    * Summary: 
    +--------+--------+--------+--------+---------+
    |     Latency     |     Interval    | Pipeline|
    |   min  |   max  |   min  |   max  |   Type  |
    +--------+--------+--------+--------+---------+
    |  335808|  361910|  335808|  361910|   none  |
    +--------+--------+--------+--------+---------+

    + Detail: 
        * Instance: 
        N/A

        * Loop: 
        +-----------------+--------+--------+----------+-----------+-----------+------+----------+
        |                 |     Latency     | Iteration|  Initiation Interval  | Trip |          |
        |    Loop Name    |   min  |   max  |  Latency |  achieved |   target  | Count| Pipelined|
        +-----------------+--------+--------+----------+-----------+-----------+------+----------+
        |- Loop 1         |    2040|    2040|       102|          -|          -|    20|    no    |
        | + Loop 1.1      |     100|     100|         2|          -|          -|    50|    no    |
        |- Loop 2         |    2040|    2040|       102|          -|          -|    20|    no    |
        | + Loop 2.1      |     100|     100|         2|          -|          -|    50|    no    |
        |- Loop 3         |      21|      21|         1|          -|          -|    21|    no    |
        |- Loop 4         |  333700|  333700|     16685|          -|          -|    20|    no    |
        | + Loop 4.1      |   16280|   16280|       814|          -|          -|    20|    no    |
        |  ++ Loop 4.1.1  |     800|     800|        16|          -|          -|    50|    no    |
        | + Loop 4.2      |     400|     400|         8|          -|          -|    50|    no    |
        |- Loop 5         |   24040|   24040|      1202|          -|          -|    20|    no    |
        | + Loop 5.1      |    1200|    1200|        24|          -|          -|    50|    no    |
        |- Loop 6         |      63|      63|         3|          -|          -|    21|    no    |
        +-----------------+--------+--------+----------+-----------+-----------+------+----------+



================================================================
== Utilization Estimates
================================================================
* Summary: 
+-----------------+---------+-------+--------+-------+
|       Name      | BRAM_18K| DSP48E|   FF   |  LUT  |
+-----------------+---------+-------+--------+-------+
|DSP              |        -|      1|       -|      -|
|Expression       |        -|      -|       0|    877|
|FIFO             |        -|      -|       -|      -|
|Instance         |        0|      7|    2199|   3607|
|Memory           |        7|      -|      64|     10|
|Multiplexer      |        -|      -|       -|   1109|
|Register         |        -|      -|    1170|      -|
+-----------------+---------+-------+--------+-------+
|Total            |        7|      8|    3433|   5603|
+-----------------+---------+-------+--------+-------+
|Available        |      280|    220|  106400|  53200|
+-----------------+---------+-------+--------+-------+
|Utilization (%)  |        2|      3|       3|     10|
+-----------------+---------+-------+--------+-------+

+ Detail: 
    * Instance: 
    +--------------------------+------------------------+---------+-------+-----+-----+
    |         Instance         |         Module         | BRAM_18K| DSP48E|  FF | LUT |
    +--------------------------+------------------------+---------+-------+-----+-----+
    |doKmean_CRTL_BUS_s_axi_U  |doKmean_CRTL_BUS_s_axi  |        0|      0|   74|  104|
    |doKmean_faddfsub_cud_U1   |doKmean_faddfsub_cud    |        0|      2|  205|  390|
    |doKmean_fcmp_32nshbi_U6   |doKmean_fcmp_32nshbi    |        0|      0|   66|  239|
    |doKmean_fdiv_32nsfYi_U4   |doKmean_fdiv_32nsfYi    |        0|      0|  761|  994|
    |doKmean_fmul_32nseOg_U3   |doKmean_fmul_32nseOg    |        0|      3|  143|  321|
    |doKmean_fsqrt_32nibs_U7   |doKmean_fsqrt_32nibs    |        0|      0|  405|  615|
    |doKmean_fsub_32nsdEe_U2   |doKmean_fsub_32nsdEe    |        0|      2|  205|  390|
    |doKmean_sitofp_32g8j_U5   |doKmean_sitofp_32g8j    |        0|      0|  340|  554|
    +--------------------------+------------------------+---------+-------+-----+-----+
    |Total                     |                        |        0|      7| 2199| 3607|
    +--------------------------+------------------------+---------+-------+-----+-----+

    * DSP48: 
    +-------------------------+----------------------+-----------+
    |         Instance        |        Module        | Expression|
    +-------------------------+----------------------+-----------+
    |doKmean_mul_mul_7jbC_U8  |doKmean_mul_mul_7jbC  |  i0 * i1  |
    +-------------------------+----------------------+-----------+

    * Memory: 
    +-----------------+----------------------+---------+----+----+------+-----+------+-------------+
    |      Memory     |        Module        | BRAM_18K| FF | LUT| Words| Bits| Banks| W*Bits*Banks|
    +-----------------+----------------------+---------+----+----+------+-----+------+-------------+
    |centroids_U      |doKmean_centroids     |        2|   0|   0|  1000|   32|     1|        32000|
    |new_centroids_U  |doKmean_new_centrbkb  |        2|   0|   0|  1000|   32|     1|        32000|
    |np_cluster_U     |doKmean_np_cluster    |        0|  64|  10|    20|   32|     1|          640|
    |points_U         |doKmean_points        |        2|   0|   0|  1000|   32|     1|        32000|
    |results_U        |doKmean_results       |        1|   0|   0|   101|   32|     1|         3232|
    +-----------------+----------------------+---------+----+----+------+-----+------+-------------+
    |Total            |                      |        7|  64|  10|  3121|  160|     5|        99872|
    +-----------------+----------------------+---------+----+----+------+-----+------+-------------+

    * FIFO: 
    N/A

    * Expression: 
    +-------------------------------------+----------+-------+---+----+------------+------------+
    |            Variable Name            | Operation| DSP48E| FF| LUT| Bitwidth P0| Bitwidth P1|
    +-------------------------------------+----------+-------+---+----+------------+------------+
    |c_1_fu_1096_p2                       |     +    |      0|  0|  15|           5|           1|
    |c_2_fu_875_p2                        |     +    |      0|  0|  15|           5|           1|
    |f_1_fu_1113_p2                       |     +    |      0|  0|  15|           6|           1|
    |i_1_fu_629_p2                        |     +    |      0|  0|  15|           5|           1|
    |i_2_fu_808_p2                        |     +    |      0|  0|  15|           5|           1|
    |i_3_fu_765_p2                        |     +    |      0|  0|  15|           5|           1|
    |i_4_fu_836_p2                        |     +    |      0|  0|  15|           5|           1|
    |idx_1_fu_1139_p2                     |     +    |      0|  0|  15|           5|           1|
    |j_1_fu_646_p2                        |     +    |      0|  0|  15|           6|           1|
    |j_2_fu_777_p2                        |     +    |      0|  0|  15|           6|           1|
    |j_3_fu_887_p2                        |     +    |      0|  0|  15|           6|           1|
    |j_4_fu_1049_p2                       |     +    |      0|  0|  15|           6|           1|
    |next_mul2_fu_753_p2                  |     +    |      0|  0|  14|          10|           6|
    |next_mul4_fu_859_p2                  |     +    |      0|  0|  14|          10|           6|
    |next_mul6_fu_824_p2                  |     +    |      0|  0|  14|          10|           6|
    |next_mul8_fu_1084_p2                 |     +    |      0|  0|  14|          10|           6|
    |next_mul_fu_617_p2                   |     +    |      0|  0|  14|          10|           6|
    |tmp_13_fu_1036_p2                    |     +    |      0|  0|  39|           1|          32|
    |tmp_15_fu_787_p2                     |     +    |      0|  0|  14|          10|          10|
    |tmp_31_fu_897_p2                     |     +    |      0|  0|  14|          10|          10|
    |tmp_32_fu_908_p2                     |     +    |      0|  0|  14|          10|          10|
    |tmp_33_fu_1123_p2                    |     +    |      0|  0|  14|          10|          10|
    |tmp_34_fu_1063_p2                    |     +    |      0|  0|  13|          11|          11|
    |tmp_35_fu_1073_p2                    |     +    |      0|  0|  14|          10|          10|
    |tmp_s_fu_656_p2                      |     +    |      0|  0|  14|          10|          10|
    |inStream_V_data_V_0_load_A           |    and   |      0|  0|   2|           1|           1|
    |inStream_V_data_V_0_load_B           |    and   |      0|  0|   2|           1|           1|
    |inStream_V_dest_V_0_load_A           |    and   |      0|  0|   2|           1|           1|
    |inStream_V_dest_V_0_load_B           |    and   |      0|  0|   2|           1|           1|
    |inStream_V_id_V_0_load_A             |    and   |      0|  0|   2|           1|           1|
    |inStream_V_id_V_0_load_B             |    and   |      0|  0|   2|           1|           1|
    |inStream_V_keep_V_0_load_A           |    and   |      0|  0|   2|           1|           1|
    |inStream_V_keep_V_0_load_B           |    and   |      0|  0|   2|           1|           1|
    |inStream_V_strb_V_0_load_A           |    and   |      0|  0|   2|           1|           1|
    |inStream_V_strb_V_0_load_B           |    and   |      0|  0|   2|           1|           1|
    |inStream_V_user_V_0_load_A           |    and   |      0|  0|   2|           1|           1|
    |inStream_V_user_V_0_load_B           |    and   |      0|  0|   2|           1|           1|
    |outStream_V_data_V_1_load_A          |    and   |      0|  0|   2|           1|           1|
    |outStream_V_data_V_1_load_B          |    and   |      0|  0|   2|           1|           1|
    |outStream_V_dest_V_1_load_A          |    and   |      0|  0|   2|           1|           1|
    |outStream_V_dest_V_1_load_B          |    and   |      0|  0|   2|           1|           1|
    |outStream_V_id_V_1_load_A            |    and   |      0|  0|   2|           1|           1|
    |outStream_V_id_V_1_load_B            |    and   |      0|  0|   2|           1|           1|
    |outStream_V_keep_V_1_load_A          |    and   |      0|  0|   2|           1|           1|
    |outStream_V_keep_V_1_load_B          |    and   |      0|  0|   2|           1|           1|
    |outStream_V_last_V_1_load_A          |    and   |      0|  0|   2|           1|           1|
    |outStream_V_last_V_1_load_B          |    and   |      0|  0|   2|           1|           1|
    |outStream_V_strb_V_1_load_A          |    and   |      0|  0|   2|           1|           1|
    |outStream_V_strb_V_1_load_B          |    and   |      0|  0|   2|           1|           1|
    |outStream_V_user_V_1_load_A          |    and   |      0|  0|   2|           1|           1|
    |outStream_V_user_V_1_load_B          |    and   |      0|  0|   2|           1|           1|
    |tmp_28_fu_990_p2                     |    and   |      0|  0|   2|           1|           1|
    |tmp_30_fu_996_p2                     |    and   |      0|  0|   2|           1|           1|
    |exitcond1_fu_623_p2                  |   icmp   |      0|  0|  11|           5|           5|
    |exitcond1_i_fu_869_p2                |   icmp   |      0|  0|  11|           5|           5|
    |exitcond2_fu_640_p2                  |   icmp   |      0|  0|  11|           6|           5|
    |exitcond3_fu_759_p2                  |   icmp   |      0|  0|  11|           5|           5|
    |exitcond4_fu_802_p2                  |   icmp   |      0|  0|  11|           5|           5|
    |exitcond5_fu_771_p2                  |   icmp   |      0|  0|  11|           6|           5|
    |exitcond6_fu_830_p2                  |   icmp   |      0|  0|  11|           5|           5|
    |exitcond7_fu_1090_p2                 |   icmp   |      0|  0|  11|           5|           5|
    |exitcond8_fu_1043_p2                 |   icmp   |      0|  0|  11|           6|           5|
    |exitcond9_fu_1107_p2                 |   icmp   |      0|  0|  11|           6|           5|
    |exitcond_fu_1133_p2                  |   icmp   |      0|  0|  11|           5|           5|
    |exitcond_i_fu_881_p2                 |   icmp   |      0|  0|  11|           6|           5|
    |inStream_V_data_V_0_state_cmp_full   |   icmp   |      0|  0|   8|           2|           1|
    |inStream_V_dest_V_0_state_cmp_full   |   icmp   |      0|  0|   8|           2|           1|
    |inStream_V_id_V_0_state_cmp_full     |   icmp   |      0|  0|   8|           2|           1|
    |inStream_V_keep_V_0_state_cmp_full   |   icmp   |      0|  0|   8|           2|           1|
    |inStream_V_strb_V_0_state_cmp_full   |   icmp   |      0|  0|   8|           2|           1|
    |inStream_V_user_V_0_state_cmp_full   |   icmp   |      0|  0|   8|           2|           1|
    |notlhs1_fu_972_p2                    |   icmp   |      0|  0|  11|           8|           2|
    |notlhs_fu_954_p2                     |   icmp   |      0|  0|  11|           8|           2|
    |notrhs1_fu_978_p2                    |   icmp   |      0|  0|  18|          23|           1|
    |notrhs_fu_960_p2                     |   icmp   |      0|  0|  18|          23|           1|
    |outStream_V_data_V_1_state_cmp_full  |   icmp   |      0|  0|   8|           2|           1|
    |outStream_V_dest_V_1_state_cmp_full  |   icmp   |      0|  0|   8|           2|           1|
    |outStream_V_id_V_1_state_cmp_full    |   icmp   |      0|  0|   8|           2|           1|
    |outStream_V_keep_V_1_state_cmp_full  |   icmp   |      0|  0|   8|           2|           1|
    |outStream_V_last_V_1_state_cmp_full  |   icmp   |      0|  0|   8|           2|           1|
    |outStream_V_strb_V_1_state_cmp_full  |   icmp   |      0|  0|   8|           2|           1|
    |outStream_V_user_V_1_state_cmp_full  |   icmp   |      0|  0|   8|           2|           1|
    |tmp_11_fu_1016_p2                    |   icmp   |      0|  0|  18|          32|          32|
    |tmp_4_fu_688_p2                      |   icmp   |      0|  0|  11|           6|           1|
    |tmp_9_fu_853_p2                      |   icmp   |      0|  0|   8|           2|           1|
    |tmp_fu_635_p2                        |   icmp   |      0|  0|  18|          32|           1|
    |valOut_last_V_fu_1150_p2             |   icmp   |      0|  0|  11|           5|           5|
    |ap_block_state74                     |    or    |      0|  0|   2|           1|           1|
    |tmp_26_fu_966_p2                     |    or    |      0|  0|   2|           1|           1|
    |tmp_27_fu_984_p2                     |    or    |      0|  0|   2|           1|           1|
    |tmp_5_fu_666_p2                      |    or    |      0|  0|   5|           5|           5|
    |cluster_2_fu_1002_p3                 |  select  |      0|  0|  32|           1|          32|
    |min_distance_1_fu_1009_p3            |  select  |      0|  0|  32|           1|          32|
    +-------------------------------------+----------+-------+---+----+------------+------------+
    |Total                                |          |      0|  0| 877|         455|         364|
    +-------------------------------------+----------+-------+---+----+------------+------------+

    * Multiplexer: 
    +-------------------------------+-----+-----------+-----+-----------+
    |              Name             | LUT | Input Size| Bits| Total Bits|
    +-------------------------------+-----+-----------+-----+-----------+
    |ap_NS_fsm                      |  341|         77|    1|         77|
    |c_reg_517                      |    9|          2|    5|         10|
    |centroids_address0             |   15|          3|   10|         30|
    |centroids_address1             |   15|          3|   10|         30|
    |cluster_1_reg_460              |    9|          2|    5|         10|
    |cluster_reg_435                |    9|          2|   32|         64|
    |distance_i_reg_483             |    9|          2|   32|         64|
    |f_reg_540                      |    9|          2|    6|         12|
    |grp_fu_562_opcode              |   15|          3|    2|          6|
    |grp_fu_562_p0                  |   21|          4|   32|        128|
    |grp_fu_562_p1                  |   21|          4|   32|        128|
    |i1_reg_367                     |    9|          2|    5|         10|
    |i5_reg_401                     |    9|          2|    5|         10|
    |i6_reg_412                     |    9|          2|    5|         10|
    |i_reg_332                      |    9|          2|    5|         10|
    |idx_reg_551                    |    9|          2|    5|         10|
    |inStream_TDATA_blk_n           |    9|          2|    1|          2|
    |inStream_V_data_V_0_data_out   |    9|          2|   32|         64|
    |inStream_V_data_V_0_state      |   15|          3|    2|          6|
    |inStream_V_dest_V_0_data_out   |    9|          2|    6|         12|
    |inStream_V_dest_V_0_state      |   15|          3|    2|          6|
    |inStream_V_id_V_0_data_out     |    9|          2|    5|         10|
    |inStream_V_id_V_0_state        |   15|          3|    2|          6|
    |inStream_V_keep_V_0_data_out   |    9|          2|    4|          8|
    |inStream_V_keep_V_0_state      |   15|          3|    2|          6|
    |inStream_V_strb_V_0_data_out   |    9|          2|    4|          8|
    |inStream_V_strb_V_0_state      |   15|          3|    2|          6|
    |inStream_V_user_V_0_data_out   |    9|          2|    2|          4|
    |inStream_V_user_V_0_state      |   15|          3|    2|          6|
    |j2_reg_390                     |    9|          2|    6|         12|
    |j7_reg_506                     |    9|          2|    6|         12|
    |j_i_reg_495                    |    9|          2|    6|         12|
    |j_reg_356                      |    9|          2|    6|         12|
    |min_distance_i_reg_448         |    9|          2|   32|         64|
    |new_centroids_address0         |   27|          5|   10|         50|
    |new_centroids_d0               |   15|          3|   32|         96|
    |np_cluster_address0            |   21|          4|    5|         20|
    |np_cluster_d0                  |   15|          3|   32|         96|
    |outStream_TDATA_blk_n          |    9|          2|    1|          2|
    |outStream_V_data_V_1_data_out  |    9|          2|   32|         64|
    |outStream_V_data_V_1_state     |   15|          3|    2|          6|
    |outStream_V_dest_V_1_data_out  |    9|          2|    6|         12|
    |outStream_V_dest_V_1_state     |   15|          3|    2|          6|
    |outStream_V_id_V_1_data_out    |    9|          2|    5|         10|
    |outStream_V_id_V_1_state       |   15|          3|    2|          6|
    |outStream_V_keep_V_1_data_out  |    9|          2|    4|          8|
    |outStream_V_keep_V_1_state     |   15|          3|    2|          6|
    |outStream_V_last_V_1_data_out  |    9|          2|    1|          2|
    |outStream_V_last_V_1_state     |   15|          3|    2|          6|
    |outStream_V_strb_V_1_data_out  |    9|          2|    4|          8|
    |outStream_V_strb_V_1_state     |   15|          3|    2|          6|
    |outStream_V_user_V_1_data_out  |    9|          2|    2|          4|
    |outStream_V_user_V_1_state     |   15|          3|    2|          6|
    |phi_mul1_reg_378               |    9|          2|   10|         20|
    |phi_mul3_reg_471               |    9|          2|   10|         20|
    |phi_mul5_reg_423               |    9|          2|   10|         20|
    |phi_mul7_reg_528               |    9|          2|   10|         20|
    |phi_mul_reg_344                |    9|          2|   10|         20|
    |points_address0                |   15|          3|   10|         30|
    |points_address1                |   15|          3|   10|         30|
    |reg_598                        |    9|          2|   32|         64|
    |results_address0               |   33|          6|    7|         42|
    |results_d0                     |   21|          4|   32|        128|
    +-------------------------------+-----+-----------+-----+-----------+
    |Total                          | 1109|        236|  603|       1673|
    +-------------------------------+-----+-----------+-----+-----------+

    * Register: 
    +--------------------------------+----+----+-----+-----------+
    |              Name              | FF | LUT| Bits| Const Bits|
    +--------------------------------+----+----+-----+-----------+
    |ap_CS_fsm                       |  76|   0|   76|          0|
    |c_1_reg_1423                    |   5|   0|    5|          0|
    |c_2_reg_1307                    |   5|   0|    5|          0|
    |c_reg_517                       |   5|   0|    5|          0|
    |centroids_load_1_reg_1347       |  32|   0|   32|          0|
    |centroids_load_reg_1337         |  32|   0|   32|          0|
    |cluster_1_cast6_reg_1299        |   5|   0|   32|         27|
    |cluster_1_reg_460               |   5|   0|    5|          0|
    |cluster_reg_435                 |  32|   0|   32|          0|
    |distance_2_reg_1367             |  32|   0|   32|          0|
    |distance_i_reg_483              |  32|   0|   32|          0|
    |end_cast_reg_1285               |   1|   0|   32|         31|
    |end_fu_136                      |   1|   0|    2|          1|
    |f_1_reg_1436                    |   6|   0|    6|          0|
    |f_reg_540                       |   6|   0|    6|          0|
    |gain_read_reg_1187              |  32|   0|   32|          0|
    |i1_reg_367                      |   5|   0|    5|          0|
    |i5_reg_401                      |   5|   0|    5|          0|
    |i6_reg_412                      |   5|   0|    5|          0|
    |i_1_reg_1200                    |   5|   0|    5|          0|
    |i_3_reg_1234                    |   5|   0|    5|          0|
    |i_4_reg_1275                    |   5|   0|    5|          0|
    |i_reg_332                       |   5|   0|    5|          0|
    |idx_1_reg_1474                  |   5|   0|    5|          0|
    |idx_reg_551                     |   5|   0|    5|          0|
    |inStream_V_data_V_0_payload_A   |  32|   0|   32|          0|
    |inStream_V_data_V_0_payload_B   |  32|   0|   32|          0|
    |inStream_V_data_V_0_sel_rd      |   1|   0|    1|          0|
    |inStream_V_data_V_0_sel_wr      |   1|   0|    1|          0|
    |inStream_V_data_V_0_state       |   2|   0|    2|          0|
    |inStream_V_dest_V_0_payload_A   |   6|   0|    6|          0|
    |inStream_V_dest_V_0_payload_B   |   6|   0|    6|          0|
    |inStream_V_dest_V_0_sel_rd      |   1|   0|    1|          0|
    |inStream_V_dest_V_0_sel_wr      |   1|   0|    1|          0|
    |inStream_V_dest_V_0_state       |   2|   0|    2|          0|
    |inStream_V_id_V_0_payload_A     |   5|   0|    5|          0|
    |inStream_V_id_V_0_payload_B     |   5|   0|    5|          0|
    |inStream_V_id_V_0_sel_rd        |   1|   0|    1|          0|
    |inStream_V_id_V_0_sel_wr        |   1|   0|    1|          0|
    |inStream_V_id_V_0_state         |   2|   0|    2|          0|
    |inStream_V_keep_V_0_payload_A   |   4|   0|    4|          0|
    |inStream_V_keep_V_0_payload_B   |   4|   0|    4|          0|
    |inStream_V_keep_V_0_sel_rd      |   1|   0|    1|          0|
    |inStream_V_keep_V_0_sel_wr      |   1|   0|    1|          0|
    |inStream_V_keep_V_0_state       |   2|   0|    2|          0|
    |inStream_V_strb_V_0_payload_A   |   4|   0|    4|          0|
    |inStream_V_strb_V_0_payload_B   |   4|   0|    4|          0|
    |inStream_V_strb_V_0_sel_rd      |   1|   0|    1|          0|
    |inStream_V_strb_V_0_sel_wr      |   1|   0|    1|          0|
    |inStream_V_strb_V_0_state       |   2|   0|    2|          0|
    |inStream_V_user_V_0_payload_A   |   2|   0|    2|          0|
    |inStream_V_user_V_0_payload_B   |   2|   0|    2|          0|
    |inStream_V_user_V_0_sel_rd      |   1|   0|    1|          0|
    |inStream_V_user_V_0_sel_wr      |   1|   0|    1|          0|
    |inStream_V_user_V_0_state       |   2|   0|    2|          0|
    |j2_reg_390                      |   6|   0|    6|          0|
    |j7_reg_506                      |   6|   0|    6|          0|
    |j_1_reg_1212                    |   6|   0|    6|          0|
    |j_2_reg_1242                    |   6|   0|    6|          0|
    |j_3_reg_1320                    |   6|   0|    6|          0|
    |j_4_reg_1400                    |   6|   0|    6|          0|
    |j_i_reg_495                     |   6|   0|    6|          0|
    |j_reg_356                       |   6|   0|    6|          0|
    |min_distance_i_reg_448          |  32|   0|   32|          0|
    |new_centroids_addr_1_reg_1456   |  10|   0|   10|          0|
    |new_centroids_addr_reg_1405     |  10|   0|   10|          0|
    |next_mul2_reg_1226              |  10|   0|   10|          0|
    |next_mul4_reg_1294              |  10|   0|   10|          0|
    |next_mul6_reg_1267              |  10|   0|   10|          0|
    |next_mul8_reg_1415              |  10|   0|   10|          0|
    |next_mul_reg_1192               |  10|   0|   10|          0|
    |np_cluster_addr_1_reg_1428      |   5|   0|    5|          0|
    |np_cluster_addr_reg_1387        |   5|   0|    5|          0|
    |outStream_V_data_V_1_payload_A  |  32|   0|   32|          0|
    |outStream_V_data_V_1_payload_B  |  32|   0|   32|          0|
    |outStream_V_data_V_1_sel_rd     |   1|   0|    1|          0|
    |outStream_V_data_V_1_sel_wr     |   1|   0|    1|          0|
    |outStream_V_data_V_1_state      |   2|   0|    2|          0|
    |outStream_V_dest_V_1_payload_A  |   6|   0|    6|          0|
    |outStream_V_dest_V_1_payload_B  |   6|   0|    6|          0|
    |outStream_V_dest_V_1_sel_rd     |   1|   0|    1|          0|
    |outStream_V_dest_V_1_sel_wr     |   1|   0|    1|          0|
    |outStream_V_dest_V_1_state      |   2|   0|    2|          0|
    |outStream_V_id_V_1_payload_A    |   5|   0|    5|          0|
    |outStream_V_id_V_1_payload_B    |   5|   0|    5|          0|
    |outStream_V_id_V_1_sel_rd       |   1|   0|    1|          0|
    |outStream_V_id_V_1_sel_wr       |   1|   0|    1|          0|
    |outStream_V_id_V_1_state        |   2|   0|    2|          0|
    |outStream_V_keep_V_1_payload_A  |   4|   0|    4|          0|
    |outStream_V_keep_V_1_payload_B  |   4|   0|    4|          0|
    |outStream_V_keep_V_1_sel_rd     |   1|   0|    1|          0|
    |outStream_V_keep_V_1_sel_wr     |   1|   0|    1|          0|
    |outStream_V_keep_V_1_state      |   2|   0|    2|          0|
    |outStream_V_last_V_1_payload_A  |   1|   0|    1|          0|
    |outStream_V_last_V_1_payload_B  |   1|   0|    1|          0|
    |outStream_V_last_V_1_sel_rd     |   1|   0|    1|          0|
    |outStream_V_last_V_1_sel_wr     |   1|   0|    1|          0|
    |outStream_V_last_V_1_state      |   2|   0|    2|          0|
    |outStream_V_strb_V_1_payload_A  |   4|   0|    4|          0|
    |outStream_V_strb_V_1_payload_B  |   4|   0|    4|          0|
    |outStream_V_strb_V_1_sel_rd     |   1|   0|    1|          0|
    |outStream_V_strb_V_1_sel_wr     |   1|   0|    1|          0|
    |outStream_V_strb_V_1_state      |   2|   0|    2|          0|
    |outStream_V_user_V_1_payload_A  |   2|   0|    2|          0|
    |outStream_V_user_V_1_payload_B  |   2|   0|    2|          0|
    |outStream_V_user_V_1_sel_rd     |   1|   0|    1|          0|
    |outStream_V_user_V_1_sel_wr     |   1|   0|    1|          0|
    |outStream_V_user_V_1_state      |   2|   0|    2|          0|
    |phi_mul1_reg_378                |  10|   0|   10|          0|
    |phi_mul3_reg_471                |  10|   0|   10|          0|
    |phi_mul5_reg_423                |  10|   0|   10|          0|
    |phi_mul7_reg_528                |  10|   0|   10|          0|
    |phi_mul_reg_344                 |  10|   0|   10|          0|
    |points_load_2_reg_1342          |  32|   0|   32|          0|
    |reg_598                         |  32|   0|   32|          0|
    |reg_605                         |  32|   0|   32|          0|
    |reg_611                         |  32|   0|   32|          0|
    |results_addr_1_reg_1312         |   5|   0|    7|          2|
    |tmp_10_reg_1280                 |   5|   0|   64|         59|
    |tmp_15_reg_1247                 |  10|   0|   10|          0|
    |tmp_18_reg_1461                 |  32|   0|   32|          0|
    |tmp_19_reg_1466                 |  32|   0|   32|          0|
    |tmp_21_reg_1392                 |  11|   0|   11|          0|
    |tmp_33_reg_1441                 |  10|   0|   10|          0|
    |tmp_43_cast_reg_1451            |  10|   0|   64|         54|
    |tmp_4_reg_1222                  |   1|   0|    1|          0|
    |tmp_6_i_reg_1352                |  32|   0|   32|          0|
    |tmp_7_i_reg_1357                |  32|   0|   32|          0|
    |tmp_9_reg_1290                  |   1|   0|    1|          0|
    |tmp_reg_1205                    |   1|   0|    1|          0|
    |tmp_s_reg_1217                  |  10|   0|   10|          0|
    |valOut_last_V_reg_1484          |   1|   0|    1|          0|
    |valref_dest_V                   |   6|   0|    6|          0|
    |valref_id_V                     |   5|   0|    5|          0|
    |valref_keep_V                   |   4|   0|    4|          0|
    |valref_strb_V                   |   4|   0|    4|          0|
    |valref_user_V                   |   2|   0|    2|          0|
    +--------------------------------+----+----+-----+-----------+
    |Total                           |1170|   0| 1344|        174|
    +--------------------------------+----+----+-----+-----------+



================================================================
== Interface
================================================================
* Summary: 
+------------------------+-----+-----+------------+--------------------+--------------+
|        RTL Ports       | Dir | Bits|  Protocol  |    Source Object   |    C Type    |
+------------------------+-----+-----+------------+--------------------+--------------+
|s_axi_CRTL_BUS_AWVALID  |  in |    1|    s_axi   |      CRTL_BUS      |    scalar    |
|s_axi_CRTL_BUS_AWREADY  | out |    1|    s_axi   |      CRTL_BUS      |    scalar    |
|s_axi_CRTL_BUS_AWADDR   |  in |    5|    s_axi   |      CRTL_BUS      |    scalar    |
|s_axi_CRTL_BUS_WVALID   |  in |    1|    s_axi   |      CRTL_BUS      |    scalar    |
|s_axi_CRTL_BUS_WREADY   | out |    1|    s_axi   |      CRTL_BUS      |    scalar    |
|s_axi_CRTL_BUS_WDATA    |  in |   32|    s_axi   |      CRTL_BUS      |    scalar    |
|s_axi_CRTL_BUS_WSTRB    |  in |    4|    s_axi   |      CRTL_BUS      |    scalar    |
|s_axi_CRTL_BUS_ARVALID  |  in |    1|    s_axi   |      CRTL_BUS      |    scalar    |
|s_axi_CRTL_BUS_ARREADY  | out |    1|    s_axi   |      CRTL_BUS      |    scalar    |
|s_axi_CRTL_BUS_ARADDR   |  in |    5|    s_axi   |      CRTL_BUS      |    scalar    |
|s_axi_CRTL_BUS_RVALID   | out |    1|    s_axi   |      CRTL_BUS      |    scalar    |
|s_axi_CRTL_BUS_RREADY   |  in |    1|    s_axi   |      CRTL_BUS      |    scalar    |
|s_axi_CRTL_BUS_RDATA    | out |   32|    s_axi   |      CRTL_BUS      |    scalar    |
|s_axi_CRTL_BUS_RRESP    | out |    2|    s_axi   |      CRTL_BUS      |    scalar    |
|s_axi_CRTL_BUS_BVALID   | out |    1|    s_axi   |      CRTL_BUS      |    scalar    |
|s_axi_CRTL_BUS_BREADY   |  in |    1|    s_axi   |      CRTL_BUS      |    scalar    |
|s_axi_CRTL_BUS_BRESP    | out |    2|    s_axi   |      CRTL_BUS      |    scalar    |
|ap_clk                  |  in |    1| ap_ctrl_hs |       doKmean      | return value |
|ap_rst_n                |  in |    1| ap_ctrl_hs |       doKmean      | return value |
|interrupt               | out |    1| ap_ctrl_hs |       doKmean      | return value |
|inStream_TDATA          |  in |   32|    axis    |  inStream_V_data_V |    pointer   |
|inStream_TVALID         |  in |    1|    axis    |  inStream_V_dest_V |    pointer   |
|inStream_TREADY         | out |    1|    axis    |  inStream_V_dest_V |    pointer   |
|inStream_TDEST          |  in |    6|    axis    |  inStream_V_dest_V |    pointer   |
|inStream_TKEEP          |  in |    4|    axis    |  inStream_V_keep_V |    pointer   |
|inStream_TSTRB          |  in |    4|    axis    |  inStream_V_strb_V |    pointer   |
|inStream_TUSER          |  in |    2|    axis    |  inStream_V_user_V |    pointer   |
|inStream_TLAST          |  in |    1|    axis    |  inStream_V_last_V |    pointer   |
|inStream_TID            |  in |    5|    axis    |   inStream_V_id_V  |    pointer   |
|outStream_TDATA         | out |   32|    axis    | outStream_V_data_V |    pointer   |
|outStream_TVALID        | out |    1|    axis    | outStream_V_dest_V |    pointer   |
|outStream_TREADY        |  in |    1|    axis    | outStream_V_dest_V |    pointer   |
|outStream_TDEST         | out |    6|    axis    | outStream_V_dest_V |    pointer   |
|outStream_TKEEP         | out |    4|    axis    | outStream_V_keep_V |    pointer   |
|outStream_TSTRB         | out |    4|    axis    | outStream_V_strb_V |    pointer   |
|outStream_TUSER         | out |    2|    axis    | outStream_V_user_V |    pointer   |
|outStream_TLAST         | out |    1|    axis    | outStream_V_last_V |    pointer   |
|outStream_TID           | out |    5|    axis    |  outStream_V_id_V  |    pointer   |
+------------------------+-----+-----+------------+--------------------+--------------+

