14:27:20 **** Auto Build of configuration Debug for project count ****
make pre-build main-build 
a9-linaro-pre-build-step
 
Building file: ../src/main.cc
Invoking: ARM v7 g++ compiler
arm-none-eabi-g++ -Wall -O2 -g3 -c -fmessage-length=0 -MT"src/main.o" -mcpu=cortex-a9 -mfpu=vfpv3 -mfloat-abi=hard -I../../standart_bsp/ps7_cortexa9_0/include -MMD -MP -MF"src/main.d" -MT"src/main.o" -o "src/main.o" "../src/main.cc"
../src/main.cc: In function 'void createVector(const char*)':
../src/main.cc:25:16: warning: ISO C++ forbids converting a string constant to 'TCHAR* {aka char*}' [-Wwrite-strings]
  TCHAR *Path = "0:/";
                ^~~~~
../src/main.cc:53:20: warning: comparison between signed and unsigned integer expressions [-Wsign-compare]
   for(int j = 0; j < n_read; j++){
                  ~~^~~~~~~~
../src/main.cc: In function 'int main()':
../src/main.cc:131:8: warning: variable 'count' set but not used [-Wunused-but-set-variable]
  int i,count;
        ^~~~~
../src/main.cc: At global scope:
../src/main.cc:15:13: warning: 'fileName' defined but not used [-Wunused-variable]
 static char fileName[]="data.txt";
             ^~~~~~~~
Finished building: ../src/main.cc
 
Building target: count.elf
Invoking: ARM v7 g++ linker
arm-none-eabi-g++ -mcpu=cortex-a9 -mfpu=vfpv3 -mfloat-abi=hard -Wl,-build-id=none -specs=Xilinx.spec -Wl,-T -Wl,../src/lscript.ld -L../../standart_bsp/ps7_cortexa9_0/lib -o "count.elf"  ./src/main.o   -Wl,--start-group,-lxil,-lgcc,-lc,-lstdc++,--end-group -Wl,--start-group,-lxilffs,-lxil,-lgcc,-lc,--end-group
Finished building target: count.elf
 
Invoking: ARM v7 Print Size
arm-none-eabi-size count.elf  |tee "count.elf.size"
   text	   data	    bss	    dec	    hex	filename
 106216	   2644	  25856	 134716	  20e3c	count.elf
Finished building: count.elf.size
 

14:27:20 Build Finished (took 309ms)

