04:27:22 **** Build of configuration Debug for project quicksort ****
make pre-build main-build 
a9-linaro-pre-build-step
 
Building file: ../src/main_quicksort.c
Invoking: ARM v7 gcc compiler
arm-none-eabi-gcc -Wall -O0 -g3 -c -fmessage-length=0 -MT"src/main_quicksort.o" -mcpu=cortex-a9 -mfpu=vfpv3 -mfloat-abi=hard -I../../sort_bsp_0/ps7_cortexa9_0/include -MMD -MP -MF"src/main_quicksort.d" -MT"src/main_quicksort.o" -o "src/main_quicksort.o" "../src/main_quicksort.c"
../src/main_quicksort.c: In function 'createVector':
../src/main_quicksort.c:28:10: warning: 'return' with a value, in function returning void
   return EXIT_FAILURE;
          ^~~~~~~~~~~~
../src/main_quicksort.c:19:6: note: declared here
 void createVector (const char* nameFile){
      ^~~~~~~~~~~~
At top level:
../src/main_quicksort.c:14:13: warning: 'fileName' defined but not used [-Wunused-variable]
 static char fileName[]="data10e3.txt";
             ^~~~~~~~
Finished building: ../src/main_quicksort.c
 
Building target: quicksort.elf
Invoking: ARM v7 gcc linker
arm-none-eabi-gcc -mcpu=cortex-a9 -mfpu=vfpv3 -mfloat-abi=hard -Wl,-build-id=none -specs=Xilinx.spec -Wl,-T -Wl,../src/lscript.ld -L../../sort_bsp_0/ps7_cortexa9_0/lib -o "quicksort.elf"  ./src/main_quicksort.o   -Wl,--start-group,-lxil,-lgcc,-lc,--end-group -Wl,--start-group,-lxilffs,-lxil,-lgcc,-lc,--end-group
Finished building target: quicksort.elf
 
Invoking: ARM v7 Print Size
arm-none-eabi-size quicksort.elf  |tee "quicksort.elf.size"
   text	   data	    bss	    dec	    hex	filename
 100680	   2652	400025856	400129188	17d97ca4	quicksort.elf
Finished building: quicksort.elf.size
 

04:27:23 Build Finished (took 265ms)

