==============================================================
File generated by Vivado(TM) HLS - High-Level Synthesis from C, C++ and SystemC
Version: 2018.2
Copyright (C) 1986-2018 Xilinx, Inc. All Rights Reserved.

==============================================================

INFO: [SYN 201-201] Setting up clock 'default' with a period of 10ns.
INFO: [HLS 200-10] Setting target device to 'xc7z020clg484-1'
INFO: [HLS 200-10] Analyzing design file 'kmeans/kmeans.cpp' ... 
INFO: [HLS 200-111] Finished Linking Time (s): cpu = 00:00:11 ; elapsed = 00:00:11 . Memory (MB): peak = 372.898 ; gain = 0.293 ; free physical = 357 ; free virtual = 2228
INFO: [HLS 200-111] Finished Checking Pragmas Time (s): cpu = 00:00:11 ; elapsed = 00:00:11 . Memory (MB): peak = 372.898 ; gain = 0.293 ; free physical = 357 ; free virtual = 2228
INFO: [HLS 200-10] Starting code transformations ...
INFO: [HLS 200-111] Finished Standard Transforms Time (s): cpu = 00:00:11 ; elapsed = 00:00:12 . Memory (MB): peak = 372.914 ; gain = 0.309 ; free physical = 347 ; free virtual = 2220
INFO: [HLS 200-10] Checking synthesizability ...
INFO: [XFORM 203-602] Inlining function 'get_cluster' into 'doKmean' (kmeans/kmeans.cpp:49) automatically.
INFO: [HLS 200-111] Finished Checking Synthesizability Time (s): cpu = 00:00:11 ; elapsed = 00:00:12 . Memory (MB): peak = 372.914 ; gain = 0.309 ; free physical = 342 ; free virtual = 2215
INFO: [XFORM 203-502] Unrolling all sub-loops inside loop 'read_p' (kmeans/kmeans.cpp:19) in function 'doKmean' for pipelining.
INFO: [XFORM 203-502] Unrolling all sub-loops inside loop 'read_c' (kmeans/kmeans.cpp:32) in function 'doKmean' for pipelining.
INFO: [XFORM 203-502] Unrolling all sub-loops inside loop 'sumcen' (kmeans/kmeans.cpp:57) in function 'doKmean' for pipelining.
INFO: [XFORM 203-502] Unrolling all sub-loops inside loop 'update' (kmeans/kmeans.cpp:67) in function 'doKmean' for pipelining.
INFO: [XFORM 203-502] Unrolling all loops for pipelining in function 'get_cluster' (kmeans/kmeans.cpp:92).
INFO: [XFORM 203-501] Unrolling loop 'Loop-1.1' (kmeans/kmeans.cpp:20) in function 'doKmean' completely.
INFO: [XFORM 203-501] Unrolling loop 'Loop-2.1' (kmeans/kmeans.cpp:33) in function 'doKmean' completely.
INFO: [XFORM 203-501] Unrolling loop 'Loop-5.1' (kmeans/kmeans.cpp:58) in function 'doKmean' completely.
INFO: [XFORM 203-501] Unrolling loop 'Loop-6.1' (kmeans/kmeans.cpp:68) in function 'doKmean' completely.
INFO: [XFORM 203-501] Unrolling loop 'Loop-1' (kmeans/kmeans.cpp:96) in function 'get_cluster' completely.
INFO: [XFORM 203-501] Unrolling loop 'Loop-1.1' (kmeans/kmeans.cpp:98) in function 'get_cluster' completely.
INFO: [XFORM 203-101] Partitioning array 'centroids'  in dimension 1 completely.
INFO: [HLS 200-111] Finished Pre-synthesis Time (s): cpu = 00:00:19 ; elapsed = 00:00:19 . Memory (MB): peak = 564.605 ; gain = 192.000 ; free physical = 288 ; free virtual = 2166
INFO: [HLS 200-111] Finished Architecture Synthesis Time (s): cpu = 00:00:22 ; elapsed = 00:00:22 . Memory (MB): peak = 564.605 ; gain = 192.000 ; free physical = 154 ; free virtual = 2033
INFO: [HLS 200-10] Starting hardware synthesis ...
INFO: [HLS 200-10] Synthesizing 'doKmean' ...
INFO: [HLS 200-10] ----------------------------------------------------------------
INFO: [HLS 200-42] -- Implementing module 'get_cluster' 
INFO: [HLS 200-10] ----------------------------------------------------------------
INFO: [SCHED 204-11] Starting scheduling ...
INFO: [SCHED 204-61] Pipelining function 'get_cluster'.
WARNING: [SCHED 204-69] Unable to schedule 'load' operation ('data_set_load_100', kmeans/kmeans.cpp:99) on array 'data_set' due to limited memory ports. Please consider using a memory core with more ports or partitioning the array 'data_set'.
INFO: [SCHED 204-61] Unable to satisfy pipeline directive: Unable to pipeline the region.
INFO: [SCHED 204-11] Finished scheduling.
INFO: [HLS 200-111]  Elapsed time: 167.47 seconds; current allocated memory: 280.537 MB.
INFO: [BIND 205-100] Starting micro-architecture generation ...
INFO: [BIND 205-101] Performing variable lifetime analysis.
INFO: [BIND 205-101] Exploring resource sharing.
INFO: [BIND 205-101] Binding ...
INFO: [BIND 205-100] After resource sharing, estimated clock period (10.4551ns) exceeds the target (target clock period: 10ns, clock uncertainty: 1.25ns, effective delay budget: 8.75ns).
INFO: [BIND 205-100] The critical path consists of the following:
	'fsub' operation ('tmp_6_s', kmeans/kmeans.cpp:99) (10.5 ns)
INFO: [BIND 205-100] Finished micro-architecture generation.
INFO: [HLS 200-111]  Elapsed time: 50.01 seconds; current allocated memory: 344.182 MB.
INFO: [HLS 200-10] ----------------------------------------------------------------
INFO: [HLS 200-42] -- Implementing module 'doKmean' 
INFO: [HLS 200-10] ----------------------------------------------------------------
INFO: [SCHED 204-11] Starting scheduling ...
INFO: [SCHED 204-61] Pipelining loop 'read_p'.
WARNING: [SCHED 204-68] Unable to enforce a carried dependence constraint (II = 1, distance = 1, offset = 1)
   between axis read on port 'inStream_V_data_V' (kmeans/kmeans.cpp:21) and axis read on port 'inStream_V_data_V' (kmeans/kmeans.cpp:21).
WARNING: [SCHED 204-68] Unable to enforce a carried dependence constraint (II = 2, distance = 1, offset = 1)
   between axis read on port 'inStream_V_data_V' (kmeans/kmeans.cpp:21) and axis read on port 'inStream_V_data_V' (kmeans/kmeans.cpp:21).
WARNING: [SCHED 204-68] Unable to enforce a carried dependence constraint (II = 3, distance = 1, offset = 1)
   between axis read on port 'inStream_V_data_V' (kmeans/kmeans.cpp:21) and axis read on port 'inStream_V_data_V' (kmeans/kmeans.cpp:21).
WARNING: [SCHED 204-68] Unable to enforce a carried dependence constraint (II = 4, distance = 1, offset = 1)
   between axis read on port 'inStream_V_data_V' (kmeans/kmeans.cpp:21) and axis read on port 'inStream_V_data_V' (kmeans/kmeans.cpp:21).
WARNING: [SCHED 204-68] Unable to enforce a carried dependence constraint (II = 35, distance = 1, offset = 1)
   between axis read on port 'inStream_V_data_V' (kmeans/kmeans.cpp:21) and axis read on port 'inStream_V_data_V' (kmeans/kmeans.cpp:21).
WARNING: [SCHED 204-68] Unable to enforce a carried dependence constraint (II = 43, distance = 1, offset = 1)
   between axis read on port 'inStream_V_data_V' (kmeans/kmeans.cpp:21) and axis read on port 'inStream_V_data_V' (kmeans/kmeans.cpp:21).
WARNING: [SCHED 204-68] Unable to enforce a carried dependence constraint (II = 47, distance = 1, offset = 1)
   between axis read on port 'inStream_V_data_V' (kmeans/kmeans.cpp:21) and axis read on port 'inStream_V_data_V' (kmeans/kmeans.cpp:21).
WARNING: [SCHED 204-68] Unable to enforce a carried dependence constraint (II = 49, distance = 1, offset = 1)
   between axis read on port 'inStream_V_data_V' (kmeans/kmeans.cpp:21) and axis read on port 'inStream_V_data_V' (kmeans/kmeans.cpp:21).
INFO: [SCHED 204-61] Pipelining result : Target II = 1, Final II = 50, Depth = 51.
INFO: [SCHED 204-61] Pipelining loop 'read_c'.
WARNING: [SCHED 204-68] Unable to enforce a carried dependence constraint (II = 1, distance = 1, offset = 1)
   between axis read on port 'inStream_V_data_V' (kmeans/kmeans.cpp:34) and axis read on port 'inStream_V_data_V' (kmeans/kmeans.cpp:34).
WARNING: [SCHED 204-68] Unable to enforce a carried dependence constraint (II = 2, distance = 1, offset = 1)
   between axis read on port 'inStream_V_data_V' (kmeans/kmeans.cpp:34) and axis read on port 'inStream_V_data_V' (kmeans/kmeans.cpp:34).
WARNING: [SCHED 204-68] Unable to enforce a carried dependence constraint (II = 3, distance = 1, offset = 1)
   between axis read on port 'inStream_V_data_V' (kmeans/kmeans.cpp:34) and axis read on port 'inStream_V_data_V' (kmeans/kmeans.cpp:34).
WARNING: [SCHED 204-68] Unable to enforce a carried dependence constraint (II = 4, distance = 1, offset = 1)
   between axis read on port 'inStream_V_data_V' (kmeans/kmeans.cpp:34) and axis read on port 'inStream_V_data_V' (kmeans/kmeans.cpp:34).
WARNING: [SCHED 204-68] Unable to enforce a carried dependence constraint (II = 35, distance = 1, offset = 1)
   between axis read on port 'inStream_V_data_V' (kmeans/kmeans.cpp:34) and axis read on port 'inStream_V_data_V' (kmeans/kmeans.cpp:34).
WARNING: [SCHED 204-68] Unable to enforce a carried dependence constraint (II = 43, distance = 1, offset = 1)
   between axis read on port 'inStream_V_data_V' (kmeans/kmeans.cpp:34) and axis read on port 'inStream_V_data_V' (kmeans/kmeans.cpp:34).
WARNING: [SCHED 204-68] Unable to enforce a carried dependence constraint (II = 47, distance = 1, offset = 1)
   between axis read on port 'inStream_V_data_V' (kmeans/kmeans.cpp:34) and axis read on port 'inStream_V_data_V' (kmeans/kmeans.cpp:34).
WARNING: [SCHED 204-68] Unable to enforce a carried dependence constraint (II = 49, distance = 1, offset = 1)
   between axis read on port 'inStream_V_data_V' (kmeans/kmeans.cpp:34) and axis read on port 'inStream_V_data_V' (kmeans/kmeans.cpp:34).
INFO: [SCHED 204-61] Pipelining result : Target II = 1, Final II = 50, Depth = 51.
WARNING: [SCHED 204-67] Unable to satisfy pipeline directive: subfunction 'get_cluster' is not pipelined.
INFO: [SCHED 204-61] Pipelining loop 'sumcen'.
WARNING: [SCHED 204-68] Unable to enforce a carried dependence constraint (II = 1, distance = 1, offset = 1)
   between 'store' operation (kmeans/kmeans.cpp:59) of variable 'tmp_17_126', kmeans/kmeans.cpp:59 on array 'new_centroids' and 'load' operation ('new_centroids_load', kmeans/kmeans.cpp:59) on array 'new_centroids'.
WARNING: [SCHED 204-68] Unable to enforce a carried dependence constraint (II = 2, distance = 1, offset = 1)
   between 'store' operation (kmeans/kmeans.cpp:59) of variable 'tmp_17_126', kmeans/kmeans.cpp:59 on array 'new_centroids' and 'load' operation ('new_centroids_load', kmeans/kmeans.cpp:59) on array 'new_centroids'.
WARNING: [SCHED 204-68] Unable to enforce a carried dependence constraint (II = 3, distance = 1, offset = 1)
   between 'store' operation (kmeans/kmeans.cpp:59) of variable 'tmp_17_126', kmeans/kmeans.cpp:59 on array 'new_centroids' and 'load' operation ('new_centroids_load', kmeans/kmeans.cpp:59) on array 'new_centroids'.
WARNING: [SCHED 204-68] Unable to enforce a carried dependence constraint (II = 4, distance = 1, offset = 1)
   between 'store' operation (kmeans/kmeans.cpp:59) of variable 'tmp_17_126', kmeans/kmeans.cpp:59 on array 'new_centroids' and 'load' operation ('new_centroids_load', kmeans/kmeans.cpp:59) on array 'new_centroids'.
WARNING: [SCHED 204-69] Unable to schedule 'store' operation (kmeans/kmeans.cpp:59) of variable 'tmp_16_21', kmeans/kmeans.cpp:59 on array 'new_centroids' due to limited memory ports. Please consider using a memory core with more ports or partitioning the array 'new_centroids'.
INFO: [SCHED 204-61] Pipelining result : Target II = 1, Final II = 50, Depth = 60.
INFO: [SCHED 204-61] Pipelining loop 'update'.
WARNING: [SCHED 204-69] Unable to schedule 'load' operation ('np_cluster_load_3', kmeans/kmeans.cpp:69) on array 'np_cluster' due to limited memory ports. Please consider using a memory core with more ports or partitioning the array 'np_cluster'.
WARNING: [SCHED 204-69] Unable to schedule 'store' operation (kmeans/kmeans.cpp:70) of constant 0 on array 'new_centroids' due to limited memory ports. Please consider using a memory core with more ports or partitioning the array 'new_centroids'.
INFO: [SCHED 204-61] Pipelining result : Target II = 1, Final II = 50, Depth = 73.
WARNING: [SCHED 204-21] Estimated clock period (9.634ns) exceeds the target (target clock period: 10ns, clock uncertainty: 1.25ns, effective delay budget: 8.75ns).
WARNING: [SCHED 204-21] The critical path consists of the following:
	'mul' operation ('tmp_303', kmeans/kmeans.cpp:59) (3.36 ns)
	'add' operation ('tmp_304', kmeans/kmeans.cpp:59) (3.02 ns)
	'getelementptr' operation ('new_centroids_addr_2', kmeans/kmeans.cpp:59) (0 ns)
	'load' operation ('new_centroids_load_2', kmeans/kmeans.cpp:59) on array 'new_centroids' (3.25 ns)
INFO: [SCHED 204-11] Finished scheduling.
INFO: [HLS 200-111]  Elapsed time: 39.52 seconds; current allocated memory: 358.244 MB.
INFO: [HLS 200-434] Only 4 loops out of a total 7 loops have been pipelined in this design.
INFO: [BIND 205-100] Starting micro-architecture generation ...
INFO: [BIND 205-101] Performing variable lifetime analysis.
INFO: [BIND 205-101] Exploring resource sharing.
INFO: [BIND 205-101] Binding ...
INFO: [BIND 205-100] Finished micro-architecture generation.
INFO: [HLS 200-111]  Elapsed time: 8.24 seconds; current allocated memory: 370.490 MB.
INFO: [HLS 200-10] ----------------------------------------------------------------
INFO: [HLS 200-10] -- Generating RTL for module 'get_cluster' 
INFO: [HLS 200-10] ----------------------------------------------------------------
INFO: [SYN 201-210] Renamed object name 'doKmean_faddfsub_32ns_32ns_32_5_full_dsp_1' to 'doKmean_faddfsub_bkb' due to the length limit 20
INFO: [SYN 201-210] Renamed object name 'doKmean_fsub_32ns_32ns_32_5_full_dsp_1' to 'doKmean_fsub_32nscud' due to the length limit 20
INFO: [SYN 201-210] Renamed object name 'doKmean_fadd_32ns_32ns_32_5_full_dsp_1' to 'doKmean_fadd_32nsdEe' due to the length limit 20
INFO: [SYN 201-210] Renamed object name 'doKmean_fmul_32ns_32ns_32_4_max_dsp_1' to 'doKmean_fmul_32nseOg' due to the length limit 20
INFO: [SYN 201-210] Renamed object name 'doKmean_fcmp_32ns_32ns_1_1_1' to 'doKmean_fcmp_32nsfYi' due to the length limit 20
INFO: [SYN 201-210] Renamed object name 'doKmean_fsqrt_32ns_32ns_32_12_1' to 'doKmean_fsqrt_32ng8j' due to the length limit 20
INFO: [SYN 201-210] Renamed object name 'doKmean_mul_mul_7ns_10ns_17_1_1' to 'doKmean_mul_mul_7hbi' due to the length limit 20
INFO: [RTGEN 206-100] Generating core module 'doKmean_fadd_32nsdEe': 1 instance(s).
INFO: [RTGEN 206-100] Generating core module 'doKmean_faddfsub_bkb': 2 instance(s).
INFO: [RTGEN 206-100] Generating core module 'doKmean_fcmp_32nsfYi': 1 instance(s).
INFO: [RTGEN 206-100] Generating core module 'doKmean_fmul_32nseOg': 1 instance(s).
INFO: [RTGEN 206-100] Generating core module 'doKmean_fsqrt_32ng8j': 1 instance(s).
INFO: [RTGEN 206-100] Generating core module 'doKmean_fsub_32nscud': 1 instance(s).
INFO: [RTGEN 206-100] Generating core module 'doKmean_mul_mul_7hbi': 1 instance(s).
INFO: [RTGEN 206-100] Finished creating RTL model for 'get_cluster'.
INFO: [HLS 200-111]  Elapsed time: 34.94 seconds; current allocated memory: 473.046 MB.
INFO: [HLS 200-10] ----------------------------------------------------------------
INFO: [HLS 200-10] -- Generating RTL for module 'doKmean' 
INFO: [HLS 200-10] ----------------------------------------------------------------
INFO: [RTGEN 206-500] Setting interface mode on port 'doKmean/inStream_V_data_V' to 'axis' (register, both mode).
INFO: [RTGEN 206-500] Setting interface mode on port 'doKmean/inStream_V_keep_V' to 'axis' (register, both mode).
INFO: [RTGEN 206-500] Setting interface mode on port 'doKmean/inStream_V_strb_V' to 'axis' (register, both mode).
INFO: [RTGEN 206-500] Setting interface mode on port 'doKmean/inStream_V_user_V' to 'axis' (register, both mode).
INFO: [RTGEN 206-500] Setting interface mode on port 'doKmean/inStream_V_last_V' to 'axis' (register, both mode).
INFO: [RTGEN 206-500] Setting interface mode on port 'doKmean/inStream_V_id_V' to 'axis' (register, both mode).
INFO: [RTGEN 206-500] Setting interface mode on port 'doKmean/inStream_V_dest_V' to 'axis' (register, both mode).
INFO: [RTGEN 206-500] Setting interface mode on port 'doKmean/outStream_V_data_V' to 'axis' (register, both mode).
INFO: [RTGEN 206-500] Setting interface mode on port 'doKmean/outStream_V_keep_V' to 'axis' (register, both mode).
INFO: [RTGEN 206-500] Setting interface mode on port 'doKmean/outStream_V_strb_V' to 'axis' (register, both mode).
INFO: [RTGEN 206-500] Setting interface mode on port 'doKmean/outStream_V_user_V' to 'axis' (register, both mode).
INFO: [RTGEN 206-500] Setting interface mode on port 'doKmean/outStream_V_last_V' to 'axis' (register, both mode).
INFO: [RTGEN 206-500] Setting interface mode on port 'doKmean/outStream_V_id_V' to 'axis' (register, both mode).
INFO: [RTGEN 206-500] Setting interface mode on port 'doKmean/outStream_V_dest_V' to 'axis' (register, both mode).
INFO: [RTGEN 206-500] Setting interface mode on port 'doKmean/gain' to 's_axilite & ap_none'.
INFO: [RTGEN 206-500] Setting interface mode on function 'doKmean' to 's_axilite & ap_ctrl_hs'.
WARNING: [RTGEN 206-101] Global array 'points' will not be exposed as RTL port.
WARNING: [RTGEN 206-101] Register 'valref_keep_V' is power-on initialization.
==============================================================
File generated by Vivado(TM) HLS - High-Level Synthesis from C, C++ and SystemC
Version: 2018.2
Copyright (C) 1986-2018 Xilinx, Inc. All Rights Reserved.

==============================================================

==============================================================
File generated by Vivado(TM) HLS - High-Level Synthesis from C, C++ and SystemC
Version: 2018.2
Copyright (C) 1986-2018 Xilinx, Inc. All Rights Reserved.

==============================================================

INFO: [SYN 201-201] Setting up clock 'default' with a period of 10ns.
INFO: [HLS 200-10] Setting target device to 'xc7z020clg484-1'
INFO: [HLS 200-10] Analyzing design file 'kmeans/kmeans.cpp' ... 
INFO: [HLS 200-111] Finished Linking Time (s): cpu = 00:00:12 ; elapsed = 00:00:13 . Memory (MB): peak = 372.895 ; gain = 0.293 ; free physical = 919 ; free virtual = 2374
INFO: [HLS 200-111] Finished Checking Pragmas Time (s): cpu = 00:00:12 ; elapsed = 00:00:13 . Memory (MB): peak = 372.895 ; gain = 0.293 ; free physical = 919 ; free virtual = 2374
INFO: [HLS 200-10] Starting code transformations ...
INFO: [HLS 200-111] Finished Standard Transforms Time (s): cpu = 00:00:13 ; elapsed = 00:00:14 . Memory (MB): peak = 372.910 ; gain = 0.309 ; free physical = 1004 ; free virtual = 2451
INFO: [HLS 200-10] Checking synthesizability ...
INFO: [XFORM 203-602] Inlining function 'get_cluster' into 'doKmean' (kmeans/kmeans.cpp:49) automatically.
INFO: [HLS 200-111] Finished Checking Synthesizability Time (s): cpu = 00:00:13 ; elapsed = 00:00:14 . Memory (MB): peak = 372.910 ; gain = 0.309 ; free physical = 1015 ; free virtual = 2463
INFO: [XFORM 203-502] Unrolling all sub-loops inside loop 'read_p' (kmeans/kmeans.cpp:19) in function 'doKmean' for pipelining.
INFO: [XFORM 203-502] Unrolling all sub-loops inside loop 'read_c' (kmeans/kmeans.cpp:32) in function 'doKmean' for pipelining.
INFO: [XFORM 203-502] Unrolling all sub-loops inside loop 'sumcen' (kmeans/kmeans.cpp:57) in function 'doKmean' for pipelining.
INFO: [XFORM 203-502] Unrolling all sub-loops inside loop 'update' (kmeans/kmeans.cpp:67) in function 'doKmean' for pipelining.
INFO: [XFORM 203-502] Unrolling all loops for pipelining in function 'get_cluster' (kmeans/kmeans.cpp:92).
INFO: [XFORM 203-501] Unrolling loop 'Loop-1.1' (kmeans/kmeans.cpp:20) in function 'doKmean' completely.
INFO: [XFORM 203-501] Unrolling loop 'Loop-2.1' (kmeans/kmeans.cpp:33) in function 'doKmean' completely.
INFO: [XFORM 203-501] Unrolling loop 'Loop-5.1' (kmeans/kmeans.cpp:58) in function 'doKmean' completely.
INFO: [XFORM 203-501] Unrolling loop 'Loop-6.1' (kmeans/kmeans.cpp:68) in function 'doKmean' completely.
INFO: [XFORM 203-501] Unrolling loop 'Loop-1' (kmeans/kmeans.cpp:96) in function 'get_cluster' completely.
INFO: [XFORM 203-501] Unrolling loop 'Loop-1.1' (kmeans/kmeans.cpp:98) in function 'get_cluster' completely.
INFO: [XFORM 203-101] Partitioning array 'centroids'  in dimension 1 completely.
INFO: [HLS 200-111] Finished Pre-synthesis Time (s): cpu = 00:00:22 ; elapsed = 00:00:22 . Memory (MB): peak = 564.602 ; gain = 192.000 ; free physical = 1179 ; free virtual = 2629
INFO: [HLS 200-111] Finished Architecture Synthesis Time (s): cpu = 00:00:25 ; elapsed = 00:00:26 . Memory (MB): peak = 564.602 ; gain = 192.000 ; free physical = 1377 ; free virtual = 2875
INFO: [HLS 200-10] Starting hardware synthesis ...
INFO: [HLS 200-10] Synthesizing 'doKmean' ...
INFO: [HLS 200-10] ----------------------------------------------------------------
INFO: [HLS 200-42] -- Implementing module 'get_cluster' 
INFO: [HLS 200-10] ----------------------------------------------------------------
INFO: [SCHED 204-11] Starting scheduling ...
INFO: [SCHED 204-61] Pipelining function 'get_cluster'.
WARNING: [SCHED 204-69] Unable to schedule 'load' operation ('data_set_load_100', kmeans/kmeans.cpp:99) on array 'data_set' due to limited memory ports. Please consider using a memory core with more ports or partitioning the array 'data_set'.
INFO: [SCHED 204-61] Unable to satisfy pipeline directive: Unable to pipeline the region.
INFO: [SCHED 204-11] Finished scheduling.
INFO: [HLS 200-111]  Elapsed time: 195.12 seconds; current allocated memory: 280.564 MB.
INFO: [BIND 205-100] Starting micro-architecture generation ...
INFO: [BIND 205-101] Performing variable lifetime analysis.
INFO: [BIND 205-101] Exploring resource sharing.
INFO: [BIND 205-101] Binding ...
INFO: [BIND 205-100] After resource sharing, estimated clock period (10.4551ns) exceeds the target (target clock period: 10ns, clock uncertainty: 1.25ns, effective delay budget: 8.75ns).
INFO: [BIND 205-100] The critical path consists of the following:
	'fsub' operation ('tmp_6_s', kmeans/kmeans.cpp:99) (10.5 ns)
INFO: [BIND 205-100] Finished micro-architecture generation.
INFO: [HLS 200-111]  Elapsed time: 63.24 seconds; current allocated memory: 344.226 MB.
INFO: [HLS 200-10] ----------------------------------------------------------------
INFO: [HLS 200-42] -- Implementing module 'doKmean' 
INFO: [HLS 200-10] ----------------------------------------------------------------
INFO: [SCHED 204-11] Starting scheduling ...
INFO: [SCHED 204-61] Pipelining loop 'read_p'.
WARNING: [SCHED 204-68] Unable to enforce a carried dependence constraint (II = 1, distance = 1, offset = 1)
   between axis read on port 'inStream_V_data_V' (kmeans/kmeans.cpp:21) and axis read on port 'inStream_V_data_V' (kmeans/kmeans.cpp:21).
WARNING: [SCHED 204-68] Unable to enforce a carried dependence constraint (II = 2, distance = 1, offset = 1)
   between axis read on port 'inStream_V_data_V' (kmeans/kmeans.cpp:21) and axis read on port 'inStream_V_data_V' (kmeans/kmeans.cpp:21).
WARNING: [SCHED 204-68] Unable to enforce a carried dependence constraint (II = 3, distance = 1, offset = 1)
   between axis read on port 'inStream_V_data_V' (kmeans/kmeans.cpp:21) and axis read on port 'inStream_V_data_V' (kmeans/kmeans.cpp:21).
WARNING: [SCHED 204-68] Unable to enforce a carried dependence constraint (II = 4, distance = 1, offset = 1)
   between axis read on port 'inStream_V_data_V' (kmeans/kmeans.cpp:21) and axis read on port 'inStream_V_data_V' (kmeans/kmeans.cpp:21).
WARNING: [SCHED 204-68] Unable to enforce a carried dependence constraint (II = 35, distance = 1, offset = 1)
   between axis read on port 'inStream_V_data_V' (kmeans/kmeans.cpp:21) and axis read on port 'inStream_V_data_V' (kmeans/kmeans.cpp:21).
WARNING: [SCHED 204-68] Unable to enforce a carried dependence constraint (II = 43, distance = 1, offset = 1)
   between axis read on port 'inStream_V_data_V' (kmeans/kmeans.cpp:21) and axis read on port 'inStream_V_data_V' (kmeans/kmeans.cpp:21).
WARNING: [SCHED 204-68] Unable to enforce a carried dependence constraint (II = 47, distance = 1, offset = 1)
   between axis read on port 'inStream_V_data_V' (kmeans/kmeans.cpp:21) and axis read on port 'inStream_V_data_V' (kmeans/kmeans.cpp:21).
WARNING: [SCHED 204-68] Unable to enforce a carried dependence constraint (II = 49, distance = 1, offset = 1)
   between axis read on port 'inStream_V_data_V' (kmeans/kmeans.cpp:21) and axis read on port 'inStream_V_data_V' (kmeans/kmeans.cpp:21).
INFO: [SCHED 204-61] Pipelining result : Target II = 1, Final II = 50, Depth = 51.
INFO: [SCHED 204-61] Pipelining loop 'read_c'.
WARNING: [SCHED 204-68] Unable to enforce a carried dependence constraint (II = 1, distance = 1, offset = 1)
   between axis read on port 'inStream_V_data_V' (kmeans/kmeans.cpp:34) and axis read on port 'inStream_V_data_V' (kmeans/kmeans.cpp:34).
WARNING: [SCHED 204-68] Unable to enforce a carried dependence constraint (II = 2, distance = 1, offset = 1)
   between axis read on port 'inStream_V_data_V' (kmeans/kmeans.cpp:34) and axis read on port 'inStream_V_data_V' (kmeans/kmeans.cpp:34).
WARNING: [SCHED 204-68] Unable to enforce a carried dependence constraint (II = 3, distance = 1, offset = 1)
   between axis read on port 'inStream_V_data_V' (kmeans/kmeans.cpp:34) and axis read on port 'inStream_V_data_V' (kmeans/kmeans.cpp:34).
WARNING: [SCHED 204-68] Unable to enforce a carried dependence constraint (II = 4, distance = 1, offset = 1)
   between axis read on port 'inStream_V_data_V' (kmeans/kmeans.cpp:34) and axis read on port 'inStream_V_data_V' (kmeans/kmeans.cpp:34).
WARNING: [SCHED 204-68] Unable to enforce a carried dependence constraint (II = 35, distance = 1, offset = 1)
   between axis read on port 'inStream_V_data_V' (kmeans/kmeans.cpp:34) and axis read on port 'inStream_V_data_V' (kmeans/kmeans.cpp:34).
WARNING: [SCHED 204-68] Unable to enforce a carried dependence constraint (II = 43, distance = 1, offset = 1)
   between axis read on port 'inStream_V_data_V' (kmeans/kmeans.cpp:34) and axis read on port 'inStream_V_data_V' (kmeans/kmeans.cpp:34).
WARNING: [SCHED 204-68] Unable to enforce a carried dependence constraint (II = 47, distance = 1, offset = 1)
   between axis read on port 'inStream_V_data_V' (kmeans/kmeans.cpp:34) and axis read on port 'inStream_V_data_V' (kmeans/kmeans.cpp:34).
WARNING: [SCHED 204-68] Unable to enforce a carried dependence constraint (II = 49, distance = 1, offset = 1)
   between axis read on port 'inStream_V_data_V' (kmeans/kmeans.cpp:34) and axis read on port 'inStream_V_data_V' (kmeans/kmeans.cpp:34).
INFO: [SCHED 204-61] Pipelining result : Target II = 1, Final II = 50, Depth = 51.
WARNING: [SCHED 204-67] Unable to satisfy pipeline directive: subfunction 'get_cluster' is not pipelined.
INFO: [SCHED 204-61] Pipelining loop 'sumcen'.
WARNING: [SCHED 204-68] Unable to enforce a carried dependence constraint (II = 1, distance = 1, offset = 1)
   between 'store' operation (kmeans/kmeans.cpp:59) of variable 'tmp_17_126', kmeans/kmeans.cpp:59 on array 'new_centroids' and 'load' operation ('new_centroids_load', kmeans/kmeans.cpp:59) on array 'new_centroids'.
WARNING: [SCHED 204-68] Unable to enforce a carried dependence constraint (II = 2, distance = 1, offset = 1)
   between 'store' operation (kmeans/kmeans.cpp:59) of variable 'tmp_17_126', kmeans/kmeans.cpp:59 on array 'new_centroids' and 'load' operation ('new_centroids_load', kmeans/kmeans.cpp:59) on array 'new_centroids'.
WARNING: [SCHED 204-68] Unable to enforce a carried dependence constraint (II = 3, distance = 1, offset = 1)
   between 'store' operation (kmeans/kmeans.cpp:59) of variable 'tmp_17_126', kmeans/kmeans.cpp:59 on array 'new_centroids' and 'load' operation ('new_centroids_load', kmeans/kmeans.cpp:59) on array 'new_centroids'.
WARNING: [SCHED 204-68] Unable to enforce a carried dependence constraint (II = 4, distance = 1, offset = 1)
   between 'store' operation (kmeans/kmeans.cpp:59) of variable 'tmp_17_126', kmeans/kmeans.cpp:59 on array 'new_centroids' and 'load' operation ('new_centroids_load', kmeans/kmeans.cpp:59) on array 'new_centroids'.
WARNING: [SCHED 204-69] Unable to schedule 'store' operation (kmeans/kmeans.cpp:59) of variable 'tmp_16_21', kmeans/kmeans.cpp:59 on array 'new_centroids' due to limited memory ports. Please consider using a memory core with more ports or partitioning the array 'new_centroids'.
INFO: [SCHED 204-61] Pipelining result : Target II = 1, Final II = 50, Depth = 60.
INFO: [SCHED 204-61] Pipelining loop 'update'.
WARNING: [SCHED 204-69] Unable to schedule 'load' operation ('np_cluster_load_3', kmeans/kmeans.cpp:69) on array 'np_cluster' due to limited memory ports. Please consider using a memory core with more ports or partitioning the array 'np_cluster'.
WARNING: [SCHED 204-69] Unable to schedule 'store' operation (kmeans/kmeans.cpp:70) of constant 0 on array 'new_centroids' due to limited memory ports. Please consider using a memory core with more ports or partitioning the array 'new_centroids'.
INFO: [SCHED 204-61] Pipelining result : Target II = 1, Final II = 50, Depth = 73.
INFO: [SCHED 204-61] Pipelining loop 'send'.
INFO: [SCHED 204-61] Pipelining result : Target II = 1, Final II = 1, Depth = 3.
WARNING: [SCHED 204-21] Estimated clock period (9.634ns) exceeds the target (target clock period: 10ns, clock uncertainty: 1.25ns, effective delay budget: 8.75ns).
WARNING: [SCHED 204-21] The critical path consists of the following:
	'mul' operation ('tmp_303', kmeans/kmeans.cpp:59) (3.36 ns)
	'add' operation ('tmp_304', kmeans/kmeans.cpp:59) (3.02 ns)
	'getelementptr' operation ('new_centroids_addr_2', kmeans/kmeans.cpp:59) (0 ns)
	'load' operation ('new_centroids_load_2', kmeans/kmeans.cpp:59) on array 'new_centroids' (3.25 ns)
INFO: [SCHED 204-11] Finished scheduling.
INFO: [HLS 200-111]  Elapsed time: 49.28 seconds; current allocated memory: 358.303 MB.
INFO: [HLS 200-434] Only 5 loops out of a total 7 loops have been pipelined in this design.
INFO: [BIND 205-100] Starting micro-architecture generation ...
INFO: [BIND 205-101] Performing variable lifetime analysis.
INFO: [BIND 205-101] Exploring resource sharing.
INFO: [BIND 205-101] Binding ...
INFO: [BIND 205-100] Finished micro-architecture generation.
INFO: [HLS 200-111]  Elapsed time: 9.81 seconds; current allocated memory: 370.577 MB.
INFO: [HLS 200-10] ----------------------------------------------------------------
INFO: [HLS 200-10] -- Generating RTL for module 'get_cluster' 
INFO: [HLS 200-10] ----------------------------------------------------------------
INFO: [SYN 201-210] Renamed object name 'doKmean_faddfsub_32ns_32ns_32_5_full_dsp_1' to 'doKmean_faddfsub_bkb' due to the length limit 20
INFO: [SYN 201-210] Renamed object name 'doKmean_fsub_32ns_32ns_32_5_full_dsp_1' to 'doKmean_fsub_32nscud' due to the length limit 20
INFO: [SYN 201-210] Renamed object name 'doKmean_fadd_32ns_32ns_32_5_full_dsp_1' to 'doKmean_fadd_32nsdEe' due to the length limit 20
INFO: [SYN 201-210] Renamed object name 'doKmean_fmul_32ns_32ns_32_4_max_dsp_1' to 'doKmean_fmul_32nseOg' due to the length limit 20
INFO: [SYN 201-210] Renamed object name 'doKmean_fcmp_32ns_32ns_1_1_1' to 'doKmean_fcmp_32nsfYi' due to the length limit 20
INFO: [SYN 201-210] Renamed object name 'doKmean_fsqrt_32ns_32ns_32_12_1' to 'doKmean_fsqrt_32ng8j' due to the length limit 20
INFO: [SYN 201-210] Renamed object name 'doKmean_mul_mul_7ns_10ns_17_1_1' to 'doKmean_mul_mul_7hbi' due to the length limit 20
INFO: [RTGEN 206-100] Generating core module 'doKmean_fadd_32nsdEe': 1 instance(s).
INFO: [RTGEN 206-100] Generating core module 'doKmean_faddfsub_bkb': 2 instance(s).
INFO: [RTGEN 206-100] Generating core module 'doKmean_fcmp_32nsfYi': 1 instance(s).
INFO: [RTGEN 206-100] Generating core module 'doKmean_fmul_32nseOg': 1 instance(s).
INFO: [RTGEN 206-100] Generating core module 'doKmean_fsqrt_32ng8j': 1 instance(s).
INFO: [RTGEN 206-100] Generating core module 'doKmean_fsub_32nscud': 1 instance(s).
INFO: [RTGEN 206-100] Generating core module 'doKmean_mul_mul_7hbi': 1 instance(s).
INFO: [RTGEN 206-100] Finished creating RTL model for 'get_cluster'.
INFO: [HLS 200-111]  Elapsed time: 42.2 seconds; current allocated memory: 473.116 MB.
INFO: [HLS 200-10] ----------------------------------------------------------------
INFO: [HLS 200-10] -- Generating RTL for module 'doKmean' 
INFO: [HLS 200-10] ----------------------------------------------------------------
INFO: [RTGEN 206-500] Setting interface mode on port 'doKmean/inStream_V_data_V' to 'axis' (register, both mode).
INFO: [RTGEN 206-500] Setting interface mode on port 'doKmean/inStream_V_keep_V' to 'axis' (register, both mode).
INFO: [RTGEN 206-500] Setting interface mode on port 'doKmean/inStream_V_strb_V' to 'axis' (register, both mode).
INFO: [RTGEN 206-500] Setting interface mode on port 'doKmean/inStream_V_user_V' to 'axis' (register, both mode).
INFO: [RTGEN 206-500] Setting interface mode on port 'doKmean/inStream_V_last_V' to 'axis' (register, both mode).
INFO: [RTGEN 206-500] Setting interface mode on port 'doKmean/inStream_V_id_V' to 'axis' (register, both mode).
INFO: [RTGEN 206-500] Setting interface mode on port 'doKmean/inStream_V_dest_V' to 'axis' (register, both mode).
INFO: [RTGEN 206-500] Setting interface mode on port 'doKmean/outStream_V_data_V' to 'axis' (register, both mode).
INFO: [RTGEN 206-500] Setting interface mode on port 'doKmean/outStream_V_keep_V' to 'axis' (register, both mode).
INFO: [RTGEN 206-500] Setting interface mode on port 'doKmean/outStream_V_strb_V' to 'axis' (register, both mode).
INFO: [RTGEN 206-500] Setting interface mode on port 'doKmean/outStream_V_user_V' to 'axis' (register, both mode).
INFO: [RTGEN 206-500] Setting interface mode on port 'doKmean/outStream_V_last_V' to 'axis' (register, both mode).
INFO: [RTGEN 206-500] Setting interface mode on port 'doKmean/outStream_V_id_V' to 'axis' (register, both mode).
INFO: [RTGEN 206-500] Setting interface mode on port 'doKmean/outStream_V_dest_V' to 'axis' (register, both mode).
INFO: [RTGEN 206-500] Setting interface mode on port 'doKmean/gain' to 's_axilite & ap_none'.
INFO: [RTGEN 206-500] Setting interface mode on function 'doKmean' to 's_axilite & ap_ctrl_hs'.
WARNING: [RTGEN 206-101] Global array 'points' will not be exposed as RTL port.
==============================================================
File generated by Vivado(TM) HLS - High-Level Synthesis from C, C++ and SystemC
Version: 2018.2
Copyright (C) 1986-2018 Xilinx, Inc. All Rights Reserved.

==============================================================

INFO: [SYN 201-201] Setting up clock 'default' with a period of 10ns.
INFO: [HLS 200-10] Setting target device to 'xc7z020clg484-1'
INFO: [HLS 200-10] Analyzing design file 'kmeans/kmeans.cpp' ... 
INFO: [HLS 200-111] Finished Linking Time (s): cpu = 00:00:13 ; elapsed = 00:00:14 . Memory (MB): peak = 372.895 ; gain = 0.293 ; free physical = 1272 ; free virtual = 2969
INFO: [HLS 200-111] Finished Checking Pragmas Time (s): cpu = 00:00:13 ; elapsed = 00:00:14 . Memory (MB): peak = 372.895 ; gain = 0.293 ; free physical = 1272 ; free virtual = 2969
INFO: [HLS 200-10] Starting code transformations ...
INFO: [HLS 200-111] Finished Standard Transforms Time (s): cpu = 00:00:14 ; elapsed = 00:00:14 . Memory (MB): peak = 372.910 ; gain = 0.309 ; free physical = 1262 ; free virtual = 2960
INFO: [HLS 200-10] Checking synthesizability ...
INFO: [XFORM 203-602] Inlining function 'get_cluster' into 'doKmean' (kmeans/kmeans.cpp:49) automatically.
INFO: [HLS 200-111] Finished Checking Synthesizability Time (s): cpu = 00:00:14 ; elapsed = 00:00:15 . Memory (MB): peak = 372.910 ; gain = 0.309 ; free physical = 1257 ; free virtual = 2955
INFO: [XFORM 203-502] Unrolling all sub-loops inside loop 'read_p' (kmeans/kmeans.cpp:19) in function 'doKmean' for pipelining.
INFO: [XFORM 203-502] Unrolling all sub-loops inside loop 'read_c' (kmeans/kmeans.cpp:32) in function 'doKmean' for pipelining.
INFO: [XFORM 203-502] Unrolling all sub-loops inside loop 'sumcen' (kmeans/kmeans.cpp:57) in function 'doKmean' for pipelining.
INFO: [XFORM 203-502] Unrolling all sub-loops inside loop 'update' (kmeans/kmeans.cpp:67) in function 'doKmean' for pipelining.
INFO: [XFORM 203-502] Unrolling all loops for pipelining in function 'get_cluster' (kmeans/kmeans.cpp:92).
INFO: [XFORM 203-501] Unrolling loop 'Loop-1.1' (kmeans/kmeans.cpp:20) in function 'doKmean' completely.
INFO: [XFORM 203-501] Unrolling loop 'Loop-2.1' (kmeans/kmeans.cpp:33) in function 'doKmean' completely.
INFO: [XFORM 203-501] Unrolling loop 'Loop-5.1' (kmeans/kmeans.cpp:58) in function 'doKmean' completely.
INFO: [XFORM 203-501] Unrolling loop 'Loop-6.1' (kmeans/kmeans.cpp:68) in function 'doKmean' completely.
INFO: [XFORM 203-501] Unrolling loop 'Loop-1' (kmeans/kmeans.cpp:96) in function 'get_cluster' completely.
INFO: [XFORM 203-501] Unrolling loop 'Loop-1.1' (kmeans/kmeans.cpp:98) in function 'get_cluster' completely.
INFO: [XFORM 203-101] Partitioning array 'centroids'  in dimension 1 completely.
INFO: [HLS 200-111] Finished Pre-synthesis Time (s): cpu = 00:00:23 ; elapsed = 00:00:24 . Memory (MB): peak = 564.602 ; gain = 192.000 ; free physical = 1194 ; free virtual = 2916
INFO: [HLS 200-111] Finished Architecture Synthesis Time (s): cpu = 00:00:28 ; elapsed = 00:00:28 . Memory (MB): peak = 564.602 ; gain = 192.000 ; free physical = 1018 ; free virtual = 2735
INFO: [HLS 200-10] Starting hardware synthesis ...
INFO: [HLS 200-10] Synthesizing 'doKmean' ...
INFO: [HLS 200-10] ----------------------------------------------------------------
INFO: [HLS 200-42] -- Implementing module 'get_cluster' 
INFO: [HLS 200-10] ----------------------------------------------------------------
INFO: [SCHED 204-11] Starting scheduling ...
INFO: [SCHED 204-61] Pipelining function 'get_cluster'.
WARNING: [SCHED 204-69] Unable to schedule 'load' operation ('data_set_load_100', kmeans/kmeans.cpp:99) on array 'data_set' due to limited memory ports. Please consider using a memory core with more ports or partitioning the array 'data_set'.
INFO: [SCHED 204-61] Unable to satisfy pipeline directive: Unable to pipeline the region.
INFO: [SCHED 204-11] Finished scheduling.
INFO: [HLS 200-111]  Elapsed time: 203.79 seconds; current allocated memory: 280.572 MB.
INFO: [BIND 205-100] Starting micro-architecture generation ...
INFO: [BIND 205-101] Performing variable lifetime analysis.
INFO: [BIND 205-101] Exploring resource sharing.
INFO: [BIND 205-101] Binding ...
INFO: [BIND 205-100] After resource sharing, estimated clock period (10.4551ns) exceeds the target (target clock period: 10ns, clock uncertainty: 1.25ns, effective delay budget: 8.75ns).
INFO: [BIND 205-100] The critical path consists of the following:
	'fsub' operation ('tmp_6_s', kmeans/kmeans.cpp:99) (10.5 ns)
INFO: [BIND 205-100] Finished micro-architecture generation.
INFO: [HLS 200-111]  Elapsed time: 48.47 seconds; current allocated memory: 344.235 MB.
INFO: [HLS 200-10] ----------------------------------------------------------------
INFO: [HLS 200-42] -- Implementing module 'doKmean' 
INFO: [HLS 200-10] ----------------------------------------------------------------
INFO: [SCHED 204-11] Starting scheduling ...
INFO: [SCHED 204-61] Pipelining loop 'read_p'.
WARNING: [SCHED 204-68] Unable to enforce a carried dependence constraint (II = 1, distance = 1, offset = 1)
   between axis read on port 'inStream_V_data_V' (kmeans/kmeans.cpp:21) and axis read on port 'inStream_V_data_V' (kmeans/kmeans.cpp:21).
WARNING: [SCHED 204-68] Unable to enforce a carried dependence constraint (II = 2, distance = 1, offset = 1)
   between axis read on port 'inStream_V_data_V' (kmeans/kmeans.cpp:21) and axis read on port 'inStream_V_data_V' (kmeans/kmeans.cpp:21).
WARNING: [SCHED 204-68] Unable to enforce a carried dependence constraint (II = 3, distance = 1, offset = 1)
   between axis read on port 'inStream_V_data_V' (kmeans/kmeans.cpp:21) and axis read on port 'inStream_V_data_V' (kmeans/kmeans.cpp:21).
WARNING: [SCHED 204-68] Unable to enforce a carried dependence constraint (II = 4, distance = 1, offset = 1)
   between axis read on port 'inStream_V_data_V' (kmeans/kmeans.cpp:21) and axis read on port 'inStream_V_data_V' (kmeans/kmeans.cpp:21).
WARNING: [SCHED 204-68] Unable to enforce a carried dependence constraint (II = 35, distance = 1, offset = 1)
   between axis read on port 'inStream_V_data_V' (kmeans/kmeans.cpp:21) and axis read on port 'inStream_V_data_V' (kmeans/kmeans.cpp:21).
WARNING: [SCHED 204-68] Unable to enforce a carried dependence constraint (II = 43, distance = 1, offset = 1)
   between axis read on port 'inStream_V_data_V' (kmeans/kmeans.cpp:21) and axis read on port 'inStream_V_data_V' (kmeans/kmeans.cpp:21).
WARNING: [SCHED 204-68] Unable to enforce a carried dependence constraint (II = 47, distance = 1, offset = 1)
   between axis read on port 'inStream_V_data_V' (kmeans/kmeans.cpp:21) and axis read on port 'inStream_V_data_V' (kmeans/kmeans.cpp:21).
WARNING: [SCHED 204-68] Unable to enforce a carried dependence constraint (II = 49, distance = 1, offset = 1)
   between axis read on port 'inStream_V_data_V' (kmeans/kmeans.cpp:21) and axis read on port 'inStream_V_data_V' (kmeans/kmeans.cpp:21).
INFO: [SCHED 204-61] Pipelining result : Target II = 1, Final II = 50, Depth = 51.
INFO: [SCHED 204-61] Pipelining loop 'read_c'.
WARNING: [SCHED 204-68] Unable to enforce a carried dependence constraint (II = 1, distance = 1, offset = 1)
   between axis read on port 'inStream_V_data_V' (kmeans/kmeans.cpp:34) and axis read on port 'inStream_V_data_V' (kmeans/kmeans.cpp:34).
WARNING: [SCHED 204-68] Unable to enforce a carried dependence constraint (II = 2, distance = 1, offset = 1)
   between axis read on port 'inStream_V_data_V' (kmeans/kmeans.cpp:34) and axis read on port 'inStream_V_data_V' (kmeans/kmeans.cpp:34).
WARNING: [SCHED 204-68] Unable to enforce a carried dependence constraint (II = 3, distance = 1, offset = 1)
   between axis read on port 'inStream_V_data_V' (kmeans/kmeans.cpp:34) and axis read on port 'inStream_V_data_V' (kmeans/kmeans.cpp:34).
WARNING: [SCHED 204-68] Unable to enforce a carried dependence constraint (II = 4, distance = 1, offset = 1)
   between axis read on port 'inStream_V_data_V' (kmeans/kmeans.cpp:34) and axis read on port 'inStream_V_data_V' (kmeans/kmeans.cpp:34).
WARNING: [SCHED 204-68] Unable to enforce a carried dependence constraint (II = 35, distance = 1, offset = 1)
   between axis read on port 'inStream_V_data_V' (kmeans/kmeans.cpp:34) and axis read on port 'inStream_V_data_V' (kmeans/kmeans.cpp:34).
WARNING: [SCHED 204-68] Unable to enforce a carried dependence constraint (II = 43, distance = 1, offset = 1)
   between axis read on port 'inStream_V_data_V' (kmeans/kmeans.cpp:34) and axis read on port 'inStream_V_data_V' (kmeans/kmeans.cpp:34).
WARNING: [SCHED 204-68] Unable to enforce a carried dependence constraint (II = 47, distance = 1, offset = 1)
   between axis read on port 'inStream_V_data_V' (kmeans/kmeans.cpp:34) and axis read on port 'inStream_V_data_V' (kmeans/kmeans.cpp:34).
WARNING: [SCHED 204-68] Unable to enforce a carried dependence constraint (II = 49, distance = 1, offset = 1)
   between axis read on port 'inStream_V_data_V' (kmeans/kmeans.cpp:34) and axis read on port 'inStream_V_data_V' (kmeans/kmeans.cpp:34).
INFO: [SCHED 204-61] Pipelining result : Target II = 1, Final II = 50, Depth = 51.
WARNING: [SCHED 204-67] Unable to satisfy pipeline directive: subfunction 'get_cluster' is not pipelined.
INFO: [SCHED 204-61] Pipelining loop 'sumcen'.
WARNING: [SCHED 204-68] Unable to enforce a carried dependence constraint (II = 1, distance = 1, offset = 1)
   between 'store' operation (kmeans/kmeans.cpp:59) of variable 'tmp_17_126', kmeans/kmeans.cpp:59 on array 'new_centroids' and 'load' operation ('new_centroids_load', kmeans/kmeans.cpp:59) on array 'new_centroids'.
WARNING: [SCHED 204-68] Unable to enforce a carried dependence constraint (II = 2, distance = 1, offset = 1)
   between 'store' operation (kmeans/kmeans.cpp:59) of variable 'tmp_17_126', kmeans/kmeans.cpp:59 on array 'new_centroids' and 'load' operation ('new_centroids_load', kmeans/kmeans.cpp:59) on array 'new_centroids'.
WARNING: [SCHED 204-68] Unable to enforce a carried dependence constraint (II = 3, distance = 1, offset = 1)
   between 'store' operation (kmeans/kmeans.cpp:59) of variable 'tmp_17_126', kmeans/kmeans.cpp:59 on array 'new_centroids' and 'load' operation ('new_centroids_load', kmeans/kmeans.cpp:59) on array 'new_centroids'.
WARNING: [SCHED 204-68] Unable to enforce a carried dependence constraint (II = 4, distance = 1, offset = 1)
   between 'store' operation (kmeans/kmeans.cpp:59) of variable 'tmp_17_126', kmeans/kmeans.cpp:59 on array 'new_centroids' and 'load' operation ('new_centroids_load', kmeans/kmeans.cpp:59) on array 'new_centroids'.
WARNING: [SCHED 204-69] Unable to schedule 'store' operation (kmeans/kmeans.cpp:59) of variable 'tmp_16_21', kmeans/kmeans.cpp:59 on array 'new_centroids' due to limited memory ports. Please consider using a memory core with more ports or partitioning the array 'new_centroids'.
INFO: [SCHED 204-61] Pipelining result : Target II = 1, Final II = 50, Depth = 60.
INFO: [SCHED 204-61] Pipelining loop 'update'.
WARNING: [SCHED 204-69] Unable to schedule 'load' operation ('np_cluster_load_3', kmeans/kmeans.cpp:69) on array 'np_cluster' due to limited memory ports. Please consider using a memory core with more ports or partitioning the array 'np_cluster'.
WARNING: [SCHED 204-69] Unable to schedule 'store' operation (kmeans/kmeans.cpp:70) of constant 0 on array 'new_centroids' due to limited memory ports. Please consider using a memory core with more ports or partitioning the array 'new_centroids'.
INFO: [SCHED 204-61] Pipelining result : Target II = 1, Final II = 50, Depth = 73.
INFO: [SCHED 204-61] Pipelining loop 'send'.
INFO: [SCHED 204-61] Pipelining result : Target II = 1, Final II = 1, Depth = 3.
WARNING: [SCHED 204-21] Estimated clock period (9.634ns) exceeds the target (target clock period: 10ns, clock uncertainty: 1.25ns, effective delay budget: 8.75ns).
WARNING: [SCHED 204-21] The critical path consists of the following:
	'mul' operation ('tmp_303', kmeans/kmeans.cpp:59) (3.36 ns)
	'add' operation ('tmp_304', kmeans/kmeans.cpp:59) (3.02 ns)
	'getelementptr' operation ('new_centroids_addr_2', kmeans/kmeans.cpp:59) (0 ns)
	'load' operation ('new_centroids_load_2', kmeans/kmeans.cpp:59) on array 'new_centroids' (3.25 ns)
INFO: [SCHED 204-11] Finished scheduling.
INFO: [HLS 200-111]  Elapsed time: 38.44 seconds; current allocated memory: 358.297 MB.
INFO: [HLS 200-434] Only 5 loops out of a total 7 loops have been pipelined in this design.
INFO: [BIND 205-100] Starting micro-architecture generation ...
INFO: [BIND 205-101] Performing variable lifetime analysis.
INFO: [BIND 205-101] Exploring resource sharing.
INFO: [BIND 205-101] Binding ...
INFO: [BIND 205-100] Finished micro-architecture generation.
INFO: [HLS 200-111]  Elapsed time: 8.05 seconds; current allocated memory: 370.588 MB.
INFO: [HLS 200-10] ----------------------------------------------------------------
INFO: [HLS 200-10] -- Generating RTL for module 'get_cluster' 
INFO: [HLS 200-10] ----------------------------------------------------------------
INFO: [SYN 201-210] Renamed object name 'doKmean_faddfsub_32ns_32ns_32_5_full_dsp_1' to 'doKmean_faddfsub_bkb' due to the length limit 20
INFO: [SYN 201-210] Renamed object name 'doKmean_fsub_32ns_32ns_32_5_full_dsp_1' to 'doKmean_fsub_32nscud' due to the length limit 20
INFO: [SYN 201-210] Renamed object name 'doKmean_fadd_32ns_32ns_32_5_full_dsp_1' to 'doKmean_fadd_32nsdEe' due to the length limit 20
INFO: [SYN 201-210] Renamed object name 'doKmean_fmul_32ns_32ns_32_4_max_dsp_1' to 'doKmean_fmul_32nseOg' due to the length limit 20
INFO: [SYN 201-210] Renamed object name 'doKmean_fcmp_32ns_32ns_1_1_1' to 'doKmean_fcmp_32nsfYi' due to the length limit 20
INFO: [SYN 201-210] Renamed object name 'doKmean_fsqrt_32ns_32ns_32_12_1' to 'doKmean_fsqrt_32ng8j' due to the length limit 20
INFO: [SYN 201-210] Renamed object name 'doKmean_mul_mul_7ns_11ns_18_1_1' to 'doKmean_mul_mul_7hbi' due to the length limit 20
INFO: [RTGEN 206-100] Generating core module 'doKmean_fadd_32nsdEe': 1 instance(s).
INFO: [RTGEN 206-100] Generating core module 'doKmean_faddfsub_bkb': 2 instance(s).
INFO: [RTGEN 206-100] Generating core module 'doKmean_fcmp_32nsfYi': 1 instance(s).
INFO: [RTGEN 206-100] Generating core module 'doKmean_fmul_32nseOg': 1 instance(s).
INFO: [RTGEN 206-100] Generating core module 'doKmean_fsqrt_32ng8j': 1 instance(s).
INFO: [RTGEN 206-100] Generating core module 'doKmean_fsub_32nscud': 1 instance(s).
INFO: [RTGEN 206-100] Generating core module 'doKmean_mul_mul_7hbi': 1 instance(s).
INFO: [RTGEN 206-100] Finished creating RTL model for 'get_cluster'.
INFO: [HLS 200-111]  Elapsed time: 34.14 seconds; current allocated memory: 473.127 MB.
INFO: [HLS 200-10] ----------------------------------------------------------------
INFO: [HLS 200-10] -- Generating RTL for module 'doKmean' 
INFO: [HLS 200-10] ----------------------------------------------------------------
INFO: [RTGEN 206-500] Setting interface mode on port 'doKmean/inStream_V_data_V' to 'axis' (register, both mode).
INFO: [RTGEN 206-500] Setting interface mode on port 'doKmean/inStream_V_keep_V' to 'axis' (register, both mode).
INFO: [RTGEN 206-500] Setting interface mode on port 'doKmean/inStream_V_strb_V' to 'axis' (register, both mode).
INFO: [RTGEN 206-500] Setting interface mode on port 'doKmean/inStream_V_user_V' to 'axis' (register, both mode).
INFO: [RTGEN 206-500] Setting interface mode on port 'doKmean/inStream_V_last_V' to 'axis' (register, both mode).
INFO: [RTGEN 206-500] Setting interface mode on port 'doKmean/inStream_V_id_V' to 'axis' (register, both mode).
INFO: [RTGEN 206-500] Setting interface mode on port 'doKmean/inStream_V_dest_V' to 'axis' (register, both mode).
INFO: [RTGEN 206-500] Setting interface mode on port 'doKmean/outStream_V_data_V' to 'axis' (register, both mode).
INFO: [RTGEN 206-500] Setting interface mode on port 'doKmean/outStream_V_keep_V' to 'axis' (register, both mode).
INFO: [RTGEN 206-500] Setting interface mode on port 'doKmean/outStream_V_strb_V' to 'axis' (register, both mode).
INFO: [RTGEN 206-500] Setting interface mode on port 'doKmean/outStream_V_user_V' to 'axis' (register, both mode).
INFO: [RTGEN 206-500] Setting interface mode on port 'doKmean/outStream_V_last_V' to 'axis' (register, both mode).
INFO: [RTGEN 206-500] Setting interface mode on port 'doKmean/outStream_V_id_V' to 'axis' (register, both mode).
INFO: [RTGEN 206-500] Setting interface mode on port 'doKmean/outStream_V_dest_V' to 'axis' (register, both mode).
INFO: [RTGEN 206-500] Setting interface mode on port 'doKmean/gain' to 's_axilite & ap_none'.
INFO: [RTGEN 206-500] Setting interface mode on function 'doKmean' to 's_axilite & ap_ctrl_hs'.
WARNING: [RTGEN 206-101] Global array 'points' will not be exposed as RTL port.
==============================================================
File generated by Vivado(TM) HLS - High-Level Synthesis from C, C++ and SystemC
Version: 2018.2
Copyright (C) 1986-2018 Xilinx, Inc. All Rights Reserved.

==============================================================

INFO: [SYN 201-201] Setting up clock 'default' with a period of 10ns.
INFO: [HLS 200-10] Setting target device to 'xc7z020clg484-1'
INFO: [HLS 200-10] Analyzing design file 'kmeans/kmeans.cpp' ... 
INFO: [HLS 200-111] Finished Linking Time (s): cpu = 00:00:12 ; elapsed = 00:00:13 . Memory (MB): peak = 372.898 ; gain = 0.293 ; free physical = 995 ; free virtual = 2767
INFO: [HLS 200-111] Finished Checking Pragmas Time (s): cpu = 00:00:12 ; elapsed = 00:00:13 . Memory (MB): peak = 372.898 ; gain = 0.293 ; free physical = 995 ; free virtual = 2767
INFO: [HLS 200-10] Starting code transformations ...
INFO: [HLS 200-111] Finished Standard Transforms Time (s): cpu = 00:00:13 ; elapsed = 00:00:13 . Memory (MB): peak = 372.914 ; gain = 0.309 ; free physical = 985 ; free virtual = 2758
INFO: [HLS 200-10] Checking synthesizability ...
INFO: [XFORM 203-602] Inlining function 'get_cluster' into 'doKmean' (kmeans/kmeans.cpp:49) automatically.
INFO: [HLS 200-111] Finished Checking Synthesizability Time (s): cpu = 00:00:13 ; elapsed = 00:00:13 . Memory (MB): peak = 372.914 ; gain = 0.309 ; free physical = 979 ; free virtual = 2753
INFO: [XFORM 203-502] Unrolling all sub-loops inside loop 'read_p' (kmeans/kmeans.cpp:19) in function 'doKmean' for pipelining.
INFO: [XFORM 203-502] Unrolling all sub-loops inside loop 'read_c' (kmeans/kmeans.cpp:32) in function 'doKmean' for pipelining.
INFO: [XFORM 203-502] Unrolling all sub-loops inside loop 'sumcen' (kmeans/kmeans.cpp:57) in function 'doKmean' for pipelining.
INFO: [XFORM 203-502] Unrolling all sub-loops inside loop 'update' (kmeans/kmeans.cpp:67) in function 'doKmean' for pipelining.
INFO: [XFORM 203-502] Unrolling all loops for pipelining in function 'get_cluster' (kmeans/kmeans.cpp:92).
INFO: [XFORM 203-501] Unrolling loop 'Loop-1.1' (kmeans/kmeans.cpp:20) in function 'doKmean' completely.
INFO: [XFORM 203-501] Unrolling loop 'Loop-2.1' (kmeans/kmeans.cpp:33) in function 'doKmean' completely.
INFO: [XFORM 203-501] Unrolling loop 'Loop-5.1' (kmeans/kmeans.cpp:58) in function 'doKmean' completely.
INFO: [XFORM 203-501] Unrolling loop 'Loop-6.1' (kmeans/kmeans.cpp:68) in function 'doKmean' completely.
INFO: [XFORM 203-501] Unrolling loop 'Loop-1' (kmeans/kmeans.cpp:96) in function 'get_cluster' completely.
INFO: [XFORM 203-501] Unrolling loop 'Loop-1.1' (kmeans/kmeans.cpp:98) in function 'get_cluster' completely.
INFO: [XFORM 203-101] Partitioning array 'centroids'  in dimension 1 completely.
INFO: [HLS 200-111] Finished Pre-synthesis Time (s): cpu = 00:00:21 ; elapsed = 00:00:22 . Memory (MB): peak = 564.605 ; gain = 192.000 ; free physical = 932 ; free virtual = 2707
INFO: [HLS 200-111] Finished Architecture Synthesis Time (s): cpu = 00:00:24 ; elapsed = 00:00:25 . Memory (MB): peak = 564.605 ; gain = 192.000 ; free physical = 800 ; free virtual = 2576
INFO: [HLS 200-10] Starting hardware synthesis ...
INFO: [HLS 200-10] Synthesizing 'doKmean' ...
INFO: [HLS 200-10] ----------------------------------------------------------------
INFO: [HLS 200-42] -- Implementing module 'get_cluster' 
INFO: [HLS 200-10] ----------------------------------------------------------------
INFO: [SCHED 204-11] Starting scheduling ...
INFO: [SCHED 204-61] Pipelining function 'get_cluster'.
WARNING: [SCHED 204-69] Unable to schedule 'load' operation ('data_set_load_100', kmeans/kmeans.cpp:99) on array 'data_set' due to limited memory ports. Please consider using a memory core with more ports or partitioning the array 'data_set'.
INFO: [SCHED 204-61] Unable to satisfy pipeline directive: Unable to pipeline the region.
INFO: [SCHED 204-11] Finished scheduling.
INFO: [HLS 200-111]  Elapsed time: 177.36 seconds; current allocated memory: 280.562 MB.
INFO: [BIND 205-100] Starting micro-architecture generation ...
INFO: [BIND 205-101] Performing variable lifetime analysis.
INFO: [BIND 205-101] Exploring resource sharing.
INFO: [BIND 205-101] Binding ...
INFO: [BIND 205-100] After resource sharing, estimated clock period (10.4551ns) exceeds the target (target clock period: 10ns, clock uncertainty: 1.25ns, effective delay budget: 8.75ns).
INFO: [BIND 205-100] The critical path consists of the following:
	'fsub' operation ('tmp_6_s', kmeans/kmeans.cpp:99) (10.5 ns)
INFO: [BIND 205-100] Finished micro-architecture generation.
INFO: [HLS 200-111]  Elapsed time: 47.87 seconds; current allocated memory: 344.225 MB.
INFO: [HLS 200-10] ----------------------------------------------------------------
INFO: [HLS 200-42] -- Implementing module 'doKmean' 
INFO: [HLS 200-10] ----------------------------------------------------------------
INFO: [SCHED 204-11] Starting scheduling ...
INFO: [SCHED 204-61] Pipelining loop 'read_p'.
WARNING: [SCHED 204-68] Unable to enforce a carried dependence constraint (II = 1, distance = 1, offset = 1)
   between axis read on port 'inStream_V_data_V' (kmeans/kmeans.cpp:21) and axis read on port 'inStream_V_data_V' (kmeans/kmeans.cpp:21).
WARNING: [SCHED 204-68] Unable to enforce a carried dependence constraint (II = 2, distance = 1, offset = 1)
   between axis read on port 'inStream_V_data_V' (kmeans/kmeans.cpp:21) and axis read on port 'inStream_V_data_V' (kmeans/kmeans.cpp:21).
WARNING: [SCHED 204-68] Unable to enforce a carried dependence constraint (II = 3, distance = 1, offset = 1)
   between axis read on port 'inStream_V_data_V' (kmeans/kmeans.cpp:21) and axis read on port 'inStream_V_data_V' (kmeans/kmeans.cpp:21).
WARNING: [SCHED 204-68] Unable to enforce a carried dependence constraint (II = 4, distance = 1, offset = 1)
   between axis read on port 'inStream_V_data_V' (kmeans/kmeans.cpp:21) and axis read on port 'inStream_V_data_V' (kmeans/kmeans.cpp:21).
WARNING: [SCHED 204-68] Unable to enforce a carried dependence constraint (II = 35, distance = 1, offset = 1)
   between axis read on port 'inStream_V_data_V' (kmeans/kmeans.cpp:21) and axis read on port 'inStream_V_data_V' (kmeans/kmeans.cpp:21).
WARNING: [SCHED 204-68] Unable to enforce a carried dependence constraint (II = 43, distance = 1, offset = 1)
   between axis read on port 'inStream_V_data_V' (kmeans/kmeans.cpp:21) and axis read on port 'inStream_V_data_V' (kmeans/kmeans.cpp:21).
WARNING: [SCHED 204-68] Unable to enforce a carried dependence constraint (II = 47, distance = 1, offset = 1)
   between axis read on port 'inStream_V_data_V' (kmeans/kmeans.cpp:21) and axis read on port 'inStream_V_data_V' (kmeans/kmeans.cpp:21).
WARNING: [SCHED 204-68] Unable to enforce a carried dependence constraint (II = 49, distance = 1, offset = 1)
   between axis read on port 'inStream_V_data_V' (kmeans/kmeans.cpp:21) and axis read on port 'inStream_V_data_V' (kmeans/kmeans.cpp:21).
INFO: [SCHED 204-61] Pipelining result : Target II = 1, Final II = 50, Depth = 51.
INFO: [SCHED 204-61] Pipelining loop 'read_c'.
WARNING: [SCHED 204-68] Unable to enforce a carried dependence constraint (II = 1, distance = 1, offset = 1)
   between axis read on port 'inStream_V_data_V' (kmeans/kmeans.cpp:34) and axis read on port 'inStream_V_data_V' (kmeans/kmeans.cpp:34).
WARNING: [SCHED 204-68] Unable to enforce a carried dependence constraint (II = 2, distance = 1, offset = 1)
   between axis read on port 'inStream_V_data_V' (kmeans/kmeans.cpp:34) and axis read on port 'inStream_V_data_V' (kmeans/kmeans.cpp:34).
WARNING: [SCHED 204-68] Unable to enforce a carried dependence constraint (II = 3, distance = 1, offset = 1)
   between axis read on port 'inStream_V_data_V' (kmeans/kmeans.cpp:34) and axis read on port 'inStream_V_data_V' (kmeans/kmeans.cpp:34).
WARNING: [SCHED 204-68] Unable to enforce a carried dependence constraint (II = 4, distance = 1, offset = 1)
   between axis read on port 'inStream_V_data_V' (kmeans/kmeans.cpp:34) and axis read on port 'inStream_V_data_V' (kmeans/kmeans.cpp:34).
WARNING: [SCHED 204-68] Unable to enforce a carried dependence constraint (II = 35, distance = 1, offset = 1)
   between axis read on port 'inStream_V_data_V' (kmeans/kmeans.cpp:34) and axis read on port 'inStream_V_data_V' (kmeans/kmeans.cpp:34).
WARNING: [SCHED 204-68] Unable to enforce a carried dependence constraint (II = 43, distance = 1, offset = 1)
   between axis read on port 'inStream_V_data_V' (kmeans/kmeans.cpp:34) and axis read on port 'inStream_V_data_V' (kmeans/kmeans.cpp:34).
WARNING: [SCHED 204-68] Unable to enforce a carried dependence constraint (II = 47, distance = 1, offset = 1)
   between axis read on port 'inStream_V_data_V' (kmeans/kmeans.cpp:34) and axis read on port 'inStream_V_data_V' (kmeans/kmeans.cpp:34).
WARNING: [SCHED 204-68] Unable to enforce a carried dependence constraint (II = 49, distance = 1, offset = 1)
   between axis read on port 'inStream_V_data_V' (kmeans/kmeans.cpp:34) and axis read on port 'inStream_V_data_V' (kmeans/kmeans.cpp:34).
INFO: [SCHED 204-61] Pipelining result : Target II = 1, Final II = 50, Depth = 51.
WARNING: [SCHED 204-67] Unable to satisfy pipeline directive: subfunction 'get_cluster' is not pipelined.
INFO: [SCHED 204-61] Pipelining loop 'sumcen'.
WARNING: [SCHED 204-68] Unable to enforce a carried dependence constraint (II = 1, distance = 1, offset = 1)
   between 'store' operation (kmeans/kmeans.cpp:59) of variable 'tmp_17_126', kmeans/kmeans.cpp:59 on array 'new_centroids' and 'load' operation ('new_centroids_load', kmeans/kmeans.cpp:59) on array 'new_centroids'.
WARNING: [SCHED 204-68] Unable to enforce a carried dependence constraint (II = 2, distance = 1, offset = 1)
   between 'store' operation (kmeans/kmeans.cpp:59) of variable 'tmp_17_126', kmeans/kmeans.cpp:59 on array 'new_centroids' and 'load' operation ('new_centroids_load', kmeans/kmeans.cpp:59) on array 'new_centroids'.
WARNING: [SCHED 204-68] Unable to enforce a carried dependence constraint (II = 3, distance = 1, offset = 1)
   between 'store' operation (kmeans/kmeans.cpp:59) of variable 'tmp_17_126', kmeans/kmeans.cpp:59 on array 'new_centroids' and 'load' operation ('new_centroids_load', kmeans/kmeans.cpp:59) on array 'new_centroids'.
WARNING: [SCHED 204-68] Unable to enforce a carried dependence constraint (II = 4, distance = 1, offset = 1)
   between 'store' operation (kmeans/kmeans.cpp:59) of variable 'tmp_17_126', kmeans/kmeans.cpp:59 on array 'new_centroids' and 'load' operation ('new_centroids_load', kmeans/kmeans.cpp:59) on array 'new_centroids'.
WARNING: [SCHED 204-69] Unable to schedule 'store' operation (kmeans/kmeans.cpp:59) of variable 'tmp_16_21', kmeans/kmeans.cpp:59 on array 'new_centroids' due to limited memory ports. Please consider using a memory core with more ports or partitioning the array 'new_centroids'.
INFO: [SCHED 204-61] Pipelining result : Target II = 1, Final II = 50, Depth = 60.
INFO: [SCHED 204-61] Pipelining loop 'update'.
WARNING: [SCHED 204-69] Unable to schedule 'load' operation ('np_cluster_load_3', kmeans/kmeans.cpp:69) on array 'np_cluster' due to limited memory ports. Please consider using a memory core with more ports or partitioning the array 'np_cluster'.
WARNING: [SCHED 204-69] Unable to schedule 'store' operation (kmeans/kmeans.cpp:70) of constant 0 on array 'new_centroids' due to limited memory ports. Please consider using a memory core with more ports or partitioning the array 'new_centroids'.
INFO: [SCHED 204-61] Pipelining result : Target II = 1, Final II = 50, Depth = 73.
INFO: [SCHED 204-61] Pipelining loop 'send'.
INFO: [SCHED 204-61] Pipelining result : Target II = 1, Final II = 1, Depth = 3.
WARNING: [SCHED 204-21] Estimated clock period (9.634ns) exceeds the target (target clock period: 10ns, clock uncertainty: 1.25ns, effective delay budget: 8.75ns).
WARNING: [SCHED 204-21] The critical path consists of the following:
	'mul' operation ('tmp_303', kmeans/kmeans.cpp:59) (3.36 ns)
	'add' operation ('tmp_304', kmeans/kmeans.cpp:59) (3.02 ns)
	'getelementptr' operation ('new_centroids_addr_2', kmeans/kmeans.cpp:59) (0 ns)
	'load' operation ('new_centroids_load_2', kmeans/kmeans.cpp:59) on array 'new_centroids' (3.25 ns)
INFO: [SCHED 204-11] Finished scheduling.
INFO: [HLS 200-111]  Elapsed time: 38.26 seconds; current allocated memory: 358.302 MB.
INFO: [HLS 200-434] Only 5 loops out of a total 7 loops have been pipelined in this design.
INFO: [BIND 205-100] Starting micro-architecture generation ...
INFO: [BIND 205-101] Performing variable lifetime analysis.
INFO: [BIND 205-101] Exploring resource sharing.
INFO: [BIND 205-101] Binding ...
INFO: [BIND 205-100] Finished micro-architecture generation.
INFO: [HLS 200-111]  Elapsed time: 8.03 seconds; current allocated memory: 370.579 MB.
INFO: [HLS 200-10] ----------------------------------------------------------------
INFO: [HLS 200-10] -- Generating RTL for module 'get_cluster' 
INFO: [HLS 200-10] ----------------------------------------------------------------
INFO: [SYN 201-210] Renamed object name 'doKmean_faddfsub_32ns_32ns_32_5_full_dsp_1' to 'doKmean_faddfsub_bkb' due to the length limit 20
INFO: [SYN 201-210] Renamed object name 'doKmean_fsub_32ns_32ns_32_5_full_dsp_1' to 'doKmean_fsub_32nscud' due to the length limit 20
INFO: [SYN 201-210] Renamed object name 'doKmean_fadd_32ns_32ns_32_5_full_dsp_1' to 'doKmean_fadd_32nsdEe' due to the length limit 20
INFO: [SYN 201-210] Renamed object name 'doKmean_fmul_32ns_32ns_32_4_max_dsp_1' to 'doKmean_fmul_32nseOg' due to the length limit 20
INFO: [SYN 201-210] Renamed object name 'doKmean_fcmp_32ns_32ns_1_1_1' to 'doKmean_fcmp_32nsfYi' due to the length limit 20
INFO: [SYN 201-210] Renamed object name 'doKmean_fsqrt_32ns_32ns_32_12_1' to 'doKmean_fsqrt_32ng8j' due to the length limit 20
INFO: [SYN 201-210] Renamed object name 'doKmean_mul_mul_7ns_10ns_17_1_1' to 'doKmean_mul_mul_7hbi' due to the length limit 20
INFO: [RTGEN 206-100] Generating core module 'doKmean_fadd_32nsdEe': 1 instance(s).
INFO: [RTGEN 206-100] Generating core module 'doKmean_faddfsub_bkb': 2 instance(s).
INFO: [RTGEN 206-100] Generating core module 'doKmean_fcmp_32nsfYi': 1 instance(s).
INFO: [RTGEN 206-100] Generating core module 'doKmean_fmul_32nseOg': 1 instance(s).
INFO: [RTGEN 206-100] Generating core module 'doKmean_fsqrt_32ng8j': 1 instance(s).
INFO: [RTGEN 206-100] Generating core module 'doKmean_fsub_32nscud': 1 instance(s).
INFO: [RTGEN 206-100] Generating core module 'doKmean_mul_mul_7hbi': 1 instance(s).
INFO: [RTGEN 206-100] Finished creating RTL model for 'get_cluster'.
INFO: [HLS 200-111]  Elapsed time: 34.41 seconds; current allocated memory: 473.117 MB.
INFO: [HLS 200-10] ----------------------------------------------------------------
INFO: [HLS 200-10] -- Generating RTL for module 'doKmean' 
INFO: [HLS 200-10] ----------------------------------------------------------------
INFO: [RTGEN 206-500] Setting interface mode on port 'doKmean/inStream_V_data_V' to 'axis' (register, both mode).
INFO: [RTGEN 206-500] Setting interface mode on port 'doKmean/inStream_V_keep_V' to 'axis' (register, both mode).
INFO: [RTGEN 206-500] Setting interface mode on port 'doKmean/inStream_V_strb_V' to 'axis' (register, both mode).
INFO: [RTGEN 206-500] Setting interface mode on port 'doKmean/inStream_V_user_V' to 'axis' (register, both mode).
INFO: [RTGEN 206-500] Setting interface mode on port 'doKmean/inStream_V_last_V' to 'axis' (register, both mode).
INFO: [RTGEN 206-500] Setting interface mode on port 'doKmean/inStream_V_id_V' to 'axis' (register, both mode).
INFO: [RTGEN 206-500] Setting interface mode on port 'doKmean/inStream_V_dest_V' to 'axis' (register, both mode).
INFO: [RTGEN 206-500] Setting interface mode on port 'doKmean/outStream_V_data_V' to 'axis' (register, both mode).
INFO: [RTGEN 206-500] Setting interface mode on port 'doKmean/outStream_V_keep_V' to 'axis' (register, both mode).
INFO: [RTGEN 206-500] Setting interface mode on port 'doKmean/outStream_V_strb_V' to 'axis' (register, both mode).
INFO: [RTGEN 206-500] Setting interface mode on port 'doKmean/outStream_V_user_V' to 'axis' (register, both mode).
INFO: [RTGEN 206-500] Setting interface mode on port 'doKmean/outStream_V_last_V' to 'axis' (register, both mode).
INFO: [RTGEN 206-500] Setting interface mode on port 'doKmean/outStream_V_id_V' to 'axis' (register, both mode).
INFO: [RTGEN 206-500] Setting interface mode on port 'doKmean/outStream_V_dest_V' to 'axis' (register, both mode).
INFO: [RTGEN 206-500] Setting interface mode on port 'doKmean/gain' to 's_axilite & ap_none'.
INFO: [RTGEN 206-500] Setting interface mode on function 'doKmean' to 's_axilite & ap_ctrl_hs'.
WARNING: [RTGEN 206-101] Global array 'points' will not be exposed as RTL port.
==============================================================
File generated by Vivado(TM) HLS - High-Level Synthesis from C, C++ and SystemC
Version: 2018.2
Copyright (C) 1986-2018 Xilinx, Inc. All Rights Reserved.

==============================================================

