

================================================================
== Vivado HLS Report for 'doKmean'
================================================================
* Date:           Sat Dec  8 01:17:54 2018

* Version:        2018.2 (Build 2258646 on Thu Jun 14 20:25:20 MDT 2018)
* Project:        kmeans
* Solution:       solution1
* Product family: zynq
* Target device:  xc7z020clg484-1


================================================================
== Performance Estimates
================================================================
+ Timing (ns): 
    * Summary: 
    +--------+-------+----------+------------+
    |  Clock | Target| Estimated| Uncertainty|
    +--------+-------+----------+------------+
    |ap_clk  |  10.00|     9.634|        1.25|
    +--------+-------+----------+------------+

+ Latency (clock cycles): 
    * Summary: 
    +---------+---------+---------+---------+---------+
    |      Latency      |      Interval     | Pipeline|
    |   min   |   max   |   min   |   max   |   Type  |
    +---------+---------+---------+---------+---------+
    |  4223258|  4252385|  4223258|  4252385|   none  |
    +---------+---------+---------+---------+---------+

    + Detail: 
        * Instance: 
        N/A

        * Loop: 
        +------------------+---------+---------+----------+-----------+-----------+------+----------+
        |                  |      Latency      | Iteration|  Initiation Interval  | Trip |          |
        |     Loop Name    |   min   |   max   |  Latency |  achieved |   target  | Count| Pipelined|
        +------------------+---------+---------+----------+-----------+-----------+------+----------+
        |- read_p          |    25500|    25500|       102|          -|          -|   250|    no    |
        | + read_p.1       |      100|      100|         2|          -|          -|    50|    no    |
        |- read_c          |     2040|     2040|       102|          -|          -|    20|    no    |
        | + read_c.1       |      100|      100|         2|          -|          -|    50|    no    |
        |- Loop 3          |      500|      500|         2|          -|          -|   250|    no    |
        |- cluster         |  4071000|  4071000|     16284|          -|          -|   250|    no    |
        | + cluster.1      |    16280|    16280|       814|          -|          -|    20|    no    |
        |  ++ cluster.1.1  |      800|      800|        16|          -|          -|    50|    no    |
        |- sumcen          |   125500|   125500|       502|          -|          -|   250|    no    |
        | + sumcen.1       |      500|      500|        10|          -|          -|    50|    no    |
        |- update          |    24040|    24040|      1202|          -|          -|    20|    no    |
        | + update.1       |     1200|     1200|        24|          -|          -|    50|    no    |
        |- send            |      750|      750|         3|          -|          -|   250|    no    |
        |- send2           |        6|        6|         3|          -|          -|     2|    no    |
        |- write_c         |     3040|     3040|       152|          -|          -|    20|    no    |
        | + write_c.1      |      150|      150|         3|          -|          -|    50|    no    |
        +------------------+---------+---------+----------+-----------+-----------+------+----------+



================================================================
== Utilization Estimates
================================================================
* Summary: 
+-----------------+---------+-------+--------+-------+
|       Name      | BRAM_18K| DSP48E|   FF   |  LUT  |
+-----------------+---------+-------+--------+-------+
|DSP              |        -|      1|       -|      -|
|Expression       |        -|      -|       0|   1188|
|FIFO             |        -|      -|       -|      -|
|Instance         |        0|      7|    2199|   3607|
|Memory           |       37|      -|      64|     10|
|Multiplexer      |        -|      -|       -|   1267|
|Register         |        -|      -|    1347|      -|
+-----------------+---------+-------+--------+-------+
|Total            |       37|      8|    3610|   6072|
+-----------------+---------+-------+--------+-------+
|Available        |      280|    220|  106400|  53200|
+-----------------+---------+-------+--------+-------+
|Utilization (%)  |       13|      3|       3|     11|
+-----------------+---------+-------+--------+-------+

+ Detail: 
    * Instance: 
    +--------------------------+------------------------+---------+-------+-----+-----+
    |         Instance         |         Module         | BRAM_18K| DSP48E|  FF | LUT |
    +--------------------------+------------------------+---------+-------+-----+-----+
    |doKmean_CRTL_BUS_s_axi_U  |doKmean_CRTL_BUS_s_axi  |        0|      0|   74|  104|
    |doKmean_faddfsub_cud_U1   |doKmean_faddfsub_cud    |        0|      2|  205|  390|
    |doKmean_fcmp_32nshbi_U6   |doKmean_fcmp_32nshbi    |        0|      0|   66|  239|
    |doKmean_fdiv_32nsfYi_U4   |doKmean_fdiv_32nsfYi    |        0|      0|  761|  994|
    |doKmean_fmul_32nseOg_U3   |doKmean_fmul_32nseOg    |        0|      3|  143|  321|
    |doKmean_fsqrt_32nibs_U7   |doKmean_fsqrt_32nibs    |        0|      0|  405|  615|
    |doKmean_fsub_32nsdEe_U2   |doKmean_fsub_32nsdEe    |        0|      2|  205|  390|
    |doKmean_sitofp_32g8j_U5   |doKmean_sitofp_32g8j    |        0|      0|  340|  554|
    +--------------------------+------------------------+---------+-------+-----+-----+
    |Total                     |                        |        0|      7| 2199| 3607|
    +--------------------------+------------------------+---------+-------+-----+-----+

    * DSP48: 
    +-------------------------+----------------------+--------------+
    |         Instance        |        Module        |  Expression  |
    +-------------------------+----------------------+--------------+
    |doKmean_mac_muladjbC_U8  |doKmean_mac_muladjbC  | i0 + i1 * i2 |
    +-------------------------+----------------------+--------------+

    * Memory: 
    +-----------------+----------------------+---------+----+----+-------+-----+------+-------------+
    |      Memory     |        Module        | BRAM_18K| FF | LUT| Words | Bits| Banks| W*Bits*Banks|
    +-----------------+----------------------+---------+----+----+-------+-----+------+-------------+
    |centroids_U      |doKmean_centroids     |        2|   0|   0|   1000|   32|     1|        32000|
    |new_centroids_U  |doKmean_new_centrbkb  |        2|   0|   0|   1000|   32|     1|        32000|
    |np_cluster_U     |doKmean_np_cluster    |        0|  64|  10|     20|   32|     1|          640|
    |points_U         |doKmean_points        |       32|   0|   0|  12500|   32|     1|       400000|
    |results_U        |doKmean_results       |        1|   0|   0|    250|   32|     1|         8000|
    +-----------------+----------------------+---------+----+----+-------+-----+------+-------------+
    |Total            |                      |       37|  64|  10|  14770|  160|     5|       472640|
    +-----------------+----------------------+---------+----+----+-------+-----+------+-------------+

    * FIFO: 
    N/A

    * Expression: 
    +-------------------------------------+----------+-------+---+----+------------+------------+
    |            Variable Name            | Operation| DSP48E| FF| LUT| Bitwidth P0| Bitwidth P1|
    +-------------------------------------+----------+-------+---+----+------------+------------+
    |c_1_fu_1375_p2                       |     +    |      0|  0|  15|           5|           1|
    |c_2_fu_1091_p2                       |     +    |      0|  0|  15|           5|           1|
    |f_1_fu_1398_p2                       |     +    |      0|  0|  15|           6|           1|
    |gain_off1_fu_1303_p2                 |     +    |      0|  0|  39|          32|           3|
    |gain_off_fu_845_p2                   |     +    |      0|  0|  39|          32|           2|
    |i_1_fu_835_p2                        |     +    |      0|  0|  15|           8|           1|
    |i_2_fu_988_p2                        |     +    |      0|  0|  15|           5|           1|
    |i_3_fu_1037_p2                       |     +    |      0|  0|  15|           8|           1|
    |i_4_fu_1065_p2                       |     +    |      0|  0|  15|           8|           1|
    |i_5_fu_1271_p2                       |     +    |      0|  0|  15|           8|           1|
    |i_6_fu_1489_p2                       |     +    |      0|  0|  15|           5|           1|
    |idx_1_fu_1424_p2                     |     +    |      0|  0|  15|           8|           1|
    |idx_2_fu_1452_p2                     |     +    |      0|  0|  10|           2|           1|
    |j_1_fu_872_p2                        |     +    |      0|  0|  15|           6|           1|
    |j_2_fu_1006_p2                       |     +    |      0|  0|  15|           6|           1|
    |j_3_fu_1330_p2                       |     +    |      0|  0|  15|           6|           1|
    |j_4_fu_1103_p2                       |     +    |      0|  0|  15|           6|           1|
    |j_5_fu_1507_p2                       |     +    |      0|  0|  15|           6|           1|
    |next_mul1_fu_1363_p2                 |     +    |      0|  0|  14|          10|           6|
    |next_mul2_fu_976_p2                  |     +    |      0|  0|  14|          10|           6|
    |next_mul3_fu_1477_p2                 |     +    |      0|  0|  14|          10|           6|
    |next_mul4_fu_1075_p2                 |     +    |      0|  0|  14|          10|           6|
    |next_mul6_fu_1053_p2                 |     +    |      0|  0|  19|          14|           6|
    |next_mul8_fu_1259_p2                 |     +    |      0|  0|  19|          14|           6|
    |next_mul_fu_823_p2                   |     +    |      0|  0|  19|          14|           6|
    |tmp_13_fu_1252_p2                    |     +    |      0|  0|  39|          32|           1|
    |tmp_24_fu_1016_p2                    |     +    |      0|  0|  14|          10|          10|
    |tmp_29_fu_1348_p2                    |     +    |      0|  0|  19|          14|          14|
    |tmp_44_fu_1117_p2                    |     +    |      0|  0|  14|          10|          10|
    |tmp_45_fu_1128_p2                    |     +    |      0|  0|  19|          14|          14|
    |tmp_46_fu_1408_p2                    |     +    |      0|  0|  14|          10|          10|
    |tmp_48_fu_1517_p2                    |     +    |      0|  0|  14|          10|          10|
    |tmp_6_fu_882_p2                      |     +    |      0|  0|  19|          14|          14|
    |inStream_V_data_V_0_load_A           |    and   |      0|  0|   2|           1|           1|
    |inStream_V_data_V_0_load_B           |    and   |      0|  0|   2|           1|           1|
    |inStream_V_dest_V_0_load_A           |    and   |      0|  0|   2|           1|           1|
    |inStream_V_dest_V_0_load_B           |    and   |      0|  0|   2|           1|           1|
    |inStream_V_id_V_0_load_A             |    and   |      0|  0|   2|           1|           1|
    |inStream_V_id_V_0_load_B             |    and   |      0|  0|   2|           1|           1|
    |inStream_V_keep_V_0_load_A           |    and   |      0|  0|   2|           1|           1|
    |inStream_V_keep_V_0_load_B           |    and   |      0|  0|   2|           1|           1|
    |inStream_V_strb_V_0_load_A           |    and   |      0|  0|   2|           1|           1|
    |inStream_V_strb_V_0_load_B           |    and   |      0|  0|   2|           1|           1|
    |inStream_V_user_V_0_load_A           |    and   |      0|  0|   2|           1|           1|
    |inStream_V_user_V_0_load_B           |    and   |      0|  0|   2|           1|           1|
    |outStream_V_data_V_1_load_A          |    and   |      0|  0|   2|           1|           1|
    |outStream_V_data_V_1_load_B          |    and   |      0|  0|   2|           1|           1|
    |outStream_V_dest_V_1_load_A          |    and   |      0|  0|   2|           1|           1|
    |outStream_V_dest_V_1_load_B          |    and   |      0|  0|   2|           1|           1|
    |outStream_V_id_V_1_load_A            |    and   |      0|  0|   2|           1|           1|
    |outStream_V_id_V_1_load_B            |    and   |      0|  0|   2|           1|           1|
    |outStream_V_keep_V_1_load_A          |    and   |      0|  0|   2|           1|           1|
    |outStream_V_keep_V_1_load_B          |    and   |      0|  0|   2|           1|           1|
    |outStream_V_last_V_1_load_A          |    and   |      0|  0|   2|           1|           1|
    |outStream_V_last_V_1_load_B          |    and   |      0|  0|   2|           1|           1|
    |outStream_V_strb_V_1_load_A          |    and   |      0|  0|   2|           1|           1|
    |outStream_V_strb_V_1_load_B          |    and   |      0|  0|   2|           1|           1|
    |outStream_V_user_V_1_load_A          |    and   |      0|  0|   2|           1|           1|
    |outStream_V_user_V_1_load_B          |    and   |      0|  0|   2|           1|           1|
    |tmp_41_fu_1210_p2                    |    and   |      0|  0|   2|           1|           1|
    |tmp_43_fu_1216_p2                    |    and   |      0|  0|   2|           1|           1|
    |valOut_last_V_2_fu_1534_p2           |    and   |      0|  0|   2|           1|           1|
    |exitcond10_fu_1392_p2                |   icmp   |      0|  0|  11|           6|           5|
    |exitcond11_fu_1418_p2                |   icmp   |      0|  0|  11|           8|           4|
    |exitcond12_fu_1446_p2                |   icmp   |      0|  0|   9|           2|           3|
    |exitcond13_fu_1483_p2                |   icmp   |      0|  0|  11|           5|           5|
    |exitcond1_fu_829_p2                  |   icmp   |      0|  0|  11|           8|           4|
    |exitcond1_i_fu_1085_p2               |   icmp   |      0|  0|  11|           5|           5|
    |exitcond2_fu_866_p2                  |   icmp   |      0|  0|  11|           6|           5|
    |exitcond3_fu_982_p2                  |   icmp   |      0|  0|  11|           5|           5|
    |exitcond4_fu_1000_p2                 |   icmp   |      0|  0|  11|           6|           5|
    |exitcond5_fu_1031_p2                 |   icmp   |      0|  0|  11|           8|           4|
    |exitcond6_fu_1059_p2                 |   icmp   |      0|  0|  11|           8|           4|
    |exitcond7_fu_1265_p2                 |   icmp   |      0|  0|  11|           8|           4|
    |exitcond8_fu_1324_p2                 |   icmp   |      0|  0|  11|           6|           5|
    |exitcond9_fu_1369_p2                 |   icmp   |      0|  0|  11|           5|           5|
    |exitcond_fu_1501_p2                  |   icmp   |      0|  0|  11|           6|           5|
    |exitcond_i_fu_1097_p2                |   icmp   |      0|  0|  11|           6|           5|
    |icmp1_fu_1318_p2                     |   icmp   |      0|  0|  18|          31|           1|
    |icmp_fu_860_p2                       |   icmp   |      0|  0|  18|          31|           1|
    |inStream_V_data_V_0_state_cmp_full   |   icmp   |      0|  0|   8|           2|           1|
    |inStream_V_dest_V_0_state_cmp_full   |   icmp   |      0|  0|   8|           2|           1|
    |inStream_V_id_V_0_state_cmp_full     |   icmp   |      0|  0|   8|           2|           1|
    |inStream_V_keep_V_0_state_cmp_full   |   icmp   |      0|  0|   8|           2|           1|
    |inStream_V_strb_V_0_state_cmp_full   |   icmp   |      0|  0|   8|           2|           1|
    |inStream_V_user_V_0_state_cmp_full   |   icmp   |      0|  0|   8|           2|           1|
    |notlhs1_fu_1192_p2                   |   icmp   |      0|  0|  11|           8|           2|
    |notlhs_fu_1174_p2                    |   icmp   |      0|  0|  11|           8|           2|
    |notrhs1_fu_1198_p2                   |   icmp   |      0|  0|  18|          23|           1|
    |notrhs_fu_1180_p2                    |   icmp   |      0|  0|  18|          23|           1|
    |outStream_V_data_V_1_state_cmp_full  |   icmp   |      0|  0|   8|           2|           1|
    |outStream_V_dest_V_1_state_cmp_full  |   icmp   |      0|  0|   8|           2|           1|
    |outStream_V_id_V_1_state_cmp_full    |   icmp   |      0|  0|   8|           2|           1|
    |outStream_V_keep_V_1_state_cmp_full  |   icmp   |      0|  0|   8|           2|           1|
    |outStream_V_last_V_1_state_cmp_full  |   icmp   |      0|  0|   8|           2|           1|
    |outStream_V_strb_V_1_state_cmp_full  |   icmp   |      0|  0|   8|           2|           1|
    |outStream_V_user_V_1_state_cmp_full  |   icmp   |      0|  0|   8|           2|           1|
    |tmp_10_fu_1282_p2                    |   icmp   |      0|  0|   8|           2|           1|
    |tmp_14_fu_1297_p2                    |   icmp   |      0|  0|   8|           2|           1|
    |tmp_22_fu_1441_p2                    |   icmp   |      0|  0|  18|          32|           2|
    |tmp_26_fu_1495_p2                    |   icmp   |      0|  0|  11|           5|           5|
    |tmp_28_fu_1528_p2                    |   icmp   |      0|  0|  11|           6|           5|
    |tmp_3_fu_911_p2                      |   icmp   |      0|  0|  11|           8|           1|
    |tmp_9_fu_1236_p2                     |   icmp   |      0|  0|  18|          32|          32|
    |valOut_last_V_1_fu_1466_p2           |   icmp   |      0|  0|   8|           2|           1|
    |valOut_last_V_fu_1435_p2             |   icmp   |      0|  0|  11|           8|           4|
    |ap_block_state84                     |    or    |      0|  0|   2|           1|           1|
    |tmp_15_fu_888_p2                     |    or    |      0|  0|   6|           6|           6|
    |tmp_39_fu_1186_p2                    |    or    |      0|  0|   2|           1|           1|
    |tmp_40_fu_1204_p2                    |    or    |      0|  0|   2|           1|           1|
    |cluster_2_fu_1222_p3                 |  select  |      0|  0|  32|           1|          32|
    |min_distance_1_fu_1229_p3            |  select  |      0|  0|  32|           1|          32|
    +-------------------------------------+----------+-------+---+----+------------+------------+
    |Total                                |          |      0|  0|1188|         743|         394|
    +-------------------------------------+----------+-------+---+----+------------+------------+

    * Multiplexer: 
    +-------------------------------+-----+-----------+-----+-----------+
    |              Name             | LUT | Input Size| Bits| Total Bits|
    +-------------------------------+-----+-----------+-----+-----------+
    |ap_NS_fsm                      |  385|         88|    1|         88|
    |c_reg_611                      |    9|          2|    5|         10|
    |centroids_address0             |   21|          4|   10|         40|
    |centroids_address1             |   15|          3|   10|         30|
    |cluster_1_reg_530              |    9|          2|    5|         10|
    |cluster_reg_505                |    9|          2|   32|         64|
    |distance_i_reg_553             |    9|          2|   32|         64|
    |endip_0                        |    9|          2|    1|          2|
    |f_reg_634                      |    9|          2|    6|         12|
    |grp_fu_710_opcode              |   15|          3|    2|          6|
    |grp_fu_710_p0                  |   21|          4|   32|        128|
    |grp_fu_710_p1                  |   21|          4|   32|        128|
    |i1_reg_436                     |    9|          2|    5|         10|
    |i5_reg_470                     |    9|          2|    8|         16|
    |i6_reg_676                     |    9|          2|    5|         10|
    |i7_reg_482                     |    9|          2|    8|         16|
    |i8_reg_576                     |    9|          2|    8|         16|
    |i_reg_401                      |    9|          2|    8|         16|
    |idx2_reg_656                   |    9|          2|    2|          4|
    |idx_reg_645                    |    9|          2|    8|         16|
    |inStream_TDATA_blk_n           |    9|          2|    1|          2|
    |inStream_V_data_V_0_data_out   |    9|          2|   32|         64|
    |inStream_V_data_V_0_state      |   15|          3|    2|          6|
    |inStream_V_dest_V_0_data_out   |    9|          2|    6|         12|
    |inStream_V_dest_V_0_state      |   15|          3|    2|          6|
    |inStream_V_id_V_0_data_out     |    9|          2|    5|         10|
    |inStream_V_id_V_0_state        |   15|          3|    2|          6|
    |inStream_V_keep_V_0_data_out   |    9|          2|    4|          8|
    |inStream_V_keep_V_0_state      |   15|          3|    2|          6|
    |inStream_V_strb_V_0_data_out   |    9|          2|    4|          8|
    |inStream_V_strb_V_0_state      |   15|          3|    2|          6|
    |inStream_V_user_V_0_data_out   |    9|          2|    2|          4|
    |inStream_V_user_V_0_state      |   15|          3|    2|          6|
    |j2_reg_459                     |    9|          2|    6|         12|
    |j5_reg_699                     |    9|          2|    6|         12|
    |j9_reg_599                     |    9|          2|    6|         12|
    |j_i_reg_565                    |    9|          2|    6|         12|
    |j_reg_425                      |    9|          2|    6|         12|
    |min_distance_i_reg_518         |    9|          2|   32|         64|
    |new_centroids_address0         |   27|          5|   10|         50|
    |new_centroids_d0               |   15|          3|   32|         96|
    |np_cluster_address0            |   21|          4|    5|         20|
    |np_cluster_d0                  |   15|          3|   32|         96|
    |outStream_TDATA_blk_n          |    9|          2|    1|          2|
    |outStream_V_data_V_1_data_in   |   21|          4|   32|        128|
    |outStream_V_data_V_1_data_out  |    9|          2|   32|         64|
    |outStream_V_data_V_1_state     |   15|          3|    2|          6|
    |outStream_V_dest_V_1_data_out  |    9|          2|    6|         12|
    |outStream_V_dest_V_1_state     |   15|          3|    2|          6|
    |outStream_V_id_V_1_data_out    |    9|          2|    5|         10|
    |outStream_V_id_V_1_state       |   15|          3|    2|          6|
    |outStream_V_keep_V_1_data_out  |    9|          2|    4|          8|
    |outStream_V_keep_V_1_state     |   15|          3|    2|          6|
    |outStream_V_last_V_1_data_in   |   21|          4|    1|          4|
    |outStream_V_last_V_1_data_out  |    9|          2|    1|          2|
    |outStream_V_last_V_1_state     |   15|          3|    2|          6|
    |outStream_V_strb_V_1_data_out  |    9|          2|    4|          8|
    |outStream_V_strb_V_1_state     |   15|          3|    2|          6|
    |outStream_V_user_V_1_data_out  |    9|          2|    2|          4|
    |outStream_V_user_V_1_state     |   15|          3|    2|          6|
    |phi_mul1_reg_447               |    9|          2|   10|         20|
    |phi_mul2_reg_687               |    9|          2|   10|         20|
    |phi_mul3_reg_541               |    9|          2|   10|         20|
    |phi_mul5_reg_493               |    9|          2|   14|         28|
    |phi_mul7_reg_587               |    9|          2|   14|         28|
    |phi_mul9_reg_622               |    9|          2|   10|         20|
    |phi_mul_reg_413                |    9|          2|   14|         28|
    |points_address0                |   15|          3|   14|         42|
    |points_address1                |   15|          3|   14|         42|
    |reg_779                        |    9|          2|   32|         64|
    |results_address0               |   33|          6|    8|         48|
    |results_d0                     |   15|          3|   32|         96|
    |val_assign_1_in_reg_667        |    9|          2|    1|          2|
    +-------------------------------+-----+-----------+-----+-----------+
    |Total                          | 1267|        271|  712|       1958|
    +-------------------------------+-----+-----------+-----+-----------+

    * Register: 
    +--------------------------------+----+----+-----+-----------+
    |              Name              | FF | LUT| Bits| Const Bits|
    +--------------------------------+----+----+-----+-----------+
    |ap_CS_fsm                       |  87|   0|   87|          0|
    |c_1_reg_1816                    |   5|   0|    5|          0|
    |c_2_reg_1671                    |   5|   0|    5|          0|
    |c_reg_611                       |   5|   0|    5|          0|
    |centroids_load_1_reg_1701       |  32|   0|   32|          0|
    |centroids_load_2_reg_1711       |  32|   0|   32|          0|
    |cluster_1_cast_reg_1663         |   5|   0|   32|         27|
    |cluster_1_reg_530               |   5|   0|    5|          0|
    |cluster_reg_505                 |  32|   0|   32|          0|
    |distance_2_reg_1731             |  32|   0|   32|          0|
    |distance_i_reg_553              |  32|   0|   32|          0|
    |end_fu_192                      |   1|   0|    2|          1|
    |endip_0                         |   1|   0|    2|          1|
    |endip_1                         |   1|   0|    2|          1|
    |f_1_reg_1829                    |   6|   0|    6|          0|
    |f_reg_634                       |   6|   0|    6|          0|
    |gain_read_reg_1552              |  32|   0|   32|          0|
    |i1_reg_436                      |   5|   0|    5|          0|
    |i5_reg_470                      |   8|   0|    8|          0|
    |i6_reg_676                      |   5|   0|    5|          0|
    |i7_reg_482                      |   8|   0|    8|          0|
    |i8_reg_576                      |   8|   0|    8|          0|
    |i_1_reg_1567                    |   8|   0|    8|          0|
    |i_2_reg_1606                    |   5|   0|    5|          0|
    |i_3_reg_1627                    |   8|   0|    8|          0|
    |i_4_reg_1648                    |   8|   0|    8|          0|
    |i_5_reg_1764                    |   8|   0|    8|          0|
    |i_6_reg_1930                    |   5|   0|    5|          0|
    |i_reg_401                       |   8|   0|    8|          0|
    |icmp1_reg_1781                  |   1|   0|    1|          0|
    |icmp_reg_1577                   |   1|   0|    1|          0|
    |idx2_reg_656                    |   2|   0|    2|          0|
    |idx_1_reg_1867                  |   8|   0|    8|          0|
    |idx_2_reg_1894                  |   2|   0|    2|          0|
    |idx_reg_645                     |   8|   0|    8|          0|
    |inStream_V_data_V_0_payload_A   |  32|   0|   32|          0|
    |inStream_V_data_V_0_payload_B   |  32|   0|   32|          0|
    |inStream_V_data_V_0_sel_rd      |   1|   0|    1|          0|
    |inStream_V_data_V_0_sel_wr      |   1|   0|    1|          0|
    |inStream_V_data_V_0_state       |   2|   0|    2|          0|
    |inStream_V_dest_V_0_payload_A   |   6|   0|    6|          0|
    |inStream_V_dest_V_0_payload_B   |   6|   0|    6|          0|
    |inStream_V_dest_V_0_sel_rd      |   1|   0|    1|          0|
    |inStream_V_dest_V_0_sel_wr      |   1|   0|    1|          0|
    |inStream_V_dest_V_0_state       |   2|   0|    2|          0|
    |inStream_V_id_V_0_payload_A     |   5|   0|    5|          0|
    |inStream_V_id_V_0_payload_B     |   5|   0|    5|          0|
    |inStream_V_id_V_0_sel_rd        |   1|   0|    1|          0|
    |inStream_V_id_V_0_sel_wr        |   1|   0|    1|          0|
    |inStream_V_id_V_0_state         |   2|   0|    2|          0|
    |inStream_V_keep_V_0_payload_A   |   4|   0|    4|          0|
    |inStream_V_keep_V_0_payload_B   |   4|   0|    4|          0|
    |inStream_V_keep_V_0_sel_rd      |   1|   0|    1|          0|
    |inStream_V_keep_V_0_sel_wr      |   1|   0|    1|          0|
    |inStream_V_keep_V_0_state       |   2|   0|    2|          0|
    |inStream_V_strb_V_0_payload_A   |   4|   0|    4|          0|
    |inStream_V_strb_V_0_payload_B   |   4|   0|    4|          0|
    |inStream_V_strb_V_0_sel_rd      |   1|   0|    1|          0|
    |inStream_V_strb_V_0_sel_wr      |   1|   0|    1|          0|
    |inStream_V_strb_V_0_state       |   2|   0|    2|          0|
    |inStream_V_user_V_0_payload_A   |   2|   0|    2|          0|
    |inStream_V_user_V_0_payload_B   |   2|   0|    2|          0|
    |inStream_V_user_V_0_sel_rd      |   1|   0|    1|          0|
    |inStream_V_user_V_0_sel_wr      |   1|   0|    1|          0|
    |inStream_V_user_V_0_state       |   2|   0|    2|          0|
    |j2_reg_459                      |   6|   0|    6|          0|
    |j5_reg_699                      |   6|   0|    6|          0|
    |j9_reg_599                      |   6|   0|    6|          0|
    |j_1_reg_1584                    |   6|   0|    6|          0|
    |j_2_reg_1614                    |   6|   0|    6|          0|
    |j_3_reg_1788                    |   6|   0|    6|          0|
    |j_4_reg_1684                    |   6|   0|    6|          0|
    |j_5_reg_1943                    |   6|   0|    6|          0|
    |j_i_reg_565                     |   6|   0|    6|          0|
    |j_reg_425                       |   6|   0|    6|          0|
    |min_distance_i_reg_518          |  32|   0|   32|          0|
    |new_centroids_addr_1_reg_1849   |  10|   0|   10|          0|
    |new_centroids_addr_reg_1803     |  10|   0|   10|          0|
    |next_mul1_reg_1808              |  10|   0|   10|          0|
    |next_mul2_reg_1598              |  10|   0|   10|          0|
    |next_mul3_reg_1922              |  10|   0|   10|          0|
    |next_mul4_reg_1658              |  10|   0|   10|          0|
    |next_mul6_reg_1640              |  14|   0|   14|          0|
    |next_mul8_reg_1756              |  14|   0|   14|          0|
    |next_mul_reg_1559               |  14|   0|   14|          0|
    |np_cluster_addr_1_reg_1821      |   5|   0|    5|          0|
    |np_cluster_addr_reg_1751        |   5|   0|    5|          0|
    |outStream_V_data_V_1_payload_A  |  32|   0|   32|          0|
    |outStream_V_data_V_1_payload_B  |  32|   0|   32|          0|
    |outStream_V_data_V_1_sel_rd     |   1|   0|    1|          0|
    |outStream_V_data_V_1_sel_wr     |   1|   0|    1|          0|
    |outStream_V_data_V_1_state      |   2|   0|    2|          0|
    |outStream_V_dest_V_1_payload_A  |   6|   0|    6|          0|
    |outStream_V_dest_V_1_payload_B  |   6|   0|    6|          0|
    |outStream_V_dest_V_1_sel_rd     |   1|   0|    1|          0|
    |outStream_V_dest_V_1_sel_wr     |   1|   0|    1|          0|
    |outStream_V_dest_V_1_state      |   2|   0|    2|          0|
    |outStream_V_id_V_1_payload_A    |   5|   0|    5|          0|
    |outStream_V_id_V_1_payload_B    |   5|   0|    5|          0|
    |outStream_V_id_V_1_sel_rd       |   1|   0|    1|          0|
    |outStream_V_id_V_1_sel_wr       |   1|   0|    1|          0|
    |outStream_V_id_V_1_state        |   2|   0|    2|          0|
    |outStream_V_keep_V_1_payload_A  |   4|   0|    4|          0|
    |outStream_V_keep_V_1_payload_B  |   4|   0|    4|          0|
    |outStream_V_keep_V_1_sel_rd     |   1|   0|    1|          0|
    |outStream_V_keep_V_1_sel_wr     |   1|   0|    1|          0|
    |outStream_V_keep_V_1_state      |   2|   0|    2|          0|
    |outStream_V_last_V_1_payload_A  |   1|   0|    1|          0|
    |outStream_V_last_V_1_payload_B  |   1|   0|    1|          0|
    |outStream_V_last_V_1_sel_rd     |   1|   0|    1|          0|
    |outStream_V_last_V_1_sel_wr     |   1|   0|    1|          0|
    |outStream_V_last_V_1_state      |   2|   0|    2|          0|
    |outStream_V_strb_V_1_payload_A  |   4|   0|    4|          0|
    |outStream_V_strb_V_1_payload_B  |   4|   0|    4|          0|
    |outStream_V_strb_V_1_sel_rd     |   1|   0|    1|          0|
    |outStream_V_strb_V_1_sel_wr     |   1|   0|    1|          0|
    |outStream_V_strb_V_1_state      |   2|   0|    2|          0|
    |outStream_V_user_V_1_payload_A  |   2|   0|    2|          0|
    |outStream_V_user_V_1_payload_B  |   2|   0|    2|          0|
    |outStream_V_user_V_1_sel_rd     |   1|   0|    1|          0|
    |outStream_V_user_V_1_sel_wr     |   1|   0|    1|          0|
    |outStream_V_user_V_1_state      |   2|   0|    2|          0|
    |phi_mul1_reg_447                |  10|   0|   10|          0|
    |phi_mul2_reg_687                |  10|   0|   10|          0|
    |phi_mul3_reg_541                |  10|   0|   10|          0|
    |phi_mul5_reg_493                |  14|   0|   14|          0|
    |phi_mul7_reg_587                |  14|   0|   14|          0|
    |phi_mul9_reg_622                |  10|   0|   10|          0|
    |phi_mul_reg_413                 |  14|   0|   14|          0|
    |points_load_2_reg_1706          |  32|   0|   32|          0|
    |reg_779                         |  32|   0|   32|          0|
    |reg_786                         |  32|   0|   32|          0|
    |reg_792                         |  32|   0|   32|          0|
    |results_addr_1_reg_1676         |   8|   0|    8|          0|
    |results_addr_2_reg_1769         |   8|   0|    8|          0|
    |tmp_14_reg_1777                 |   1|   0|    1|          0|
    |tmp_20_reg_1854                 |  32|   0|   32|          0|
    |tmp_21_reg_1859                 |  32|   0|   32|          0|
    |tmp_22_reg_1882                 |   1|   0|    1|          0|
    |tmp_24_reg_1619                 |  10|   0|   10|          0|
    |tmp_26_reg_1935                 |   1|   0|    1|          0|
    |tmp_30_reg_1793                 |  11|   0|   11|          0|
    |tmp_3_reg_1594                  |   1|   0|    1|          0|
    |tmp_46_reg_1834                 |  10|   0|   10|          0|
    |tmp_4_reg_1572                  |   6|   0|    6|          0|
    |tmp_58_cast_reg_1844            |  10|   0|   64|         54|
    |tmp_6_i_reg_1716                |  32|   0|   32|          0|
    |tmp_6_reg_1589                  |  14|   0|   14|          0|
    |tmp_7_i_reg_1721                |  32|   0|   32|          0|
    |tmp_8_reg_1653                  |   8|   0|   64|         56|
    |valOut_last_V_1_reg_1912        |   1|   0|    1|          0|
    |valOut_last_V_2_reg_1953        |   1|   0|    1|          0|
    |valOut_last_V_reg_1877          |   1|   0|    1|          0|
    |val_assign_1_in_reg_667         |   1|   0|    2|          1|
    |valref_dest_V                   |   6|   0|    6|          0|
    |valref_id_V                     |   5|   0|    5|          0|
    |valref_keep_V                   |   4|   0|    4|          0|
    |valref_strb_V                   |   4|   0|    4|          0|
    |valref_user_V                   |   2|   0|    2|          0|
    +--------------------------------+----+----+-----+-----------+
    |Total                           |1347|   0| 1488|        141|
    +--------------------------------+----+----+-----+-----------+



================================================================
== Interface
================================================================
* Summary: 
+------------------------+-----+-----+------------+--------------------+--------------+
|        RTL Ports       | Dir | Bits|  Protocol  |    Source Object   |    C Type    |
+------------------------+-----+-----+------------+--------------------+--------------+
|s_axi_CRTL_BUS_AWVALID  |  in |    1|    s_axi   |      CRTL_BUS      |    scalar    |
|s_axi_CRTL_BUS_AWREADY  | out |    1|    s_axi   |      CRTL_BUS      |    scalar    |
|s_axi_CRTL_BUS_AWADDR   |  in |    5|    s_axi   |      CRTL_BUS      |    scalar    |
|s_axi_CRTL_BUS_WVALID   |  in |    1|    s_axi   |      CRTL_BUS      |    scalar    |
|s_axi_CRTL_BUS_WREADY   | out |    1|    s_axi   |      CRTL_BUS      |    scalar    |
|s_axi_CRTL_BUS_WDATA    |  in |   32|    s_axi   |      CRTL_BUS      |    scalar    |
|s_axi_CRTL_BUS_WSTRB    |  in |    4|    s_axi   |      CRTL_BUS      |    scalar    |
|s_axi_CRTL_BUS_ARVALID  |  in |    1|    s_axi   |      CRTL_BUS      |    scalar    |
|s_axi_CRTL_BUS_ARREADY  | out |    1|    s_axi   |      CRTL_BUS      |    scalar    |
|s_axi_CRTL_BUS_ARADDR   |  in |    5|    s_axi   |      CRTL_BUS      |    scalar    |
|s_axi_CRTL_BUS_RVALID   | out |    1|    s_axi   |      CRTL_BUS      |    scalar    |
|s_axi_CRTL_BUS_RREADY   |  in |    1|    s_axi   |      CRTL_BUS      |    scalar    |
|s_axi_CRTL_BUS_RDATA    | out |   32|    s_axi   |      CRTL_BUS      |    scalar    |
|s_axi_CRTL_BUS_RRESP    | out |    2|    s_axi   |      CRTL_BUS      |    scalar    |
|s_axi_CRTL_BUS_BVALID   | out |    1|    s_axi   |      CRTL_BUS      |    scalar    |
|s_axi_CRTL_BUS_BREADY   |  in |    1|    s_axi   |      CRTL_BUS      |    scalar    |
|s_axi_CRTL_BUS_BRESP    | out |    2|    s_axi   |      CRTL_BUS      |    scalar    |
|ap_clk                  |  in |    1| ap_ctrl_hs |       doKmean      | return value |
|ap_rst_n                |  in |    1| ap_ctrl_hs |       doKmean      | return value |
|interrupt               | out |    1| ap_ctrl_hs |       doKmean      | return value |
|inStream_TDATA          |  in |   32|    axis    |  inStream_V_data_V |    pointer   |
|inStream_TVALID         |  in |    1|    axis    |  inStream_V_dest_V |    pointer   |
|inStream_TREADY         | out |    1|    axis    |  inStream_V_dest_V |    pointer   |
|inStream_TDEST          |  in |    6|    axis    |  inStream_V_dest_V |    pointer   |
|inStream_TKEEP          |  in |    4|    axis    |  inStream_V_keep_V |    pointer   |
|inStream_TSTRB          |  in |    4|    axis    |  inStream_V_strb_V |    pointer   |
|inStream_TUSER          |  in |    2|    axis    |  inStream_V_user_V |    pointer   |
|inStream_TLAST          |  in |    1|    axis    |  inStream_V_last_V |    pointer   |
|inStream_TID            |  in |    5|    axis    |   inStream_V_id_V  |    pointer   |
|outStream_TDATA         | out |   32|    axis    | outStream_V_data_V |    pointer   |
|outStream_TVALID        | out |    1|    axis    | outStream_V_dest_V |    pointer   |
|outStream_TREADY        |  in |    1|    axis    | outStream_V_dest_V |    pointer   |
|outStream_TDEST         | out |    6|    axis    | outStream_V_dest_V |    pointer   |
|outStream_TKEEP         | out |    4|    axis    | outStream_V_keep_V |    pointer   |
|outStream_TSTRB         | out |    4|    axis    | outStream_V_strb_V |    pointer   |
|outStream_TUSER         | out |    2|    axis    | outStream_V_user_V |    pointer   |
|outStream_TLAST         | out |    1|    axis    | outStream_V_last_V |    pointer   |
|outStream_TID           | out |    5|    axis    |  outStream_V_id_V  |    pointer   |
+------------------------+-----+-----+------------+--------------------+--------------+

