
*** Running vivado
    with args -log dijkstra_ip_dijkstra_0_0.vds -m64 -product Vivado -mode batch -messageDb vivado.pb -notrace -source dijkstra_ip_dijkstra_0_0.tcl


****** Vivado v2018.2 (64-bit)
  **** SW Build 2258646 on Thu Jun 14 20:02:38 MDT 2018
  **** IP Build 2256618 on Thu Jun 14 22:10:49 MDT 2018
    ** Copyright 1986-2018 Xilinx, Inc. All Rights Reserved.

source dijkstra_ip_dijkstra_0_0.tcl -notrace
Command: synth_design -top dijkstra_ip_dijkstra_0_0 -part xc7z020clg484-1 -mode out_of_context
Starting synth_design
Attempting to get a license for feature 'Synthesis' and/or device 'xc7z020'
INFO: [Common 17-349] Got license for feature 'Synthesis' and/or device 'xc7z020'
INFO: Launching helper process for spawning children vivado processes
INFO: Helper process launched with PID 6103 
---------------------------------------------------------------------------------
Starting RTL Elaboration : Time (s): cpu = 00:00:01 ; elapsed = 00:00:02 . Memory (MB): peak = 1295.801 ; gain = 84.910 ; free physical = 1564 ; free virtual = 11248
---------------------------------------------------------------------------------
INFO: [Synth 8-6157] synthesizing module 'dijkstra_ip_dijkstra_0_0' [/home/lais/Documents/ROB307/rob_307/dijkstra/hw_ip_only/hw_ip_only.srcs/sources_1/bd/dijkstra_ip/ip/dijkstra_ip_dijkstra_0_0/synth/dijkstra_ip_dijkstra_0_0.v:58]
INFO: [Synth 8-6157] synthesizing module 'dijkstra' [/home/lais/Documents/ROB307/rob_307/dijkstra/hw_ip_only/hw_ip_only.srcs/sources_1/bd/dijkstra_ip/ipshared/5a85/hdl/verilog/dijkstra.v:12]
	Parameter ap_ST_fsm_state1 bound to: 29'b00000000000000000000000000001 
	Parameter ap_ST_fsm_state2 bound to: 29'b00000000000000000000000000010 
	Parameter ap_ST_fsm_state3 bound to: 29'b00000000000000000000000000100 
	Parameter ap_ST_fsm_state4 bound to: 29'b00000000000000000000000001000 
	Parameter ap_ST_fsm_state5 bound to: 29'b00000000000000000000000010000 
	Parameter ap_ST_fsm_state6 bound to: 29'b00000000000000000000000100000 
	Parameter ap_ST_fsm_state7 bound to: 29'b00000000000000000000001000000 
	Parameter ap_ST_fsm_state8 bound to: 29'b00000000000000000000010000000 
	Parameter ap_ST_fsm_state9 bound to: 29'b00000000000000000000100000000 
	Parameter ap_ST_fsm_state10 bound to: 29'b00000000000000000001000000000 
	Parameter ap_ST_fsm_state11 bound to: 29'b00000000000000000010000000000 
	Parameter ap_ST_fsm_state12 bound to: 29'b00000000000000000100000000000 
	Parameter ap_ST_fsm_state13 bound to: 29'b00000000000000001000000000000 
	Parameter ap_ST_fsm_state14 bound to: 29'b00000000000000010000000000000 
	Parameter ap_ST_fsm_state15 bound to: 29'b00000000000000100000000000000 
	Parameter ap_ST_fsm_state16 bound to: 29'b00000000000001000000000000000 
	Parameter ap_ST_fsm_state17 bound to: 29'b00000000000010000000000000000 
	Parameter ap_ST_fsm_state18 bound to: 29'b00000000000100000000000000000 
	Parameter ap_ST_fsm_state19 bound to: 29'b00000000001000000000000000000 
	Parameter ap_ST_fsm_state20 bound to: 29'b00000000010000000000000000000 
	Parameter ap_ST_fsm_state21 bound to: 29'b00000000100000000000000000000 
	Parameter ap_ST_fsm_state22 bound to: 29'b00000001000000000000000000000 
	Parameter ap_ST_fsm_state23 bound to: 29'b00000010000000000000000000000 
	Parameter ap_ST_fsm_state24 bound to: 29'b00000100000000000000000000000 
	Parameter ap_ST_fsm_state25 bound to: 29'b00001000000000000000000000000 
	Parameter ap_ST_fsm_state26 bound to: 29'b00010000000000000000000000000 
	Parameter ap_ST_fsm_state27 bound to: 29'b00100000000000000000000000000 
	Parameter ap_ST_fsm_state28 bound to: 29'b01000000000000000000000000000 
	Parameter ap_ST_fsm_state29 bound to: 29'b10000000000000000000000000000 
	Parameter C_S_AXI_CTRL_BUS_DATA_WIDTH bound to: 32 - type: integer 
	Parameter C_S_AXI_CTRL_BUS_ADDR_WIDTH bound to: 5 - type: integer 
	Parameter C_S_AXI_DATA_WIDTH bound to: 32 - type: integer 
	Parameter C_S_AXI_CTRL_BUS_WSTRB_WIDTH bound to: 4 - type: integer 
	Parameter C_S_AXI_WSTRB_WIDTH bound to: 4 - type: integer 
INFO: [Synth 8-5534] Detected attribute (* fsm_encoding = "none" *) [/home/lais/Documents/ROB307/rob_307/dijkstra/hw_ip_only/hw_ip_only.srcs/sources_1/bd/dijkstra_ip/ipshared/5a85/hdl/verilog/dijkstra.v:132]
INFO: [Synth 8-6157] synthesizing module 'dijkstra_Dset' [/home/lais/Documents/ROB307/rob_307/dijkstra/hw_ip_only/hw_ip_only.srcs/sources_1/bd/dijkstra_ip/ipshared/5a85/hdl/verilog/dijkstra_Dset.v:49]
	Parameter DataWidth bound to: 1 - type: integer 
	Parameter AddressRange bound to: 1000 - type: integer 
	Parameter AddressWidth bound to: 10 - type: integer 
INFO: [Synth 8-6157] synthesizing module 'dijkstra_Dset_ram' [/home/lais/Documents/ROB307/rob_307/dijkstra/hw_ip_only/hw_ip_only.srcs/sources_1/bd/dijkstra_ip/ipshared/5a85/hdl/verilog/dijkstra_Dset.v:9]
	Parameter DWIDTH bound to: 1 - type: integer 
	Parameter AWIDTH bound to: 10 - type: integer 
	Parameter MEM_SIZE bound to: 1000 - type: integer 
INFO: [Synth 8-5534] Detected attribute (* ram_style = "distributed" *) [/home/lais/Documents/ROB307/rob_307/dijkstra/hw_ip_only/hw_ip_only.srcs/sources_1/bd/dijkstra_ip/ipshared/5a85/hdl/verilog/dijkstra_Dset.v:22]
INFO: [Synth 8-3876] $readmem data file './dijkstra_Dset_ram.dat' is read successfully [/home/lais/Documents/ROB307/rob_307/dijkstra/hw_ip_only/hw_ip_only.srcs/sources_1/bd/dijkstra_ip/ipshared/5a85/hdl/verilog/dijkstra_Dset.v:25]
INFO: [Synth 8-6155] done synthesizing module 'dijkstra_Dset_ram' (1#1) [/home/lais/Documents/ROB307/rob_307/dijkstra/hw_ip_only/hw_ip_only.srcs/sources_1/bd/dijkstra_ip/ipshared/5a85/hdl/verilog/dijkstra_Dset.v:9]
INFO: [Synth 8-6155] done synthesizing module 'dijkstra_Dset' (2#1) [/home/lais/Documents/ROB307/rob_307/dijkstra/hw_ip_only/hw_ip_only.srcs/sources_1/bd/dijkstra_ip/ipshared/5a85/hdl/verilog/dijkstra_Dset.v:49]
INFO: [Synth 8-6157] synthesizing module 'dijkstra_dist' [/home/lais/Documents/ROB307/rob_307/dijkstra/hw_ip_only/hw_ip_only.srcs/sources_1/bd/dijkstra_ip/ipshared/5a85/hdl/verilog/dijkstra_dist.v:49]
	Parameter DataWidth bound to: 32 - type: integer 
	Parameter AddressRange bound to: 1000 - type: integer 
	Parameter AddressWidth bound to: 10 - type: integer 
INFO: [Synth 8-6157] synthesizing module 'dijkstra_dist_ram' [/home/lais/Documents/ROB307/rob_307/dijkstra/hw_ip_only/hw_ip_only.srcs/sources_1/bd/dijkstra_ip/ipshared/5a85/hdl/verilog/dijkstra_dist.v:9]
	Parameter DWIDTH bound to: 32 - type: integer 
	Parameter AWIDTH bound to: 10 - type: integer 
	Parameter MEM_SIZE bound to: 1000 - type: integer 
INFO: [Synth 8-5534] Detected attribute (* ram_style = "block" *) [/home/lais/Documents/ROB307/rob_307/dijkstra/hw_ip_only/hw_ip_only.srcs/sources_1/bd/dijkstra_ip/ipshared/5a85/hdl/verilog/dijkstra_dist.v:22]
INFO: [Synth 8-3876] $readmem data file './dijkstra_dist_ram.dat' is read successfully [/home/lais/Documents/ROB307/rob_307/dijkstra/hw_ip_only/hw_ip_only.srcs/sources_1/bd/dijkstra_ip/ipshared/5a85/hdl/verilog/dijkstra_dist.v:25]
INFO: [Synth 8-6155] done synthesizing module 'dijkstra_dist_ram' (3#1) [/home/lais/Documents/ROB307/rob_307/dijkstra/hw_ip_only/hw_ip_only.srcs/sources_1/bd/dijkstra_ip/ipshared/5a85/hdl/verilog/dijkstra_dist.v:9]
INFO: [Synth 8-6155] done synthesizing module 'dijkstra_dist' (4#1) [/home/lais/Documents/ROB307/rob_307/dijkstra/hw_ip_only/hw_ip_only.srcs/sources_1/bd/dijkstra_ip/ipshared/5a85/hdl/verilog/dijkstra_dist.v:49]
INFO: [Synth 8-6157] synthesizing module 'dijkstra_CTRL_BUS_s_axi' [/home/lais/Documents/ROB307/rob_307/dijkstra/hw_ip_only/hw_ip_only.srcs/sources_1/bd/dijkstra_ip/ipshared/5a85/hdl/verilog/dijkstra_CTRL_BUS_s_axi.v:9]
	Parameter C_S_AXI_ADDR_WIDTH bound to: 5 - type: integer 
	Parameter C_S_AXI_DATA_WIDTH bound to: 32 - type: integer 
	Parameter ADDR_AP_CTRL bound to: 5'b00000 
	Parameter ADDR_GIE bound to: 5'b00100 
	Parameter ADDR_IER bound to: 5'b01000 
	Parameter ADDR_ISR bound to: 5'b01100 
	Parameter ADDR_SIZE_DATA_0 bound to: 5'b10000 
	Parameter ADDR_SIZE_CTRL bound to: 5'b10100 
	Parameter ADDR_FLAG_DATA_0 bound to: 5'b11000 
	Parameter ADDR_FLAG_CTRL bound to: 5'b11100 
	Parameter WRIDLE bound to: 2'b00 
	Parameter WRDATA bound to: 2'b01 
	Parameter WRRESP bound to: 2'b10 
	Parameter WRRESET bound to: 2'b11 
	Parameter RDIDLE bound to: 2'b00 
	Parameter RDDATA bound to: 2'b01 
	Parameter RDRESET bound to: 2'b10 
	Parameter ADDR_BITS bound to: 5 - type: integer 
INFO: [Synth 8-155] case statement is not full and has no default [/home/lais/Documents/ROB307/rob_307/dijkstra/hw_ip_only/hw_ip_only.srcs/sources_1/bd/dijkstra_ip/ipshared/5a85/hdl/verilog/dijkstra_CTRL_BUS_s_axi.v:204]
INFO: [Synth 8-6155] done synthesizing module 'dijkstra_CTRL_BUS_s_axi' (5#1) [/home/lais/Documents/ROB307/rob_307/dijkstra/hw_ip_only/hw_ip_only.srcs/sources_1/bd/dijkstra_ip/ipshared/5a85/hdl/verilog/dijkstra_CTRL_BUS_s_axi.v:9]
INFO: [Synth 8-6157] synthesizing module 'updateDset' [/home/lais/Documents/ROB307/rob_307/dijkstra/hw_ip_only/hw_ip_only.srcs/sources_1/bd/dijkstra_ip/ipshared/5a85/hdl/verilog/updateDset.v:10]
	Parameter ap_ST_fsm_state1 bound to: 3'b001 
	Parameter ap_ST_fsm_state2 bound to: 3'b010 
	Parameter ap_ST_fsm_state3 bound to: 3'b100 
INFO: [Synth 8-5534] Detected attribute (* fsm_encoding = "none" *) [/home/lais/Documents/ROB307/rob_307/dijkstra/hw_ip_only/hw_ip_only.srcs/sources_1/bd/dijkstra_ip/ipshared/5a85/hdl/verilog/updateDset.v:90]
INFO: [Synth 8-6155] done synthesizing module 'updateDset' (6#1) [/home/lais/Documents/ROB307/rob_307/dijkstra/hw_ip_only/hw_ip_only.srcs/sources_1/bd/dijkstra_ip/ipshared/5a85/hdl/verilog/updateDset.v:10]
INFO: [Synth 8-6157] synthesizing module 'sendDist' [/home/lais/Documents/ROB307/rob_307/dijkstra/hw_ip_only/hw_ip_only.srcs/sources_1/bd/dijkstra_ip/ipshared/5a85/hdl/verilog/sendDist.v:10]
	Parameter ap_ST_fsm_state1 bound to: 3'b001 
	Parameter ap_ST_fsm_state2 bound to: 3'b010 
	Parameter ap_ST_fsm_state3 bound to: 3'b100 
INFO: [Synth 8-5534] Detected attribute (* fsm_encoding = "none" *) [/home/lais/Documents/ROB307/rob_307/dijkstra/hw_ip_only/hw_ip_only.srcs/sources_1/bd/dijkstra_ip/ipshared/5a85/hdl/verilog/sendDist.v:74]
INFO: [Synth 8-6155] done synthesizing module 'sendDist' (7#1) [/home/lais/Documents/ROB307/rob_307/dijkstra/hw_ip_only/hw_ip_only.srcs/sources_1/bd/dijkstra_ip/ipshared/5a85/hdl/verilog/sendDist.v:10]
INFO: [Synth 8-6157] synthesizing module 'sendPath' [/home/lais/Documents/ROB307/rob_307/dijkstra/hw_ip_only/hw_ip_only.srcs/sources_1/bd/dijkstra_ip/ipshared/5a85/hdl/verilog/sendPath.v:10]
	Parameter ap_ST_fsm_state1 bound to: 3'b001 
	Parameter ap_ST_fsm_state2 bound to: 3'b010 
	Parameter ap_ST_fsm_state3 bound to: 3'b100 
INFO: [Synth 8-5534] Detected attribute (* fsm_encoding = "none" *) [/home/lais/Documents/ROB307/rob_307/dijkstra/hw_ip_only/hw_ip_only.srcs/sources_1/bd/dijkstra_ip/ipshared/5a85/hdl/verilog/sendPath.v:74]
INFO: [Synth 8-6155] done synthesizing module 'sendPath' (8#1) [/home/lais/Documents/ROB307/rob_307/dijkstra/hw_ip_only/hw_ip_only.srcs/sources_1/bd/dijkstra_ip/ipshared/5a85/hdl/verilog/sendPath.v:10]
INFO: [Synth 8-6157] synthesizing module 'updateDist' [/home/lais/Documents/ROB307/rob_307/dijkstra/hw_ip_only/hw_ip_only.srcs/sources_1/bd/dijkstra_ip/ipshared/5a85/hdl/verilog/updateDist.v:10]
	Parameter ap_ST_fsm_state1 bound to: 2'b01 
	Parameter ap_ST_fsm_state2 bound to: 2'b10 
INFO: [Synth 8-5534] Detected attribute (* fsm_encoding = "none" *) [/home/lais/Documents/ROB307/rob_307/dijkstra/hw_ip_only/hw_ip_only.srcs/sources_1/bd/dijkstra_ip/ipshared/5a85/hdl/verilog/updateDist.v:64]
INFO: [Synth 8-6155] done synthesizing module 'updateDist' (9#1) [/home/lais/Documents/ROB307/rob_307/dijkstra/hw_ip_only/hw_ip_only.srcs/sources_1/bd/dijkstra_ip/ipshared/5a85/hdl/verilog/updateDist.v:10]
INFO: [Synth 8-6157] synthesizing module 'updateGraph' [/home/lais/Documents/ROB307/rob_307/dijkstra/hw_ip_only/hw_ip_only.srcs/sources_1/bd/dijkstra_ip/ipshared/5a85/hdl/verilog/updateGraph.v:10]
	Parameter ap_ST_fsm_state1 bound to: 2'b01 
	Parameter ap_ST_fsm_state2 bound to: 2'b10 
INFO: [Synth 8-5534] Detected attribute (* fsm_encoding = "none" *) [/home/lais/Documents/ROB307/rob_307/dijkstra/hw_ip_only/hw_ip_only.srcs/sources_1/bd/dijkstra_ip/ipshared/5a85/hdl/verilog/updateGraph.v:64]
INFO: [Synth 8-6155] done synthesizing module 'updateGraph' (10#1) [/home/lais/Documents/ROB307/rob_307/dijkstra/hw_ip_only/hw_ip_only.srcs/sources_1/bd/dijkstra_ip/ipshared/5a85/hdl/verilog/updateGraph.v:10]
INFO: [Synth 8-6157] synthesizing module 'updatePath' [/home/lais/Documents/ROB307/rob_307/dijkstra/hw_ip_only/hw_ip_only.srcs/sources_1/bd/dijkstra_ip/ipshared/5a85/hdl/verilog/updatePath.v:10]
	Parameter ap_ST_fsm_state1 bound to: 2'b01 
	Parameter ap_ST_fsm_state2 bound to: 2'b10 
INFO: [Synth 8-5534] Detected attribute (* fsm_encoding = "none" *) [/home/lais/Documents/ROB307/rob_307/dijkstra/hw_ip_only/hw_ip_only.srcs/sources_1/bd/dijkstra_ip/ipshared/5a85/hdl/verilog/updatePath.v:64]
INFO: [Synth 8-6155] done synthesizing module 'updatePath' (11#1) [/home/lais/Documents/ROB307/rob_307/dijkstra/hw_ip_only/hw_ip_only.srcs/sources_1/bd/dijkstra_ip/ipshared/5a85/hdl/verilog/updatePath.v:10]
INFO: [Synth 8-6157] synthesizing module 'sendIndex' [/home/lais/Documents/ROB307/rob_307/dijkstra/hw_ip_only/hw_ip_only.srcs/sources_1/bd/dijkstra_ip/ipshared/5a85/hdl/verilog/sendIndex.v:10]
	Parameter ap_ST_fsm_state1 bound to: 2'b01 
	Parameter ap_ST_fsm_state2 bound to: 2'b10 
INFO: [Synth 8-5534] Detected attribute (* fsm_encoding = "none" *) [/home/lais/Documents/ROB307/rob_307/dijkstra/hw_ip_only/hw_ip_only.srcs/sources_1/bd/dijkstra_ip/ipshared/5a85/hdl/verilog/sendIndex.v:55]
INFO: [Synth 8-6155] done synthesizing module 'sendIndex' (12#1) [/home/lais/Documents/ROB307/rob_307/dijkstra/hw_ip_only/hw_ip_only.srcs/sources_1/bd/dijkstra_ip/ipshared/5a85/hdl/verilog/sendIndex.v:10]
INFO: [Synth 8-6157] synthesizing module 'updateParameters' [/home/lais/Documents/ROB307/rob_307/dijkstra/hw_ip_only/hw_ip_only.srcs/sources_1/bd/dijkstra_ip/ipshared/5a85/hdl/verilog/updateParameters.v:10]
	Parameter ap_ST_fsm_state1 bound to: 3'b001 
	Parameter ap_ST_fsm_state2 bound to: 3'b010 
	Parameter ap_ST_fsm_state3 bound to: 3'b100 
INFO: [Synth 8-5534] Detected attribute (* fsm_encoding = "none" *) [/home/lais/Documents/ROB307/rob_307/dijkstra/hw_ip_only/hw_ip_only.srcs/sources_1/bd/dijkstra_ip/ipshared/5a85/hdl/verilog/updateParameters.v:63]
INFO: [Synth 8-6155] done synthesizing module 'updateParameters' (13#1) [/home/lais/Documents/ROB307/rob_307/dijkstra/hw_ip_only/hw_ip_only.srcs/sources_1/bd/dijkstra_ip/ipshared/5a85/hdl/verilog/updateParameters.v:10]
INFO: [Synth 8-6155] done synthesizing module 'dijkstra' (14#1) [/home/lais/Documents/ROB307/rob_307/dijkstra/hw_ip_only/hw_ip_only.srcs/sources_1/bd/dijkstra_ip/ipshared/5a85/hdl/verilog/dijkstra.v:12]
INFO: [Synth 8-6155] done synthesizing module 'dijkstra_ip_dijkstra_0_0' (15#1) [/home/lais/Documents/ROB307/rob_307/dijkstra/hw_ip_only/hw_ip_only.srcs/sources_1/bd/dijkstra_ip/ip/dijkstra_ip_dijkstra_0_0/synth/dijkstra_ip_dijkstra_0_0.v:58]
WARNING: [Synth 8-3331] design updateParameters has unconnected port inStream_TKEEP[3]
WARNING: [Synth 8-3331] design updateParameters has unconnected port inStream_TKEEP[2]
WARNING: [Synth 8-3331] design updateParameters has unconnected port inStream_TKEEP[1]
WARNING: [Synth 8-3331] design updateParameters has unconnected port inStream_TKEEP[0]
WARNING: [Synth 8-3331] design updateParameters has unconnected port inStream_TSTRB[3]
WARNING: [Synth 8-3331] design updateParameters has unconnected port inStream_TSTRB[2]
WARNING: [Synth 8-3331] design updateParameters has unconnected port inStream_TSTRB[1]
WARNING: [Synth 8-3331] design updateParameters has unconnected port inStream_TSTRB[0]
WARNING: [Synth 8-3331] design updateParameters has unconnected port inStream_TUSER[1]
WARNING: [Synth 8-3331] design updateParameters has unconnected port inStream_TUSER[0]
WARNING: [Synth 8-3331] design updateParameters has unconnected port inStream_TLAST[0]
WARNING: [Synth 8-3331] design updateParameters has unconnected port inStream_TID[4]
WARNING: [Synth 8-3331] design updateParameters has unconnected port inStream_TID[3]
WARNING: [Synth 8-3331] design updateParameters has unconnected port inStream_TID[2]
WARNING: [Synth 8-3331] design updateParameters has unconnected port inStream_TID[1]
WARNING: [Synth 8-3331] design updateParameters has unconnected port inStream_TID[0]
WARNING: [Synth 8-3331] design updateParameters has unconnected port inStream_TDEST[5]
WARNING: [Synth 8-3331] design updateParameters has unconnected port inStream_TDEST[4]
WARNING: [Synth 8-3331] design updateParameters has unconnected port inStream_TDEST[3]
WARNING: [Synth 8-3331] design updateParameters has unconnected port inStream_TDEST[2]
WARNING: [Synth 8-3331] design updateParameters has unconnected port inStream_TDEST[1]
WARNING: [Synth 8-3331] design updateParameters has unconnected port inStream_TDEST[0]
WARNING: [Synth 8-3331] design updatePath has unconnected port inStream_TKEEP[3]
WARNING: [Synth 8-3331] design updatePath has unconnected port inStream_TKEEP[2]
WARNING: [Synth 8-3331] design updatePath has unconnected port inStream_TKEEP[1]
WARNING: [Synth 8-3331] design updatePath has unconnected port inStream_TKEEP[0]
WARNING: [Synth 8-3331] design updatePath has unconnected port inStream_TSTRB[3]
WARNING: [Synth 8-3331] design updatePath has unconnected port inStream_TSTRB[2]
WARNING: [Synth 8-3331] design updatePath has unconnected port inStream_TSTRB[1]
WARNING: [Synth 8-3331] design updatePath has unconnected port inStream_TSTRB[0]
WARNING: [Synth 8-3331] design updatePath has unconnected port inStream_TUSER[1]
WARNING: [Synth 8-3331] design updatePath has unconnected port inStream_TUSER[0]
WARNING: [Synth 8-3331] design updatePath has unconnected port inStream_TLAST[0]
WARNING: [Synth 8-3331] design updatePath has unconnected port inStream_TID[4]
WARNING: [Synth 8-3331] design updatePath has unconnected port inStream_TID[3]
WARNING: [Synth 8-3331] design updatePath has unconnected port inStream_TID[2]
WARNING: [Synth 8-3331] design updatePath has unconnected port inStream_TID[1]
WARNING: [Synth 8-3331] design updatePath has unconnected port inStream_TID[0]
WARNING: [Synth 8-3331] design updatePath has unconnected port inStream_TDEST[5]
WARNING: [Synth 8-3331] design updatePath has unconnected port inStream_TDEST[4]
WARNING: [Synth 8-3331] design updatePath has unconnected port inStream_TDEST[3]
WARNING: [Synth 8-3331] design updatePath has unconnected port inStream_TDEST[2]
WARNING: [Synth 8-3331] design updatePath has unconnected port inStream_TDEST[1]
WARNING: [Synth 8-3331] design updatePath has unconnected port inStream_TDEST[0]
WARNING: [Synth 8-3331] design updateGraph has unconnected port inStream_TKEEP[3]
WARNING: [Synth 8-3331] design updateGraph has unconnected port inStream_TKEEP[2]
WARNING: [Synth 8-3331] design updateGraph has unconnected port inStream_TKEEP[1]
WARNING: [Synth 8-3331] design updateGraph has unconnected port inStream_TKEEP[0]
WARNING: [Synth 8-3331] design updateGraph has unconnected port inStream_TSTRB[3]
WARNING: [Synth 8-3331] design updateGraph has unconnected port inStream_TSTRB[2]
WARNING: [Synth 8-3331] design updateGraph has unconnected port inStream_TSTRB[1]
WARNING: [Synth 8-3331] design updateGraph has unconnected port inStream_TSTRB[0]
WARNING: [Synth 8-3331] design updateGraph has unconnected port inStream_TUSER[1]
WARNING: [Synth 8-3331] design updateGraph has unconnected port inStream_TUSER[0]
WARNING: [Synth 8-3331] design updateGraph has unconnected port inStream_TLAST[0]
WARNING: [Synth 8-3331] design updateGraph has unconnected port inStream_TID[4]
WARNING: [Synth 8-3331] design updateGraph has unconnected port inStream_TID[3]
WARNING: [Synth 8-3331] design updateGraph has unconnected port inStream_TID[2]
WARNING: [Synth 8-3331] design updateGraph has unconnected port inStream_TID[1]
WARNING: [Synth 8-3331] design updateGraph has unconnected port inStream_TID[0]
WARNING: [Synth 8-3331] design updateGraph has unconnected port inStream_TDEST[5]
WARNING: [Synth 8-3331] design updateGraph has unconnected port inStream_TDEST[4]
WARNING: [Synth 8-3331] design updateGraph has unconnected port inStream_TDEST[3]
WARNING: [Synth 8-3331] design updateGraph has unconnected port inStream_TDEST[2]
WARNING: [Synth 8-3331] design updateGraph has unconnected port inStream_TDEST[1]
WARNING: [Synth 8-3331] design updateGraph has unconnected port inStream_TDEST[0]
WARNING: [Synth 8-3331] design updateDist has unconnected port inStream_TKEEP[3]
WARNING: [Synth 8-3331] design updateDist has unconnected port inStream_TKEEP[2]
WARNING: [Synth 8-3331] design updateDist has unconnected port inStream_TKEEP[1]
WARNING: [Synth 8-3331] design updateDist has unconnected port inStream_TKEEP[0]
WARNING: [Synth 8-3331] design updateDist has unconnected port inStream_TSTRB[3]
WARNING: [Synth 8-3331] design updateDist has unconnected port inStream_TSTRB[2]
WARNING: [Synth 8-3331] design updateDist has unconnected port inStream_TSTRB[1]
WARNING: [Synth 8-3331] design updateDist has unconnected port inStream_TSTRB[0]
WARNING: [Synth 8-3331] design updateDist has unconnected port inStream_TUSER[1]
WARNING: [Synth 8-3331] design updateDist has unconnected port inStream_TUSER[0]
WARNING: [Synth 8-3331] design updateDist has unconnected port inStream_TLAST[0]
WARNING: [Synth 8-3331] design updateDist has unconnected port inStream_TID[4]
WARNING: [Synth 8-3331] design updateDist has unconnected port inStream_TID[3]
WARNING: [Synth 8-3331] design updateDist has unconnected port inStream_TID[2]
WARNING: [Synth 8-3331] design updateDist has unconnected port inStream_TID[1]
WARNING: [Synth 8-3331] design updateDist has unconnected port inStream_TID[0]
WARNING: [Synth 8-3331] design updateDist has unconnected port inStream_TDEST[5]
WARNING: [Synth 8-3331] design updateDist has unconnected port inStream_TDEST[4]
WARNING: [Synth 8-3331] design updateDist has unconnected port inStream_TDEST[3]
WARNING: [Synth 8-3331] design updateDist has unconnected port inStream_TDEST[2]
WARNING: [Synth 8-3331] design updateDist has unconnected port inStream_TDEST[1]
WARNING: [Synth 8-3331] design updateDist has unconnected port inStream_TDEST[0]
WARNING: [Synth 8-3331] design updateDset has unconnected port inStream_TLAST[0]
WARNING: [Synth 8-3331] design dijkstra_dist has unconnected port reset
WARNING: [Synth 8-3331] design dijkstra_Dset has unconnected port reset
---------------------------------------------------------------------------------
Finished RTL Elaboration : Time (s): cpu = 00:00:02 ; elapsed = 00:00:03 . Memory (MB): peak = 1346.426 ; gain = 135.535 ; free physical = 1565 ; free virtual = 11249
---------------------------------------------------------------------------------

Report Check Netlist: 
+------+------------------+-------+---------+-------+------------------+
|      |Item              |Errors |Warnings |Status |Description       |
+------+------------------+-------+---------+-------+------------------+
|1     |multi_driven_nets |      0|        0|Passed |Multi driven nets |
+------+------------------+-------+---------+-------+------------------+
---------------------------------------------------------------------------------
Start Handling Custom Attributes
---------------------------------------------------------------------------------
---------------------------------------------------------------------------------
Finished Handling Custom Attributes : Time (s): cpu = 00:00:02 ; elapsed = 00:00:03 . Memory (MB): peak = 1346.426 ; gain = 135.535 ; free physical = 1569 ; free virtual = 11253
---------------------------------------------------------------------------------
---------------------------------------------------------------------------------
Finished RTL Optimization Phase 1 : Time (s): cpu = 00:00:02 ; elapsed = 00:00:03 . Memory (MB): peak = 1346.426 ; gain = 135.535 ; free physical = 1569 ; free virtual = 11253
---------------------------------------------------------------------------------
INFO: [Device 21-403] Loading part xc7z020clg484-1
INFO: [Project 1-570] Preparing netlist for logic optimization

Processing XDC Constraints
Initializing timing engine
Parsing XDC File [/home/lais/Documents/ROB307/rob_307/dijkstra/hw_ip_only/hw_ip_only.srcs/sources_1/bd/dijkstra_ip/ip/dijkstra_ip_dijkstra_0_0/constraints/dijkstra_ooc.xdc] for cell 'inst'
Finished Parsing XDC File [/home/lais/Documents/ROB307/rob_307/dijkstra/hw_ip_only/hw_ip_only.srcs/sources_1/bd/dijkstra_ip/ip/dijkstra_ip_dijkstra_0_0/constraints/dijkstra_ooc.xdc] for cell 'inst'
Parsing XDC File [/home/lais/Documents/ROB307/rob_307/dijkstra/hw_ip_only/hw_ip_only.runs/dijkstra_ip_dijkstra_0_0_synth_1/dont_touch.xdc]
Finished Parsing XDC File [/home/lais/Documents/ROB307/rob_307/dijkstra/hw_ip_only/hw_ip_only.runs/dijkstra_ip_dijkstra_0_0_synth_1/dont_touch.xdc]
Completed Processing XDC Constraints

INFO: [Project 1-111] Unisim Transformation Summary:
No Unisim elements were transformed.

Constraint Validation Runtime : Time (s): cpu = 00:00:00.05 ; elapsed = 00:00:00.03 . Memory (MB): peak = 1730.449 ; gain = 0.000 ; free physical = 1284 ; free virtual = 10968
---------------------------------------------------------------------------------
Finished Constraint Validation : Time (s): cpu = 00:00:10 ; elapsed = 00:00:22 . Memory (MB): peak = 1730.449 ; gain = 519.559 ; free physical = 1370 ; free virtual = 11055
---------------------------------------------------------------------------------
---------------------------------------------------------------------------------
Start Loading Part and Timing Information
---------------------------------------------------------------------------------
Loading part: xc7z020clg484-1
---------------------------------------------------------------------------------
Finished Loading Part and Timing Information : Time (s): cpu = 00:00:11 ; elapsed = 00:00:22 . Memory (MB): peak = 1730.449 ; gain = 519.559 ; free physical = 1370 ; free virtual = 11055
---------------------------------------------------------------------------------
---------------------------------------------------------------------------------
Start Applying 'set_property' XDC Constraints
---------------------------------------------------------------------------------
Applied set_property DONT_TOUCH = true for inst. (constraint file  /home/lais/Documents/ROB307/rob_307/dijkstra/hw_ip_only/hw_ip_only.runs/dijkstra_ip_dijkstra_0_0_synth_1/dont_touch.xdc, line 9).
---------------------------------------------------------------------------------
Finished applying 'set_property' XDC Constraints : Time (s): cpu = 00:00:11 ; elapsed = 00:00:22 . Memory (MB): peak = 1730.449 ; gain = 519.559 ; free physical = 1370 ; free virtual = 11055
---------------------------------------------------------------------------------
INFO: [Synth 8-802] inferred FSM for state register 'wstate_reg' in module 'dijkstra_CTRL_BUS_s_axi'
INFO: [Synth 8-802] inferred FSM for state register 'rstate_reg' in module 'dijkstra_CTRL_BUS_s_axi'
INFO: [Synth 8-5544] ROM "wnext" won't be mapped to Block RAM because address size (1) smaller than threshold (5)
INFO: [Synth 8-5544] ROM "wnext" won't be mapped to Block RAM because address size (1) smaller than threshold (5)
INFO: [Synth 8-4490] FSM extraction disabled for register 'ap_CS_fsm_reg' through user attribute
INFO: [Synth 8-4490] FSM extraction disabled for register 'ap_CS_fsm_reg' through user attribute
INFO: [Synth 8-4490] FSM extraction disabled for register 'ap_CS_fsm_reg' through user attribute
INFO: [Synth 8-4490] FSM extraction disabled for register 'ap_CS_fsm_reg' through user attribute
INFO: [Synth 8-4490] FSM extraction disabled for register 'ap_CS_fsm_reg' through user attribute
INFO: [Synth 8-4490] FSM extraction disabled for register 'ap_CS_fsm_reg' through user attribute
INFO: [Synth 8-4490] FSM extraction disabled for register 'ap_CS_fsm_reg' through user attribute
INFO: [Synth 8-4490] FSM extraction disabled for register 'ap_CS_fsm_reg' through user attribute
WARNING: [Synth 8-3936] Found unconnected internal register 'tmp_i1_10_reg_623_reg' and it is trimmed from '31' to '10' bits. [/home/lais/Documents/ROB307/rob_307/dijkstra/hw_ip_only/hw_ip_only.srcs/sources_1/bd/dijkstra_ip/ipshared/5a85/hdl/verilog/dijkstra.v:1775]
WARNING: [Synth 8-3936] Found unconnected internal register 'tmp_i_9_reg_698_reg' and it is trimmed from '31' to '10' bits. [/home/lais/Documents/ROB307/rob_307/dijkstra/hw_ip_only/hw_ip_only.srcs/sources_1/bd/dijkstra_ip/ipshared/5a85/hdl/verilog/dijkstra.v:1781]
INFO: [Synth 8-4490] FSM extraction disabled for register 'ap_CS_fsm_reg' through user attribute
INFO: [Synth 8-5545] ROM "tmp_2_i_fu_522_p2" won't be mapped to RAM because address size (32) is larger than maximum supported(25)
INFO: [Synth 8-5545] ROM "tmp_2_i_fu_522_p2" won't be mapped to RAM because address size (32) is larger than maximum supported(25)
INFO: [Synth 8-5544] ROM "ap_NS_fsm" won't be mapped to Block RAM because address size (1) smaller than threshold (5)
INFO: [Synth 8-5544] ROM "ap_NS_fsm" won't be mapped to Block RAM because address size (1) smaller than threshold (5)
INFO: [Synth 8-5544] ROM "ap_NS_fsm" won't be mapped to Block RAM because address size (1) smaller than threshold (5)
INFO: [Synth 8-5544] ROM "ap_NS_fsm" won't be mapped to Block RAM because address size (1) smaller than threshold (5)
INFO: [Synth 8-5544] ROM "ap_NS_fsm" won't be mapped to Block RAM because address size (1) smaller than threshold (5)
INFO: [Synth 8-5544] ROM "ap_NS_fsm" won't be mapped to Block RAM because address size (1) smaller than threshold (5)
INFO: [Synth 8-5544] ROM "ap_NS_fsm" won't be mapped to Block RAM because address size (1) smaller than threshold (5)
INFO: [Synth 8-5544] ROM "ap_NS_fsm" won't be mapped to Block RAM because address size (1) smaller than threshold (5)
INFO: [Synth 8-5544] ROM "ap_NS_fsm" won't be mapped to Block RAM because address size (1) smaller than threshold (5)
INFO: [Synth 8-5544] ROM "ap_NS_fsm" won't be mapped to Block RAM because address size (1) smaller than threshold (5)
INFO: [Synth 8-5544] ROM "ap_NS_fsm" won't be mapped to Block RAM because address size (1) smaller than threshold (5)
INFO: [Synth 8-5544] ROM "ap_NS_fsm" won't be mapped to Block RAM because address size (1) smaller than threshold (5)
INFO: [Synth 8-5544] ROM "ap_NS_fsm" won't be mapped to Block RAM because address size (1) smaller than threshold (5)
INFO: [Synth 8-5544] ROM "ap_NS_fsm" won't be mapped to Block RAM because address size (1) smaller than threshold (5)
INFO: [Synth 8-5544] ROM "ap_NS_fsm" won't be mapped to Block RAM because address size (1) smaller than threshold (5)
INFO: [Synth 8-5544] ROM "ap_NS_fsm" won't be mapped to Block RAM because address size (1) smaller than threshold (5)
INFO: [Synth 8-5544] ROM "ap_NS_fsm" won't be mapped to Block RAM because address size (1) smaller than threshold (5)
INFO: [Synth 8-5544] ROM "inStream_V_data_V_0_state" won't be mapped to Block RAM because address size (1) smaller than threshold (5)
INFO: [Synth 8-5544] ROM "inStream_V_data_V_0_state" won't be mapped to Block RAM because address size (1) smaller than threshold (5)
INFO: [Synth 8-5544] ROM "inStream_V_dest_V_0_state" won't be mapped to Block RAM because address size (1) smaller than threshold (5)
INFO: [Synth 8-5544] ROM "inStream_V_dest_V_0_state" won't be mapped to Block RAM because address size (1) smaller than threshold (5)
INFO: [Synth 8-5544] ROM "inStream_V_id_V_0_state" won't be mapped to Block RAM because address size (1) smaller than threshold (5)
INFO: [Synth 8-5544] ROM "inStream_V_id_V_0_state" won't be mapped to Block RAM because address size (1) smaller than threshold (5)
INFO: [Synth 8-5544] ROM "inStream_V_keep_V_0_state" won't be mapped to Block RAM because address size (1) smaller than threshold (5)
INFO: [Synth 8-5544] ROM "inStream_V_keep_V_0_state" won't be mapped to Block RAM because address size (1) smaller than threshold (5)
INFO: [Synth 8-5544] ROM "inStream_V_last_V_0_state" won't be mapped to Block RAM because address size (1) smaller than threshold (5)
INFO: [Synth 8-5544] ROM "inStream_V_last_V_0_state" won't be mapped to Block RAM because address size (1) smaller than threshold (5)
INFO: [Synth 8-5544] ROM "inStream_V_strb_V_0_state" won't be mapped to Block RAM because address size (1) smaller than threshold (5)
INFO: [Synth 8-5544] ROM "inStream_V_strb_V_0_state" won't be mapped to Block RAM because address size (1) smaller than threshold (5)
INFO: [Synth 8-5544] ROM "inStream_V_user_V_0_state" won't be mapped to Block RAM because address size (1) smaller than threshold (5)
INFO: [Synth 8-5544] ROM "inStream_V_user_V_0_state" won't be mapped to Block RAM because address size (1) smaller than threshold (5)
INFO: [Synth 8-5544] ROM "outStream_V_data_V_1_state" won't be mapped to Block RAM because address size (1) smaller than threshold (5)
INFO: [Synth 8-5544] ROM "outStream_V_data_V_1_state" won't be mapped to Block RAM because address size (1) smaller than threshold (5)
INFO: [Synth 8-5544] ROM "outStream_V_dest_V_1_state" won't be mapped to Block RAM because address size (1) smaller than threshold (5)
INFO: [Synth 8-5544] ROM "outStream_V_dest_V_1_state" won't be mapped to Block RAM because address size (1) smaller than threshold (5)
INFO: [Synth 8-5544] ROM "outStream_V_id_V_1_state" won't be mapped to Block RAM because address size (1) smaller than threshold (5)
INFO: [Synth 8-5544] ROM "outStream_V_id_V_1_state" won't be mapped to Block RAM because address size (1) smaller than threshold (5)
INFO: [Synth 8-5544] ROM "outStream_V_keep_V_1_state" won't be mapped to Block RAM because address size (1) smaller than threshold (5)
INFO: [Synth 8-5544] ROM "outStream_V_keep_V_1_state" won't be mapped to Block RAM because address size (1) smaller than threshold (5)
INFO: [Synth 8-5544] ROM "outStream_V_last_V_1_state" won't be mapped to Block RAM because address size (1) smaller than threshold (5)
INFO: [Synth 8-5544] ROM "outStream_V_last_V_1_state" won't be mapped to Block RAM because address size (1) smaller than threshold (5)
INFO: [Synth 8-5544] ROM "outStream_V_strb_V_1_state" won't be mapped to Block RAM because address size (1) smaller than threshold (5)
INFO: [Synth 8-5544] ROM "outStream_V_strb_V_1_state" won't be mapped to Block RAM because address size (1) smaller than threshold (5)
INFO: [Synth 8-5544] ROM "outStream_V_user_V_1_state" won't be mapped to Block RAM because address size (1) smaller than threshold (5)
INFO: [Synth 8-5544] ROM "outStream_V_user_V_1_state" won't be mapped to Block RAM because address size (1) smaller than threshold (5)
---------------------------------------------------------------------------------------------------
                   State |                     New Encoding |                Previous Encoding 
---------------------------------------------------------------------------------------------------
                  iSTATE |                             0001 |                               11
*
                  WRIDLE |                             0010 |                               00
                  WRDATA |                             0100 |                               01
                  WRRESP |                             1000 |                               10
---------------------------------------------------------------------------------------------------
INFO: [Synth 8-3354] encoded FSM with state register 'wstate_reg' using encoding 'one-hot' in module 'dijkstra_CTRL_BUS_s_axi'
---------------------------------------------------------------------------------------------------
                   State |                     New Encoding |                Previous Encoding 
---------------------------------------------------------------------------------------------------
                  iSTATE |                              001 |                               10
*
                  RDIDLE |                              010 |                               00
                  RDDATA |                              100 |                               01
---------------------------------------------------------------------------------------------------
INFO: [Synth 8-3354] encoded FSM with state register 'rstate_reg' using encoding 'one-hot' in module 'dijkstra_CTRL_BUS_s_axi'
---------------------------------------------------------------------------------
Finished RTL Optimization Phase 2 : Time (s): cpu = 00:00:11 ; elapsed = 00:00:23 . Memory (MB): peak = 1730.449 ; gain = 519.559 ; free physical = 1361 ; free virtual = 11046
---------------------------------------------------------------------------------

Report RTL Partitions: 
+-+--------------+------------+----------+
| |RTL Partition |Replication |Instances |
+-+--------------+------------+----------+
+-+--------------+------------+----------+
---------------------------------------------------------------------------------
Start RTL Component Statistics 
---------------------------------------------------------------------------------
Detailed RTL Component Info : 
+---Adders : 
	   2 Input     32 Bit       Adders := 1     
	   2 Input     31 Bit       Adders := 5     
+---XORs : 
	   2 Input      1 Bit         XORs := 2     
+---Registers : 
	               32 Bit    Registers := 18    
	               31 Bit    Registers := 11    
	               29 Bit    Registers := 1     
	               10 Bit    Registers := 3     
	                6 Bit    Registers := 8     
	                5 Bit    Registers := 9     
	                4 Bit    Registers := 16    
	                3 Bit    Registers := 4     
	                2 Bit    Registers := 27    
	                1 Bit    Registers := 59    
+---RAMs : 
	              31K Bit         RAMs := 3     
+---Muxes : 
	   2 Input     32 Bit        Muxes := 8     
	   2 Input     29 Bit        Muxes := 3     
	   2 Input     28 Bit        Muxes := 1     
	   2 Input     27 Bit        Muxes := 1     
	   2 Input     24 Bit        Muxes := 1     
	   2 Input     22 Bit        Muxes := 1     
	   2 Input     20 Bit        Muxes := 1     
	   2 Input     18 Bit        Muxes := 1     
	   2 Input     17 Bit        Muxes := 1     
	   2 Input     16 Bit        Muxes := 2     
	   2 Input     11 Bit        Muxes := 1     
	   2 Input     10 Bit        Muxes := 5     
	   2 Input      9 Bit        Muxes := 1     
	   2 Input      7 Bit        Muxes := 1     
	   2 Input      6 Bit        Muxes := 4     
	   2 Input      5 Bit        Muxes := 5     
	   4 Input      4 Bit        Muxes := 1     
	   2 Input      4 Bit        Muxes := 11    
	   3 Input      3 Bit        Muxes := 1     
	   2 Input      3 Bit        Muxes := 3     
	   6 Input      3 Bit        Muxes := 4     
	   2 Input      2 Bit        Muxes := 24    
	   5 Input      2 Bit        Muxes := 3     
	   4 Input      2 Bit        Muxes := 15    
	   2 Input      1 Bit        Muxes := 48    
---------------------------------------------------------------------------------
Finished RTL Component Statistics 
---------------------------------------------------------------------------------
---------------------------------------------------------------------------------
Start RTL Hierarchical Component Statistics 
---------------------------------------------------------------------------------
Hierarchical RTL Component report 
Module dijkstra_Dset_ram 
Detailed RTL Component Info : 
+---Registers : 
	                1 Bit    Registers := 1     
+---Muxes : 
	   2 Input      1 Bit        Muxes := 1     
Module dijkstra_dist_ram 
Detailed RTL Component Info : 
+---Registers : 
	               32 Bit    Registers := 1     
+---RAMs : 
	              31K Bit         RAMs := 1     
Module dijkstra_CTRL_BUS_s_axi 
Detailed RTL Component Info : 
+---XORs : 
	   2 Input      1 Bit         XORs := 2     
+---Registers : 
	               32 Bit    Registers := 2     
	                5 Bit    Registers := 1     
	                2 Bit    Registers := 1     
	                1 Bit    Registers := 9     
+---Muxes : 
	   2 Input     32 Bit        Muxes := 1     
	   4 Input      4 Bit        Muxes := 1     
	   2 Input      4 Bit        Muxes := 3     
	   3 Input      3 Bit        Muxes := 1     
	   2 Input      3 Bit        Muxes := 2     
	   2 Input      1 Bit        Muxes := 1     
Module updateDset 
Detailed RTL Component Info : 
+---Adders : 
	   2 Input     31 Bit       Adders := 1     
+---Registers : 
	               31 Bit    Registers := 2     
	                6 Bit    Registers := 2     
	                5 Bit    Registers := 2     
	                4 Bit    Registers := 4     
	                3 Bit    Registers := 1     
	                2 Bit    Registers := 2     
	                1 Bit    Registers := 1     
+---Muxes : 
	   6 Input      3 Bit        Muxes := 1     
	   2 Input      2 Bit        Muxes := 1     
Module sendDist 
Detailed RTL Component Info : 
+---Adders : 
	   2 Input     31 Bit       Adders := 1     
+---Registers : 
	               31 Bit    Registers := 2     
	                3 Bit    Registers := 1     
	                1 Bit    Registers := 1     
+---Muxes : 
	   6 Input      3 Bit        Muxes := 1     
	   2 Input      2 Bit        Muxes := 1     
	   2 Input      1 Bit        Muxes := 3     
Module sendPath 
Detailed RTL Component Info : 
+---Adders : 
	   2 Input     31 Bit       Adders := 1     
+---Registers : 
	               31 Bit    Registers := 2     
	                3 Bit    Registers := 1     
	                1 Bit    Registers := 1     
+---Muxes : 
	   6 Input      3 Bit        Muxes := 1     
	   2 Input      2 Bit        Muxes := 1     
	   2 Input      1 Bit        Muxes := 3     
Module updateDist 
Detailed RTL Component Info : 
+---Registers : 
	                2 Bit    Registers := 1     
+---Muxes : 
	   5 Input      2 Bit        Muxes := 1     
Module updateGraph 
Detailed RTL Component Info : 
+---Registers : 
	                2 Bit    Registers := 1     
+---Muxes : 
	   5 Input      2 Bit        Muxes := 1     
Module updatePath 
Detailed RTL Component Info : 
+---Registers : 
	                2 Bit    Registers := 1     
+---Muxes : 
	   5 Input      2 Bit        Muxes := 1     
Module sendIndex 
Detailed RTL Component Info : 
+---Registers : 
	                2 Bit    Registers := 1     
	                1 Bit    Registers := 1     
+---Muxes : 
	   4 Input      2 Bit        Muxes := 1     
	   2 Input      2 Bit        Muxes := 1     
	   2 Input      1 Bit        Muxes := 2     
Module updateParameters 
Detailed RTL Component Info : 
+---Registers : 
	                3 Bit    Registers := 1     
+---Muxes : 
	   6 Input      3 Bit        Muxes := 1     
	   2 Input      2 Bit        Muxes := 1     
Module dijkstra 
Detailed RTL Component Info : 
+---Adders : 
	   2 Input     32 Bit       Adders := 1     
	   2 Input     31 Bit       Adders := 2     
+---Registers : 
	               32 Bit    Registers := 13    
	               31 Bit    Registers := 5     
	               29 Bit    Registers := 1     
	               10 Bit    Registers := 3     
	                6 Bit    Registers := 6     
	                5 Bit    Registers := 6     
	                4 Bit    Registers := 12    
	                2 Bit    Registers := 20    
	                1 Bit    Registers := 45    
+---Muxes : 
	   2 Input     32 Bit        Muxes := 7     
	   2 Input     29 Bit        Muxes := 3     
	   2 Input     28 Bit        Muxes := 1     
	   2 Input     27 Bit        Muxes := 1     
	   2 Input     24 Bit        Muxes := 1     
	   2 Input     22 Bit        Muxes := 1     
	   2 Input     20 Bit        Muxes := 1     
	   2 Input     18 Bit        Muxes := 1     
	   2 Input     17 Bit        Muxes := 1     
	   2 Input     16 Bit        Muxes := 2     
	   2 Input     11 Bit        Muxes := 1     
	   2 Input     10 Bit        Muxes := 5     
	   2 Input      9 Bit        Muxes := 1     
	   2 Input      7 Bit        Muxes := 1     
	   2 Input      6 Bit        Muxes := 4     
	   2 Input      5 Bit        Muxes := 5     
	   2 Input      4 Bit        Muxes := 8     
	   2 Input      3 Bit        Muxes := 1     
	   2 Input      2 Bit        Muxes := 19    
	   4 Input      2 Bit        Muxes := 14    
	   2 Input      1 Bit        Muxes := 38    
---------------------------------------------------------------------------------
Finished RTL Hierarchical Component Statistics
---------------------------------------------------------------------------------
---------------------------------------------------------------------------------
Start Part Resource Summary
---------------------------------------------------------------------------------
Part Resources:
DSPs: 220 (col length:60)
BRAMs: 280 (col length: RAMB18 60 RAMB36 30)
---------------------------------------------------------------------------------
Finished Part Resource Summary
---------------------------------------------------------------------------------
---------------------------------------------------------------------------------
Start Cross Boundary and Area Optimization
---------------------------------------------------------------------------------
Warning: Parallel synthesis criteria is not met 
INFO: [Synth 8-5545] ROM "tmp_2_i_fu_522_p2" won't be mapped to RAM because address size (32) is larger than maximum supported(25)
WARNING: [Synth 8-3331] design updatePath has unconnected port inStream_TKEEP[3]
WARNING: [Synth 8-3331] design updatePath has unconnected port inStream_TKEEP[2]
WARNING: [Synth 8-3331] design updatePath has unconnected port inStream_TKEEP[1]
WARNING: [Synth 8-3331] design updatePath has unconnected port inStream_TKEEP[0]
WARNING: [Synth 8-3331] design updatePath has unconnected port inStream_TSTRB[3]
WARNING: [Synth 8-3331] design updatePath has unconnected port inStream_TSTRB[2]
WARNING: [Synth 8-3331] design updatePath has unconnected port inStream_TSTRB[1]
WARNING: [Synth 8-3331] design updatePath has unconnected port inStream_TSTRB[0]
WARNING: [Synth 8-3331] design updatePath has unconnected port inStream_TUSER[1]
INFO: [Common 17-14] Message 'Synth 8-3331' appears 100 times and further instances of the messages will be disabled. Use the Tcl command set_msg_config to change the current settings.
INFO: [Synth 8-3333] propagating constant 0 across sequential element (inst/\z_i_cast_reg_685_reg[31] )
WARNING: [Synth 8-3332] Sequential element (grp_sendDist_fu_259/ap_reg_ioackin_outStream_TREADY_reg) is unused and will be removed from module dijkstra.
WARNING: [Synth 8-3332] Sequential element (grp_sendPath_fu_286/ap_reg_ioackin_outStream_TREADY_reg) is unused and will be removed from module dijkstra.
WARNING: [Synth 8-3332] Sequential element (inStream_V_last_V_0_state_reg[1]) is unused and will be removed from module dijkstra.
WARNING: [Synth 8-3332] Sequential element (inStream_V_last_V_0_state_reg[0]) is unused and will be removed from module dijkstra.
WARNING: [Synth 8-3332] Sequential element (inStream_V_last_V_0_sel_rd_reg) is unused and will be removed from module dijkstra.
WARNING: [Synth 8-3332] Sequential element (inStream_V_last_V_0_sel_wr_reg) is unused and will be removed from module dijkstra.
WARNING: [Synth 8-3332] Sequential element (inStream_V_last_V_0_payload_A_reg[0]) is unused and will be removed from module dijkstra.
WARNING: [Synth 8-3332] Sequential element (inStream_V_last_V_0_payload_B_reg[0]) is unused and will be removed from module dijkstra.
---------------------------------------------------------------------------------
Finished Cross Boundary and Area Optimization : Time (s): cpu = 00:00:14 ; elapsed = 00:00:26 . Memory (MB): peak = 1730.449 ; gain = 519.559 ; free physical = 1325 ; free virtual = 11014
---------------------------------------------------------------------------------
---------------------------------------------------------------------------------
Start ROM, RAM, DSP and Shift Register Reporting
---------------------------------------------------------------------------------

Block RAM: Preliminary Mapping  Report (see note below)
+-------------------+------------+------------------------+---+---+------------------------+---+---+------------------+--------+--------+
|Module Name        | RTL Object | PORT A (Depth x Width) | W | R | PORT B (Depth x Width) | W | R | Ports driving FF | RAMB18 | RAMB36 | 
+-------------------+------------+------------------------+---+---+------------------------+---+---+------------------+--------+--------+
|dijkstra_dist_ram: | ram_reg    | 1 K x 32(WRITE_FIRST)  | W | R |                        |   |   | Port A           | 0      | 1      | 
|dijkstra_dist_ram: | ram_reg    | 1 K x 32(WRITE_FIRST)  | W | R |                        |   |   | Port A           | 0      | 1      | 
|dijkstra_dist_ram: | ram_reg    | 1 K x 32(WRITE_FIRST)  | W | R |                        |   |   | Port A           | 0      | 1      | 
+-------------------+------------+------------------------+---+---+------------------------+---+---+------------------+--------+--------+

Note: The tale above is a preliminary report that shows the Block RAMs at the current stage of the synthesis flow. Some Block RAMs may be reimplemented as non Block RAM primitives later in the synthesis flow. Multiple instantiated Block RAMs are reported only once. 

Distributed RAM: Preliminary Mapping  Report (see note below)
+------------+------------------------------------+----------------+----------------------+--------------------------------------------------------------------------+
|Module Name | RTL Object                         | Inference      | Size (Depth x Width) | Primitives                                                               | 
+------------+------------------------------------+----------------+----------------------+--------------------------------------------------------------------------+
|inst        | Dset_U/dijkstra_Dset_ram_U/ram_reg | User Attribute | 1 K x 1              | RAM16X1S x 1  RAM32X1S x 1  RAM64X1S x 1  RAM128X1S x 1  RAM256X1S x 3   | 
+------------+------------------------------------+----------------+----------------------+--------------------------------------------------------------------------+

Note: The table above is a preliminary report that shows the Distributed RAMs at the current stage of the synthesis flow. Some Distributed RAMs may be reimplemented as non Distributed RAM primitives later in the synthesis flow. Multiple instantiated RAMs are reported only once.
---------------------------------------------------------------------------------
Finished ROM, RAM, DSP and Shift Register Reporting
---------------------------------------------------------------------------------
INFO: [Synth 8-4480] The timing for the instance inst/i_7_0/dist_U/dijkstra_dist_ram_U/ram_reg (implemented as a block RAM) might be sub-optimal as no optional output register could be merged into the block ram. Providing additional output register may help in improving timing.
INFO: [Synth 8-4480] The timing for the instance inst/i_7_3/path_U/dijkstra_dist_ram_U/ram_reg (implemented as a block RAM) might be sub-optimal as no optional output register could be merged into the block ram. Providing additional output register may help in improving timing.

Report RTL Partitions: 
+-+--------------+------------+----------+
| |RTL Partition |Replication |Instances |
+-+--------------+------------+----------+
+-+--------------+------------+----------+
---------------------------------------------------------------------------------
Start Applying XDC Timing Constraints
---------------------------------------------------------------------------------
---------------------------------------------------------------------------------
Finished Applying XDC Timing Constraints : Time (s): cpu = 00:00:20 ; elapsed = 00:00:33 . Memory (MB): peak = 1730.449 ; gain = 519.559 ; free physical = 1197 ; free virtual = 10886
---------------------------------------------------------------------------------
---------------------------------------------------------------------------------
Start Timing Optimization
---------------------------------------------------------------------------------
---------------------------------------------------------------------------------
Finished Timing Optimization : Time (s): cpu = 00:00:22 ; elapsed = 00:00:36 . Memory (MB): peak = 1741.512 ; gain = 530.621 ; free physical = 1167 ; free virtual = 10856
---------------------------------------------------------------------------------
---------------------------------------------------------------------------------
Start ROM, RAM, DSP and Shift Register Reporting
---------------------------------------------------------------------------------

Block RAM: Final Mapping  Report
+-------------------+------------+------------------------+---+---+------------------------+---+---+------------------+--------+--------+
|Module Name        | RTL Object | PORT A (Depth x Width) | W | R | PORT B (Depth x Width) | W | R | Ports driving FF | RAMB18 | RAMB36 | 
+-------------------+------------+------------------------+---+---+------------------------+---+---+------------------+--------+--------+
|dijkstra_dist_ram: | ram_reg    | 1 K x 32(WRITE_FIRST)  | W | R |                        |   |   | Port A           | 0      | 1      | 
|dijkstra_dist_ram: | ram_reg    | 1 K x 32(WRITE_FIRST)  | W | R |                        |   |   | Port A           | 0      | 1      | 
|dijkstra_dist_ram: | ram_reg    | 1 K x 32(WRITE_FIRST)  | W | R |                        |   |   | Port A           | 0      | 1      | 
+-------------------+------------+------------------------+---+---+------------------------+---+---+------------------+--------+--------+


Distributed RAM: Final Mapping  Report
+------------+------------------------------------+----------------+----------------------+--------------------------------------------------------------------------+
|Module Name | RTL Object                         | Inference      | Size (Depth x Width) | Primitives                                                               | 
+------------+------------------------------------+----------------+----------------------+--------------------------------------------------------------------------+
|inst        | Dset_U/dijkstra_Dset_ram_U/ram_reg | User Attribute | 1 K x 1              | RAM16X1S x 1  RAM32X1S x 1  RAM64X1S x 1  RAM128X1S x 1  RAM256X1S x 3   | 
+------------+------------------------------------+----------------+----------------------+--------------------------------------------------------------------------+

---------------------------------------------------------------------------------
Finished ROM, RAM, DSP and Shift Register Reporting
---------------------------------------------------------------------------------

Report RTL Partitions: 
+-+--------------+------------+----------+
| |RTL Partition |Replication |Instances |
+-+--------------+------------+----------+
+-+--------------+------------+----------+
---------------------------------------------------------------------------------
Start Technology Mapping
---------------------------------------------------------------------------------
INFO: [Synth 8-4480] The timing for the instance inst/dist_U/dijkstra_dist_ram_U/ram_reg (implemented as a block RAM) might be sub-optimal as no optional output register could be merged into the block ram. Providing additional output register may help in improving timing.
INFO: [Synth 8-4480] The timing for the instance inst/path_U/dijkstra_dist_ram_U/ram_reg (implemented as a block RAM) might be sub-optimal as no optional output register could be merged into the block ram. Providing additional output register may help in improving timing.
---------------------------------------------------------------------------------
Finished Technology Mapping : Time (s): cpu = 00:00:22 ; elapsed = 00:00:36 . Memory (MB): peak = 1749.520 ; gain = 538.629 ; free physical = 1166 ; free virtual = 10855
---------------------------------------------------------------------------------

Report RTL Partitions: 
+-+--------------+------------+----------+
| |RTL Partition |Replication |Instances |
+-+--------------+------------+----------+
+-+--------------+------------+----------+
---------------------------------------------------------------------------------
Start IO Insertion
---------------------------------------------------------------------------------
---------------------------------------------------------------------------------
Start Flattening Before IO Insertion
---------------------------------------------------------------------------------
---------------------------------------------------------------------------------
Finished Flattening Before IO Insertion
---------------------------------------------------------------------------------
---------------------------------------------------------------------------------
Start Final Netlist Cleanup
---------------------------------------------------------------------------------
---------------------------------------------------------------------------------
Finished Final Netlist Cleanup
---------------------------------------------------------------------------------
---------------------------------------------------------------------------------
Finished IO Insertion : Time (s): cpu = 00:00:23 ; elapsed = 00:00:37 . Memory (MB): peak = 1749.520 ; gain = 538.629 ; free physical = 1167 ; free virtual = 10856
---------------------------------------------------------------------------------

Report Check Netlist: 
+------+------------------+-------+---------+-------+------------------+
|      |Item              |Errors |Warnings |Status |Description       |
+------+------------------+-------+---------+-------+------------------+
|1     |multi_driven_nets |      0|        0|Passed |Multi driven nets |
+------+------------------+-------+---------+-------+------------------+
---------------------------------------------------------------------------------
Start Renaming Generated Instances
---------------------------------------------------------------------------------
---------------------------------------------------------------------------------
Finished Renaming Generated Instances : Time (s): cpu = 00:00:23 ; elapsed = 00:00:37 . Memory (MB): peak = 1749.520 ; gain = 538.629 ; free physical = 1167 ; free virtual = 10856
---------------------------------------------------------------------------------

Report RTL Partitions: 
+-+--------------+------------+----------+
| |RTL Partition |Replication |Instances |
+-+--------------+------------+----------+
+-+--------------+------------+----------+
---------------------------------------------------------------------------------
Start Rebuilding User Hierarchy
---------------------------------------------------------------------------------
---------------------------------------------------------------------------------
Finished Rebuilding User Hierarchy : Time (s): cpu = 00:00:23 ; elapsed = 00:00:37 . Memory (MB): peak = 1749.520 ; gain = 538.629 ; free physical = 1167 ; free virtual = 10856
---------------------------------------------------------------------------------
---------------------------------------------------------------------------------
Start Renaming Generated Ports
---------------------------------------------------------------------------------
---------------------------------------------------------------------------------
Finished Renaming Generated Ports : Time (s): cpu = 00:00:23 ; elapsed = 00:00:37 . Memory (MB): peak = 1749.520 ; gain = 538.629 ; free physical = 1167 ; free virtual = 10856
---------------------------------------------------------------------------------
---------------------------------------------------------------------------------
Start Handling Custom Attributes
---------------------------------------------------------------------------------
---------------------------------------------------------------------------------
Finished Handling Custom Attributes : Time (s): cpu = 00:00:23 ; elapsed = 00:00:37 . Memory (MB): peak = 1749.520 ; gain = 538.629 ; free physical = 1167 ; free virtual = 10856
---------------------------------------------------------------------------------
---------------------------------------------------------------------------------
Start Renaming Generated Nets
---------------------------------------------------------------------------------
---------------------------------------------------------------------------------
Finished Renaming Generated Nets : Time (s): cpu = 00:00:23 ; elapsed = 00:00:37 . Memory (MB): peak = 1749.520 ; gain = 538.629 ; free physical = 1167 ; free virtual = 10856
---------------------------------------------------------------------------------
---------------------------------------------------------------------------------
Start Writing Synthesis Report
---------------------------------------------------------------------------------

Report BlackBoxes: 
+-+--------------+----------+
| |BlackBox name |Instances |
+-+--------------+----------+
+-+--------------+----------+

Report Cell Usage: 
+------+-----------+------+
|      |Cell       |Count |
+------+-----------+------+
|1     |CARRY4     |   112|
|2     |LUT1       |     9|
|3     |LUT2       |    60|
|4     |LUT3       |   229|
|5     |LUT4       |   387|
|6     |LUT5       |   173|
|7     |LUT6       |   129|
|8     |RAM128X1S  |     1|
|9     |RAM16X1S   |     1|
|10    |RAM256X1S  |     3|
|11    |RAM32X1S   |     1|
|12    |RAM64X1S   |     1|
|13    |RAMB36E1   |     2|
|14    |RAMB36E1_1 |     1|
|15    |FDRE       |  1179|
|16    |FDSE       |    42|
+------+-----------+------+

Report Instance Areas: 
+------+--------------------------------+------------------------+------+
|      |Instance                        |Module                  |Cells |
+------+--------------------------------+------------------------+------+
|1     |top                             |                        |  2330|
|2     |  inst                          |dijkstra                |  2330|
|3     |    Dset_U                      |dijkstra_Dset           |    16|
|4     |      dijkstra_Dset_ram_U       |dijkstra_Dset_ram       |    16|
|5     |    dijkstra_CTRL_BUS_s_axi_U   |dijkstra_CTRL_BUS_s_axi |   191|
|6     |    dist_U                      |dijkstra_dist           |    76|
|7     |      dijkstra_dist_ram_U       |dijkstra_dist_ram_3     |    76|
|8     |    graph_U                     |dijkstra_dist_0         |    59|
|9     |      dijkstra_dist_ram_U       |dijkstra_dist_ram_2     |    59|
|10    |    grp_sendDist_fu_259         |sendDist                |   128|
|11    |    grp_sendIndex_fu_376        |sendIndex               |    48|
|12    |    grp_sendPath_fu_286         |sendPath                |   118|
|13    |    grp_updateDist_fu_313       |updateDist              |    91|
|14    |    grp_updateDset_fu_228       |updateDset              |   241|
|15    |    grp_updateGraph_fu_334      |updateGraph             |   115|
|16    |    grp_updateParameters_fu_396 |updateParameters        |    12|
|17    |    grp_updatePath_fu_355       |updatePath              |   102|
|18    |    path_U                      |dijkstra_dist_1         |    70|
|19    |      dijkstra_dist_ram_U       |dijkstra_dist_ram       |    70|
+------+--------------------------------+------------------------+------+
---------------------------------------------------------------------------------
Finished Writing Synthesis Report : Time (s): cpu = 00:00:23 ; elapsed = 00:00:37 . Memory (MB): peak = 1749.520 ; gain = 538.629 ; free physical = 1167 ; free virtual = 10856
---------------------------------------------------------------------------------
Synthesis finished with 0 errors, 0 critical warnings and 77 warnings.
Synthesis Optimization Runtime : Time (s): cpu = 00:00:16 ; elapsed = 00:00:20 . Memory (MB): peak = 1749.520 ; gain = 154.605 ; free physical = 1226 ; free virtual = 10915
Synthesis Optimization Complete : Time (s): cpu = 00:00:23 ; elapsed = 00:00:37 . Memory (MB): peak = 1749.527 ; gain = 538.629 ; free physical = 1226 ; free virtual = 10915
INFO: [Project 1-571] Translating synthesized netlist
INFO: [Netlist 29-17] Analyzing 122 Unisim elements for replacement
INFO: [Netlist 29-28] Unisim Transformation completed in 0 CPU seconds
INFO: [Project 1-570] Preparing netlist for logic optimization
INFO: [Opt 31-138] Pushed 0 inverter(s) to 0 load pin(s).
INFO: [Project 1-111] Unisim Transformation Summary:
  A total of 7 instances were transformed.
  RAM128X1S => RAM128X1S (MUXF7, RAMS64E, RAMS64E): 1 instances
  RAM16X1S => RAM32X1S (RAMS32): 1 instances
  RAM256X1S => RAM256X1S (MUXF7, MUXF7, MUXF8, RAMS64E, RAMS64E, RAMS64E, RAMS64E): 3 instances
  RAM32X1S => RAM32X1S (RAMS32): 1 instances
  RAM64X1S => RAM64X1S (RAMS64E): 1 instances

INFO: [Common 17-83] Releasing license: Synthesis
124 Infos, 110 Warnings, 0 Critical Warnings and 0 Errors encountered.
synth_design completed successfully
synth_design: Time (s): cpu = 00:00:25 ; elapsed = 00:00:38 . Memory (MB): peak = 1781.535 ; gain = 582.188 ; free physical = 1235 ; free virtual = 10924
WARNING: [Constraints 18-5210] No constraint will be written out.
INFO: [Common 17-1381] The checkpoint '/home/lais/Documents/ROB307/rob_307/dijkstra/hw_ip_only/hw_ip_only.runs/dijkstra_ip_dijkstra_0_0_synth_1/dijkstra_ip_dijkstra_0_0.dcp' has been generated.
