13:37:32 INFO  : Registering command handlers for SDK TCF services
13:37:33 INFO  : Launching XSCT server: xsct -n -interactive /home/lais/Documents/ROB307/rob_307/hardware_arm_only/hardware_arm_only.sdk/temp_xsdb_launch_script.tcl
13:37:35 INFO  : XSCT server has started successfully.
13:37:35 INFO  : Successfully done setting XSCT server connection channel  
13:37:35 INFO  : Successfully done setting SDK workspace  
13:37:35 INFO  : Processing command line option -hwspec /home/lais/Documents/ROB307/rob_307/hardware_arm_only/hardware_arm_only.sdk/design_1_wrapper.hdf.
13:38:43 INFO  : No changes in MSS file content so not generating sources.
13:39:44 INFO  : No changes in MSS file content so not generating sources.
13:40:41 INFO  : Refreshed build settings on project count
13:41:03 INFO  : Refreshed build settings on project count
13:43:26 INFO  : Connected to target on host '127.0.0.1' and port '3121'.
13:43:26 INFO  : 'targets -set -filter {jtag_cable_name =~ "Digilent Zed 210248773728" && level==0} -index 1' command is executed.
13:43:31 INFO  : FPGA configured successfully with bitstream "/home/lais/Documents/ROB307/rob_307/hardware_arm_only/hardware_arm_only.sdk/design_1_wrapper_hw_platform_0/design_1_wrapper.bit"
13:44:37 INFO  : 'targets -set -filter {jtag_cable_name =~ "Digilent Zed 210248773728" && level==0} -index 1' command is executed.
13:44:37 INFO  : 'fpga -state' command is executed.
13:44:37 INFO  : Connected to target on host '127.0.0.1' and port '3121'.
13:44:37 INFO  : Jtag cable 'Digilent Zed 210248773728' is selected.
13:44:37 INFO  : 'jtag frequency' command is executed.
13:44:37 INFO  : Sourcing of '/home/lais/Documents/ROB307/rob_307/hardware_arm_only/hardware_arm_only.sdk/design_1_wrapper_hw_platform_0/ps7_init.tcl' is done.
13:44:37 INFO  : Context for 'APU' is selected.
13:44:37 INFO  : Hardware design information is loaded from '/home/lais/Documents/ROB307/rob_307/hardware_arm_only/hardware_arm_only.sdk/design_1_wrapper_hw_platform_0/system.hdf'.
13:44:37 INFO  : 'configparams force-mem-access 1' command is executed.
13:44:37 INFO  : Context for 'APU' is selected.
13:44:37 INFO  : 'stop' command is executed.
13:44:37 INFO  : 'ps7_init' command is executed.
13:44:37 INFO  : 'ps7_post_config' command is executed.
13:44:37 INFO  : Context for processor 'ps7_cortexa9_0' is selected.
13:44:37 INFO  : Processor reset is completed for 'ps7_cortexa9_0'.
13:44:37 INFO  : Context for processor 'ps7_cortexa9_0' is selected.
13:44:37 INFO  : The application '/home/lais/Documents/ROB307/rob_307/hardware_arm_only/hardware_arm_only.sdk/count/Debug/count.elf' is downloaded to processor 'ps7_cortexa9_0'.
13:44:37 INFO  : 'configparams force-mem-access 0' command is executed.
13:44:37 INFO  : ----------------XSDB Script----------------
connect -url tcp:127.0.0.1:3121
source /home/lais/Documents/ROB307/rob_307/hardware_arm_only/hardware_arm_only.sdk/design_1_wrapper_hw_platform_0/ps7_init.tcl
targets -set -nocase -filter {name =~"APU*" && jtag_cable_name =~ "Digilent Zed 210248773728"} -index 0
loadhw -hw /home/lais/Documents/ROB307/rob_307/hardware_arm_only/hardware_arm_only.sdk/design_1_wrapper_hw_platform_0/system.hdf -mem-ranges [list {0x40000000 0xbfffffff}]
configparams force-mem-access 1
targets -set -nocase -filter {name =~"APU*" && jtag_cable_name =~ "Digilent Zed 210248773728"} -index 0
stop
ps7_init
ps7_post_config
targets -set -nocase -filter {name =~ "ARM*#0" && jtag_cable_name =~ "Digilent Zed 210248773728"} -index 0
rst -processor
targets -set -nocase -filter {name =~ "ARM*#0" && jtag_cable_name =~ "Digilent Zed 210248773728"} -index 0
dow /home/lais/Documents/ROB307/rob_307/hardware_arm_only/hardware_arm_only.sdk/count/Debug/count.elf
configparams force-mem-access 0
----------------End of Script----------------

13:44:37 INFO  : Memory regions updated for context APU
13:44:37 INFO  : Context for processor 'ps7_cortexa9_0' is selected.
13:44:37 INFO  : 'con' command is executed.
13:44:37 INFO  : ----------------XSDB Script (After Launch)----------------
targets -set -nocase -filter {name =~ "ARM*#0" && jtag_cable_name =~ "Digilent Zed 210248773728"} -index 0
con
----------------End of Script----------------

13:44:37 INFO  : Launch script is exported to file '/home/lais/Documents/ROB307/rob_307/hardware_arm_only/hardware_arm_only.sdk/.sdk/launch_scripts/xilinx_c-c++_application_(system_debugger)/system_debugger_using_debug_count.elf_on_local.tcl'
13:45:20 INFO  : Disconnected from the channel tcfchan#1.
13:45:21 INFO  : 'targets -set -filter {jtag_cable_name =~ "Digilent Zed 210248773728" && level==0} -index 1' command is executed.
13:45:21 INFO  : 'fpga -state' command is executed.
13:45:21 INFO  : Connected to target on host '127.0.0.1' and port '3121'.
13:45:21 INFO  : Jtag cable 'Digilent Zed 210248773728' is selected.
13:45:21 INFO  : 'jtag frequency' command is executed.
13:45:21 INFO  : Sourcing of '/home/lais/Documents/ROB307/rob_307/hardware_arm_only/hardware_arm_only.sdk/design_1_wrapper_hw_platform_0/ps7_init.tcl' is done.
13:45:22 INFO  : Context for 'APU' is selected.
13:45:22 INFO  : Hardware design information is loaded from '/home/lais/Documents/ROB307/rob_307/hardware_arm_only/hardware_arm_only.sdk/design_1_wrapper_hw_platform_0/system.hdf'.
13:45:22 INFO  : 'configparams force-mem-access 1' command is executed.
13:45:22 INFO  : Context for 'APU' is selected.
13:45:22 INFO  : 'stop' command is executed.
13:45:23 INFO  : 'ps7_init' command is executed.
13:45:23 INFO  : 'ps7_post_config' command is executed.
13:45:23 INFO  : Context for processor 'ps7_cortexa9_0' is selected.
13:45:23 INFO  : Processor reset is completed for 'ps7_cortexa9_0'.
13:45:23 INFO  : Context for processor 'ps7_cortexa9_0' is selected.
13:45:23 INFO  : The application '/home/lais/Documents/ROB307/rob_307/hardware_arm_only/hardware_arm_only.sdk/count/Debug/count.elf' is downloaded to processor 'ps7_cortexa9_0'.
13:45:23 INFO  : 'configparams force-mem-access 0' command is executed.
13:45:23 INFO  : ----------------XSDB Script----------------
connect -url tcp:127.0.0.1:3121
source /home/lais/Documents/ROB307/rob_307/hardware_arm_only/hardware_arm_only.sdk/design_1_wrapper_hw_platform_0/ps7_init.tcl
targets -set -nocase -filter {name =~"APU*" && jtag_cable_name =~ "Digilent Zed 210248773728"} -index 0
loadhw -hw /home/lais/Documents/ROB307/rob_307/hardware_arm_only/hardware_arm_only.sdk/design_1_wrapper_hw_platform_0/system.hdf -mem-ranges [list {0x40000000 0xbfffffff}]
configparams force-mem-access 1
targets -set -nocase -filter {name =~"APU*" && jtag_cable_name =~ "Digilent Zed 210248773728"} -index 0
stop
ps7_init
ps7_post_config
targets -set -nocase -filter {name =~ "ARM*#0" && jtag_cable_name =~ "Digilent Zed 210248773728"} -index 0
rst -processor
targets -set -nocase -filter {name =~ "ARM*#0" && jtag_cable_name =~ "Digilent Zed 210248773728"} -index 0
dow /home/lais/Documents/ROB307/rob_307/hardware_arm_only/hardware_arm_only.sdk/count/Debug/count.elf
configparams force-mem-access 0
----------------End of Script----------------

13:45:23 INFO  : Memory regions updated for context APU
13:45:23 INFO  : Context for processor 'ps7_cortexa9_0' is selected.
13:45:23 INFO  : 'con' command is executed.
13:45:23 INFO  : ----------------XSDB Script (After Launch)----------------
targets -set -nocase -filter {name =~ "ARM*#0" && jtag_cable_name =~ "Digilent Zed 210248773728"} -index 0
con
----------------End of Script----------------

13:45:23 INFO  : Launch script is exported to file '/home/lais/Documents/ROB307/rob_307/hardware_arm_only/hardware_arm_only.sdk/.sdk/launch_scripts/xilinx_c-c++_application_(system_debugger)/system_debugger_using_debug_count.elf_on_local.tcl'
13:46:21 INFO  : Disconnected from the channel tcfchan#2.
13:46:22 INFO  : 'targets -set -filter {jtag_cable_name =~ "Digilent Zed 210248773728" && level==0} -index 1' command is executed.
13:46:22 INFO  : 'fpga -state' command is executed.
13:46:22 INFO  : Connected to target on host '127.0.0.1' and port '3121'.
13:46:22 INFO  : Jtag cable 'Digilent Zed 210248773728' is selected.
13:46:22 INFO  : 'jtag frequency' command is executed.
13:46:22 INFO  : Sourcing of '/home/lais/Documents/ROB307/rob_307/hardware_arm_only/hardware_arm_only.sdk/design_1_wrapper_hw_platform_0/ps7_init.tcl' is done.
13:46:22 INFO  : Context for 'APU' is selected.
13:46:23 INFO  : Hardware design information is loaded from '/home/lais/Documents/ROB307/rob_307/hardware_arm_only/hardware_arm_only.sdk/design_1_wrapper_hw_platform_0/system.hdf'.
13:46:23 INFO  : 'configparams force-mem-access 1' command is executed.
13:46:23 INFO  : Context for 'APU' is selected.
13:46:23 INFO  : 'stop' command is executed.
13:46:23 INFO  : 'ps7_init' command is executed.
13:46:23 INFO  : 'ps7_post_config' command is executed.
13:46:23 INFO  : Context for processor 'ps7_cortexa9_0' is selected.
13:46:23 INFO  : Processor reset is completed for 'ps7_cortexa9_0'.
13:46:23 INFO  : Context for processor 'ps7_cortexa9_0' is selected.
13:46:23 INFO  : The application '/home/lais/Documents/ROB307/rob_307/hardware_arm_only/hardware_arm_only.sdk/count/Debug/count.elf' is downloaded to processor 'ps7_cortexa9_0'.
13:46:23 INFO  : 'configparams force-mem-access 0' command is executed.
13:46:23 INFO  : ----------------XSDB Script----------------
connect -url tcp:127.0.0.1:3121
source /home/lais/Documents/ROB307/rob_307/hardware_arm_only/hardware_arm_only.sdk/design_1_wrapper_hw_platform_0/ps7_init.tcl
targets -set -nocase -filter {name =~"APU*" && jtag_cable_name =~ "Digilent Zed 210248773728"} -index 0
loadhw -hw /home/lais/Documents/ROB307/rob_307/hardware_arm_only/hardware_arm_only.sdk/design_1_wrapper_hw_platform_0/system.hdf -mem-ranges [list {0x40000000 0xbfffffff}]
configparams force-mem-access 1
targets -set -nocase -filter {name =~"APU*" && jtag_cable_name =~ "Digilent Zed 210248773728"} -index 0
stop
ps7_init
ps7_post_config
targets -set -nocase -filter {name =~ "ARM*#0" && jtag_cable_name =~ "Digilent Zed 210248773728"} -index 0
rst -processor
targets -set -nocase -filter {name =~ "ARM*#0" && jtag_cable_name =~ "Digilent Zed 210248773728"} -index 0
dow /home/lais/Documents/ROB307/rob_307/hardware_arm_only/hardware_arm_only.sdk/count/Debug/count.elf
configparams force-mem-access 0
----------------End of Script----------------

13:46:23 INFO  : Memory regions updated for context APU
13:46:23 INFO  : Context for processor 'ps7_cortexa9_0' is selected.
13:46:23 INFO  : 'con' command is executed.
13:46:23 INFO  : ----------------XSDB Script (After Launch)----------------
targets -set -nocase -filter {name =~ "ARM*#0" && jtag_cable_name =~ "Digilent Zed 210248773728"} -index 0
con
----------------End of Script----------------

13:46:23 INFO  : Launch script is exported to file '/home/lais/Documents/ROB307/rob_307/hardware_arm_only/hardware_arm_only.sdk/.sdk/launch_scripts/xilinx_c-c++_application_(system_debugger)/system_debugger_using_debug_count.elf_on_local.tcl'
13:49:07 INFO  : Disconnected from the channel tcfchan#3.
