
*** Running vivado
    with args -log hw_one_ip_xlconcat_0_0.vds -m64 -product Vivado -mode batch -messageDb vivado.pb -notrace -source hw_one_ip_xlconcat_0_0.tcl


****** Vivado v2018.2 (64-bit)
  **** SW Build 2258646 on Thu Jun 14 20:02:38 MDT 2018
  **** IP Build 2256618 on Thu Jun 14 22:10:49 MDT 2018
    ** Copyright 1986-2018 Xilinx, Inc. All Rights Reserved.

source hw_one_ip_xlconcat_0_0.tcl -notrace
Command: synth_design -top hw_one_ip_xlconcat_0_0 -part xc7z020clg484-1 -mode out_of_context
Starting synth_design
Attempting to get a license for feature 'Synthesis' and/or device 'xc7z020'
INFO: [Common 17-349] Got license for feature 'Synthesis' and/or device 'xc7z020'
INFO: Launching helper process for spawning children vivado processes
INFO: Helper process launched with PID 5426 
---------------------------------------------------------------------------------
Starting RTL Elaboration : Time (s): cpu = 00:00:04 ; elapsed = 00:00:30 . Memory (MB): peak = 1292.809 ; gain = 81.738 ; free physical = 138 ; free virtual = 639
---------------------------------------------------------------------------------
INFO: [Synth 8-6157] synthesizing module 'hw_one_ip_xlconcat_0_0' [/home/lais/Documentos/ROB307/rob_307/quicksort/hw_one_ip/hw_one_ip.srcs/sources_1/bd/hw_one_ip/ip/hw_one_ip_xlconcat_0_0/synth/hw_one_ip_xlconcat_0_0.v:58]
INFO: [Synth 8-6157] synthesizing module 'xlconcat_v2_1_1_xlconcat' [/home/lais/Documentos/ROB307/rob_307/quicksort/hw_one_ip/hw_one_ip.srcs/sources_1/bd/hw_one_ip/ipshared/2f66/hdl/xlconcat_v2_1_vl_rfs.v:14]
	Parameter IN0_WIDTH bound to: 1 - type: integer 
	Parameter IN1_WIDTH bound to: 1 - type: integer 
	Parameter IN2_WIDTH bound to: 1 - type: integer 
	Parameter IN3_WIDTH bound to: 1 - type: integer 
	Parameter IN4_WIDTH bound to: 1 - type: integer 
	Parameter IN5_WIDTH bound to: 1 - type: integer 
	Parameter IN6_WIDTH bound to: 1 - type: integer 
	Parameter IN7_WIDTH bound to: 1 - type: integer 
	Parameter IN8_WIDTH bound to: 1 - type: integer 
	Parameter IN9_WIDTH bound to: 1 - type: integer 
	Parameter IN10_WIDTH bound to: 1 - type: integer 
	Parameter IN11_WIDTH bound to: 1 - type: integer 
	Parameter IN12_WIDTH bound to: 1 - type: integer 
	Parameter IN13_WIDTH bound to: 1 - type: integer 
	Parameter IN14_WIDTH bound to: 1 - type: integer 
	Parameter IN15_WIDTH bound to: 1 - type: integer 
	Parameter IN16_WIDTH bound to: 1 - type: integer 
	Parameter IN17_WIDTH bound to: 1 - type: integer 
	Parameter IN18_WIDTH bound to: 1 - type: integer 
	Parameter IN19_WIDTH bound to: 1 - type: integer 
	Parameter IN20_WIDTH bound to: 1 - type: integer 
	Parameter IN21_WIDTH bound to: 1 - type: integer 
	Parameter IN22_WIDTH bound to: 1 - type: integer 
	Parameter IN23_WIDTH bound to: 1 - type: integer 
	Parameter IN24_WIDTH bound to: 1 - type: integer 
	Parameter IN25_WIDTH bound to: 1 - type: integer 
	Parameter IN26_WIDTH bound to: 1 - type: integer 
	Parameter IN27_WIDTH bound to: 1 - type: integer 
	Parameter IN28_WIDTH bound to: 1 - type: integer 
	Parameter IN29_WIDTH bound to: 1 - type: integer 
	Parameter IN30_WIDTH bound to: 1 - type: integer 
	Parameter IN31_WIDTH bound to: 1 - type: integer 
	Parameter dout_width bound to: 3 - type: integer 
	Parameter NUM_PORTS bound to: 3 - type: integer 
INFO: [Synth 8-6155] done synthesizing module 'xlconcat_v2_1_1_xlconcat' (1#1) [/home/lais/Documentos/ROB307/rob_307/quicksort/hw_one_ip/hw_one_ip.srcs/sources_1/bd/hw_one_ip/ipshared/2f66/hdl/xlconcat_v2_1_vl_rfs.v:14]
INFO: [Synth 8-6155] done synthesizing module 'hw_one_ip_xlconcat_0_0' (2#1) [/home/lais/Documentos/ROB307/rob_307/quicksort/hw_one_ip/hw_one_ip.srcs/sources_1/bd/hw_one_ip/ip/hw_one_ip_xlconcat_0_0/synth/hw_one_ip_xlconcat_0_0.v:58]
WARNING: [Synth 8-3331] design xlconcat_v2_1_1_xlconcat has unconnected port In3[0]
WARNING: [Synth 8-3331] design xlconcat_v2_1_1_xlconcat has unconnected port In4[0]
WARNING: [Synth 8-3331] design xlconcat_v2_1_1_xlconcat has unconnected port In5[0]
WARNING: [Synth 8-3331] design xlconcat_v2_1_1_xlconcat has unconnected port In6[0]
WARNING: [Synth 8-3331] design xlconcat_v2_1_1_xlconcat has unconnected port In7[0]
WARNING: [Synth 8-3331] design xlconcat_v2_1_1_xlconcat has unconnected port In8[0]
WARNING: [Synth 8-3331] design xlconcat_v2_1_1_xlconcat has unconnected port In9[0]
WARNING: [Synth 8-3331] design xlconcat_v2_1_1_xlconcat has unconnected port In10[0]
WARNING: [Synth 8-3331] design xlconcat_v2_1_1_xlconcat has unconnected port In11[0]
WARNING: [Synth 8-3331] design xlconcat_v2_1_1_xlconcat has unconnected port In12[0]
WARNING: [Synth 8-3331] design xlconcat_v2_1_1_xlconcat has unconnected port In13[0]
WARNING: [Synth 8-3331] design xlconcat_v2_1_1_xlconcat has unconnected port In14[0]
WARNING: [Synth 8-3331] design xlconcat_v2_1_1_xlconcat has unconnected port In15[0]
WARNING: [Synth 8-3331] design xlconcat_v2_1_1_xlconcat has unconnected port In16[0]
WARNING: [Synth 8-3331] design xlconcat_v2_1_1_xlconcat has unconnected port In17[0]
WARNING: [Synth 8-3331] design xlconcat_v2_1_1_xlconcat has unconnected port In18[0]
WARNING: [Synth 8-3331] design xlconcat_v2_1_1_xlconcat has unconnected port In19[0]
WARNING: [Synth 8-3331] design xlconcat_v2_1_1_xlconcat has unconnected port In20[0]
WARNING: [Synth 8-3331] design xlconcat_v2_1_1_xlconcat has unconnected port In21[0]
WARNING: [Synth 8-3331] design xlconcat_v2_1_1_xlconcat has unconnected port In22[0]
WARNING: [Synth 8-3331] design xlconcat_v2_1_1_xlconcat has unconnected port In23[0]
WARNING: [Synth 8-3331] design xlconcat_v2_1_1_xlconcat has unconnected port In24[0]
WARNING: [Synth 8-3331] design xlconcat_v2_1_1_xlconcat has unconnected port In25[0]
WARNING: [Synth 8-3331] design xlconcat_v2_1_1_xlconcat has unconnected port In26[0]
WARNING: [Synth 8-3331] design xlconcat_v2_1_1_xlconcat has unconnected port In27[0]
WARNING: [Synth 8-3331] design xlconcat_v2_1_1_xlconcat has unconnected port In28[0]
WARNING: [Synth 8-3331] design xlconcat_v2_1_1_xlconcat has unconnected port In29[0]
WARNING: [Synth 8-3331] design xlconcat_v2_1_1_xlconcat has unconnected port In30[0]
WARNING: [Synth 8-3331] design xlconcat_v2_1_1_xlconcat has unconnected port In31[0]
---------------------------------------------------------------------------------
Finished RTL Elaboration : Time (s): cpu = 00:00:05 ; elapsed = 00:00:41 . Memory (MB): peak = 1337.434 ; gain = 126.363 ; free physical = 250 ; free virtual = 649
---------------------------------------------------------------------------------

Report Check Netlist: 
+------+------------------+-------+---------+-------+------------------+
|      |Item              |Errors |Warnings |Status |Description       |
+------+------------------+-------+---------+-------+------------------+
|1     |multi_driven_nets |      0|        0|Passed |Multi driven nets |
+------+------------------+-------+---------+-------+------------------+
---------------------------------------------------------------------------------
Start Handling Custom Attributes
---------------------------------------------------------------------------------
---------------------------------------------------------------------------------
Finished Handling Custom Attributes : Time (s): cpu = 00:00:06 ; elapsed = 00:00:42 . Memory (MB): peak = 1337.434 ; gain = 126.363 ; free physical = 257 ; free virtual = 658
---------------------------------------------------------------------------------
---------------------------------------------------------------------------------
Finished RTL Optimization Phase 1 : Time (s): cpu = 00:00:06 ; elapsed = 00:00:42 . Memory (MB): peak = 1337.434 ; gain = 126.363 ; free physical = 257 ; free virtual = 658
---------------------------------------------------------------------------------
INFO: [Device 21-403] Loading part xc7z020clg484-1

*** Running vivado
    with args -log hw_one_ip_xlconcat_0_0.vds -m64 -product Vivado -mode batch -messageDb vivado.pb -notrace -source hw_one_ip_xlconcat_0_0.tcl


****** Vivado v2018.2 (64-bit)
  **** SW Build 2258646 on Thu Jun 14 20:02:38 MDT 2018
  **** IP Build 2256618 on Thu Jun 14 22:10:49 MDT 2018
    ** Copyright 1986-2018 Xilinx, Inc. All Rights Reserved.

source hw_one_ip_xlconcat_0_0.tcl -notrace
Command: synth_design -top hw_one_ip_xlconcat_0_0 -part xc7z020clg484-1 -mode out_of_context
Starting synth_design
Attempting to get a license for feature 'Synthesis' and/or device 'xc7z020'
INFO: [Common 17-349] Got license for feature 'Synthesis' and/or device 'xc7z020'
INFO: Launching helper process for spawning children vivado processes
INFO: Helper process launched with PID 3103 
---------------------------------------------------------------------------------
Starting RTL Elaboration : Time (s): cpu = 00:00:03 ; elapsed = 00:00:04 . Memory (MB): peak = 1292.801 ; gain = 81.738 ; free physical = 595 ; free virtual = 2959
---------------------------------------------------------------------------------
INFO: [Synth 8-6157] synthesizing module 'hw_one_ip_xlconcat_0_0' [/home/lais/Documentos/ROB307/rob_307/quicksort/hw_one_ip/hw_one_ip.srcs/sources_1/bd/hw_one_ip/ip/hw_one_ip_xlconcat_0_0/synth/hw_one_ip_xlconcat_0_0.v:58]
INFO: [Synth 8-6157] synthesizing module 'xlconcat_v2_1_1_xlconcat' [/home/lais/Documentos/ROB307/rob_307/quicksort/hw_one_ip/hw_one_ip.srcs/sources_1/bd/hw_one_ip/ipshared/2f66/hdl/xlconcat_v2_1_vl_rfs.v:14]
	Parameter IN0_WIDTH bound to: 1 - type: integer 
	Parameter IN1_WIDTH bound to: 1 - type: integer 
	Parameter IN2_WIDTH bound to: 1 - type: integer 
	Parameter IN3_WIDTH bound to: 1 - type: integer 
	Parameter IN4_WIDTH bound to: 1 - type: integer 
	Parameter IN5_WIDTH bound to: 1 - type: integer 
	Parameter IN6_WIDTH bound to: 1 - type: integer 
	Parameter IN7_WIDTH bound to: 1 - type: integer 
	Parameter IN8_WIDTH bound to: 1 - type: integer 
	Parameter IN9_WIDTH bound to: 1 - type: integer 
	Parameter IN10_WIDTH bound to: 1 - type: integer 
	Parameter IN11_WIDTH bound to: 1 - type: integer 
	Parameter IN12_WIDTH bound to: 1 - type: integer 
	Parameter IN13_WIDTH bound to: 1 - type: integer 
	Parameter IN14_WIDTH bound to: 1 - type: integer 
	Parameter IN15_WIDTH bound to: 1 - type: integer 
	Parameter IN16_WIDTH bound to: 1 - type: integer 
	Parameter IN17_WIDTH bound to: 1 - type: integer 
	Parameter IN18_WIDTH bound to: 1 - type: integer 
	Parameter IN19_WIDTH bound to: 1 - type: integer 
	Parameter IN20_WIDTH bound to: 1 - type: integer 
	Parameter IN21_WIDTH bound to: 1 - type: integer 
	Parameter IN22_WIDTH bound to: 1 - type: integer 
	Parameter IN23_WIDTH bound to: 1 - type: integer 
	Parameter IN24_WIDTH bound to: 1 - type: integer 
	Parameter IN25_WIDTH bound to: 1 - type: integer 
	Parameter IN26_WIDTH bound to: 1 - type: integer 
	Parameter IN27_WIDTH bound to: 1 - type: integer 
	Parameter IN28_WIDTH bound to: 1 - type: integer 
	Parameter IN29_WIDTH bound to: 1 - type: integer 
	Parameter IN30_WIDTH bound to: 1 - type: integer 
	Parameter IN31_WIDTH bound to: 1 - type: integer 
	Parameter dout_width bound to: 3 - type: integer 
	Parameter NUM_PORTS bound to: 3 - type: integer 
INFO: [Synth 8-6155] done synthesizing module 'xlconcat_v2_1_1_xlconcat' (1#1) [/home/lais/Documentos/ROB307/rob_307/quicksort/hw_one_ip/hw_one_ip.srcs/sources_1/bd/hw_one_ip/ipshared/2f66/hdl/xlconcat_v2_1_vl_rfs.v:14]
INFO: [Synth 8-6155] done synthesizing module 'hw_one_ip_xlconcat_0_0' (2#1) [/home/lais/Documentos/ROB307/rob_307/quicksort/hw_one_ip/hw_one_ip.srcs/sources_1/bd/hw_one_ip/ip/hw_one_ip_xlconcat_0_0/synth/hw_one_ip_xlconcat_0_0.v:58]
WARNING: [Synth 8-3331] design xlconcat_v2_1_1_xlconcat has unconnected port In3[0]
WARNING: [Synth 8-3331] design xlconcat_v2_1_1_xlconcat has unconnected port In4[0]
WARNING: [Synth 8-3331] design xlconcat_v2_1_1_xlconcat has unconnected port In5[0]
WARNING: [Synth 8-3331] design xlconcat_v2_1_1_xlconcat has unconnected port In6[0]
WARNING: [Synth 8-3331] design xlconcat_v2_1_1_xlconcat has unconnected port In7[0]
WARNING: [Synth 8-3331] design xlconcat_v2_1_1_xlconcat has unconnected port In8[0]
WARNING: [Synth 8-3331] design xlconcat_v2_1_1_xlconcat has unconnected port In9[0]
WARNING: [Synth 8-3331] design xlconcat_v2_1_1_xlconcat has unconnected port In10[0]
WARNING: [Synth 8-3331] design xlconcat_v2_1_1_xlconcat has unconnected port In11[0]
WARNING: [Synth 8-3331] design xlconcat_v2_1_1_xlconcat has unconnected port In12[0]
WARNING: [Synth 8-3331] design xlconcat_v2_1_1_xlconcat has unconnected port In13[0]
WARNING: [Synth 8-3331] design xlconcat_v2_1_1_xlconcat has unconnected port In14[0]
WARNING: [Synth 8-3331] design xlconcat_v2_1_1_xlconcat has unconnected port In15[0]
WARNING: [Synth 8-3331] design xlconcat_v2_1_1_xlconcat has unconnected port In16[0]
WARNING: [Synth 8-3331] design xlconcat_v2_1_1_xlconcat has unconnected port In17[0]
WARNING: [Synth 8-3331] design xlconcat_v2_1_1_xlconcat has unconnected port In18[0]
WARNING: [Synth 8-3331] design xlconcat_v2_1_1_xlconcat has unconnected port In19[0]
WARNING: [Synth 8-3331] design xlconcat_v2_1_1_xlconcat has unconnected port In20[0]
WARNING: [Synth 8-3331] design xlconcat_v2_1_1_xlconcat has unconnected port In21[0]
WARNING: [Synth 8-3331] design xlconcat_v2_1_1_xlconcat has unconnected port In22[0]
WARNING: [Synth 8-3331] design xlconcat_v2_1_1_xlconcat has unconnected port In23[0]
WARNING: [Synth 8-3331] design xlconcat_v2_1_1_xlconcat has unconnected port In24[0]
WARNING: [Synth 8-3331] design xlconcat_v2_1_1_xlconcat has unconnected port In25[0]
WARNING: [Synth 8-3331] design xlconcat_v2_1_1_xlconcat has unconnected port In26[0]
WARNING: [Synth 8-3331] design xlconcat_v2_1_1_xlconcat has unconnected port In27[0]
WARNING: [Synth 8-3331] design xlconcat_v2_1_1_xlconcat has unconnected port In28[0]
WARNING: [Synth 8-3331] design xlconcat_v2_1_1_xlconcat has unconnected port In29[0]
WARNING: [Synth 8-3331] design xlconcat_v2_1_1_xlconcat has unconnected port In30[0]
WARNING: [Synth 8-3331] design xlconcat_v2_1_1_xlconcat has unconnected port In31[0]
---------------------------------------------------------------------------------
Finished RTL Elaboration : Time (s): cpu = 00:00:04 ; elapsed = 00:00:06 . Memory (MB): peak = 1337.426 ; gain = 126.363 ; free physical = 577 ; free virtual = 2966
---------------------------------------------------------------------------------

Report Check Netlist: 
+------+------------------+-------+---------+-------+------------------+
|      |Item              |Errors |Warnings |Status |Description       |
+------+------------------+-------+---------+-------+------------------+
|1     |multi_driven_nets |      0|        0|Passed |Multi driven nets |
+------+------------------+-------+---------+-------+------------------+
---------------------------------------------------------------------------------
Start Handling Custom Attributes
---------------------------------------------------------------------------------
---------------------------------------------------------------------------------
Finished Handling Custom Attributes : Time (s): cpu = 00:00:04 ; elapsed = 00:00:06 . Memory (MB): peak = 1337.426 ; gain = 126.363 ; free physical = 575 ; free virtual = 2966
---------------------------------------------------------------------------------
---------------------------------------------------------------------------------
Finished RTL Optimization Phase 1 : Time (s): cpu = 00:00:04 ; elapsed = 00:00:06 . Memory (MB): peak = 1337.426 ; gain = 126.363 ; free physical = 575 ; free virtual = 2966
---------------------------------------------------------------------------------
INFO: [Device 21-403] Loading part xc7z020clg484-1
INFO: [Project 1-570] Preparing netlist for logic optimization

Processing XDC Constraints
Initializing timing engine
Completed Processing XDC Constraints

INFO: [Project 1-111] Unisim Transformation Summary:
No Unisim elements were transformed.

WARNING: [Constraints 18-5210] No constraint will be written out.
Constraint Validation Runtime : Time (s): cpu = 00:00:00.11 ; elapsed = 00:00:00.17 . Memory (MB): peak = 1587.434 ; gain = 1.000 ; free physical = 110 ; free virtual = 2539
---------------------------------------------------------------------------------
Finished Constraint Validation : Time (s): cpu = 00:00:21 ; elapsed = 00:00:46 . Memory (MB): peak = 1587.434 ; gain = 376.371 ; free physical = 205 ; free virtual = 2659
---------------------------------------------------------------------------------
---------------------------------------------------------------------------------
Start Loading Part and Timing Information
---------------------------------------------------------------------------------
Loading part: xc7z020clg484-1
---------------------------------------------------------------------------------
Finished Loading Part and Timing Information : Time (s): cpu = 00:00:21 ; elapsed = 00:00:46 . Memory (MB): peak = 1587.434 ; gain = 376.371 ; free physical = 205 ; free virtual = 2659
---------------------------------------------------------------------------------
---------------------------------------------------------------------------------
Start Applying 'set_property' XDC Constraints
---------------------------------------------------------------------------------
---------------------------------------------------------------------------------
Finished applying 'set_property' XDC Constraints : Time (s): cpu = 00:00:21 ; elapsed = 00:00:46 . Memory (MB): peak = 1587.434 ; gain = 376.371 ; free physical = 207 ; free virtual = 2660
---------------------------------------------------------------------------------
---------------------------------------------------------------------------------
Finished RTL Optimization Phase 2 : Time (s): cpu = 00:00:21 ; elapsed = 00:00:46 . Memory (MB): peak = 1587.434 ; gain = 376.371 ; free physical = 205 ; free virtual = 2659
---------------------------------------------------------------------------------

Report RTL Partitions: 
+-+--------------+------------+----------+
| |RTL Partition |Replication |Instances |
+-+--------------+------------+----------+
+-+--------------+------------+----------+
---------------------------------------------------------------------------------
Start RTL Component Statistics 
---------------------------------------------------------------------------------
Detailed RTL Component Info : 
---------------------------------------------------------------------------------
Finished RTL Component Statistics 
---------------------------------------------------------------------------------
---------------------------------------------------------------------------------
Start RTL Hierarchical Component Statistics 
---------------------------------------------------------------------------------
Hierarchical RTL Component report 
---------------------------------------------------------------------------------
Finished RTL Hierarchical Component Statistics
---------------------------------------------------------------------------------
---------------------------------------------------------------------------------
Start Part Resource Summary
---------------------------------------------------------------------------------
Part Resources:
DSPs: 220 (col length:60)
BRAMs: 280 (col length: RAMB18 60 RAMB36 30)
---------------------------------------------------------------------------------
Finished Part Resource Summary
---------------------------------------------------------------------------------
---------------------------------------------------------------------------------
Start Cross Boundary and Area Optimization
---------------------------------------------------------------------------------
Warning: Parallel synthesis criteria is not met 
WARNING: [Synth 8-3330] design hw_one_ip_xlconcat_0_0 has an empty top module
---------------------------------------------------------------------------------
Finished Cross Boundary and Area Optimization : Time (s): cpu = 00:00:22 ; elapsed = 00:00:47 . Memory (MB): peak = 1587.434 ; gain = 376.371 ; free physical = 192 ; free virtual = 2649
---------------------------------------------------------------------------------

Report RTL Partitions: 
+-+--------------+------------+----------+
| |RTL Partition |Replication |Instances |
+-+--------------+------------+----------+
+-+--------------+------------+----------+
---------------------------------------------------------------------------------
Start Applying XDC Timing Constraints
---------------------------------------------------------------------------------
---------------------------------------------------------------------------------
Finished Applying XDC Timing Constraints : Time (s): cpu = 00:00:32 ; elapsed = 00:01:02 . Memory (MB): peak = 1633.434 ; gain = 422.371 ; free physical = 103 ; free virtual = 2452
---------------------------------------------------------------------------------
---------------------------------------------------------------------------------
Start Timing Optimization
---------------------------------------------------------------------------------
---------------------------------------------------------------------------------
Finished Timing Optimization : Time (s): cpu = 00:00:32 ; elapsed = 00:01:02 . Memory (MB): peak = 1633.434 ; gain = 422.371 ; free physical = 103 ; free virtual = 2452
---------------------------------------------------------------------------------

Report RTL Partitions: 
+-+--------------+------------+----------+
| |RTL Partition |Replication |Instances |
+-+--------------+------------+----------+
+-+--------------+------------+----------+
---------------------------------------------------------------------------------
Start Technology Mapping
---------------------------------------------------------------------------------
---------------------------------------------------------------------------------
Finished Technology Mapping : Time (s): cpu = 00:00:32 ; elapsed = 00:01:02 . Memory (MB): peak = 1633.434 ; gain = 422.371 ; free physical = 103 ; free virtual = 2452
---------------------------------------------------------------------------------

Report RTL Partitions: 
+-+--------------+------------+----------+
| |RTL Partition |Replication |Instances |
+-+--------------+------------+----------+
+-+--------------+------------+----------+
---------------------------------------------------------------------------------
Start IO Insertion
---------------------------------------------------------------------------------
---------------------------------------------------------------------------------
Start Flattening Before IO Insertion
---------------------------------------------------------------------------------
---------------------------------------------------------------------------------
Finished Flattening Before IO Insertion
---------------------------------------------------------------------------------
---------------------------------------------------------------------------------
Start Final Netlist Cleanup
---------------------------------------------------------------------------------
---------------------------------------------------------------------------------
Finished Final Netlist Cleanup
---------------------------------------------------------------------------------
---------------------------------------------------------------------------------
Finished IO Insertion : Time (s): cpu = 00:00:33 ; elapsed = 00:01:03 . Memory (MB): peak = 1633.434 ; gain = 422.371 ; free physical = 112 ; free virtual = 2452
---------------------------------------------------------------------------------

Report Check Netlist: 
+------+------------------+-------+---------+-------+------------------+
|      |Item              |Errors |Warnings |Status |Description       |
+------+------------------+-------+---------+-------+------------------+
|1     |multi_driven_nets |      0|        0|Passed |Multi driven nets |
+------+------------------+-------+---------+-------+------------------+
---------------------------------------------------------------------------------
Start Renaming Generated Instances
---------------------------------------------------------------------------------
---------------------------------------------------------------------------------
Finished Renaming Generated Instances : Time (s): cpu = 00:00:33 ; elapsed = 00:01:03 . Memory (MB): peak = 1633.434 ; gain = 422.371 ; free physical = 111 ; free virtual = 2452
---------------------------------------------------------------------------------

Report RTL Partitions: 
+-+--------------+------------+----------+
| |RTL Partition |Replication |Instances |
+-+--------------+------------+----------+
+-+--------------+------------+----------+
---------------------------------------------------------------------------------
Start Rebuilding User Hierarchy
---------------------------------------------------------------------------------
---------------------------------------------------------------------------------
Finished Rebuilding User Hierarchy : Time (s): cpu = 00:00:33 ; elapsed = 00:01:03 . Memory (MB): peak = 1633.434 ; gain = 422.371 ; free physical = 111 ; free virtual = 2452
---------------------------------------------------------------------------------
---------------------------------------------------------------------------------
Start Renaming Generated Ports
---------------------------------------------------------------------------------
---------------------------------------------------------------------------------
Finished Renaming Generated Ports : Time (s): cpu = 00:00:33 ; elapsed = 00:01:03 . Memory (MB): peak = 1633.434 ; gain = 422.371 ; free physical = 111 ; free virtual = 2452
---------------------------------------------------------------------------------
---------------------------------------------------------------------------------
Start Handling Custom Attributes
---------------------------------------------------------------------------------
---------------------------------------------------------------------------------
Finished Handling Custom Attributes : Time (s): cpu = 00:00:33 ; elapsed = 00:01:03 . Memory (MB): peak = 1633.434 ; gain = 422.371 ; free physical = 111 ; free virtual = 2452
---------------------------------------------------------------------------------
---------------------------------------------------------------------------------
Start Renaming Generated Nets
---------------------------------------------------------------------------------
---------------------------------------------------------------------------------
Finished Renaming Generated Nets : Time (s): cpu = 00:00:33 ; elapsed = 00:01:03 . Memory (MB): peak = 1633.434 ; gain = 422.371 ; free physical = 111 ; free virtual = 2452
---------------------------------------------------------------------------------
---------------------------------------------------------------------------------
Start Writing Synthesis Report
---------------------------------------------------------------------------------

Report BlackBoxes: 
+-+--------------+----------+
| |BlackBox name |Instances |
+-+--------------+----------+
+-+--------------+----------+

Report Cell Usage: 
+-+-----+------+
| |Cell |Count |
+-+-----+------+
+-+-----+------+

Report Instance Areas: 
+------+---------+-------+------+
|      |Instance |Module |Cells |
+------+---------+-------+------+
|1     |top      |       |     0|
+------+---------+-------+------+
---------------------------------------------------------------------------------
Finished Writing Synthesis Report : Time (s): cpu = 00:00:33 ; elapsed = 00:01:03 . Memory (MB): peak = 1633.434 ; gain = 422.371 ; free physical = 111 ; free virtual = 2452
---------------------------------------------------------------------------------
Synthesis finished with 0 errors, 0 critical warnings and 1 warnings.
Synthesis Optimization Runtime : Time (s): cpu = 00:00:19 ; elapsed = 00:00:27 . Memory (MB): peak = 1634.434 ; gain = 173.363 ; free physical = 168 ; free virtual = 2509
Synthesis Optimization Complete : Time (s): cpu = 00:00:33 ; elapsed = 00:01:03 . Memory (MB): peak = 1634.441 ; gain = 423.371 ; free physical = 169 ; free virtual = 2510
INFO: [Project 1-571] Translating synthesized netlist
INFO: [Project 1-570] Preparing netlist for logic optimization
INFO: [Opt 31-138] Pushed 0 inverter(s) to 0 load pin(s).
INFO: [Project 1-111] Unisim Transformation Summary:
No Unisim elements were transformed.

INFO: [Common 17-83] Releasing license: Synthesis
13 Infos, 31 Warnings, 0 Critical Warnings and 0 Errors encountered.
synth_design completed successfully
synth_design: Time (s): cpu = 00:00:36 ; elapsed = 00:01:04 . Memory (MB): peak = 1648.434 ; gain = 449.086 ; free physical = 147 ; free virtual = 2491
WARNING: [Constraints 18-5210] No constraint will be written out.
INFO: [Common 17-1381] The checkpoint '/home/lais/Documentos/ROB307/rob_307/quicksort/hw_one_ip/hw_one_ip.runs/hw_one_ip_xlconcat_0_0_synth_1/hw_one_ip_xlconcat_0_0.dcp' has been generated.
INFO: [Coretcl 2-1482] Added synthesis output to IP cache for IP /home/lais/Documentos/ROB307/rob_307/quicksort/hw_one_ip/hw_one_ip.srcs/sources_1/bd/hw_one_ip/ip/hw_one_ip_xlconcat_0_0/hw_one_ip_xlconcat_0_0.xci
WARNING: [Constraints 18-5210] No constraint will be written out.
INFO: [Common 17-1381] The checkpoint '/home/lais/Documentos/ROB307/rob_307/quicksort/hw_one_ip/hw_one_ip.runs/hw_one_ip_xlconcat_0_0_synth_1/hw_one_ip_xlconcat_0_0.dcp' has been generated.
INFO: [runtcl-4] Executing : report_utilization -file hw_one_ip_xlconcat_0_0_utilization_synth.rpt -pb hw_one_ip_xlconcat_0_0_utilization_synth.pb
report_utilization: Time (s): cpu = 00:00:00.18 ; elapsed = 00:00:00.22 . Memory (MB): peak = 1652.434 ; gain = 0.000 ; free physical = 127 ; free virtual = 2490
INFO: [Common 17-206] Exiting Vivado at Tue Dec  4 10:25:45 2018...
