18:27:07 INFO  : Registering command handlers for SDK TCF services
18:27:08 INFO  : Launching XSCT server: xsct -n -interactive /home/fabian/Documents/ensta/deuxieme/rob307/tutostr/viv/kmean/kmean.sdk/temp_xsdb_launch_script.tcl
18:27:10 INFO  : XSCT server has started successfully.
18:27:10 INFO  : Successfully done setting XSCT server connection channel  
18:27:10 INFO  : Successfully done setting SDK workspace  
18:27:10 INFO  : Processing command line option -hwspec /home/fabian/Documents/ensta/deuxieme/rob307/tutostr/viv/kmean/kmean.sdk/design_1_wrapper.hdf.
18:55:46 INFO  : Connected to target on host '127.0.0.1' and port '3121'.
18:55:46 INFO  : 'targets -set -filter {jtag_cable_name =~ "Digilent Zed 210248773728" && level==0} -index 1' command is executed.
18:55:48 INFO  : FPGA configured successfully with bitstream "/home/fabian/Documents/ensta/deuxieme/rob307/tutostr/viv/kmean/kmean.sdk/design_1_wrapper_hw_platform_0/design_1_wrapper.bit"
18:56:13 INFO  : 'targets -set -filter {jtag_cable_name =~ "Digilent Zed 210248773728" && level==0} -index 1' command is executed.
18:56:13 INFO  : 'fpga -state' command is executed.
18:56:13 INFO  : Connected to target on host '127.0.0.1' and port '3121'.
18:56:13 INFO  : Jtag cable 'Digilent Zed 210248773728' is selected.
18:56:13 INFO  : 'jtag frequency' command is executed.
18:56:13 INFO  : Sourcing of '/home/fabian/Documents/ensta/deuxieme/rob307/tutostr/viv/kmean/kmean.sdk/design_1_wrapper_hw_platform_0/ps7_init.tcl' is done.
18:56:13 INFO  : Context for 'APU' is selected.
18:56:13 INFO  : Hardware design information is loaded from '/home/fabian/Documents/ensta/deuxieme/rob307/tutostr/viv/kmean/kmean.sdk/design_1_wrapper_hw_platform_0/system.hdf'.
18:56:13 INFO  : 'configparams force-mem-access 1' command is executed.
18:56:13 INFO  : Context for 'APU' is selected.
18:56:13 INFO  : 'stop' command is executed.
18:56:14 INFO  : 'ps7_init' command is executed.
18:56:14 INFO  : 'ps7_post_config' command is executed.
18:56:14 INFO  : Context for processor 'ps7_cortexa9_0' is selected.
18:56:14 INFO  : Processor reset is completed for 'ps7_cortexa9_0'.
18:56:14 INFO  : Context for processor 'ps7_cortexa9_0' is selected.
18:56:14 INFO  : The application '/home/fabian/Documents/ensta/deuxieme/rob307/tutostr/viv/kmean/kmean.sdk/kmean_ar/Debug/kmean_ar.elf' is downloaded to processor 'ps7_cortexa9_0'.
18:56:14 INFO  : 'configparams force-mem-access 0' command is executed.
18:56:14 INFO  : ----------------XSDB Script----------------
connect -url tcp:127.0.0.1:3121
source /home/fabian/Documents/ensta/deuxieme/rob307/tutostr/viv/kmean/kmean.sdk/design_1_wrapper_hw_platform_0/ps7_init.tcl
targets -set -nocase -filter {name =~"APU*" && jtag_cable_name =~ "Digilent Zed 210248773728"} -index 0
loadhw -hw /home/fabian/Documents/ensta/deuxieme/rob307/tutostr/viv/kmean/kmean.sdk/design_1_wrapper_hw_platform_0/system.hdf -mem-ranges [list {0x40000000 0xbfffffff}]
configparams force-mem-access 1
targets -set -nocase -filter {name =~"APU*" && jtag_cable_name =~ "Digilent Zed 210248773728"} -index 0
stop
ps7_init
ps7_post_config
targets -set -nocase -filter {name =~ "ARM*#0" && jtag_cable_name =~ "Digilent Zed 210248773728"} -index 0
rst -processor
targets -set -nocase -filter {name =~ "ARM*#0" && jtag_cable_name =~ "Digilent Zed 210248773728"} -index 0
dow /home/fabian/Documents/ensta/deuxieme/rob307/tutostr/viv/kmean/kmean.sdk/kmean_ar/Debug/kmean_ar.elf
configparams force-mem-access 0
----------------End of Script----------------

18:56:14 INFO  : Context for processor 'ps7_cortexa9_0' is selected.
18:56:14 INFO  : 'con' command is executed.
18:56:14 INFO  : ----------------XSDB Script (After Launch)----------------
targets -set -nocase -filter {name =~ "ARM*#0" && jtag_cable_name =~ "Digilent Zed 210248773728"} -index 0
con
----------------End of Script----------------

18:56:14 INFO  : Disconnected from the channel tcfchan#1.
18:59:13 INFO  : 'targets -set -filter {jtag_cable_name =~ "Digilent Zed 210248773728" && level==0} -index 1' command is executed.
18:59:13 INFO  : 'fpga -state' command is executed.
18:59:13 INFO  : Connected to target on host '127.0.0.1' and port '3121'.
18:59:13 INFO  : Jtag cable 'Digilent Zed 210248773728' is selected.
18:59:13 INFO  : 'jtag frequency' command is executed.
18:59:13 INFO  : Sourcing of '/home/fabian/Documents/ensta/deuxieme/rob307/tutostr/viv/kmean/kmean.sdk/design_1_wrapper_hw_platform_0/ps7_init.tcl' is done.
18:59:13 INFO  : Context for 'APU' is selected.
18:59:15 INFO  : Hardware design information is loaded from '/home/fabian/Documents/ensta/deuxieme/rob307/tutostr/viv/kmean/kmean.sdk/design_1_wrapper_hw_platform_0/system.hdf'.
18:59:15 INFO  : 'configparams force-mem-access 1' command is executed.
18:59:15 INFO  : Context for 'APU' is selected.
18:59:15 INFO  : 'stop' command is executed.
18:59:15 INFO  : 'ps7_init' command is executed.
18:59:15 INFO  : 'ps7_post_config' command is executed.
18:59:15 INFO  : Context for processor 'ps7_cortexa9_0' is selected.
18:59:15 INFO  : Processor reset is completed for 'ps7_cortexa9_0'.
18:59:15 INFO  : Context for processor 'ps7_cortexa9_0' is selected.
18:59:15 INFO  : The application '/home/fabian/Documents/ensta/deuxieme/rob307/tutostr/viv/kmean/kmean.sdk/kmean_ar/Debug/kmean_ar.elf' is downloaded to processor 'ps7_cortexa9_0'.
18:59:15 INFO  : 'configparams force-mem-access 0' command is executed.
18:59:15 INFO  : ----------------XSDB Script----------------
connect -url tcp:127.0.0.1:3121
source /home/fabian/Documents/ensta/deuxieme/rob307/tutostr/viv/kmean/kmean.sdk/design_1_wrapper_hw_platform_0/ps7_init.tcl
targets -set -nocase -filter {name =~"APU*" && jtag_cable_name =~ "Digilent Zed 210248773728"} -index 0
loadhw -hw /home/fabian/Documents/ensta/deuxieme/rob307/tutostr/viv/kmean/kmean.sdk/design_1_wrapper_hw_platform_0/system.hdf -mem-ranges [list {0x40000000 0xbfffffff}]
configparams force-mem-access 1
targets -set -nocase -filter {name =~"APU*" && jtag_cable_name =~ "Digilent Zed 210248773728"} -index 0
stop
ps7_init
ps7_post_config
targets -set -nocase -filter {name =~ "ARM*#0" && jtag_cable_name =~ "Digilent Zed 210248773728"} -index 0
rst -processor
targets -set -nocase -filter {name =~ "ARM*#0" && jtag_cable_name =~ "Digilent Zed 210248773728"} -index 0
dow /home/fabian/Documents/ensta/deuxieme/rob307/tutostr/viv/kmean/kmean.sdk/kmean_ar/Debug/kmean_ar.elf
configparams force-mem-access 0
----------------End of Script----------------

18:59:15 INFO  : Context for processor 'ps7_cortexa9_0' is selected.
18:59:15 INFO  : 'con' command is executed.
18:59:15 INFO  : ----------------XSDB Script (After Launch)----------------
targets -set -nocase -filter {name =~ "ARM*#0" && jtag_cable_name =~ "Digilent Zed 210248773728"} -index 0
con
----------------End of Script----------------

18:59:15 INFO  : Disconnected from the channel tcfchan#2.
