==============================================================
File generated by Vivado(TM) HLS - High-Level Synthesis from C, C++ and SystemC
Version: 2018.2
Copyright (C) 1986-2018 Xilinx, Inc. All Rights Reserved.

==============================================================

==============================================================
File generated by Vivado(TM) HLS - High-Level Synthesis from C, C++ and SystemC
Version: 2018.2
Copyright (C) 1986-2018 Xilinx, Inc. All Rights Reserved.

==============================================================

INFO: [SYN 201-201] Setting up clock 'default' with a period of 10ns.
INFO: [HLS 200-10] Setting target device to 'xc7z020clg484-1'
INFO: [SYN 201-201] Setting up clock 'default' with a period of 10ns.
INFO: [HLS 200-10] Analyzing design file 'kmeans/kmeans.cpp' ... 
INFO: [HLS 200-111] Finished Linking Time (s): cpu = 00:00:11 ; elapsed = 00:00:12 . Memory (MB): peak = 372.895 ; gain = 0.293 ; free physical = 373 ; free virtual = 1226
INFO: [HLS 200-111] Finished Checking Pragmas Time (s): cpu = 00:00:11 ; elapsed = 00:00:12 . Memory (MB): peak = 372.895 ; gain = 0.293 ; free physical = 373 ; free virtual = 1226
INFO: [HLS 200-10] Starting code transformations ...
INFO: [HLS 200-111] Finished Standard Transforms Time (s): cpu = 00:00:12 ; elapsed = 00:00:12 . Memory (MB): peak = 372.910 ; gain = 0.309 ; free physical = 362 ; free virtual = 1223
INFO: [HLS 200-10] Checking synthesizability ...
INFO: [XFORM 203-602] Inlining function 'get_cluster' into 'doKmean' (kmeans/kmeans.cpp:47) automatically.
INFO: [HLS 200-111] Finished Checking Synthesizability Time (s): cpu = 00:00:12 ; elapsed = 00:00:12 . Memory (MB): peak = 372.910 ; gain = 0.309 ; free physical = 356 ; free virtual = 1218
INFO: [XFORM 203-502] Unrolling all sub-loops inside loop 'read_p' (kmeans/kmeans.cpp:19) in function 'doKmean' for pipelining.
INFO: [XFORM 203-502] Unrolling all sub-loops inside loop 'read_c' (kmeans/kmeans.cpp:32) in function 'doKmean' for pipelining.
INFO: [XFORM 203-502] Unrolling all sub-loops inside loop 'sumcen' (kmeans/kmeans.cpp:55) in function 'doKmean' for pipelining.
INFO: [XFORM 203-502] Unrolling all sub-loops inside loop 'update' (kmeans/kmeans.cpp:63) in function 'doKmean' for pipelining.
INFO: [XFORM 203-502] Unrolling all loops for pipelining in function 'get_cluster' (kmeans/kmeans.cpp:90).
INFO: [XFORM 203-501] Unrolling loop 'Loop-1.1' (kmeans/kmeans.cpp:20) in function 'doKmean' completely.
INFO: [XFORM 203-501] Unrolling loop 'Loop-2.1' (kmeans/kmeans.cpp:33) in function 'doKmean' completely.
INFO: [XFORM 203-501] Unrolling loop 'Loop-5.1' (kmeans/kmeans.cpp:56) in function 'doKmean' completely.
INFO: [XFORM 203-501] Unrolling loop 'Loop-6.1' (kmeans/kmeans.cpp:64) in function 'doKmean' completely.
INFO: [XFORM 203-501] Unrolling loop 'Loop-1' (kmeans/kmeans.cpp:94) in function 'get_cluster' completely.
INFO: [XFORM 203-501] Unrolling loop 'Loop-1.1' (kmeans/kmeans.cpp:96) in function 'get_cluster' completely.
INFO: [HLS 200-111] Finished Pre-synthesis Time (s): cpu = 00:00:14 ; elapsed = 00:00:15 . Memory (MB): peak = 500.602 ; gain = 128.000 ; free physical = 312 ; free virtual = 1176
INFO: [HLS 200-111] Finished Architecture Synthesis Time (s): cpu = 00:00:16 ; elapsed = 00:00:17 . Memory (MB): peak = 564.602 ; gain = 192.000 ; free physical = 248 ; free virtual = 1115
INFO: [HLS 200-10] Starting hardware synthesis ...
INFO: [HLS 200-10] Synthesizing 'doKmean' ...
INFO: [HLS 200-10] ----------------------------------------------------------------
INFO: [HLS 200-42] -- Implementing module 'get_cluster' 
INFO: [HLS 200-10] ----------------------------------------------------------------
INFO: [SCHED 204-11] Starting scheduling ...
INFO: [SCHED 204-61] Pipelining function 'get_cluster'.
WARNING: [SCHED 204-69] Unable to schedule 'load' operation ('data_set_load_100', kmeans/kmeans.cpp:97) on array 'data_set' due to limited memory ports. Please consider using a memory core with more ports or partitioning the array 'data_set'.
INFO: [SCHED 204-61] Unable to satisfy pipeline directive: Unable to pipeline the region.
INFO: [SCHED 204-11] Finished scheduling.
INFO: [HLS 200-111]  Elapsed time: 143.3 seconds; current allocated memory: 202.941 MB.
INFO: [BIND 205-100] Starting micro-architecture generation ...
INFO: [BIND 205-101] Performing variable lifetime analysis.
INFO: [BIND 205-101] Exploring resource sharing.
INFO: [BIND 205-101] Binding ...
INFO: [BIND 205-100] After resource sharing, estimated clock period (10.4551ns) exceeds the target (target clock period: 10ns, clock uncertainty: 1.25ns, effective delay budget: 8.75ns).
INFO: [BIND 205-100] The critical path consists of the following:
	'fsub' operation ('tmp_6_9', kmeans/kmeans.cpp:97) (10.5 ns)
INFO: [BIND 205-100] Finished micro-architecture generation.
INFO: [HLS 200-111]  Elapsed time: 44.53 seconds; current allocated memory: 267.099 MB.
INFO: [HLS 200-10] ----------------------------------------------------------------
INFO: [HLS 200-42] -- Implementing module 'doKmean' 
INFO: [HLS 200-10] ----------------------------------------------------------------
INFO: [SCHED 204-11] Starting scheduling ...
INFO: [SCHED 204-61] Pipelining loop 'read_p'.
WARNING: [SCHED 204-68] Unable to enforce a carried dependence constraint (II = 1, distance = 1, offset = 1)
   between axis read on port 'inStream_V_data_V' (kmeans/kmeans.cpp:21) and axis read on port 'inStream_V_data_V' (kmeans/kmeans.cpp:21).
WARNING: [SCHED 204-68] Unable to enforce a carried dependence constraint (II = 2, distance = 1, offset = 1)
   between axis read on port 'inStream_V_data_V' (kmeans/kmeans.cpp:21) and axis read on port 'inStream_V_data_V' (kmeans/kmeans.cpp:21).
WARNING: [SCHED 204-68] Unable to enforce a carried dependence constraint (II = 3, distance = 1, offset = 1)
   between axis read on port 'inStream_V_data_V' (kmeans/kmeans.cpp:21) and axis read on port 'inStream_V_data_V' (kmeans/kmeans.cpp:21).
WARNING: [SCHED 204-68] Unable to enforce a carried dependence constraint (II = 4, distance = 1, offset = 1)
   between axis read on port 'inStream_V_data_V' (kmeans/kmeans.cpp:21) and axis read on port 'inStream_V_data_V' (kmeans/kmeans.cpp:21).
WARNING: [SCHED 204-68] Unable to enforce a carried dependence constraint (II = 35, distance = 1, offset = 1)
   between axis read on port 'inStream_V_data_V' (kmeans/kmeans.cpp:21) and axis read on port 'inStream_V_data_V' (kmeans/kmeans.cpp:21).
WARNING: [SCHED 204-68] Unable to enforce a carried dependence constraint (II = 43, distance = 1, offset = 1)
   between axis read on port 'inStream_V_data_V' (kmeans/kmeans.cpp:21) and axis read on port 'inStream_V_data_V' (kmeans/kmeans.cpp:21).
WARNING: [SCHED 204-68] Unable to enforce a carried dependence constraint (II = 47, distance = 1, offset = 1)
   between axis read on port 'inStream_V_data_V' (kmeans/kmeans.cpp:21) and axis read on port 'inStream_V_data_V' (kmeans/kmeans.cpp:21).
WARNING: [SCHED 204-68] Unable to enforce a carried dependence constraint (II = 49, distance = 1, offset = 1)
   between axis read on port 'inStream_V_data_V' (kmeans/kmeans.cpp:21) and axis read on port 'inStream_V_data_V' (kmeans/kmeans.cpp:21).
INFO: [SCHED 204-61] Pipelining result : Target II = 1, Final II = 50, Depth = 51.
INFO: [SCHED 204-61] Pipelining loop 'read_c'.
WARNING: [SCHED 204-68] Unable to enforce a carried dependence constraint (II = 1, distance = 1, offset = 1)
   between axis read on port 'inStream_V_data_V' (kmeans/kmeans.cpp:34) and axis read on port 'inStream_V_data_V' (kmeans/kmeans.cpp:34).
WARNING: [SCHED 204-68] Unable to enforce a carried dependence constraint (II = 2, distance = 1, offset = 1)
   between axis read on port 'inStream_V_data_V' (kmeans/kmeans.cpp:34) and axis read on port 'inStream_V_data_V' (kmeans/kmeans.cpp:34).
WARNING: [SCHED 204-68] Unable to enforce a carried dependence constraint (II = 3, distance = 1, offset = 1)
   between axis read on port 'inStream_V_data_V' (kmeans/kmeans.cpp:34) and axis read on port 'inStream_V_data_V' (kmeans/kmeans.cpp:34).
WARNING: [SCHED 204-68] Unable to enforce a carried dependence constraint (II = 4, distance = 1, offset = 1)
   between axis read on port 'inStream_V_data_V' (kmeans/kmeans.cpp:34) and axis read on port 'inStream_V_data_V' (kmeans/kmeans.cpp:34).
WARNING: [SCHED 204-68] Unable to enforce a carried dependence constraint (II = 35, distance = 1, offset = 1)
   between axis read on port 'inStream_V_data_V' (kmeans/kmeans.cpp:34) and axis read on port 'inStream_V_data_V' (kmeans/kmeans.cpp:34).
WARNING: [SCHED 204-68] Unable to enforce a carried dependence constraint (II = 43, distance = 1, offset = 1)
   between axis read on port 'inStream_V_data_V' (kmeans/kmeans.cpp:34) and axis read on port 'inStream_V_data_V' (kmeans/kmeans.cpp:34).
WARNING: [SCHED 204-68] Unable to enforce a carried dependence constraint (II = 47, distance = 1, offset = 1)
   between axis read on port 'inStream_V_data_V' (kmeans/kmeans.cpp:34) and axis read on port 'inStream_V_data_V' (kmeans/kmeans.cpp:34).
WARNING: [SCHED 204-68] Unable to enforce a carried dependence constraint (II = 49, distance = 1, offset = 1)
   between axis read on port 'inStream_V_data_V' (kmeans/kmeans.cpp:34) and axis read on port 'inStream_V_data_V' (kmeans/kmeans.cpp:34).
INFO: [SCHED 204-61] Pipelining result : Target II = 1, Final II = 50, Depth = 51.
WARNING: [SCHED 204-67] Unable to satisfy pipeline directive: subfunction 'get_cluster' is not pipelined.
INFO: [SCHED 204-61] Pipelining loop 'sumcen'.
WARNING: [SCHED 204-68] Unable to enforce a carried dependence constraint (II = 1, distance = 1, offset = 1)
   between 'store' operation (kmeans/kmeans.cpp:57) of variable 'tmp_19', kmeans/kmeans.cpp:57 on array 'new_centroids' and 'load' operation ('new_centroids_load', kmeans/kmeans.cpp:57) on array 'new_centroids'.
WARNING: [SCHED 204-68] Unable to enforce a carried dependence constraint (II = 2, distance = 1, offset = 1)
   between 'store' operation (kmeans/kmeans.cpp:57) of variable 'tmp_19', kmeans/kmeans.cpp:57 on array 'new_centroids' and 'load' operation ('new_centroids_load', kmeans/kmeans.cpp:57) on array 'new_centroids'.
WARNING: [SCHED 204-68] Unable to enforce a carried dependence constraint (II = 3, distance = 1, offset = 1)
   between 'store' operation (kmeans/kmeans.cpp:57) of variable 'tmp_19', kmeans/kmeans.cpp:57 on array 'new_centroids' and 'load' operation ('new_centroids_load', kmeans/kmeans.cpp:57) on array 'new_centroids'.
WARNING: [SCHED 204-68] Unable to enforce a carried dependence constraint (II = 4, distance = 1, offset = 1)
   between 'store' operation (kmeans/kmeans.cpp:57) of variable 'tmp_19', kmeans/kmeans.cpp:57 on array 'new_centroids' and 'load' operation ('new_centroids_load', kmeans/kmeans.cpp:57) on array 'new_centroids'.
WARNING: [SCHED 204-69] Unable to schedule 'store' operation (kmeans/kmeans.cpp:57) of variable 'tmp_17_19', kmeans/kmeans.cpp:57 on array 'new_centroids' due to limited memory ports. Please consider using a memory core with more ports or partitioning the array 'new_centroids'.
INFO: [SCHED 204-61] Pipelining result : Target II = 1, Final II = 50, Depth = 59.
INFO: [SCHED 204-61] Pipelining loop 'update'.
WARNING: [SCHED 204-69] Unable to schedule 'load' operation ('np_cluster_load_3', kmeans/kmeans.cpp:65) on array 'np_cluster' due to limited memory ports. Please consider using a memory core with more ports or partitioning the array 'np_cluster'.
WARNING: [SCHED 204-69] Unable to schedule 'store' operation (kmeans/kmeans.cpp:66) of constant 0 on array 'new_centroids' due to limited memory ports. Please consider using a memory core with more ports or partitioning the array 'new_centroids'.
INFO: [SCHED 204-61] Pipelining result : Target II = 1, Final II = 50, Depth = 73.
WARNING: [SCHED 204-21] Estimated clock period (9.634ns) exceeds the target (target clock period: 10ns, clock uncertainty: 1.25ns, effective delay budget: 8.75ns).
WARNING: [SCHED 204-21] The critical path consists of the following:
	'mul' operation ('tmp_349', kmeans/kmeans.cpp:57) (3.36 ns)
	'add' operation ('tmp_350', kmeans/kmeans.cpp:57) (3.02 ns)
	'getelementptr' operation ('new_centroids_addr_3', kmeans/kmeans.cpp:57) (0 ns)
	'load' operation ('new_centroids_load_3', kmeans/kmeans.cpp:57) on array 'new_centroids' (3.25 ns)
INFO: [SCHED 204-11] Finished scheduling.
INFO: [HLS 200-111]  Elapsed time: 32.73 seconds; current allocated memory: 274.582 MB.
INFO: [HLS 200-434] Only 4 loops out of a total 7 loops have been pipelined in this design.
INFO: [BIND 205-100] Starting micro-architecture generation ...
INFO: [BIND 205-101] Performing variable lifetime analysis.
INFO: [BIND 205-101] Exploring resource sharing.
INFO: [BIND 205-101] Binding ...
INFO: [BIND 205-100] Finished micro-architecture generation.
INFO: [HLS 200-111]  Elapsed time: 4.72 seconds; current allocated memory: 283.526 MB.
INFO: [HLS 200-10] ----------------------------------------------------------------
INFO: [HLS 200-10] -- Generating RTL for module 'get_cluster' 
INFO: [HLS 200-10] ----------------------------------------------------------------
INFO: [SYN 201-210] Renamed object name 'doKmean_faddfsub_32ns_32ns_32_5_full_dsp_1' to 'doKmean_faddfsub_bkb' due to the length limit 20
INFO: [SYN 201-210] Renamed object name 'doKmean_fsub_32ns_32ns_32_5_full_dsp_1' to 'doKmean_fsub_32nscud' due to the length limit 20
INFO: [SYN 201-210] Renamed object name 'doKmean_fmul_32ns_32ns_32_4_max_dsp_1' to 'doKmean_fmul_32nsdEe' due to the length limit 20
INFO: [SYN 201-210] Renamed object name 'doKmean_fcmp_32ns_32ns_1_1_1' to 'doKmean_fcmp_32nseOg' due to the length limit 20
INFO: [SYN 201-210] Renamed object name 'doKmean_fsqrt_32ns_32ns_32_12_1' to 'doKmean_fsqrt_32nfYi' due to the length limit 20
INFO: [RTGEN 206-100] Generating core module 'doKmean_faddfsub_bkb': 3 instance(s).
INFO: [RTGEN 206-100] Generating core module 'doKmean_fcmp_32nseOg': 1 instance(s).
INFO: [RTGEN 206-100] Generating core module 'doKmean_fmul_32nsdEe': 1 instance(s).
INFO: [RTGEN 206-100] Generating core module 'doKmean_fsqrt_32nfYi': 1 instance(s).
INFO: [RTGEN 206-100] Generating core module 'doKmean_fsub_32nscud': 1 instance(s).
INFO: [RTGEN 206-100] Finished creating RTL model for 'get_cluster'.
INFO: [HLS 200-111]  Elapsed time: 37.99 seconds; current allocated memory: 408.623 MB.
INFO: [HLS 200-10] ----------------------------------------------------------------
INFO: [HLS 200-10] -- Generating RTL for module 'doKmean' 
INFO: [HLS 200-10] ----------------------------------------------------------------
INFO: [RTGEN 206-500] Setting interface mode on port 'doKmean/inStream_V_data_V' to 'axis' (register, both mode).
INFO: [RTGEN 206-500] Setting interface mode on port 'doKmean/inStream_V_keep_V' to 'axis' (register, both mode).
INFO: [RTGEN 206-500] Setting interface mode on port 'doKmean/inStream_V_strb_V' to 'axis' (register, both mode).
INFO: [RTGEN 206-500] Setting interface mode on port 'doKmean/inStream_V_user_V' to 'axis' (register, both mode).
INFO: [RTGEN 206-500] Setting interface mode on port 'doKmean/inStream_V_last_V' to 'axis' (register, both mode).
INFO: [RTGEN 206-500] Setting interface mode on port 'doKmean/inStream_V_id_V' to 'axis' (register, both mode).
INFO: [RTGEN 206-500] Setting interface mode on port 'doKmean/inStream_V_dest_V' to 'axis' (register, both mode).
INFO: [RTGEN 206-500] Setting interface mode on port 'doKmean/outStream_V_data_V' to 'axis' (register, both mode).
INFO: [RTGEN 206-500] Setting interface mode on port 'doKmean/outStream_V_keep_V' to 'axis' (register, both mode).
INFO: [RTGEN 206-500] Setting interface mode on port 'doKmean/outStream_V_strb_V' to 'axis' (register, both mode).
INFO: [RTGEN 206-500] Setting interface mode on port 'doKmean/outStream_V_user_V' to 'axis' (register, both mode).
INFO: [RTGEN 206-500] Setting interface mode on port 'doKmean/outStream_V_last_V' to 'axis' (register, both mode).
INFO: [RTGEN 206-500] Setting interface mode on port 'doKmean/outStream_V_id_V' to 'axis' (register, both mode).
INFO: [RTGEN 206-500] Setting interface mode on port 'doKmean/outStream_V_dest_V' to 'axis' (register, both mode).
INFO: [RTGEN 206-500] Setting interface mode on port 'doKmean/gain' to 's_axilite & ap_none'.
INFO: [RTGEN 206-500] Setting interface mode on function 'doKmean' to 's_axilite & ap_ctrl_hs'.
WARNING: [RTGEN 206-101] Global array 'points' will not be exposed as RTL port.
WARNING: [RTGEN 206-101] Register 'valref_keep_V' is power-on initialization.
WARNING: [RTGEN 206-101] Register 'valref_strb_V' is power-on initialization.
WARNING: [RTGEN 206-101] Register 'valref_user_V' is power-on initialization.
WARNING: [RTGEN 206-101] Register 'valref_id_V' is power-on initialization.
WARNING: [RTGEN 206-101] Register 'valref_dest_V' is power-on initialization.
WARNING: [RTGEN 206-101] Global array 'centroids' will not be exposed as RTL port.
INFO: [SYN 201-210] Renamed object name 'doKmean_new_centroids' to 'doKmean_new_centrg8j' due to the length limit 20
==============================================================
File generated by Vivado(TM) HLS - High-Level Synthesis from C, C++ and SystemC
Version: 2018.2
Copyright (C) 1986-2018 Xilinx, Inc. All Rights Reserved.

==============================================================

==============================================================
File generated by Vivado(TM) HLS - High-Level Synthesis from C, C++ and SystemC
Version: 2018.2
Copyright (C) 1986-2018 Xilinx, Inc. All Rights Reserved.

==============================================================

INFO: [SYN 201-201] Setting up clock 'default' with a period of 10ns.
INFO: [HLS 200-10] Setting target device to 'xc7z020clg484-1'
INFO: [HLS 200-10] Analyzing design file 'kmeans/kmeans.cpp' ... 
INFO: [HLS 200-111] Finished Linking Time (s): cpu = 00:00:11 ; elapsed = 00:00:12 . Memory (MB): peak = 372.891 ; gain = 0.293 ; free physical = 752 ; free virtual = 2744
INFO: [HLS 200-111] Finished Checking Pragmas Time (s): cpu = 00:00:11 ; elapsed = 00:00:12 . Memory (MB): peak = 372.891 ; gain = 0.293 ; free physical = 752 ; free virtual = 2744
INFO: [HLS 200-10] Starting code transformations ...
INFO: [HLS 200-111] Finished Standard Transforms Time (s): cpu = 00:00:12 ; elapsed = 00:00:13 . Memory (MB): peak = 372.906 ; gain = 0.309 ; free physical = 736 ; free virtual = 2736
INFO: [HLS 200-10] Checking synthesizability ...
INFO: [XFORM 203-602] Inlining function 'get_cluster' into 'doKmean' (kmeans/kmeans.cpp:47) automatically.
INFO: [HLS 200-111] Finished Checking Synthesizability Time (s): cpu = 00:00:12 ; elapsed = 00:00:13 . Memory (MB): peak = 372.906 ; gain = 0.309 ; free physical = 730 ; free virtual = 2731
INFO: [XFORM 203-502] Unrolling all sub-loops inside loop 'read_p' (kmeans/kmeans.cpp:19) in function 'doKmean' for pipelining.
INFO: [XFORM 203-502] Unrolling all sub-loops inside loop 'read_c' (kmeans/kmeans.cpp:32) in function 'doKmean' for pipelining.
INFO: [XFORM 203-502] Unrolling all sub-loops inside loop 'sumcen' (kmeans/kmeans.cpp:55) in function 'doKmean' for pipelining.
INFO: [XFORM 203-502] Unrolling all sub-loops inside loop 'update' (kmeans/kmeans.cpp:63) in function 'doKmean' for pipelining.
INFO: [XFORM 203-502] Unrolling all loops for pipelining in function 'get_cluster' (kmeans/kmeans.cpp:90).
INFO: [XFORM 203-501] Unrolling loop 'Loop-1.1' (kmeans/kmeans.cpp:20) in function 'doKmean' completely.
INFO: [XFORM 203-501] Unrolling loop 'Loop-2.1' (kmeans/kmeans.cpp:33) in function 'doKmean' completely.
INFO: [XFORM 203-501] Unrolling loop 'Loop-5.1' (kmeans/kmeans.cpp:56) in function 'doKmean' completely.
INFO: [XFORM 203-501] Unrolling loop 'Loop-6.1' (kmeans/kmeans.cpp:64) in function 'doKmean' completely.
INFO: [XFORM 203-501] Unrolling loop 'Loop-1' (kmeans/kmeans.cpp:94) in function 'get_cluster' completely.
INFO: [XFORM 203-501] Unrolling loop 'Loop-1.1' (kmeans/kmeans.cpp:96) in function 'get_cluster' completely.
INFO: [HLS 200-111] Finished Pre-synthesis Time (s): cpu = 00:00:14 ; elapsed = 00:00:15 . Memory (MB): peak = 500.598 ; gain = 128.000 ; free physical = 687 ; free virtual = 2689
INFO: [HLS 200-111] Finished Architecture Synthesis Time (s): cpu = 00:00:17 ; elapsed = 00:00:17 . Memory (MB): peak = 564.598 ; gain = 192.000 ; free physical = 628 ; free virtual = 2630
INFO: [HLS 200-10] Starting hardware synthesis ...
INFO: [HLS 200-10] Synthesizing 'doKmean' ...
INFO: [HLS 200-10] ----------------------------------------------------------------
INFO: [HLS 200-42] -- Implementing module 'get_cluster' 
INFO: [HLS 200-10] ----------------------------------------------------------------
INFO: [SCHED 204-11] Starting scheduling ...
INFO: [SCHED 204-61] Pipelining function 'get_cluster'.
WARNING: [SCHED 204-69] Unable to schedule 'load' operation ('data_set_load_100', kmeans/kmeans.cpp:97) on array 'data_set' due to limited memory ports. Please consider using a memory core with more ports or partitioning the array 'data_set'.
INFO: [SCHED 204-61] Unable to satisfy pipeline directive: Unable to pipeline the region.
INFO: [SCHED 204-11] Finished scheduling.
INFO: [HLS 200-111]  Elapsed time: 156.86 seconds; current allocated memory: 202.956 MB.
INFO: [BIND 205-100] Starting micro-architecture generation ...
INFO: [BIND 205-101] Performing variable lifetime analysis.
INFO: [BIND 205-101] Exploring resource sharing.
INFO: [BIND 205-101] Binding ...
INFO: [BIND 205-100] After resource sharing, estimated clock period (10.4551ns) exceeds the target (target clock period: 10ns, clock uncertainty: 1.25ns, effective delay budget: 8.75ns).
INFO: [BIND 205-100] The critical path consists of the following:
	'fsub' operation ('tmp_6_9', kmeans/kmeans.cpp:97) (10.5 ns)
INFO: [BIND 205-100] Finished micro-architecture generation.
INFO: [HLS 200-111]  Elapsed time: 47.44 seconds; current allocated memory: 267.097 MB.
INFO: [HLS 200-10] ----------------------------------------------------------------
INFO: [HLS 200-42] -- Implementing module 'doKmean' 
INFO: [HLS 200-10] ----------------------------------------------------------------
INFO: [SCHED 204-11] Starting scheduling ...
INFO: [SCHED 204-61] Pipelining loop 'read_p'.
WARNING: [SCHED 204-68] Unable to enforce a carried dependence constraint (II = 1, distance = 1, offset = 1)
   between axis read on port 'inStream_V_data_V' (kmeans/kmeans.cpp:21) and axis read on port 'inStream_V_data_V' (kmeans/kmeans.cpp:21).
WARNING: [SCHED 204-68] Unable to enforce a carried dependence constraint (II = 2, distance = 1, offset = 1)
   between axis read on port 'inStream_V_data_V' (kmeans/kmeans.cpp:21) and axis read on port 'inStream_V_data_V' (kmeans/kmeans.cpp:21).
WARNING: [SCHED 204-68] Unable to enforce a carried dependence constraint (II = 3, distance = 1, offset = 1)
   between axis read on port 'inStream_V_data_V' (kmeans/kmeans.cpp:21) and axis read on port 'inStream_V_data_V' (kmeans/kmeans.cpp:21).
WARNING: [SCHED 204-68] Unable to enforce a carried dependence constraint (II = 4, distance = 1, offset = 1)
   between axis read on port 'inStream_V_data_V' (kmeans/kmeans.cpp:21) and axis read on port 'inStream_V_data_V' (kmeans/kmeans.cpp:21).
WARNING: [SCHED 204-68] Unable to enforce a carried dependence constraint (II = 35, distance = 1, offset = 1)
   between axis read on port 'inStream_V_data_V' (kmeans/kmeans.cpp:21) and axis read on port 'inStream_V_data_V' (kmeans/kmeans.cpp:21).
WARNING: [SCHED 204-68] Unable to enforce a carried dependence constraint (II = 43, distance = 1, offset = 1)
   between axis read on port 'inStream_V_data_V' (kmeans/kmeans.cpp:21) and axis read on port 'inStream_V_data_V' (kmeans/kmeans.cpp:21).
WARNING: [SCHED 204-68] Unable to enforce a carried dependence constraint (II = 47, distance = 1, offset = 1)
   between axis read on port 'inStream_V_data_V' (kmeans/kmeans.cpp:21) and axis read on port 'inStream_V_data_V' (kmeans/kmeans.cpp:21).
WARNING: [SCHED 204-68] Unable to enforce a carried dependence constraint (II = 49, distance = 1, offset = 1)
   between axis read on port 'inStream_V_data_V' (kmeans/kmeans.cpp:21) and axis read on port 'inStream_V_data_V' (kmeans/kmeans.cpp:21).
INFO: [SCHED 204-61] Pipelining result : Target II = 1, Final II = 50, Depth = 51.
INFO: [SCHED 204-61] Pipelining loop 'read_c'.
WARNING: [SCHED 204-68] Unable to enforce a carried dependence constraint (II = 1, distance = 1, offset = 1)
   between axis read on port 'inStream_V_data_V' (kmeans/kmeans.cpp:34) and axis read on port 'inStream_V_data_V' (kmeans/kmeans.cpp:34).
WARNING: [SCHED 204-68] Unable to enforce a carried dependence constraint (II = 2, distance = 1, offset = 1)
   between axis read on port 'inStream_V_data_V' (kmeans/kmeans.cpp:34) and axis read on port 'inStream_V_data_V' (kmeans/kmeans.cpp:34).
WARNING: [SCHED 204-68] Unable to enforce a carried dependence constraint (II = 3, distance = 1, offset = 1)
   between axis read on port 'inStream_V_data_V' (kmeans/kmeans.cpp:34) and axis read on port 'inStream_V_data_V' (kmeans/kmeans.cpp:34).
WARNING: [SCHED 204-68] Unable to enforce a carried dependence constraint (II = 4, distance = 1, offset = 1)
   between axis read on port 'inStream_V_data_V' (kmeans/kmeans.cpp:34) and axis read on port 'inStream_V_data_V' (kmeans/kmeans.cpp:34).
WARNING: [SCHED 204-68] Unable to enforce a carried dependence constraint (II = 35, distance = 1, offset = 1)
   between axis read on port 'inStream_V_data_V' (kmeans/kmeans.cpp:34) and axis read on port 'inStream_V_data_V' (kmeans/kmeans.cpp:34).
WARNING: [SCHED 204-68] Unable to enforce a carried dependence constraint (II = 43, distance = 1, offset = 1)
   between axis read on port 'inStream_V_data_V' (kmeans/kmeans.cpp:34) and axis read on port 'inStream_V_data_V' (kmeans/kmeans.cpp:34).
WARNING: [SCHED 204-68] Unable to enforce a carried dependence constraint (II = 47, distance = 1, offset = 1)
   between axis read on port 'inStream_V_data_V' (kmeans/kmeans.cpp:34) and axis read on port 'inStream_V_data_V' (kmeans/kmeans.cpp:34).
WARNING: [SCHED 204-68] Unable to enforce a carried dependence constraint (II = 49, distance = 1, offset = 1)
   between axis read on port 'inStream_V_data_V' (kmeans/kmeans.cpp:34) and axis read on port 'inStream_V_data_V' (kmeans/kmeans.cpp:34).
INFO: [SCHED 204-61] Pipelining result : Target II = 1, Final II = 50, Depth = 51.
WARNING: [SCHED 204-67] Unable to satisfy pipeline directive: subfunction 'get_cluster' is not pipelined.
INFO: [SCHED 204-61] Pipelining loop 'sumcen'.
WARNING: [SCHED 204-68] Unable to enforce a carried dependence constraint (II = 1, distance = 1, offset = 1)
   between 'store' operation (kmeans/kmeans.cpp:57) of variable 'tmp_19', kmeans/kmeans.cpp:57 on array 'new_centroids' and 'load' operation ('new_centroids_load', kmeans/kmeans.cpp:57) on array 'new_centroids'.
WARNING: [SCHED 204-68] Unable to enforce a carried dependence constraint (II = 2, distance = 1, offset = 1)
   between 'store' operation (kmeans/kmeans.cpp:57) of variable 'tmp_19', kmeans/kmeans.cpp:57 on array 'new_centroids' and 'load' operation ('new_centroids_load', kmeans/kmeans.cpp:57) on array 'new_centroids'.
WARNING: [SCHED 204-68] Unable to enforce a carried dependence constraint (II = 3, distance = 1, offset = 1)
   between 'store' operation (kmeans/kmeans.cpp:57) of variable 'tmp_19', kmeans/kmeans.cpp:57 on array 'new_centroids' and 'load' operation ('new_centroids_load', kmeans/kmeans.cpp:57) on array 'new_centroids'.
WARNING: [SCHED 204-68] Unable to enforce a carried dependence constraint (II = 4, distance = 1, offset = 1)
   between 'store' operation (kmeans/kmeans.cpp:57) of variable 'tmp_19', kmeans/kmeans.cpp:57 on array 'new_centroids' and 'load' operation ('new_centroids_load', kmeans/kmeans.cpp:57) on array 'new_centroids'.
WARNING: [SCHED 204-69] Unable to schedule 'store' operation (kmeans/kmeans.cpp:57) of variable 'tmp_17_19', kmeans/kmeans.cpp:57 on array 'new_centroids' due to limited memory ports. Please consider using a memory core with more ports or partitioning the array 'new_centroids'.
INFO: [SCHED 204-61] Pipelining result : Target II = 1, Final II = 50, Depth = 59.
INFO: [SCHED 204-61] Pipelining loop 'update'.
WARNING: [SCHED 204-69] Unable to schedule 'load' operation ('np_cluster_load_3', kmeans/kmeans.cpp:65) on array 'np_cluster' due to limited memory ports. Please consider using a memory core with more ports or partitioning the array 'np_cluster'.
WARNING: [SCHED 204-69] Unable to schedule 'store' operation (kmeans/kmeans.cpp:66) of constant 0 on array 'new_centroids' due to limited memory ports. Please consider using a memory core with more ports or partitioning the array 'new_centroids'.
INFO: [SCHED 204-61] Pipelining result : Target II = 1, Final II = 50, Depth = 73.
WARNING: [SCHED 204-21] Estimated clock period (9.634ns) exceeds the target (target clock period: 10ns, clock uncertainty: 1.25ns, effective delay budget: 8.75ns).
WARNING: [SCHED 204-21] The critical path consists of the following:
	'mul' operation ('tmp_349', kmeans/kmeans.cpp:57) (3.36 ns)
	'add' operation ('tmp_350', kmeans/kmeans.cpp:57) (3.02 ns)
	'getelementptr' operation ('new_centroids_addr_3', kmeans/kmeans.cpp:57) (0 ns)
	'load' operation ('new_centroids_load_3', kmeans/kmeans.cpp:57) on array 'new_centroids' (3.25 ns)
INFO: [SCHED 204-11] Finished scheduling.
INFO: [HLS 200-111]  Elapsed time: 33.26 seconds; current allocated memory: 274.578 MB.
INFO: [HLS 200-434] Only 4 loops out of a total 7 loops have been pipelined in this design.
INFO: [BIND 205-100] Starting micro-architecture generation ...
INFO: [BIND 205-101] Performing variable lifetime analysis.
INFO: [BIND 205-101] Exploring resource sharing.
INFO: [BIND 205-101] Binding ...
INFO: [BIND 205-100] Finished micro-architecture generation.
INFO: [HLS 200-111]  Elapsed time: 5.54 seconds; current allocated memory: 283.521 MB.
INFO: [HLS 200-10] ----------------------------------------------------------------
INFO: [HLS 200-10] -- Generating RTL for module 'get_cluster' 
INFO: [HLS 200-10] ----------------------------------------------------------------
INFO: [SYN 201-210] Renamed object name 'doKmean_faddfsub_32ns_32ns_32_5_full_dsp_1' to 'doKmean_faddfsub_bkb' due to the length limit 20
INFO: [SYN 201-210] Renamed object name 'doKmean_fsub_32ns_32ns_32_5_full_dsp_1' to 'doKmean_fsub_32nscud' due to the length limit 20
INFO: [SYN 201-210] Renamed object name 'doKmean_fmul_32ns_32ns_32_4_max_dsp_1' to 'doKmean_fmul_32nsdEe' due to the length limit 20
INFO: [SYN 201-210] Renamed object name 'doKmean_fcmp_32ns_32ns_1_1_1' to 'doKmean_fcmp_32nseOg' due to the length limit 20
INFO: [SYN 201-210] Renamed object name 'doKmean_fsqrt_32ns_32ns_32_12_1' to 'doKmean_fsqrt_32nfYi' due to the length limit 20
INFO: [RTGEN 206-100] Generating core module 'doKmean_faddfsub_bkb': 3 instance(s).
INFO: [RTGEN 206-100] Generating core module 'doKmean_fcmp_32nseOg': 1 instance(s).
INFO: [RTGEN 206-100] Generating core module 'doKmean_fmul_32nsdEe': 1 instance(s).
INFO: [RTGEN 206-100] Generating core module 'doKmean_fsqrt_32nfYi': 1 instance(s).
INFO: [RTGEN 206-100] Generating core module 'doKmean_fsub_32nscud': 1 instance(s).
INFO: [RTGEN 206-100] Finished creating RTL model for 'get_cluster'.
INFO: [HLS 200-111]  Elapsed time: 44.69 seconds; current allocated memory: 408.618 MB.
INFO: [HLS 200-10] ----------------------------------------------------------------
INFO: [HLS 200-10] -- Generating RTL for module 'doKmean' 
INFO: [HLS 200-10] ----------------------------------------------------------------
INFO: [RTGEN 206-500] Setting interface mode on port 'doKmean/inStream_V_data_V' to 'axis' (register, both mode).
INFO: [RTGEN 206-500] Setting interface mode on port 'doKmean/inStream_V_keep_V' to 'axis' (register, both mode).
INFO: [RTGEN 206-500] Setting interface mode on port 'doKmean/inStream_V_strb_V' to 'axis' (register, both mode).
INFO: [RTGEN 206-500] Setting interface mode on port 'doKmean/inStream_V_user_V' to 'axis' (register, both mode).
INFO: [RTGEN 206-500] Setting interface mode on port 'doKmean/inStream_V_last_V' to 'axis' (register, both mode).
INFO: [RTGEN 206-500] Setting interface mode on port 'doKmean/inStream_V_id_V' to 'axis' (register, both mode).
INFO: [RTGEN 206-500] Setting interface mode on port 'doKmean/inStream_V_dest_V' to 'axis' (register, both mode).
INFO: [RTGEN 206-500] Setting interface mode on port 'doKmean/outStream_V_data_V' to 'axis' (register, both mode).
INFO: [RTGEN 206-500] Setting interface mode on port 'doKmean/outStream_V_keep_V' to 'axis' (register, both mode).
INFO: [RTGEN 206-500] Setting interface mode on port 'doKmean/outStream_V_strb_V' to 'axis' (register, both mode).
INFO: [RTGEN 206-500] Setting interface mode on port 'doKmean/outStream_V_user_V' to 'axis' (register, both mode).
INFO: [RTGEN 206-500] Setting interface mode on port 'doKmean/outStream_V_last_V' to 'axis' (register, both mode).
INFO: [RTGEN 206-500] Setting interface mode on port 'doKmean/outStream_V_id_V' to 'axis' (register, both mode).
INFO: [RTGEN 206-500] Setting interface mode on port 'doKmean/outStream_V_dest_V' to 'axis' (register, both mode).
INFO: [RTGEN 206-500] Setting interface mode on port 'doKmean/gain' to 's_axilite & ap_none'.
INFO: [RTGEN 206-500] Setting interface mode on function 'doKmean' to 's_axilite & ap_ctrl_hs'.
WARNING: [RTGEN 206-101] Global array 'points' will not be exposed as RTL port.
WARNING: [RTGEN 206-101] Register 'valref_keep_V' is power-on initialization.
WARNING: [RTGEN 206-101] Register 'valref_strb_V' is power-on initialization.
WARNING: [RTGEN 206-101] Register 'valref_user_V' is power-on initialization.
WARNING: [RTGEN 206-101] Register 'valref_id_V' is power-on initialization.
WARNING: [RTGEN 206-101] Register 'valref_dest_V' is power-on initialization.
WARNING: [RTGEN 206-101] Global array 'centroids' will not be exposed as RTL port.
INFO: [SYN 201-210] Renamed object name 'doKmean_new_centroids' to 'doKmean_new_centrg8j' due to the length limit 20
==============================================================
File generated by Vivado(TM) HLS - High-Level Synthesis from C, C++ and SystemC
Version: 2018.2
Copyright (C) 1986-2018 Xilinx, Inc. All Rights Reserved.

==============================================================

