#-----------------------------------------------------------
# Webtalk v2018.2 (64-bit)
# SW Build 2258646 on Thu Jun 14 20:02:38 MDT 2018
# 
# Start of session at: Tue Dec 11 06:47:38 2018
# Process ID: 11304
# Current directory: /home/lais/Documents/ROB307/rob_307/hardware_arm_only/hardware_arm_only.sdk/webtalk
# Command line: wbtcv -mode batch -source sdk_webtalk.tcl
# Log file: /home/lais/Documents/ROB307/rob_307/hardware_arm_only/hardware_arm_only.sdk/webtalk/webtalk.log
# Journal file: /home/lais/Documents/ROB307/rob_307/hardware_arm_only/hardware_arm_only.sdk/webtalk/webtalk.jou
#-----------------------------------------------------------
source sdk_webtalk.tcl
# webtalk_init -webtalk_dir /home/lais/Documents/ROB307/rob_307/hardware_arm_only/hardware_arm_only.sdk/webtalk
# webtalk_register_client -client project
# webtalk_add_data -client project -key date_generated -value "2018-12-11 06:47:38" -context "software_version_and_target_device"
# webtalk_add_data -client project -key product_version -value "SDK v2018.2" -context "software_version_and_target_device"
# webtalk_add_data -client project -key build_version -value "2018.2" -context "software_version_and_target_device"
# webtalk_add_data -client project -key os_platform -value "amd64" -context "software_version_and_target_device"
# webtalk_add_data -client project -key registration_id -value "" -context "software_version_and_target_device"
# webtalk_add_data -client project -key tool_flow -value "SDK" -context "software_version_and_target_device"
# webtalk_add_data -client project -key beta -value "false" -context "software_version_and_target_device"
# webtalk_add_data -client project -key route_design -value "NA" -context "software_version_and_target_device"
# webtalk_add_data -client project -key target_family -value "NA" -context "software_version_and_target_device"
# webtalk_add_data -client project -key target_device -value "NA" -context "software_version_and_target_device"
# webtalk_add_data -client project -key target_package -value "NA" -context "software_version_and_target_device"
# webtalk_add_data -client project -key target_speed -value "NA" -context "software_version_and_target_device"
# webtalk_add_data -client project -key random_id -value "q7s48148mj346kdfgfs4vufbl0" -context "software_version_and_target_device"
# webtalk_add_data -client project -key project_id -value "2018.2_9" -context "software_version_and_target_device"
# webtalk_add_data -client project -key project_iteration -value "9" -context "software_version_and_target_device"
# webtalk_add_data -client project -key os_name -value "Ubuntu" -context "user_environment"
# webtalk_add_data -client project -key os_release -value "Ubuntu 16.04.5 LTS" -context "user_environment"
# webtalk_add_data -client project -key cpu_name -value "Intel(R) Core(TM) i7-8565U CPU @ 1.80GHz" -context "user_environment"
# webtalk_add_data -client project -key cpu_speed -value "3298.283 MHz" -context "user_environment"
# webtalk_add_data -client project -key total_processors -value "1" -context "user_environment"
# webtalk_add_data -client project -key system_ram -value "16,493 GB" -context "user_environment"
# webtalk_register_client -client sdk
# webtalk_add_data -client sdk -key uid -value "1544497861000" -context "sdk\\\\bsp/1544497861000"
# webtalk_add_data -client sdk -key hwid -value "1544344134000" -context "sdk\\\\bsp/1544497861000"
# webtalk_add_data -client sdk -key os -value "standalone" -context "sdk\\\\bsp/1544497861000"
# webtalk_add_data -client sdk -key apptemplate -value "null" -context "sdk\\\\bsp/1544497861000"
# webtalk_add_data -client sdk -key RecordType -value "BSPCreation" -context "sdk\\\\bsp/1544497861000"
# webtalk_add_data -client sdk -key uid -value "1544501148000" -context "sdk\\\\bsp/1544501148000"
# webtalk_add_data -client sdk -key hwid -value "1544344134000" -context "sdk\\\\bsp/1544501148000"
# webtalk_add_data -client sdk -key os -value "standalone" -context "sdk\\\\bsp/1544501148000"
# webtalk_add_data -client sdk -key apptemplate -value "null" -context "sdk\\\\bsp/1544501148000"
# webtalk_add_data -client sdk -key RecordType -value "BSPCreation" -context "sdk\\\\bsp/1544501148000"
# webtalk_add_data -client sdk -key uid -value "NA" -context "sdk\\\\bsp/1544507257997"
# webtalk_add_data -client sdk -key RecordType -value "ToolUsage" -context "sdk\\\\bsp/1544507257997"
# webtalk_add_data -client sdk -key BootgenCount -value "0" -context "sdk\\\\bsp/1544507257997"
# webtalk_add_data -client sdk -key DebugCount -value "10" -context "sdk\\\\bsp/1544507257997"
# webtalk_add_data -client sdk -key PerfCount -value "0" -context "sdk\\\\bsp/1544507257997"
# webtalk_add_data -client sdk -key FlashCount -value "0" -context "sdk\\\\bsp/1544507257997"
# webtalk_add_data -client sdk -key CrossTriggCount -value "0" -context "sdk\\\\bsp/1544507257997"
# webtalk_add_data -client sdk -key QemuDebugCount -value "0" -context "sdk\\\\bsp/1544507257997"
# webtalk_transmit -clientid 871652198 -regid "" -xml /home/lais/Documents/ROB307/rob_307/hardware_arm_only/hardware_arm_only.sdk/webtalk/usage_statistics_ext_sdk.xml -html /home/lais/Documents/ROB307/rob_307/hardware_arm_only/hardware_arm_only.sdk/webtalk/usage_statistics_ext_sdk.html -wdm /home/lais/Documents/ROB307/rob_307/hardware_arm_only/hardware_arm_only.sdk/webtalk/sdk_webtalk.wdm -intro "<H3>SDK Usage Report</H3><BR>"
# webtalk_terminate
INFO: [Common 17-206] Exiting Webtalk at Tue Dec 11 06:47:38 2018...
