16:09:42 **** Auto Build of configuration Debug for project quicksort ****
make pre-build main-build 
a9-linaro-pre-build-step
 
Building file: ../src/main_quicksort.c
Invoking: ARM v7 gcc compiler
arm-none-eabi-gcc -Wall -O0 -g3 -c -fmessage-length=0 -MT"src/main_quicksort.o" -mcpu=cortex-a9 -mfpu=vfpv3 -mfloat-abi=hard -I../../quicksort_bsp/ps7_cortexa9_0/include -MMD -MP -MF"src/main_quicksort.d" -MT"src/main_quicksort.o" -o "src/main_quicksort.o" "../src/main_quicksort.c"
../src/main_quicksort.c: In function 'createVector':
../src/main_quicksort.c:40:31: warning: pointer targets in passing argument 4 of 'f_read' differ in signedness [-Wpointer-sign]
  f_read(&file_in, buf, CHUNK, &n_read);
                               ^
In file included from ../src/main_quicksort.c:4:0:
../../quicksort_bsp/ps7_cortexa9_0/include/ff.h:223:9: note: expected 'UINT * {aka unsigned int *}' but argument is of type 'int *'
 FRESULT f_read (FIL* fp, void* buff, UINT btr, UINT* br);   /* Read data from a file */
         ^~~~~~
../src/main_quicksort.c:67:33: warning: pointer targets in passing argument 4 of 'f_read' differ in signedness [-Wpointer-sign]
    f_read(&file_in, buf, CHUNK, &n_read);
                                 ^
In file included from ../src/main_quicksort.c:4:0:
../../quicksort_bsp/ps7_cortexa9_0/include/ff.h:223:9: note: expected 'UINT * {aka unsigned int *}' but argument is of type 'int *'
 FRESULT f_read (FIL* fp, void* buff, UINT btr, UINT* br);   /* Read data from a file */
         ^~~~~~
Finished building: ../src/main_quicksort.c
 
Building target: quicksort.elf
Invoking: ARM v7 gcc linker
arm-none-eabi-gcc -mcpu=cortex-a9 -mfpu=vfpv3 -mfloat-abi=hard -Wl,-build-id=none -specs=Xilinx.spec -Wl,-T -Wl,../src/lscript.ld -L../../quicksort_bsp/ps7_cortexa9_0/lib -o "quicksort.elf"  ./src/main_quicksort.o   -Wl,--start-group,-lxil,-lgcc,-lc,--end-group -Wl,--start-group,-lxilffs,-lxil,-lgcc,-lc,--end-group
Finished building target: quicksort.elf
 
Invoking: ARM v7 Print Size
arm-none-eabi-size quicksort.elf  |tee "quicksort.elf.size"
   text	   data	    bss	    dec	    hex	filename
 100380	   2652	  25920	 128952	  1f7b8	quicksort.elf
Finished building: quicksort.elf.size
 

16:09:53 Build Finished (took 11s.57ms)

