
*** Running vivado
    with args -log quicksort_ip_quickSortIterativeV2_0_1.vds -m64 -product Vivado -mode batch -messageDb vivado.pb -notrace -source quicksort_ip_quickSortIterativeV2_0_1.tcl


****** Vivado v2018.2 (64-bit)
  **** SW Build 2258646 on Thu Jun 14 20:02:38 MDT 2018
  **** IP Build 2256618 on Thu Jun 14 22:10:49 MDT 2018
    ** Copyright 1986-2018 Xilinx, Inc. All Rights Reserved.

source quicksort_ip_quickSortIterativeV2_0_1.tcl -notrace
Command: synth_design -top quicksort_ip_quickSortIterativeV2_0_1 -part xc7z020clg484-1 -mode out_of_context
Starting synth_design
Attempting to get a license for feature 'Synthesis' and/or device 'xc7z020'
INFO: [Common 17-349] Got license for feature 'Synthesis' and/or device 'xc7z020'
INFO: Launching helper process for spawning children vivado processes
INFO: Helper process launched with PID 8375 
---------------------------------------------------------------------------------
Starting RTL Elaboration : Time (s): cpu = 00:00:01 ; elapsed = 00:00:02 . Memory (MB): peak = 1294.289 ; gain = 82.910 ; free physical = 3563 ; free virtual = 11777
---------------------------------------------------------------------------------
INFO: [Synth 8-6157] synthesizing module 'quicksort_ip_quickSortIterativeV2_0_1' [/home/lais/Documents/ROB307/rob_307/quicksort/hw_ip_only/hw_ip_only.srcs/sources_1/bd/quicksort_ip/ip/quicksort_ip_quickSortIterativeV2_0_1/synth/quicksort_ip_quickSortIterativeV2_0_1.v:58]
INFO: [Synth 8-6157] synthesizing module 'quickSortIterativeV2' [/home/lais/Documents/ROB307/rob_307/quicksort/hw_ip_only/hw_ip_only.srcs/sources_1/bd/quicksort_ip/ipshared/d211/hdl/verilog/quickSortIterativeV2.v:12]
	Parameter ap_ST_fsm_state1 bound to: 5'b00001 
	Parameter ap_ST_fsm_state2 bound to: 5'b00010 
	Parameter ap_ST_fsm_state3 bound to: 5'b00100 
	Parameter ap_ST_fsm_state4 bound to: 5'b01000 
	Parameter ap_ST_fsm_state5 bound to: 5'b10000 
	Parameter C_S_AXI_CTRL_BUS_DATA_WIDTH bound to: 32 - type: integer 
	Parameter C_S_AXI_CTRL_BUS_ADDR_WIDTH bound to: 5 - type: integer 
	Parameter C_S_AXI_DATA_WIDTH bound to: 32 - type: integer 
	Parameter C_S_AXI_CTRL_BUS_WSTRB_WIDTH bound to: 4 - type: integer 
	Parameter C_S_AXI_WSTRB_WIDTH bound to: 4 - type: integer 
INFO: [Synth 8-5534] Detected attribute (* fsm_encoding = "none" *) [/home/lais/Documents/ROB307/rob_307/quicksort/hw_ip_only/hw_ip_only.srcs/sources_1/bd/quicksort_ip/ipshared/d211/hdl/verilog/quickSortIterativeV2.v:108]
INFO: [Synth 8-6157] synthesizing module 'quickSortIterativeV2_CTRL_BUS_s_axi' [/home/lais/Documents/ROB307/rob_307/quicksort/hw_ip_only/hw_ip_only.srcs/sources_1/bd/quicksort_ip/ipshared/d211/hdl/verilog/quickSortIterativeV2_CTRL_BUS_s_axi.v:9]
	Parameter C_S_AXI_ADDR_WIDTH bound to: 5 - type: integer 
	Parameter C_S_AXI_DATA_WIDTH bound to: 32 - type: integer 
	Parameter ADDR_AP_CTRL bound to: 5'b00000 
	Parameter ADDR_GIE bound to: 5'b00100 
	Parameter ADDR_IER bound to: 5'b01000 
	Parameter ADDR_ISR bound to: 5'b01100 
	Parameter ADDR_SIZE_DATA_0 bound to: 5'b10000 
	Parameter ADDR_SIZE_CTRL bound to: 5'b10100 
	Parameter ADDR_PIVOT_DATA_0 bound to: 5'b11000 
	Parameter ADDR_PIVOT_CTRL bound to: 5'b11100 
	Parameter WRIDLE bound to: 2'b00 
	Parameter WRDATA bound to: 2'b01 
	Parameter WRRESP bound to: 2'b10 
	Parameter WRRESET bound to: 2'b11 
	Parameter RDIDLE bound to: 2'b00 
	Parameter RDDATA bound to: 2'b01 
	Parameter RDRESET bound to: 2'b10 
	Parameter ADDR_BITS bound to: 5 - type: integer 
INFO: [Synth 8-155] case statement is not full and has no default [/home/lais/Documents/ROB307/rob_307/quicksort/hw_ip_only/hw_ip_only.srcs/sources_1/bd/quicksort_ip/ipshared/d211/hdl/verilog/quickSortIterativeV2_CTRL_BUS_s_axi.v:203]
INFO: [Synth 8-6155] done synthesizing module 'quickSortIterativeV2_CTRL_BUS_s_axi' (1#1) [/home/lais/Documents/ROB307/rob_307/quicksort/hw_ip_only/hw_ip_only.srcs/sources_1/bd/quicksort_ip/ipshared/d211/hdl/verilog/quickSortIterativeV2_CTRL_BUS_s_axi.v:9]
INFO: [Synth 8-6155] done synthesizing module 'quickSortIterativeV2' (2#1) [/home/lais/Documents/ROB307/rob_307/quicksort/hw_ip_only/hw_ip_only.srcs/sources_1/bd/quicksort_ip/ipshared/d211/hdl/verilog/quickSortIterativeV2.v:12]
INFO: [Synth 8-6155] done synthesizing module 'quicksort_ip_quickSortIterativeV2_0_1' (3#1) [/home/lais/Documents/ROB307/rob_307/quicksort/hw_ip_only/hw_ip_only.srcs/sources_1/bd/quicksort_ip/ip/quicksort_ip_quickSortIterativeV2_0_1/synth/quicksort_ip_quickSortIterativeV2_0_1.v:58]
WARNING: [Synth 8-3331] design quickSortIterativeV2 has unconnected port inStream_TLAST[0]
---------------------------------------------------------------------------------
Finished RTL Elaboration : Time (s): cpu = 00:00:02 ; elapsed = 00:00:02 . Memory (MB): peak = 1338.914 ; gain = 127.535 ; free physical = 3574 ; free virtual = 11789
---------------------------------------------------------------------------------

Report Check Netlist: 
+------+------------------+-------+---------+-------+------------------+
|      |Item              |Errors |Warnings |Status |Description       |
+------+------------------+-------+---------+-------+------------------+
|1     |multi_driven_nets |      0|        0|Passed |Multi driven nets |
+------+------------------+-------+---------+-------+------------------+
---------------------------------------------------------------------------------
Start Handling Custom Attributes
---------------------------------------------------------------------------------
---------------------------------------------------------------------------------
Finished Handling Custom Attributes : Time (s): cpu = 00:00:02 ; elapsed = 00:00:03 . Memory (MB): peak = 1338.914 ; gain = 127.535 ; free physical = 3575 ; free virtual = 11789
---------------------------------------------------------------------------------
---------------------------------------------------------------------------------
Finished RTL Optimization Phase 1 : Time (s): cpu = 00:00:02 ; elapsed = 00:00:03 . Memory (MB): peak = 1338.914 ; gain = 127.535 ; free physical = 3575 ; free virtual = 11789
---------------------------------------------------------------------------------
INFO: [Device 21-403] Loading part xc7z020clg484-1
INFO: [Project 1-570] Preparing netlist for logic optimization

Processing XDC Constraints
Initializing timing engine
Parsing XDC File [/home/lais/Documents/ROB307/rob_307/quicksort/hw_ip_only/hw_ip_only.srcs/sources_1/bd/quicksort_ip/ip/quicksort_ip_quickSortIterativeV2_0_1/constraints/quickSortIterativeV2_ooc.xdc] for cell 'inst'
Finished Parsing XDC File [/home/lais/Documents/ROB307/rob_307/quicksort/hw_ip_only/hw_ip_only.srcs/sources_1/bd/quicksort_ip/ip/quicksort_ip_quickSortIterativeV2_0_1/constraints/quickSortIterativeV2_ooc.xdc] for cell 'inst'
Parsing XDC File [/home/lais/Documents/ROB307/rob_307/quicksort/hw_ip_only/hw_ip_only.runs/quicksort_ip_quickSortIterativeV2_0_1_synth_1/dont_touch.xdc]
Finished Parsing XDC File [/home/lais/Documents/ROB307/rob_307/quicksort/hw_ip_only/hw_ip_only.runs/quicksort_ip_quickSortIterativeV2_0_1_synth_1/dont_touch.xdc]
Completed Processing XDC Constraints

INFO: [Project 1-111] Unisim Transformation Summary:
No Unisim elements were transformed.

Constraint Validation Runtime : Time (s): cpu = 00:00:00.03 ; elapsed = 00:00:00.02 . Memory (MB): peak = 1721.938 ; gain = 0.000 ; free physical = 3302 ; free virtual = 11517
---------------------------------------------------------------------------------
Finished Constraint Validation : Time (s): cpu = 00:00:09 ; elapsed = 00:00:20 . Memory (MB): peak = 1721.938 ; gain = 510.559 ; free physical = 3387 ; free virtual = 11602
---------------------------------------------------------------------------------
---------------------------------------------------------------------------------
Start Loading Part and Timing Information
---------------------------------------------------------------------------------
Loading part: xc7z020clg484-1
---------------------------------------------------------------------------------
Finished Loading Part and Timing Information : Time (s): cpu = 00:00:09 ; elapsed = 00:00:20 . Memory (MB): peak = 1721.938 ; gain = 510.559 ; free physical = 3387 ; free virtual = 11602
---------------------------------------------------------------------------------
---------------------------------------------------------------------------------
Start Applying 'set_property' XDC Constraints
---------------------------------------------------------------------------------
Applied set_property DONT_TOUCH = true for inst. (constraint file  /home/lais/Documents/ROB307/rob_307/quicksort/hw_ip_only/hw_ip_only.runs/quicksort_ip_quickSortIterativeV2_0_1_synth_1/dont_touch.xdc, line 9).
---------------------------------------------------------------------------------
Finished applying 'set_property' XDC Constraints : Time (s): cpu = 00:00:09 ; elapsed = 00:00:20 . Memory (MB): peak = 1721.938 ; gain = 510.559 ; free physical = 3389 ; free virtual = 11604
---------------------------------------------------------------------------------
INFO: [Synth 8-802] inferred FSM for state register 'wstate_reg' in module 'quickSortIterativeV2_CTRL_BUS_s_axi'
INFO: [Synth 8-802] inferred FSM for state register 'rstate_reg' in module 'quickSortIterativeV2_CTRL_BUS_s_axi'
INFO: [Synth 8-5544] ROM "wnext" won't be mapped to Block RAM because address size (1) smaller than threshold (5)
INFO: [Synth 8-5544] ROM "wnext" won't be mapped to Block RAM because address size (1) smaller than threshold (5)
INFO: [Synth 8-4490] FSM extraction disabled for register 'ap_CS_fsm_reg' through user attribute
---------------------------------------------------------------------------------------------------
                   State |                     New Encoding |                Previous Encoding 
---------------------------------------------------------------------------------------------------
                  iSTATE |                             0001 |                               11
*
                  WRIDLE |                             0010 |                               00
                  WRDATA |                             0100 |                               01
                  WRRESP |                             1000 |                               10
---------------------------------------------------------------------------------------------------
INFO: [Synth 8-3354] encoded FSM with state register 'wstate_reg' using encoding 'one-hot' in module 'quickSortIterativeV2_CTRL_BUS_s_axi'
---------------------------------------------------------------------------------------------------
                   State |                     New Encoding |                Previous Encoding 
---------------------------------------------------------------------------------------------------
                  iSTATE |                              001 |                               10
*
                  RDIDLE |                              010 |                               00
                  RDDATA |                              100 |                               01
---------------------------------------------------------------------------------------------------
INFO: [Synth 8-3354] encoded FSM with state register 'rstate_reg' using encoding 'one-hot' in module 'quickSortIterativeV2_CTRL_BUS_s_axi'
---------------------------------------------------------------------------------
Finished RTL Optimization Phase 2 : Time (s): cpu = 00:00:09 ; elapsed = 00:00:20 . Memory (MB): peak = 1721.938 ; gain = 510.559 ; free physical = 3379 ; free virtual = 11595
---------------------------------------------------------------------------------

Report RTL Partitions: 
+-+--------------+------------+----------+
| |RTL Partition |Replication |Instances |
+-+--------------+------------+----------+
+-+--------------+------------+----------+
---------------------------------------------------------------------------------
Start RTL Component Statistics 
---------------------------------------------------------------------------------
Detailed RTL Component Info : 
+---Adders : 
	   2 Input     31 Bit       Adders := 1     
+---XORs : 
	   2 Input      1 Bit         XORs := 2     
+---Registers : 
	               32 Bit    Registers := 8     
	               31 Bit    Registers := 2     
	                6 Bit    Registers := 6     
	                5 Bit    Registers := 8     
	                4 Bit    Registers := 12    
	                2 Bit    Registers := 20    
	                1 Bit    Registers := 36    
+---Muxes : 
	   2 Input     32 Bit        Muxes := 5     
	   2 Input      6 Bit        Muxes := 3     
	   2 Input      5 Bit        Muxes := 5     
	   4 Input      4 Bit        Muxes := 1     
	   2 Input      4 Bit        Muxes := 11    
	   3 Input      3 Bit        Muxes := 1     
	   2 Input      3 Bit        Muxes := 3     
	   2 Input      2 Bit        Muxes := 17    
	   4 Input      2 Bit        Muxes := 13    
	   2 Input      1 Bit        Muxes := 15    
---------------------------------------------------------------------------------
Finished RTL Component Statistics 
---------------------------------------------------------------------------------
---------------------------------------------------------------------------------
Start RTL Hierarchical Component Statistics 
---------------------------------------------------------------------------------
Hierarchical RTL Component report 
Module quickSortIterativeV2_CTRL_BUS_s_axi 
Detailed RTL Component Info : 
+---XORs : 
	   2 Input      1 Bit         XORs := 2     
+---Registers : 
	               32 Bit    Registers := 3     
	                5 Bit    Registers := 1     
	                2 Bit    Registers := 1     
	                1 Bit    Registers := 8     
+---Muxes : 
	   2 Input     32 Bit        Muxes := 2     
	   4 Input      4 Bit        Muxes := 1     
	   2 Input      4 Bit        Muxes := 3     
	   3 Input      3 Bit        Muxes := 1     
	   2 Input      3 Bit        Muxes := 2     
	   2 Input      1 Bit        Muxes := 1     
Module quickSortIterativeV2 
Detailed RTL Component Info : 
+---Adders : 
	   2 Input     31 Bit       Adders := 1     
+---Registers : 
	               32 Bit    Registers := 5     
	               31 Bit    Registers := 2     
	                6 Bit    Registers := 6     
	                5 Bit    Registers := 7     
	                4 Bit    Registers := 12    
	                2 Bit    Registers := 19    
	                1 Bit    Registers := 28    
+---Muxes : 
	   2 Input     32 Bit        Muxes := 3     
	   2 Input      6 Bit        Muxes := 3     
	   2 Input      5 Bit        Muxes := 5     
	   2 Input      4 Bit        Muxes := 8     
	   2 Input      3 Bit        Muxes := 1     
	   2 Input      2 Bit        Muxes := 17    
	   4 Input      2 Bit        Muxes := 13    
	   2 Input      1 Bit        Muxes := 14    
---------------------------------------------------------------------------------
Finished RTL Hierarchical Component Statistics
---------------------------------------------------------------------------------
---------------------------------------------------------------------------------
Start Part Resource Summary
---------------------------------------------------------------------------------
Part Resources:
DSPs: 220 (col length:60)
BRAMs: 280 (col length: RAMB18 60 RAMB36 30)
---------------------------------------------------------------------------------
Finished Part Resource Summary
---------------------------------------------------------------------------------
---------------------------------------------------------------------------------
Start Cross Boundary and Area Optimization
---------------------------------------------------------------------------------
Warning: Parallel synthesis criteria is not met 
WARNING: [Synth 8-3331] design quickSortIterativeV2 has unconnected port inStream_TLAST[0]
---------------------------------------------------------------------------------
Finished Cross Boundary and Area Optimization : Time (s): cpu = 00:00:10 ; elapsed = 00:00:21 . Memory (MB): peak = 1721.938 ; gain = 510.559 ; free physical = 3361 ; free virtual = 11579
---------------------------------------------------------------------------------

Report RTL Partitions: 
+-+--------------+------------+----------+
| |RTL Partition |Replication |Instances |
+-+--------------+------------+----------+
+-+--------------+------------+----------+
---------------------------------------------------------------------------------
Start Applying XDC Timing Constraints
---------------------------------------------------------------------------------
---------------------------------------------------------------------------------
Finished Applying XDC Timing Constraints : Time (s): cpu = 00:00:15 ; elapsed = 00:00:28 . Memory (MB): peak = 1721.938 ; gain = 510.559 ; free physical = 3234 ; free virtual = 11452
---------------------------------------------------------------------------------
---------------------------------------------------------------------------------
Start Timing Optimization
---------------------------------------------------------------------------------
---------------------------------------------------------------------------------
Finished Timing Optimization : Time (s): cpu = 00:00:16 ; elapsed = 00:00:28 . Memory (MB): peak = 1721.938 ; gain = 510.559 ; free physical = 3224 ; free virtual = 11441
---------------------------------------------------------------------------------

Report RTL Partitions: 
+-+--------------+------------+----------+
| |RTL Partition |Replication |Instances |
+-+--------------+------------+----------+
+-+--------------+------------+----------+
---------------------------------------------------------------------------------
Start Technology Mapping
---------------------------------------------------------------------------------
---------------------------------------------------------------------------------
Finished Technology Mapping : Time (s): cpu = 00:00:16 ; elapsed = 00:00:29 . Memory (MB): peak = 1721.938 ; gain = 510.559 ; free physical = 3223 ; free virtual = 11441
---------------------------------------------------------------------------------

Report RTL Partitions: 
+-+--------------+------------+----------+
| |RTL Partition |Replication |Instances |
+-+--------------+------------+----------+
+-+--------------+------------+----------+
---------------------------------------------------------------------------------
Start IO Insertion
---------------------------------------------------------------------------------
---------------------------------------------------------------------------------
Start Flattening Before IO Insertion
---------------------------------------------------------------------------------
---------------------------------------------------------------------------------
Finished Flattening Before IO Insertion
---------------------------------------------------------------------------------
---------------------------------------------------------------------------------
Start Final Netlist Cleanup
---------------------------------------------------------------------------------
---------------------------------------------------------------------------------
Finished Final Netlist Cleanup
---------------------------------------------------------------------------------
---------------------------------------------------------------------------------
Finished IO Insertion : Time (s): cpu = 00:00:16 ; elapsed = 00:00:29 . Memory (MB): peak = 1721.938 ; gain = 510.559 ; free physical = 3224 ; free virtual = 11442
---------------------------------------------------------------------------------

Report Check Netlist: 
+------+------------------+-------+---------+-------+------------------+
|      |Item              |Errors |Warnings |Status |Description       |
+------+------------------+-------+---------+-------+------------------+
|1     |multi_driven_nets |      0|        0|Passed |Multi driven nets |
+------+------------------+-------+---------+-------+------------------+
---------------------------------------------------------------------------------
Start Renaming Generated Instances
---------------------------------------------------------------------------------
---------------------------------------------------------------------------------
Finished Renaming Generated Instances : Time (s): cpu = 00:00:16 ; elapsed = 00:00:29 . Memory (MB): peak = 1721.938 ; gain = 510.559 ; free physical = 3224 ; free virtual = 11442
---------------------------------------------------------------------------------

Report RTL Partitions: 
+-+--------------+------------+----------+
| |RTL Partition |Replication |Instances |
+-+--------------+------------+----------+
+-+--------------+------------+----------+
---------------------------------------------------------------------------------
Start Rebuilding User Hierarchy
---------------------------------------------------------------------------------
---------------------------------------------------------------------------------
Finished Rebuilding User Hierarchy : Time (s): cpu = 00:00:16 ; elapsed = 00:00:29 . Memory (MB): peak = 1721.938 ; gain = 510.559 ; free physical = 3224 ; free virtual = 11442
---------------------------------------------------------------------------------
---------------------------------------------------------------------------------
Start Renaming Generated Ports
---------------------------------------------------------------------------------
---------------------------------------------------------------------------------
Finished Renaming Generated Ports : Time (s): cpu = 00:00:16 ; elapsed = 00:00:29 . Memory (MB): peak = 1721.938 ; gain = 510.559 ; free physical = 3224 ; free virtual = 11442
---------------------------------------------------------------------------------
---------------------------------------------------------------------------------
Start Handling Custom Attributes
---------------------------------------------------------------------------------
---------------------------------------------------------------------------------
Finished Handling Custom Attributes : Time (s): cpu = 00:00:16 ; elapsed = 00:00:29 . Memory (MB): peak = 1721.938 ; gain = 510.559 ; free physical = 3224 ; free virtual = 11442
---------------------------------------------------------------------------------
---------------------------------------------------------------------------------
Start Renaming Generated Nets
---------------------------------------------------------------------------------
---------------------------------------------------------------------------------
Finished Renaming Generated Nets : Time (s): cpu = 00:00:16 ; elapsed = 00:00:29 . Memory (MB): peak = 1721.938 ; gain = 510.559 ; free physical = 3224 ; free virtual = 11442
---------------------------------------------------------------------------------
---------------------------------------------------------------------------------
Start Writing Synthesis Report
---------------------------------------------------------------------------------

Report BlackBoxes: 
+-+--------------+----------+
| |BlackBox name |Instances |
+-+--------------+----------+
+-+--------------+----------+

Report Cell Usage: 
+------+-------+------+
|      |Cell   |Count |
+------+-------+------+
|1     |CARRY4 |    12|
|2     |LUT1   |     2|
|3     |LUT2   |     8|
|4     |LUT3   |   181|
|5     |LUT4   |    76|
|6     |LUT5   |    37|
|7     |LUT6   |    85|
|8     |FDRE   |   522|
|9     |FDSE   |     3|
+------+-------+------+

Report Instance Areas: 
+------+------------------------------------------+------------------------------------+------+
|      |Instance                                  |Module                              |Cells |
+------+------------------------------------------+------------------------------------+------+
|1     |top                                       |                                    |   926|
|2     |  inst                                    |quickSortIterativeV2                |   926|
|3     |    quickSortIterativeV2_CTRL_BUS_s_axi_U |quickSortIterativeV2_CTRL_BUS_s_axi |   254|
+------+------------------------------------------+------------------------------------+------+
---------------------------------------------------------------------------------
Finished Writing Synthesis Report : Time (s): cpu = 00:00:16 ; elapsed = 00:00:29 . Memory (MB): peak = 1721.938 ; gain = 510.559 ; free physical = 3224 ; free virtual = 11442
---------------------------------------------------------------------------------
Synthesis finished with 0 errors, 0 critical warnings and 1 warnings.
Synthesis Optimization Runtime : Time (s): cpu = 00:00:10 ; elapsed = 00:00:14 . Memory (MB): peak = 1721.938 ; gain = 127.535 ; free physical = 3283 ; free virtual = 11501
Synthesis Optimization Complete : Time (s): cpu = 00:00:16 ; elapsed = 00:00:29 . Memory (MB): peak = 1721.938 ; gain = 510.559 ; free physical = 3283 ; free virtual = 11501
INFO: [Project 1-571] Translating synthesized netlist
INFO: [Netlist 29-17] Analyzing 12 Unisim elements for replacement
INFO: [Netlist 29-28] Unisim Transformation completed in 0 CPU seconds
INFO: [Project 1-570] Preparing netlist for logic optimization
INFO: [Opt 31-138] Pushed 0 inverter(s) to 0 load pin(s).
INFO: [Project 1-111] Unisim Transformation Summary:
No Unisim elements were transformed.

INFO: [Common 17-83] Releasing license: Synthesis
26 Infos, 2 Warnings, 0 Critical Warnings and 0 Errors encountered.
synth_design completed successfully
synth_design: Time (s): cpu = 00:00:18 ; elapsed = 00:00:30 . Memory (MB): peak = 1730.945 ; gain = 531.109 ; free physical = 3280 ; free virtual = 11498
WARNING: [Constraints 18-5210] No constraint will be written out.
INFO: [Common 17-1381] The checkpoint '/home/lais/Documents/ROB307/rob_307/quicksort/hw_ip_only/hw_ip_only.runs/quicksort_ip_quickSortIterativeV2_0_1_synth_1/quicksort_ip_quickSortIterativeV2_0_1.dcp' has been generated.
