01:34:41 INFO  : Registering command handlers for SDK TCF services
01:34:42 INFO  : Launching XSCT server: xsct -n -interactive /home/lais/Documents/ROB307/rob_307/dijkstra/hw_ip_only/hw_ip_only.sdk/temp_xsdb_launch_script.tcl
01:34:44 INFO  : XSCT server has started successfully.
01:34:44 INFO  : Successfully done setting XSCT server connection channel  
01:34:44 INFO  : Successfully done setting SDK workspace  
01:34:44 INFO  : Processing command line option -hwspec /home/lais/Documents/ROB307/rob_307/dijkstra/hw_ip_only/hw_ip_only.sdk/dijkstra_ip_wrapper.hdf.
03:50:57 INFO  : Connected to target on host '127.0.0.1' and port '3121'.
03:51:30 INFO  : Connected to target on host '127.0.0.1' and port '3121'.
03:51:30 INFO  : 'targets -set -filter {jtag_cable_name =~ "Digilent Zed 210248686086" && level==0} -index 1' command is executed.
03:51:33 INFO  : FPGA configured successfully with bitstream "/home/lais/Documents/ROB307/rob_307/dijkstra/hw_ip_only/hw_ip_only.sdk/dijkstra_ip_wrapper_hw_platform_0/dijkstra_ip_wrapper.bit"
03:51:48 INFO  : 'targets -set -filter {jtag_cable_name =~ "Digilent Zed 210248686086" && level==0} -index 1' command is executed.
03:51:48 INFO  : 'fpga -state' command is executed.
03:51:48 INFO  : Connected to target on host '127.0.0.1' and port '3121'.
03:51:49 INFO  : Jtag cable 'Digilent Zed 210248686086' is selected.
03:51:49 INFO  : 'jtag frequency' command is executed.
03:51:49 INFO  : Sourcing of '/home/lais/Documents/ROB307/rob_307/dijkstra/hw_ip_only/hw_ip_only.sdk/dijkstra_ip_wrapper_hw_platform_0/ps7_init.tcl' is done.
03:51:49 INFO  : Context for 'APU' is selected.
03:51:49 INFO  : Hardware design information is loaded from '/home/lais/Documents/ROB307/rob_307/dijkstra/hw_ip_only/hw_ip_only.sdk/dijkstra_ip_wrapper_hw_platform_0/system.hdf'.
03:51:49 INFO  : 'configparams force-mem-access 1' command is executed.
03:51:49 INFO  : Context for 'APU' is selected.
03:51:49 INFO  : 'stop' command is executed.
03:51:49 INFO  : 'ps7_init' command is executed.
03:51:49 INFO  : 'ps7_post_config' command is executed.
03:51:49 INFO  : Context for processor 'ps7_cortexa9_0' is selected.
03:51:49 INFO  : Processor reset is completed for 'ps7_cortexa9_0'.
03:51:49 INFO  : Context for processor 'ps7_cortexa9_0' is selected.
03:51:49 INFO  : The application '/home/lais/Documents/ROB307/rob_307/dijkstra/hw_ip_only/hw_ip_only.sdk/dijkstra/Debug/dijkstra.elf' is downloaded to processor 'ps7_cortexa9_0'.
03:51:49 INFO  : 'configparams force-mem-access 0' command is executed.
03:51:49 INFO  : ----------------XSDB Script----------------
connect -url tcp:127.0.0.1:3121
source /home/lais/Documents/ROB307/rob_307/dijkstra/hw_ip_only/hw_ip_only.sdk/dijkstra_ip_wrapper_hw_platform_0/ps7_init.tcl
targets -set -nocase -filter {name =~"APU*" && jtag_cable_name =~ "Digilent Zed 210248686086"} -index 0
loadhw -hw /home/lais/Documents/ROB307/rob_307/dijkstra/hw_ip_only/hw_ip_only.sdk/dijkstra_ip_wrapper_hw_platform_0/system.hdf -mem-ranges [list {0x40000000 0xbfffffff}]
configparams force-mem-access 1
targets -set -nocase -filter {name =~"APU*" && jtag_cable_name =~ "Digilent Zed 210248686086"} -index 0
stop
ps7_init
ps7_post_config
targets -set -nocase -filter {name =~ "ARM*#0" && jtag_cable_name =~ "Digilent Zed 210248686086"} -index 0
rst -processor
targets -set -nocase -filter {name =~ "ARM*#0" && jtag_cable_name =~ "Digilent Zed 210248686086"} -index 0
dow /home/lais/Documents/ROB307/rob_307/dijkstra/hw_ip_only/hw_ip_only.sdk/dijkstra/Debug/dijkstra.elf
configparams force-mem-access 0
----------------End of Script----------------

03:51:49 INFO  : Context for processor 'ps7_cortexa9_0' is selected.
03:51:49 INFO  : 'con' command is executed.
03:51:49 INFO  : ----------------XSDB Script (After Launch)----------------
targets -set -nocase -filter {name =~ "ARM*#0" && jtag_cable_name =~ "Digilent Zed 210248686086"} -index 0
con
----------------End of Script----------------

03:51:49 INFO  : Disconnected from the channel tcfchan#1.
03:54:13 INFO  : Connected to target on host '127.0.0.1' and port '3121'.
03:54:14 INFO  : 'targets -set -filter {jtag_cable_name =~ "Digilent Zed 210248686086" && level==0} -index 1' command is executed.
03:54:16 INFO  : FPGA configured successfully with bitstream "/home/lais/Documents/ROB307/rob_307/dijkstra/hw_ip_only/hw_ip_only.sdk/dijkstra_ip_wrapper_hw_platform_0/dijkstra_ip_wrapper.bit"
03:54:33 INFO  : 'targets -set -filter {jtag_cable_name =~ "Digilent Zed 210248686086" && level==0} -index 1' command is executed.
03:54:33 INFO  : 'fpga -state' command is executed.
03:54:33 INFO  : Connected to target on host '127.0.0.1' and port '3121'.
03:54:33 INFO  : Jtag cable 'Digilent Zed 210248686086' is selected.
03:54:33 INFO  : 'jtag frequency' command is executed.
03:54:33 INFO  : Sourcing of '/home/lais/Documents/ROB307/rob_307/dijkstra/hw_ip_only/hw_ip_only.sdk/dijkstra_ip_wrapper_hw_platform_0/ps7_init.tcl' is done.
03:54:33 INFO  : Context for 'APU' is selected.
03:54:33 INFO  : Hardware design information is loaded from '/home/lais/Documents/ROB307/rob_307/dijkstra/hw_ip_only/hw_ip_only.sdk/dijkstra_ip_wrapper_hw_platform_0/system.hdf'.
03:54:33 INFO  : 'configparams force-mem-access 1' command is executed.
03:54:33 INFO  : Context for 'APU' is selected.
03:54:34 INFO  : 'stop' command is executed.
03:54:34 INFO  : 'ps7_init' command is executed.
03:54:34 INFO  : 'ps7_post_config' command is executed.
03:54:34 INFO  : Context for processor 'ps7_cortexa9_0' is selected.
03:54:34 INFO  : Processor reset is completed for 'ps7_cortexa9_0'.
03:54:34 INFO  : Context for processor 'ps7_cortexa9_0' is selected.
03:54:34 INFO  : The application '/home/lais/Documents/ROB307/rob_307/dijkstra/hw_ip_only/hw_ip_only.sdk/dijkstra/Debug/dijkstra.elf' is downloaded to processor 'ps7_cortexa9_0'.
03:54:34 INFO  : 'configparams force-mem-access 0' command is executed.
03:54:34 INFO  : ----------------XSDB Script----------------
connect -url tcp:127.0.0.1:3121
source /home/lais/Documents/ROB307/rob_307/dijkstra/hw_ip_only/hw_ip_only.sdk/dijkstra_ip_wrapper_hw_platform_0/ps7_init.tcl
targets -set -nocase -filter {name =~"APU*" && jtag_cable_name =~ "Digilent Zed 210248686086"} -index 0
loadhw -hw /home/lais/Documents/ROB307/rob_307/dijkstra/hw_ip_only/hw_ip_only.sdk/dijkstra_ip_wrapper_hw_platform_0/system.hdf -mem-ranges [list {0x40000000 0xbfffffff}]
configparams force-mem-access 1
targets -set -nocase -filter {name =~"APU*" && jtag_cable_name =~ "Digilent Zed 210248686086"} -index 0
stop
ps7_init
ps7_post_config
targets -set -nocase -filter {name =~ "ARM*#0" && jtag_cable_name =~ "Digilent Zed 210248686086"} -index 0
rst -processor
targets -set -nocase -filter {name =~ "ARM*#0" && jtag_cable_name =~ "Digilent Zed 210248686086"} -index 0
dow /home/lais/Documents/ROB307/rob_307/dijkstra/hw_ip_only/hw_ip_only.sdk/dijkstra/Debug/dijkstra.elf
configparams force-mem-access 0
----------------End of Script----------------

03:54:34 INFO  : Memory regions updated for context APU
03:54:34 INFO  : Context for processor 'ps7_cortexa9_0' is selected.
03:54:34 INFO  : 'con' command is executed.
03:54:34 INFO  : ----------------XSDB Script (After Launch)----------------
targets -set -nocase -filter {name =~ "ARM*#0" && jtag_cable_name =~ "Digilent Zed 210248686086"} -index 0
con
----------------End of Script----------------

03:54:34 INFO  : Launch script is exported to file '/home/lais/Documents/ROB307/rob_307/dijkstra/hw_ip_only/hw_ip_only.sdk/.sdk/launch_scripts/xilinx_c-c++_application_(system_debugger)/system_debugger_using_debug_dijkstra.elf_on_local.tcl'
03:56:45 INFO  : Disconnected from the channel tcfchan#2.
03:56:46 INFO  : 'targets -set -filter {jtag_cable_name =~ "Digilent Zed 210248686086" && level==0} -index 1' command is executed.
03:56:46 INFO  : 'fpga -state' command is executed.
03:56:46 INFO  : Connected to target on host '127.0.0.1' and port '3121'.
03:56:47 INFO  : Jtag cable 'Digilent Zed 210248686086' is selected.
03:56:47 INFO  : 'jtag frequency' command is executed.
03:56:47 INFO  : Sourcing of '/home/lais/Documents/ROB307/rob_307/dijkstra/hw_ip_only/hw_ip_only.sdk/dijkstra_ip_wrapper_hw_platform_0/ps7_init.tcl' is done.
03:56:47 INFO  : Context for 'APU' is selected.
03:56:48 INFO  : Hardware design information is loaded from '/home/lais/Documents/ROB307/rob_307/dijkstra/hw_ip_only/hw_ip_only.sdk/dijkstra_ip_wrapper_hw_platform_0/system.hdf'.
03:56:48 INFO  : 'configparams force-mem-access 1' command is executed.
03:56:48 INFO  : Context for 'APU' is selected.
03:56:48 INFO  : 'stop' command is executed.
03:56:48 INFO  : 'ps7_init' command is executed.
03:56:48 INFO  : 'ps7_post_config' command is executed.
03:56:48 INFO  : Context for processor 'ps7_cortexa9_0' is selected.
03:56:48 INFO  : Processor reset is completed for 'ps7_cortexa9_0'.
03:56:48 INFO  : Context for processor 'ps7_cortexa9_0' is selected.
03:56:48 INFO  : The application '/home/lais/Documents/ROB307/rob_307/dijkstra/hw_ip_only/hw_ip_only.sdk/dijkstra/Debug/dijkstra.elf' is downloaded to processor 'ps7_cortexa9_0'.
03:56:48 INFO  : 'configparams force-mem-access 0' command is executed.
03:56:48 INFO  : ----------------XSDB Script----------------
connect -url tcp:127.0.0.1:3121
source /home/lais/Documents/ROB307/rob_307/dijkstra/hw_ip_only/hw_ip_only.sdk/dijkstra_ip_wrapper_hw_platform_0/ps7_init.tcl
targets -set -nocase -filter {name =~"APU*" && jtag_cable_name =~ "Digilent Zed 210248686086"} -index 0
loadhw -hw /home/lais/Documents/ROB307/rob_307/dijkstra/hw_ip_only/hw_ip_only.sdk/dijkstra_ip_wrapper_hw_platform_0/system.hdf -mem-ranges [list {0x40000000 0xbfffffff}]
configparams force-mem-access 1
targets -set -nocase -filter {name =~"APU*" && jtag_cable_name =~ "Digilent Zed 210248686086"} -index 0
stop
ps7_init
ps7_post_config
targets -set -nocase -filter {name =~ "ARM*#0" && jtag_cable_name =~ "Digilent Zed 210248686086"} -index 0
rst -processor
targets -set -nocase -filter {name =~ "ARM*#0" && jtag_cable_name =~ "Digilent Zed 210248686086"} -index 0
dow /home/lais/Documents/ROB307/rob_307/dijkstra/hw_ip_only/hw_ip_only.sdk/dijkstra/Debug/dijkstra.elf
configparams force-mem-access 0
----------------End of Script----------------

03:56:48 INFO  : Memory regions updated for context APU
03:56:48 INFO  : Context for processor 'ps7_cortexa9_0' is selected.
03:56:48 INFO  : 'con' command is executed.
03:56:48 INFO  : ----------------XSDB Script (After Launch)----------------
targets -set -nocase -filter {name =~ "ARM*#0" && jtag_cable_name =~ "Digilent Zed 210248686086"} -index 0
con
----------------End of Script----------------

03:56:48 INFO  : Launch script is exported to file '/home/lais/Documents/ROB307/rob_307/dijkstra/hw_ip_only/hw_ip_only.sdk/.sdk/launch_scripts/xilinx_c-c++_application_(system_debugger)/system_debugger_using_debug_dijkstra.elf_on_local.tcl'
03:57:28 INFO  : Connected to target on host '127.0.0.1' and port '3121'.
03:57:28 INFO  : 'targets -set -filter {jtag_cable_name =~ "Digilent Zed 210248686086" && level==0} -index 1' command is executed.
03:57:33 INFO  : FPGA configured successfully with bitstream "/home/lais/Documents/ROB307/rob_307/dijkstra/hw_ip_only/hw_ip_only.sdk/dijkstra_ip_wrapper_hw_platform_0/dijkstra_ip_wrapper.bit"
03:57:43 INFO  : 'targets -set -filter {jtag_cable_name =~ "Digilent Zed 210248686086" && level==0} -index 1' command is executed.
03:57:43 INFO  : 'fpga -state' command is executed.
03:57:43 INFO  : Connected to target on host '127.0.0.1' and port '3121'.
03:57:44 INFO  : Jtag cable 'Digilent Zed 210248686086' is selected.
03:57:44 INFO  : 'jtag frequency' command is executed.
03:57:44 INFO  : Sourcing of '/home/lais/Documents/ROB307/rob_307/dijkstra/hw_ip_only/hw_ip_only.sdk/dijkstra_ip_wrapper_hw_platform_0/ps7_init.tcl' is done.
03:57:44 INFO  : Context for 'APU' is selected.
03:57:44 INFO  : Hardware design information is loaded from '/home/lais/Documents/ROB307/rob_307/dijkstra/hw_ip_only/hw_ip_only.sdk/dijkstra_ip_wrapper_hw_platform_0/system.hdf'.
03:57:44 INFO  : 'configparams force-mem-access 1' command is executed.
03:57:44 INFO  : Context for 'APU' is selected.
03:57:44 INFO  : 'stop' command is executed.
03:57:44 INFO  : 'ps7_init' command is executed.
03:57:44 INFO  : 'ps7_post_config' command is executed.
03:57:44 INFO  : Context for processor 'ps7_cortexa9_0' is selected.
03:57:44 INFO  : Processor reset is completed for 'ps7_cortexa9_0'.
03:57:44 INFO  : Context for processor 'ps7_cortexa9_0' is selected.
03:57:44 INFO  : The application '/home/lais/Documents/ROB307/rob_307/dijkstra/hw_ip_only/hw_ip_only.sdk/dijkstra/Debug/dijkstra.elf' is downloaded to processor 'ps7_cortexa9_0'.
03:57:44 INFO  : 'configparams force-mem-access 0' command is executed.
03:57:44 INFO  : ----------------XSDB Script----------------
connect -url tcp:127.0.0.1:3121
source /home/lais/Documents/ROB307/rob_307/dijkstra/hw_ip_only/hw_ip_only.sdk/dijkstra_ip_wrapper_hw_platform_0/ps7_init.tcl
targets -set -nocase -filter {name =~"APU*" && jtag_cable_name =~ "Digilent Zed 210248686086"} -index 0
loadhw -hw /home/lais/Documents/ROB307/rob_307/dijkstra/hw_ip_only/hw_ip_only.sdk/dijkstra_ip_wrapper_hw_platform_0/system.hdf -mem-ranges [list {0x40000000 0xbfffffff}]
configparams force-mem-access 1
targets -set -nocase -filter {name =~"APU*" && jtag_cable_name =~ "Digilent Zed 210248686086"} -index 0
stop
ps7_init
ps7_post_config
targets -set -nocase -filter {name =~ "ARM*#0" && jtag_cable_name =~ "Digilent Zed 210248686086"} -index 0
rst -processor
targets -set -nocase -filter {name =~ "ARM*#0" && jtag_cable_name =~ "Digilent Zed 210248686086"} -index 0
dow /home/lais/Documents/ROB307/rob_307/dijkstra/hw_ip_only/hw_ip_only.sdk/dijkstra/Debug/dijkstra.elf
configparams force-mem-access 0
----------------End of Script----------------

03:57:44 INFO  : Context for processor 'ps7_cortexa9_0' is selected.
03:57:44 INFO  : 'con' command is executed.
03:57:44 INFO  : ----------------XSDB Script (After Launch)----------------
targets -set -nocase -filter {name =~ "ARM*#0" && jtag_cable_name =~ "Digilent Zed 210248686086"} -index 0
con
----------------End of Script----------------

03:57:44 INFO  : Disconnected from the channel tcfchan#3.
03:58:09 WARN  : channel "tcfchan#3" closed
05:25:33 INFO  : Registering command handlers for SDK TCF services
05:25:34 INFO  : Launching XSCT server: xsct -n -interactive /home/lais/Documents/ROB307/rob_307/dijkstra/hw_ip_only/hw_ip_only.sdk/temp_xsdb_launch_script.tcl
05:25:35 INFO  : XSCT server has started successfully.
05:25:35 INFO  : Successfully done setting XSCT server connection channel  
05:25:35 INFO  : Successfully done setting SDK workspace  
05:25:35 INFO  : Processing command line option -hwspec /home/lais/Documents/ROB307/rob_307/dijkstra/hw_ip_only/hw_ip_only.sdk/dijkstra_ip_wrapper.hdf.
05:25:35 INFO  : Checking for hwspec changes in the project dijkstra_ip_wrapper_hw_platform_0.
05:25:37 INFO  : SDK has detected change in the last modified timestamps for source hardware specification file Source:1544415780000,  Project:1544401896000
05:25:37 INFO  : The hardware specification for project 'dijkstra_ip_wrapper_hw_platform_0' is different from /home/lais/Documents/ROB307/rob_307/dijkstra/hw_ip_only/hw_ip_only.sdk/dijkstra_ip_wrapper.hdf.
05:25:37 INFO  : Copied contents of /home/lais/Documents/ROB307/rob_307/dijkstra/hw_ip_only/hw_ip_only.sdk/dijkstra_ip_wrapper.hdf into /dijkstra_ip_wrapper_hw_platform_0/system.hdf.
05:25:45 INFO  : Synchronizing projects in the workspace with the hardware platform specification changes.
05:25:46 ERROR : (XSDB Server)ERROR: [Hsi 55-1545] Problem running tcl command ::sw_standalone_v6_7::generate : ERROR: ps7_cortexa9 does not support axi_timer_0 
    while executing
"error "ERROR: $proctype does not support $sleep_timer ""
    (procedure "xsleep_timer_config" line 27)
    invoked from within
"xsleep_timer_config $proctype $os_handle $file_handle"
    (procedure "::sw_standalone_v6_7::generate" line 405)
    invoked from within
"::sw_standalone_v6_7::generate standalone"
ERROR: [Hsi 55-1442] Error(s) while running TCL procedure generate()

05:25:46 ERROR : (XSDB Server)ERROR: [Hsi 55-1450] Error: running generate_bsp.

05:25:46 ERROR : Failed to call sync_sw_with_hw_change
Reason: ERROR: [Common 17-39] 'hsi::generate_bsp' failed due to earlier errors.

05:25:47 ERROR : Error updating BSP project MSS files.
05:25:48 INFO  : Updating hardware inferred compiler options for dijkstra.
05:25:48 INFO  : Clearing existing target manager status.
05:27:02 ERROR : (XSDB Server)ERROR: [Hsi 55-1545] Problem running tcl command ::sw_standalone_v6_7::generate : ERROR: ps7_cortexa9 does not support axi_timer_0 
    while executing
"error "ERROR: $proctype does not support $sleep_timer ""
    (procedure "xsleep_timer_config" line 27)
    invoked from within
"xsleep_timer_config $proctype $os_handle $file_handle"
    (procedure "::sw_standalone_v6_7::generate" line 405)
    invoked from within
"::sw_standalone_v6_7::generate standalone"
ERROR: [Hsi 55-1442] Error(s) while running TCL procedure generate()

05:27:02 ERROR : (XSDB Server)ERROR: [Hsi 55-1450] Error: running generate_bsp.

05:27:02 ERROR : Error generating bsp sources: Failed in generating sources
05:27:02 ERROR : Failed to regenerate sources for BSP project dijkstra_bsp
org.eclipse.core.runtime.CoreException: Internal error occurred while generating bsp sources. Please check the SDK Log view for further details.
	at com.xilinx.sdk.sw.ui.handlers.RegenBspSourcesHandler.internalGenerateBsp(RegenBspSourcesHandler.java:178)
	at com.xilinx.sdk.sw.ui.handlers.RegenBspSourcesHandler.access$2(RegenBspSourcesHandler.java:163)
	at com.xilinx.sdk.sw.ui.handlers.RegenBspSourcesHandler$1$1.run(RegenBspSourcesHandler.java:131)
	at org.eclipse.core.internal.resources.Workspace.run(Workspace.java:2240)
	at org.eclipse.core.internal.resources.Workspace.run(Workspace.java:2267)
	at com.xilinx.sdk.sw.ui.handlers.RegenBspSourcesHandler$1.run(RegenBspSourcesHandler.java:135)
	at org.eclipse.jface.operation.ModalContext$ModalContextThread.run(ModalContext.java:119)
05:27:33 INFO  : Launching XSCT server: xsct -n -interactive /home/lais/Documents/ROB307/rob_307/dijkstra/hw_ip_only/hw_ip_only.sdk/temp_xsdb_launch_script.tcl
05:27:34 INFO  : XSCT server has started successfully.
05:27:34 INFO  : Successfully done setting XSCT server connection channel  
05:27:34 INFO  : Successfully done setting SDK workspace  
05:27:37 INFO  : Registering command handlers for SDK TCF services
05:27:37 INFO  : Processing command line option -hwspec /home/lais/Documents/ROB307/rob_307/dijkstra/hw_ip_only/hw_ip_only.sdk/dijkstra_ip_wrapper.hdf.
05:27:37 INFO  : Checking for hwspec changes in the project dijkstra_ip_wrapper_hw_platform_0.
05:27:42 ERROR : (XSDB Server)ERROR: [Hsi 55-1545] Problem running tcl command ::sw_standalone_v6_7::generate : ERROR: ps7_cortexa9 does not support axi_timer_0 
    while executing
"error "ERROR: $proctype does not support $sleep_timer ""
    (procedure "xsleep_timer_config" line 27)
    invoked from within
"xsleep_timer_config $proctype $os_handle $file_handle"
    (procedure "::sw_standalone_v6_7::generate" line 405)
    invoked from within
"::sw_standalone_v6_7::generate standalone"
ERROR: [Hsi 55-1442] Error(s) while running TCL procedure generate()

05:27:43 ERROR : (XSDB Server)ERROR: [Hsi 55-1450] Error: running generate_bsp.

05:27:43 ERROR : Error generating bsp sources: Failed in generating sources
05:27:43 ERROR : Failed to regenerate sources for BSP project dijkstra_bsp
org.eclipse.core.runtime.CoreException: Internal error occurred while generating bsp sources. Please check the SDK Log view for further details.
	at com.xilinx.sdk.sw.ui.handlers.RegenBspSourcesHandler.internalGenerateBsp(RegenBspSourcesHandler.java:178)
	at com.xilinx.sdk.sw.ui.handlers.RegenBspSourcesHandler.access$2(RegenBspSourcesHandler.java:163)
	at com.xilinx.sdk.sw.ui.handlers.RegenBspSourcesHandler$1$1.run(RegenBspSourcesHandler.java:131)
	at org.eclipse.core.internal.resources.Workspace.run(Workspace.java:2240)
	at org.eclipse.core.internal.resources.Workspace.run(Workspace.java:2267)
	at com.xilinx.sdk.sw.ui.handlers.RegenBspSourcesHandler$1.run(RegenBspSourcesHandler.java:135)
	at org.eclipse.jface.operation.ModalContext$ModalContextThread.run(ModalContext.java:119)
05:28:16 INFO  : Refreshed build settings on project dijkstra
05:28:28 INFO  : Connected to target on host '127.0.0.1' and port '3121'.
05:28:29 INFO  : 'targets -set -filter {jtag_cable_name =~ "Digilent Zed 210248686086" && level==0} -index 1' command is executed.
05:28:31 INFO  : FPGA configured successfully with bitstream "/home/lais/Documents/ROB307/rob_307/dijkstra/hw_ip_only/hw_ip_only.sdk/dijkstra_ip_wrapper_hw_platform_0/dijkstra_ip_wrapper.bit"
05:28:34 INFO  : 'targets -set -filter {jtag_cable_name =~ "Digilent Zed 210248686086" && level==0} -index 1' command is executed.
05:28:34 INFO  : 'fpga -state' command is executed.
05:28:34 INFO  : Connected to target on host '127.0.0.1' and port '3121'.
05:28:34 INFO  : Jtag cable 'Digilent Zed 210248686086' is selected.
05:28:34 INFO  : 'jtag frequency' command is executed.
05:28:34 INFO  : Sourcing of '/home/lais/Documents/ROB307/rob_307/dijkstra/hw_ip_only/hw_ip_only.sdk/dijkstra_ip_wrapper_hw_platform_0/ps7_init.tcl' is done.
05:28:34 INFO  : Context for 'APU' is selected.
05:28:34 INFO  : Hardware design information is loaded from '/home/lais/Documents/ROB307/rob_307/dijkstra/hw_ip_only/hw_ip_only.sdk/dijkstra_ip_wrapper_hw_platform_0/system.hdf'.
05:28:34 INFO  : 'configparams force-mem-access 1' command is executed.
05:28:34 INFO  : Context for 'APU' is selected.
05:28:34 INFO  : 'stop' command is executed.
05:28:34 INFO  : 'ps7_init' command is executed.
05:28:34 INFO  : 'ps7_post_config' command is executed.
05:28:35 INFO  : Context for processor 'ps7_cortexa9_0' is selected.
05:28:35 INFO  : Processor reset is completed for 'ps7_cortexa9_0'.
05:28:35 INFO  : Context for processor 'ps7_cortexa9_0' is selected.
05:28:35 INFO  : The application '/home/lais/Documents/ROB307/rob_307/dijkstra/hw_ip_only/hw_ip_only.sdk/dijkstra/Debug/dijkstra.elf' is downloaded to processor 'ps7_cortexa9_0'.
05:28:35 INFO  : 'configparams force-mem-access 0' command is executed.
05:28:35 INFO  : ----------------XSDB Script----------------
connect -url tcp:127.0.0.1:3121
source /home/lais/Documents/ROB307/rob_307/dijkstra/hw_ip_only/hw_ip_only.sdk/dijkstra_ip_wrapper_hw_platform_0/ps7_init.tcl
targets -set -nocase -filter {name =~"APU*" && jtag_cable_name =~ "Digilent Zed 210248686086"} -index 0
loadhw -hw /home/lais/Documents/ROB307/rob_307/dijkstra/hw_ip_only/hw_ip_only.sdk/dijkstra_ip_wrapper_hw_platform_0/system.hdf -mem-ranges [list {0x40000000 0xbfffffff}]
configparams force-mem-access 1
targets -set -nocase -filter {name =~"APU*" && jtag_cable_name =~ "Digilent Zed 210248686086"} -index 0
stop
ps7_init
ps7_post_config
targets -set -nocase -filter {name =~ "ARM*#0" && jtag_cable_name =~ "Digilent Zed 210248686086"} -index 0
rst -processor
targets -set -nocase -filter {name =~ "ARM*#0" && jtag_cable_name =~ "Digilent Zed 210248686086"} -index 0
dow /home/lais/Documents/ROB307/rob_307/dijkstra/hw_ip_only/hw_ip_only.sdk/dijkstra/Debug/dijkstra.elf
configparams force-mem-access 0
----------------End of Script----------------

05:28:35 INFO  : Memory regions updated for context APU
05:28:35 INFO  : Context for processor 'ps7_cortexa9_0' is selected.
05:28:35 INFO  : 'con' command is executed.
05:28:35 INFO  : ----------------XSDB Script (After Launch)----------------
targets -set -nocase -filter {name =~ "ARM*#0" && jtag_cable_name =~ "Digilent Zed 210248686086"} -index 0
con
----------------End of Script----------------

05:28:35 INFO  : Launch script is exported to file '/home/lais/Documents/ROB307/rob_307/dijkstra/hw_ip_only/hw_ip_only.sdk/.sdk/launch_scripts/xilinx_c-c++_application_(system_debugger)/system_debugger_using_debug_dijkstra.elf_on_local.tcl'
08:47:05 INFO  : Disconnected from the channel tcfchan#1.
