14:01:02 INFO  : Registering command handlers for SDK TCF services
14:01:03 INFO  : Launching XSCT server: xsct -n -interactive /home/fabian/Documents/ensta/deuxieme/simple_axistream/viv/kmean/kmean.sdk/temp_xsdb_launch_script.tcl
14:01:05 INFO  : XSCT server has started successfully.
14:01:05 INFO  : Successfully done setting XSCT server connection channel  
14:01:05 INFO  : Successfully done setting SDK workspace  
14:01:05 INFO  : Processing command line option -hwspec /home/fabian/Documents/ensta/deuxieme/simple_axistream/viv/kmean/kmean.sdk/design_1_wrapper.hdf.
14:03:37 INFO  : Refreshed build settings on project kmean
14:05:05 INFO  : Connected to target on host '127.0.0.1' and port '3121'.
14:05:06 INFO  : 'targets -set -filter {jtag_cable_name =~ "Digilent Zed 210248686086" && level==0} -index 1' command is executed.
14:05:08 INFO  : FPGA configured successfully with bitstream "/home/fabian/Documents/ensta/deuxieme/simple_axistream/viv/kmean/kmean.sdk/design_1_wrapper_hw_platform_0/design_1_wrapper.bit"
14:05:14 INFO  : 'targets -set -filter {jtag_cable_name =~ "Digilent Zed 210248686086" && level==0} -index 1' command is executed.
14:05:14 INFO  : 'fpga -state' command is executed.
14:05:14 INFO  : Connected to target on host '127.0.0.1' and port '3121'.
14:05:14 INFO  : Jtag cable 'Digilent Zed 210248686086' is selected.
14:05:14 INFO  : 'jtag frequency' command is executed.
14:05:14 INFO  : Sourcing of '/home/fabian/Documents/ensta/deuxieme/simple_axistream/viv/kmean/kmean.sdk/design_1_wrapper_hw_platform_0/ps7_init.tcl' is done.
14:05:14 INFO  : Context for 'APU' is selected.
14:05:14 INFO  : Hardware design information is loaded from '/home/fabian/Documents/ensta/deuxieme/simple_axistream/viv/kmean/kmean.sdk/design_1_wrapper_hw_platform_0/system.hdf'.
14:05:14 INFO  : 'configparams force-mem-access 1' command is executed.
14:05:14 INFO  : Context for 'APU' is selected.
14:05:14 INFO  : 'stop' command is executed.
14:05:14 INFO  : 'ps7_init' command is executed.
14:05:14 INFO  : 'ps7_post_config' command is executed.
14:05:14 INFO  : Context for processor 'ps7_cortexa9_0' is selected.
14:05:14 INFO  : Processor reset is completed for 'ps7_cortexa9_0'.
14:05:15 INFO  : Context for processor 'ps7_cortexa9_0' is selected.
14:05:15 INFO  : The application '/home/fabian/Documents/ensta/deuxieme/simple_axistream/viv/kmean/kmean.sdk/kmean/Debug/kmean.elf' is downloaded to processor 'ps7_cortexa9_0'.
14:05:15 INFO  : 'configparams force-mem-access 0' command is executed.
14:05:15 INFO  : ----------------XSDB Script----------------
connect -url tcp:127.0.0.1:3121
source /home/fabian/Documents/ensta/deuxieme/simple_axistream/viv/kmean/kmean.sdk/design_1_wrapper_hw_platform_0/ps7_init.tcl
targets -set -nocase -filter {name =~"APU*" && jtag_cable_name =~ "Digilent Zed 210248686086"} -index 0
loadhw -hw /home/fabian/Documents/ensta/deuxieme/simple_axistream/viv/kmean/kmean.sdk/design_1_wrapper_hw_platform_0/system.hdf -mem-ranges [list {0x40000000 0xbfffffff}]
configparams force-mem-access 1
targets -set -nocase -filter {name =~"APU*" && jtag_cable_name =~ "Digilent Zed 210248686086"} -index 0
stop
ps7_init
ps7_post_config
targets -set -nocase -filter {name =~ "ARM*#0" && jtag_cable_name =~ "Digilent Zed 210248686086"} -index 0
rst -processor
targets -set -nocase -filter {name =~ "ARM*#0" && jtag_cable_name =~ "Digilent Zed 210248686086"} -index 0
dow /home/fabian/Documents/ensta/deuxieme/simple_axistream/viv/kmean/kmean.sdk/kmean/Debug/kmean.elf
configparams force-mem-access 0
----------------End of Script----------------

14:05:15 INFO  : Context for processor 'ps7_cortexa9_0' is selected.
14:05:15 INFO  : 'con' command is executed.
14:05:15 INFO  : ----------------XSDB Script (After Launch)----------------
targets -set -nocase -filter {name =~ "ARM*#0" && jtag_cable_name =~ "Digilent Zed 210248686086"} -index 0
con
----------------End of Script----------------

14:05:15 INFO  : Disconnected from the channel tcfchan#1.
14:08:15 INFO  : Connected to target on host '127.0.0.1' and port '3121'.
14:08:16 INFO  : 'targets -set -filter {jtag_cable_name =~ "Digilent Zed 210248686086" && level==0} -index 1' command is executed.
14:08:19 INFO  : FPGA configured successfully with bitstream "/home/fabian/Documents/ensta/deuxieme/simple_axistream/viv/kmean/kmean.sdk/design_1_wrapper_hw_platform_0/design_1_wrapper.bit"
14:08:34 INFO  : 'targets -set -filter {jtag_cable_name =~ "Digilent Zed 210248686086" && level==0} -index 1' command is executed.
14:08:34 INFO  : 'fpga -state' command is executed.
14:08:34 INFO  : Connected to target on host '127.0.0.1' and port '3121'.
14:08:35 INFO  : Jtag cable 'Digilent Zed 210248686086' is selected.
14:08:35 INFO  : 'jtag frequency' command is executed.
14:08:35 INFO  : Sourcing of '/home/fabian/Documents/ensta/deuxieme/simple_axistream/viv/kmean/kmean.sdk/design_1_wrapper_hw_platform_0/ps7_init.tcl' is done.
14:08:35 INFO  : Context for 'APU' is selected.
14:08:35 INFO  : Hardware design information is loaded from '/home/fabian/Documents/ensta/deuxieme/simple_axistream/viv/kmean/kmean.sdk/design_1_wrapper_hw_platform_0/system.hdf'.
14:08:35 INFO  : 'configparams force-mem-access 1' command is executed.
14:08:35 INFO  : Context for 'APU' is selected.
14:08:35 INFO  : 'stop' command is executed.
14:08:35 INFO  : 'ps7_init' command is executed.
14:08:35 INFO  : 'ps7_post_config' command is executed.
14:08:35 INFO  : Context for processor 'ps7_cortexa9_0' is selected.
14:08:35 INFO  : Processor reset is completed for 'ps7_cortexa9_0'.
14:08:35 INFO  : Context for processor 'ps7_cortexa9_0' is selected.
14:08:36 INFO  : The application '/home/fabian/Documents/ensta/deuxieme/simple_axistream/viv/kmean/kmean.sdk/kmean/Debug/kmean.elf' is downloaded to processor 'ps7_cortexa9_0'.
14:08:36 INFO  : 'configparams force-mem-access 0' command is executed.
14:08:36 INFO  : ----------------XSDB Script----------------
connect -url tcp:127.0.0.1:3121
source /home/fabian/Documents/ensta/deuxieme/simple_axistream/viv/kmean/kmean.sdk/design_1_wrapper_hw_platform_0/ps7_init.tcl
targets -set -nocase -filter {name =~"APU*" && jtag_cable_name =~ "Digilent Zed 210248686086"} -index 0
loadhw -hw /home/fabian/Documents/ensta/deuxieme/simple_axistream/viv/kmean/kmean.sdk/design_1_wrapper_hw_platform_0/system.hdf -mem-ranges [list {0x40000000 0xbfffffff}]
configparams force-mem-access 1
targets -set -nocase -filter {name =~"APU*" && jtag_cable_name =~ "Digilent Zed 210248686086"} -index 0
stop
ps7_init
ps7_post_config
targets -set -nocase -filter {name =~ "ARM*#0" && jtag_cable_name =~ "Digilent Zed 210248686086"} -index 0
rst -processor
targets -set -nocase -filter {name =~ "ARM*#0" && jtag_cable_name =~ "Digilent Zed 210248686086"} -index 0
dow /home/fabian/Documents/ensta/deuxieme/simple_axistream/viv/kmean/kmean.sdk/kmean/Debug/kmean.elf
configparams force-mem-access 0
----------------End of Script----------------

14:08:36 INFO  : Context for processor 'ps7_cortexa9_0' is selected.
14:08:36 INFO  : 'con' command is executed.
14:08:36 INFO  : ----------------XSDB Script (After Launch)----------------
targets -set -nocase -filter {name =~ "ARM*#0" && jtag_cable_name =~ "Digilent Zed 210248686086"} -index 0
con
----------------End of Script----------------

14:08:36 INFO  : Disconnected from the channel tcfchan#2.
14:09:30 INFO  : Connected to target on host '127.0.0.1' and port '3121'.
14:09:30 INFO  : 'targets -set -filter {jtag_cable_name =~ "Digilent Zed 210248686086" && level==0} -index 1' command is executed.
14:09:36 INFO  : FPGA configured successfully with bitstream "/home/fabian/Documents/ensta/deuxieme/simple_axistream/viv/kmean/kmean.sdk/design_1_wrapper_hw_platform_0/design_1_wrapper.bit"
14:09:45 INFO  : 'targets -set -filter {jtag_cable_name =~ "Digilent Zed 210248686086" && level==0} -index 1' command is executed.
14:09:45 INFO  : 'fpga -state' command is executed.
14:09:45 INFO  : Connected to target on host '127.0.0.1' and port '3121'.
14:09:45 INFO  : Jtag cable 'Digilent Zed 210248686086' is selected.
14:09:45 INFO  : 'jtag frequency' command is executed.
14:09:45 INFO  : Sourcing of '/home/fabian/Documents/ensta/deuxieme/simple_axistream/viv/kmean/kmean.sdk/design_1_wrapper_hw_platform_0/ps7_init.tcl' is done.
14:09:45 INFO  : Context for 'APU' is selected.
14:09:46 INFO  : Hardware design information is loaded from '/home/fabian/Documents/ensta/deuxieme/simple_axistream/viv/kmean/kmean.sdk/design_1_wrapper_hw_platform_0/system.hdf'.
14:09:46 INFO  : 'configparams force-mem-access 1' command is executed.
14:09:46 INFO  : Context for 'APU' is selected.
14:09:46 INFO  : 'stop' command is executed.
14:09:46 INFO  : 'ps7_init' command is executed.
14:09:46 INFO  : 'ps7_post_config' command is executed.
14:09:46 INFO  : Context for processor 'ps7_cortexa9_0' is selected.
14:09:46 INFO  : Processor reset is completed for 'ps7_cortexa9_0'.
14:09:46 INFO  : Context for processor 'ps7_cortexa9_0' is selected.
14:09:46 INFO  : The application '/home/fabian/Documents/ensta/deuxieme/simple_axistream/viv/kmean/kmean.sdk/kmean/Debug/kmean.elf' is downloaded to processor 'ps7_cortexa9_0'.
14:09:46 INFO  : 'configparams force-mem-access 0' command is executed.
14:09:46 INFO  : ----------------XSDB Script----------------
connect -url tcp:127.0.0.1:3121
source /home/fabian/Documents/ensta/deuxieme/simple_axistream/viv/kmean/kmean.sdk/design_1_wrapper_hw_platform_0/ps7_init.tcl
targets -set -nocase -filter {name =~"APU*" && jtag_cable_name =~ "Digilent Zed 210248686086"} -index 0
loadhw -hw /home/fabian/Documents/ensta/deuxieme/simple_axistream/viv/kmean/kmean.sdk/design_1_wrapper_hw_platform_0/system.hdf -mem-ranges [list {0x40000000 0xbfffffff}]
configparams force-mem-access 1
targets -set -nocase -filter {name =~"APU*" && jtag_cable_name =~ "Digilent Zed 210248686086"} -index 0
stop
ps7_init
ps7_post_config
targets -set -nocase -filter {name =~ "ARM*#0" && jtag_cable_name =~ "Digilent Zed 210248686086"} -index 0
rst -processor
targets -set -nocase -filter {name =~ "ARM*#0" && jtag_cable_name =~ "Digilent Zed 210248686086"} -index 0
dow /home/fabian/Documents/ensta/deuxieme/simple_axistream/viv/kmean/kmean.sdk/kmean/Debug/kmean.elf
configparams force-mem-access 0
----------------End of Script----------------

14:09:46 INFO  : Context for processor 'ps7_cortexa9_0' is selected.
14:09:46 INFO  : 'con' command is executed.
14:09:46 INFO  : ----------------XSDB Script (After Launch)----------------
targets -set -nocase -filter {name =~ "ARM*#0" && jtag_cable_name =~ "Digilent Zed 210248686086"} -index 0
con
----------------End of Script----------------

14:09:46 INFO  : Disconnected from the channel tcfchan#3.
14:10:04 INFO  : Connected to target on host '127.0.0.1' and port '3121'.
14:10:04 INFO  : 'targets -set -filter {jtag_cable_name =~ "Digilent Zed 210248686086" && level==0} -index 1' command is executed.
14:10:09 INFO  : FPGA configured successfully with bitstream "/home/fabian/Documents/ensta/deuxieme/simple_axistream/viv/kmean/kmean.sdk/design_1_wrapper_hw_platform_0/design_1_wrapper.bit"
14:10:14 INFO  : 'targets -set -filter {jtag_cable_name =~ "Digilent Zed 210248686086" && level==0} -index 1' command is executed.
14:10:14 INFO  : 'fpga -state' command is executed.
14:10:14 INFO  : Connected to target on host '127.0.0.1' and port '3121'.
14:10:14 INFO  : Jtag cable 'Digilent Zed 210248686086' is selected.
14:10:14 INFO  : 'jtag frequency' command is executed.
14:10:14 INFO  : Sourcing of '/home/fabian/Documents/ensta/deuxieme/simple_axistream/viv/kmean/kmean.sdk/design_1_wrapper_hw_platform_0/ps7_init.tcl' is done.
14:10:14 INFO  : Context for 'APU' is selected.
14:10:14 INFO  : Hardware design information is loaded from '/home/fabian/Documents/ensta/deuxieme/simple_axistream/viv/kmean/kmean.sdk/design_1_wrapper_hw_platform_0/system.hdf'.
14:10:14 INFO  : 'configparams force-mem-access 1' command is executed.
14:10:14 INFO  : Context for 'APU' is selected.
14:10:14 INFO  : 'stop' command is executed.
14:10:14 INFO  : 'ps7_init' command is executed.
14:10:14 INFO  : 'ps7_post_config' command is executed.
14:10:14 INFO  : Context for processor 'ps7_cortexa9_0' is selected.
14:10:14 INFO  : Processor reset is completed for 'ps7_cortexa9_0'.
14:10:14 INFO  : Context for processor 'ps7_cortexa9_0' is selected.
14:10:15 INFO  : The application '/home/fabian/Documents/ensta/deuxieme/simple_axistream/viv/kmean/kmean.sdk/kmean/Debug/kmean.elf' is downloaded to processor 'ps7_cortexa9_0'.
14:10:15 INFO  : 'configparams force-mem-access 0' command is executed.
14:10:15 INFO  : ----------------XSDB Script----------------
connect -url tcp:127.0.0.1:3121
source /home/fabian/Documents/ensta/deuxieme/simple_axistream/viv/kmean/kmean.sdk/design_1_wrapper_hw_platform_0/ps7_init.tcl
targets -set -nocase -filter {name =~"APU*" && jtag_cable_name =~ "Digilent Zed 210248686086"} -index 0
loadhw -hw /home/fabian/Documents/ensta/deuxieme/simple_axistream/viv/kmean/kmean.sdk/design_1_wrapper_hw_platform_0/system.hdf -mem-ranges [list {0x40000000 0xbfffffff}]
configparams force-mem-access 1
targets -set -nocase -filter {name =~"APU*" && jtag_cable_name =~ "Digilent Zed 210248686086"} -index 0
stop
ps7_init
ps7_post_config
targets -set -nocase -filter {name =~ "ARM*#0" && jtag_cable_name =~ "Digilent Zed 210248686086"} -index 0
rst -processor
targets -set -nocase -filter {name =~ "ARM*#0" && jtag_cable_name =~ "Digilent Zed 210248686086"} -index 0
dow /home/fabian/Documents/ensta/deuxieme/simple_axistream/viv/kmean/kmean.sdk/kmean/Debug/kmean.elf
configparams force-mem-access 0
----------------End of Script----------------

14:12:17 INFO  : Disconnected from the channel tcfchan#4.
14:13:18 INFO  : Connected to target on host '127.0.0.1' and port '3121'.
14:13:18 INFO  : 'targets -set -filter {jtag_cable_name =~ "Digilent Zed 210248686086" && level==0} -index 1' command is executed.
14:13:23 INFO  : FPGA configured successfully with bitstream "/home/fabian/Documents/ensta/deuxieme/simple_axistream/viv/kmean/kmean.sdk/design_1_wrapper_hw_platform_0/design_1_wrapper.bit"
14:13:32 INFO  : 'targets -set -filter {jtag_cable_name =~ "Digilent Zed 210248686086" && level==0} -index 1' command is executed.
14:13:32 INFO  : 'fpga -state' command is executed.
14:13:32 INFO  : Connected to target on host '127.0.0.1' and port '3121'.
14:13:32 INFO  : Jtag cable 'Digilent Zed 210248686086' is selected.
14:13:32 INFO  : 'jtag frequency' command is executed.
14:13:32 INFO  : Sourcing of '/home/fabian/Documents/ensta/deuxieme/simple_axistream/viv/kmean/kmean.sdk/design_1_wrapper_hw_platform_0/ps7_init.tcl' is done.
14:13:32 INFO  : Context for 'APU' is selected.
14:13:33 INFO  : Hardware design information is loaded from '/home/fabian/Documents/ensta/deuxieme/simple_axistream/viv/kmean/kmean.sdk/design_1_wrapper_hw_platform_0/system.hdf'.
14:13:33 INFO  : 'configparams force-mem-access 1' command is executed.
14:13:33 INFO  : Context for 'APU' is selected.
14:13:33 INFO  : 'stop' command is executed.
14:13:33 INFO  : 'ps7_init' command is executed.
14:13:33 INFO  : 'ps7_post_config' command is executed.
14:13:33 INFO  : Context for processor 'ps7_cortexa9_0' is selected.
14:13:33 INFO  : Processor reset is completed for 'ps7_cortexa9_0'.
14:13:33 INFO  : Context for processor 'ps7_cortexa9_0' is selected.
14:13:33 INFO  : The application '/home/fabian/Documents/ensta/deuxieme/simple_axistream/viv/kmean/kmean.sdk/kmean/Debug/kmean.elf' is downloaded to processor 'ps7_cortexa9_0'.
14:13:33 INFO  : 'configparams force-mem-access 0' command is executed.
14:13:33 INFO  : ----------------XSDB Script----------------
connect -url tcp:127.0.0.1:3121
source /home/fabian/Documents/ensta/deuxieme/simple_axistream/viv/kmean/kmean.sdk/design_1_wrapper_hw_platform_0/ps7_init.tcl
targets -set -nocase -filter {name =~"APU*" && jtag_cable_name =~ "Digilent Zed 210248686086"} -index 0
loadhw -hw /home/fabian/Documents/ensta/deuxieme/simple_axistream/viv/kmean/kmean.sdk/design_1_wrapper_hw_platform_0/system.hdf -mem-ranges [list {0x40000000 0xbfffffff}]
configparams force-mem-access 1
targets -set -nocase -filter {name =~"APU*" && jtag_cable_name =~ "Digilent Zed 210248686086"} -index 0
stop
ps7_init
ps7_post_config
targets -set -nocase -filter {name =~ "ARM*#0" && jtag_cable_name =~ "Digilent Zed 210248686086"} -index 0
rst -processor
targets -set -nocase -filter {name =~ "ARM*#0" && jtag_cable_name =~ "Digilent Zed 210248686086"} -index 0
dow /home/fabian/Documents/ensta/deuxieme/simple_axistream/viv/kmean/kmean.sdk/kmean/Debug/kmean.elf
configparams force-mem-access 0
----------------End of Script----------------

14:13:33 INFO  : Context for processor 'ps7_cortexa9_0' is selected.
14:13:33 INFO  : 'con' command is executed.
14:13:33 INFO  : ----------------XSDB Script (After Launch)----------------
targets -set -nocase -filter {name =~ "ARM*#0" && jtag_cable_name =~ "Digilent Zed 210248686086"} -index 0
con
----------------End of Script----------------

14:13:33 INFO  : Disconnected from the channel tcfchan#5.
14:13:58 INFO  : Connected to target on host '127.0.0.1' and port '3121'.
14:13:58 INFO  : 'targets -set -filter {jtag_cable_name =~ "Digilent Zed 210248686086" && level==0} -index 1' command is executed.
14:14:03 INFO  : FPGA configured successfully with bitstream "/home/fabian/Documents/ensta/deuxieme/simple_axistream/viv/kmean/kmean.sdk/design_1_wrapper_hw_platform_0/design_1_wrapper.bit"
14:14:11 INFO  : 'targets -set -filter {jtag_cable_name =~ "Digilent Zed 210248686086" && level==0} -index 1' command is executed.
14:14:11 INFO  : 'fpga -state' command is executed.
14:14:11 INFO  : Connected to target on host '127.0.0.1' and port '3121'.
14:14:11 INFO  : Jtag cable 'Digilent Zed 210248686086' is selected.
14:14:11 INFO  : 'jtag frequency' command is executed.
14:14:11 INFO  : Sourcing of '/home/fabian/Documents/ensta/deuxieme/simple_axistream/viv/kmean/kmean.sdk/design_1_wrapper_hw_platform_0/ps7_init.tcl' is done.
14:14:12 INFO  : Context for 'APU' is selected.
14:14:12 INFO  : Hardware design information is loaded from '/home/fabian/Documents/ensta/deuxieme/simple_axistream/viv/kmean/kmean.sdk/design_1_wrapper_hw_platform_0/system.hdf'.
14:14:12 INFO  : 'configparams force-mem-access 1' command is executed.
14:14:12 INFO  : Context for 'APU' is selected.
14:14:12 INFO  : 'stop' command is executed.
14:14:14 INFO  : 'ps7_init' command is executed.
14:14:14 INFO  : 'ps7_post_config' command is executed.
14:14:15 INFO  : Context for processor 'ps7_cortexa9_0' is selected.
14:14:15 INFO  : Processor reset is completed for 'ps7_cortexa9_0'.
14:14:15 INFO  : Context for processor 'ps7_cortexa9_0' is selected.
14:14:17 ERROR : Memory write error at 0x100000. AP transaction timeout
14:14:17 INFO  : ----------------XSDB Script----------------
connect -url tcp:127.0.0.1:3121
source /home/fabian/Documents/ensta/deuxieme/simple_axistream/viv/kmean/kmean.sdk/design_1_wrapper_hw_platform_0/ps7_init.tcl
targets -set -nocase -filter {name =~"APU*" && jtag_cable_name =~ "Digilent Zed 210248686086"} -index 0
loadhw -hw /home/fabian/Documents/ensta/deuxieme/simple_axistream/viv/kmean/kmean.sdk/design_1_wrapper_hw_platform_0/system.hdf -mem-ranges [list {0x40000000 0xbfffffff}]
configparams force-mem-access 1
targets -set -nocase -filter {name =~"APU*" && jtag_cable_name =~ "Digilent Zed 210248686086"} -index 0
stop
ps7_init
ps7_post_config
targets -set -nocase -filter {name =~ "ARM*#0" && jtag_cable_name =~ "Digilent Zed 210248686086"} -index 0
rst -processor
targets -set -nocase -filter {name =~ "ARM*#0" && jtag_cable_name =~ "Digilent Zed 210248686086"} -index 0
dow /home/fabian/Documents/ensta/deuxieme/simple_axistream/viv/kmean/kmean.sdk/kmean/Debug/kmean.elf
----------------End of Script----------------

14:14:44 INFO  : Connected to target on host '127.0.0.1' and port '3121'.
14:14:44 INFO  : 'targets -set -filter {jtag_cable_name =~ "Digilent Zed 210248686086" && level==0} -index 1' command is executed.
14:14:48 INFO  : FPGA configured successfully with bitstream "/home/fabian/Documents/ensta/deuxieme/simple_axistream/viv/kmean/kmean.sdk/design_1_wrapper_hw_platform_0/design_1_wrapper.bit"
14:14:52 INFO  : 'targets -set -filter {jtag_cable_name =~ "Digilent Zed 210248686086" && level==0} -index 1' command is executed.
14:14:52 INFO  : 'fpga -state' command is executed.
14:14:52 INFO  : Connected to target on host '127.0.0.1' and port '3121'.
14:14:52 INFO  : Jtag cable 'Digilent Zed 210248686086' is selected.
14:14:52 INFO  : 'jtag frequency' command is executed.
14:14:52 INFO  : Sourcing of '/home/fabian/Documents/ensta/deuxieme/simple_axistream/viv/kmean/kmean.sdk/design_1_wrapper_hw_platform_0/ps7_init.tcl' is done.
14:14:53 INFO  : Context for 'APU' is selected.
14:14:53 INFO  : Hardware design information is loaded from '/home/fabian/Documents/ensta/deuxieme/simple_axistream/viv/kmean/kmean.sdk/design_1_wrapper_hw_platform_0/system.hdf'.
14:14:53 INFO  : 'configparams force-mem-access 1' command is executed.
14:14:53 INFO  : Context for 'APU' is selected.
14:14:53 INFO  : 'stop' command is executed.
14:14:53 INFO  : 'ps7_init' command is executed.
14:14:53 INFO  : 'ps7_post_config' command is executed.
14:14:53 INFO  : Context for processor 'ps7_cortexa9_0' is selected.
14:14:53 INFO  : Processor reset is completed for 'ps7_cortexa9_0'.
14:14:53 INFO  : Context for processor 'ps7_cortexa9_0' is selected.
14:14:53 INFO  : The application '/home/fabian/Documents/ensta/deuxieme/simple_axistream/viv/kmean/kmean.sdk/kmean/Debug/kmean.elf' is downloaded to processor 'ps7_cortexa9_0'.
14:14:53 INFO  : 'configparams force-mem-access 0' command is executed.
14:14:53 INFO  : ----------------XSDB Script----------------
connect -url tcp:127.0.0.1:3121
source /home/fabian/Documents/ensta/deuxieme/simple_axistream/viv/kmean/kmean.sdk/design_1_wrapper_hw_platform_0/ps7_init.tcl
targets -set -nocase -filter {name =~"APU*" && jtag_cable_name =~ "Digilent Zed 210248686086"} -index 0
loadhw -hw /home/fabian/Documents/ensta/deuxieme/simple_axistream/viv/kmean/kmean.sdk/design_1_wrapper_hw_platform_0/system.hdf -mem-ranges [list {0x40000000 0xbfffffff}]
configparams force-mem-access 1
targets -set -nocase -filter {name =~"APU*" && jtag_cable_name =~ "Digilent Zed 210248686086"} -index 0
stop
ps7_init
ps7_post_config
targets -set -nocase -filter {name =~ "ARM*#0" && jtag_cable_name =~ "Digilent Zed 210248686086"} -index 0
rst -processor
targets -set -nocase -filter {name =~ "ARM*#0" && jtag_cable_name =~ "Digilent Zed 210248686086"} -index 0
dow /home/fabian/Documents/ensta/deuxieme/simple_axistream/viv/kmean/kmean.sdk/kmean/Debug/kmean.elf
configparams force-mem-access 0
----------------End of Script----------------

14:14:53 INFO  : Context for processor 'ps7_cortexa9_0' is selected.
14:14:53 INFO  : 'con' command is executed.
14:14:53 INFO  : ----------------XSDB Script (After Launch)----------------
targets -set -nocase -filter {name =~ "ARM*#0" && jtag_cable_name =~ "Digilent Zed 210248686086"} -index 0
con
----------------End of Script----------------

14:14:53 INFO  : Disconnected from the channel tcfchan#6.
14:18:10 INFO  : 'targets -set -filter {jtag_cable_name =~ "Digilent Zed 210248686086" && level==0} -index 1' command is executed.
14:18:10 INFO  : 'fpga -state' command is executed.
14:18:10 INFO  : Connected to target on host '127.0.0.1' and port '3121'.
14:18:10 INFO  : Jtag cable 'Digilent Zed 210248686086' is selected.
14:18:10 INFO  : 'jtag frequency' command is executed.
14:18:10 INFO  : Sourcing of '/home/fabian/Documents/ensta/deuxieme/simple_axistream/viv/kmean/kmean.sdk/design_1_wrapper_hw_platform_0/ps7_init.tcl' is done.
14:18:10 INFO  : Context for 'APU' is selected.
14:18:11 INFO  : Hardware design information is loaded from '/home/fabian/Documents/ensta/deuxieme/simple_axistream/viv/kmean/kmean.sdk/design_1_wrapper_hw_platform_0/system.hdf'.
14:18:11 INFO  : 'configparams force-mem-access 1' command is executed.
14:18:11 INFO  : Context for 'APU' is selected.
14:18:11 INFO  : 'stop' command is executed.
14:18:12 INFO  : 'ps7_init' command is executed.
14:18:12 INFO  : 'ps7_post_config' command is executed.
14:18:12 INFO  : Context for processor 'ps7_cortexa9_0' is selected.
14:18:12 INFO  : Processor reset is completed for 'ps7_cortexa9_0'.
14:18:12 INFO  : Context for processor 'ps7_cortexa9_0' is selected.
14:18:12 INFO  : The application '/home/fabian/Documents/ensta/deuxieme/simple_axistream/viv/kmean/kmean.sdk/kmean/Debug/kmean.elf' is downloaded to processor 'ps7_cortexa9_0'.
14:18:12 INFO  : 'configparams force-mem-access 0' command is executed.
14:18:12 INFO  : ----------------XSDB Script----------------
connect -url tcp:127.0.0.1:3121
source /home/fabian/Documents/ensta/deuxieme/simple_axistream/viv/kmean/kmean.sdk/design_1_wrapper_hw_platform_0/ps7_init.tcl
targets -set -nocase -filter {name =~"APU*" && jtag_cable_name =~ "Digilent Zed 210248686086"} -index 0
loadhw -hw /home/fabian/Documents/ensta/deuxieme/simple_axistream/viv/kmean/kmean.sdk/design_1_wrapper_hw_platform_0/system.hdf -mem-ranges [list {0x40000000 0xbfffffff}]
configparams force-mem-access 1
targets -set -nocase -filter {name =~"APU*" && jtag_cable_name =~ "Digilent Zed 210248686086"} -index 0
stop
ps7_init
ps7_post_config
targets -set -nocase -filter {name =~ "ARM*#0" && jtag_cable_name =~ "Digilent Zed 210248686086"} -index 0
rst -processor
targets -set -nocase -filter {name =~ "ARM*#0" && jtag_cable_name =~ "Digilent Zed 210248686086"} -index 0
dow /home/fabian/Documents/ensta/deuxieme/simple_axistream/viv/kmean/kmean.sdk/kmean/Debug/kmean.elf
configparams force-mem-access 0
----------------End of Script----------------

14:18:12 INFO  : Context for processor 'ps7_cortexa9_0' is selected.
14:18:12 INFO  : 'con' command is executed.
14:18:12 INFO  : ----------------XSDB Script (After Launch)----------------
targets -set -nocase -filter {name =~ "ARM*#0" && jtag_cable_name =~ "Digilent Zed 210248686086"} -index 0
con
----------------End of Script----------------

14:18:12 INFO  : Disconnected from the channel tcfchan#7.
14:18:39 INFO  : Connected to target on host '127.0.0.1' and port '3121'.
14:18:40 INFO  : 'targets -set -filter {jtag_cable_name =~ "Digilent Zed 210248686086" && level==0} -index 1' command is executed.
14:18:45 INFO  : FPGA configured successfully with bitstream "/home/fabian/Documents/ensta/deuxieme/simple_axistream/viv/kmean/kmean.sdk/design_1_wrapper_hw_platform_0/design_1_wrapper.bit"
14:18:50 INFO  : 'targets -set -filter {jtag_cable_name =~ "Digilent Zed 210248686086" && level==0} -index 1' command is executed.
14:18:50 INFO  : 'fpga -state' command is executed.
14:18:50 INFO  : Connected to target on host '127.0.0.1' and port '3121'.
14:18:50 INFO  : Jtag cable 'Digilent Zed 210248686086' is selected.
14:18:50 INFO  : 'jtag frequency' command is executed.
14:18:50 INFO  : Sourcing of '/home/fabian/Documents/ensta/deuxieme/simple_axistream/viv/kmean/kmean.sdk/design_1_wrapper_hw_platform_0/ps7_init.tcl' is done.
14:18:50 INFO  : Context for 'APU' is selected.
14:18:50 INFO  : Hardware design information is loaded from '/home/fabian/Documents/ensta/deuxieme/simple_axistream/viv/kmean/kmean.sdk/design_1_wrapper_hw_platform_0/system.hdf'.
14:18:50 INFO  : 'configparams force-mem-access 1' command is executed.
14:18:50 INFO  : Context for 'APU' is selected.
14:18:50 INFO  : 'stop' command is executed.
14:18:50 INFO  : 'ps7_init' command is executed.
14:18:50 INFO  : 'ps7_post_config' command is executed.
14:18:50 INFO  : Context for processor 'ps7_cortexa9_0' is selected.
14:18:50 INFO  : Processor reset is completed for 'ps7_cortexa9_0'.
14:18:50 INFO  : Context for processor 'ps7_cortexa9_0' is selected.
14:18:51 INFO  : The application '/home/fabian/Documents/ensta/deuxieme/simple_axistream/viv/kmean/kmean.sdk/kmean/Debug/kmean.elf' is downloaded to processor 'ps7_cortexa9_0'.
14:18:51 INFO  : 'configparams force-mem-access 0' command is executed.
14:18:51 INFO  : ----------------XSDB Script----------------
connect -url tcp:127.0.0.1:3121
source /home/fabian/Documents/ensta/deuxieme/simple_axistream/viv/kmean/kmean.sdk/design_1_wrapper_hw_platform_0/ps7_init.tcl
targets -set -nocase -filter {name =~"APU*" && jtag_cable_name =~ "Digilent Zed 210248686086"} -index 0
loadhw -hw /home/fabian/Documents/ensta/deuxieme/simple_axistream/viv/kmean/kmean.sdk/design_1_wrapper_hw_platform_0/system.hdf -mem-ranges [list {0x40000000 0xbfffffff}]
configparams force-mem-access 1
targets -set -nocase -filter {name =~"APU*" && jtag_cable_name =~ "Digilent Zed 210248686086"} -index 0
stop
ps7_init
ps7_post_config
targets -set -nocase -filter {name =~ "ARM*#0" && jtag_cable_name =~ "Digilent Zed 210248686086"} -index 0
rst -processor
targets -set -nocase -filter {name =~ "ARM*#0" && jtag_cable_name =~ "Digilent Zed 210248686086"} -index 0
dow /home/fabian/Documents/ensta/deuxieme/simple_axistream/viv/kmean/kmean.sdk/kmean/Debug/kmean.elf
configparams force-mem-access 0
----------------End of Script----------------

14:18:51 INFO  : Context for processor 'ps7_cortexa9_0' is selected.
14:18:51 INFO  : 'con' command is executed.
14:18:51 INFO  : ----------------XSDB Script (After Launch)----------------
targets -set -nocase -filter {name =~ "ARM*#0" && jtag_cable_name =~ "Digilent Zed 210248686086"} -index 0
con
----------------End of Script----------------

14:18:51 INFO  : Disconnected from the channel tcfchan#8.
14:27:21 INFO  : Registering command handlers for SDK TCF services
14:27:22 INFO  : Launching XSCT server: xsct -n -interactive /home/fabian/Documents/ensta/deuxieme/simple_axistream/viv/kmean/kmean.sdk/temp_xsdb_launch_script.tcl
14:27:24 INFO  : XSCT server has started successfully.
14:27:24 INFO  : Processing command line option -hwspec /home/fabian/Documents/ensta/deuxieme/simple_axistream/viv/kmean/kmean.sdk/design_1_wrapper.hdf.
14:27:24 INFO  : Successfully done setting XSCT server connection channel  
14:27:24 INFO  : Successfully done setting SDK workspace  
14:27:24 INFO  : Checking for hwspec changes in the project design_1_wrapper_hw_platform_0.
14:27:26 INFO  : SDK has detected change in the last modified timestamps for source hardware specification file Source:1543497990000,  Project:1543496338000
14:27:26 INFO  : The hardware specification for project 'design_1_wrapper_hw_platform_0' is different from /home/fabian/Documents/ensta/deuxieme/simple_axistream/viv/kmean/kmean.sdk/design_1_wrapper.hdf.
14:27:26 INFO  : Copied contents of /home/fabian/Documents/ensta/deuxieme/simple_axistream/viv/kmean/kmean.sdk/design_1_wrapper.hdf into /design_1_wrapper_hw_platform_0/system.hdf.
14:27:29 INFO  : Synchronizing projects in the workspace with the hardware platform specification changes.
14:27:29 ERROR : (XSDB Server)ERROR: [Hsi 55-1545] Problem running tcl command ::sw_standalone_v6_7::generate : ERROR: ps7_cortexa9 does not support axi_timer_0 
    while executing
"error "ERROR: $proctype does not support $sleep_timer ""
    (procedure "xsleep_timer_config" line 27)
    invoked from within
"xsleep_timer_config $proctype $os_handle $file_handle"
    (procedure "::sw_standalone_v6_7::generate" line 405)
    invoked from within
"::sw_standalone_v6_7::generate standalone"

14:27:29 ERROR : (XSDB Server)ERROR: [Hsi 55-1442] Error(s) while running TCL procedure generate()

14:27:29 ERROR : (XSDB Server)ERROR: [Hsi 55-1450] Error: running generate_bsp.

14:27:29 ERROR : Failed to call sync_sw_with_hw_change
Reason: ERROR: [Common 17-39] 'hsi::generate_bsp' failed due to earlier errors.

14:27:30 ERROR : Error updating BSP project MSS files.
14:27:30 INFO  : Updating hardware inferred compiler options for kmean.
14:27:30 INFO  : Clearing existing target manager status.
14:30:52 INFO  : Refreshed build settings on project kmean
14:31:28 INFO  : Connected to target on host '127.0.0.1' and port '3121'.
14:31:28 INFO  : 'targets -set -filter {jtag_cable_name =~ "Digilent Zed 210248686086" && level==0} -index 1' command is executed.
14:31:30 INFO  : FPGA configured successfully with bitstream "/home/fabian/Documents/ensta/deuxieme/simple_axistream/viv/kmean/kmean.sdk/design_1_wrapper_hw_platform_0/design_1_wrapper.bit"
14:31:35 INFO  : 'targets -set -filter {jtag_cable_name =~ "Digilent Zed 210248686086" && level==0} -index 1' command is executed.
14:31:35 INFO  : 'fpga -state' command is executed.
14:31:35 INFO  : Connected to target on host '127.0.0.1' and port '3121'.
14:31:35 INFO  : Jtag cable 'Digilent Zed 210248686086' is selected.
14:31:35 INFO  : 'jtag frequency' command is executed.
14:31:35 INFO  : Sourcing of '/home/fabian/Documents/ensta/deuxieme/simple_axistream/viv/kmean/kmean.sdk/design_1_wrapper_hw_platform_0/ps7_init.tcl' is done.
14:31:35 INFO  : Context for 'APU' is selected.
14:31:35 INFO  : Hardware design information is loaded from '/home/fabian/Documents/ensta/deuxieme/simple_axistream/viv/kmean/kmean.sdk/design_1_wrapper_hw_platform_0/system.hdf'.
14:31:35 INFO  : 'configparams force-mem-access 1' command is executed.
14:31:35 INFO  : Context for 'APU' is selected.
14:31:35 INFO  : 'stop' command is executed.
14:31:36 INFO  : 'ps7_init' command is executed.
14:31:36 INFO  : 'ps7_post_config' command is executed.
14:31:36 INFO  : Context for processor 'ps7_cortexa9_0' is selected.
14:31:36 INFO  : Processor reset is completed for 'ps7_cortexa9_0'.
14:31:36 INFO  : Context for processor 'ps7_cortexa9_0' is selected.
14:31:36 INFO  : The application '/home/fabian/Documents/ensta/deuxieme/simple_axistream/viv/kmean/kmean.sdk/kmean/Debug/kmean.elf' is downloaded to processor 'ps7_cortexa9_0'.
14:31:36 INFO  : 'configparams force-mem-access 0' command is executed.
14:31:36 INFO  : ----------------XSDB Script----------------
connect -url tcp:127.0.0.1:3121
source /home/fabian/Documents/ensta/deuxieme/simple_axistream/viv/kmean/kmean.sdk/design_1_wrapper_hw_platform_0/ps7_init.tcl
targets -set -nocase -filter {name =~"APU*" && jtag_cable_name =~ "Digilent Zed 210248686086"} -index 0
loadhw -hw /home/fabian/Documents/ensta/deuxieme/simple_axistream/viv/kmean/kmean.sdk/design_1_wrapper_hw_platform_0/system.hdf -mem-ranges [list {0x40000000 0xbfffffff}]
configparams force-mem-access 1
targets -set -nocase -filter {name =~"APU*" && jtag_cable_name =~ "Digilent Zed 210248686086"} -index 0
stop
ps7_init
ps7_post_config
targets -set -nocase -filter {name =~ "ARM*#0" && jtag_cable_name =~ "Digilent Zed 210248686086"} -index 0
rst -processor
targets -set -nocase -filter {name =~ "ARM*#0" && jtag_cable_name =~ "Digilent Zed 210248686086"} -index 0
dow /home/fabian/Documents/ensta/deuxieme/simple_axistream/viv/kmean/kmean.sdk/kmean/Debug/kmean.elf
configparams force-mem-access 0
----------------End of Script----------------

14:31:36 INFO  : Context for processor 'ps7_cortexa9_0' is selected.
14:31:36 INFO  : 'con' command is executed.
14:31:36 INFO  : ----------------XSDB Script (After Launch)----------------
targets -set -nocase -filter {name =~ "ARM*#0" && jtag_cable_name =~ "Digilent Zed 210248686086"} -index 0
con
----------------End of Script----------------

14:31:36 INFO  : Disconnected from the channel tcfchan#1.
14:32:33 INFO  : Connected to target on host '127.0.0.1' and port '3121'.
14:32:33 INFO  : 'targets -set -filter {jtag_cable_name =~ "Digilent Zed 210248686086" && level==0} -index 1' command is executed.
14:32:35 INFO  : FPGA configured successfully with bitstream "/home/fabian/Documents/ensta/deuxieme/simple_axistream/viv/kmean/kmean.sdk/design_1_wrapper_hw_platform_0/design_1_wrapper.bit"
14:32:41 INFO  : 'targets -set -filter {jtag_cable_name =~ "Digilent Zed 210248686086" && level==0} -index 1' command is executed.
14:32:41 INFO  : 'fpga -state' command is executed.
14:32:41 INFO  : Connected to target on host '127.0.0.1' and port '3121'.
14:32:41 INFO  : Jtag cable 'Digilent Zed 210248686086' is selected.
14:32:41 INFO  : 'jtag frequency' command is executed.
14:32:41 INFO  : Sourcing of '/home/fabian/Documents/ensta/deuxieme/simple_axistream/viv/kmean/kmean.sdk/design_1_wrapper_hw_platform_0/ps7_init.tcl' is done.
14:32:41 INFO  : Context for 'APU' is selected.
14:32:41 INFO  : Hardware design information is loaded from '/home/fabian/Documents/ensta/deuxieme/simple_axistream/viv/kmean/kmean.sdk/design_1_wrapper_hw_platform_0/system.hdf'.
14:32:41 INFO  : 'configparams force-mem-access 1' command is executed.
14:32:41 INFO  : Context for 'APU' is selected.
14:32:41 INFO  : 'stop' command is executed.
14:32:42 INFO  : 'ps7_init' command is executed.
14:32:42 INFO  : 'ps7_post_config' command is executed.
14:32:42 INFO  : Context for processor 'ps7_cortexa9_0' is selected.
14:32:42 INFO  : Processor reset is completed for 'ps7_cortexa9_0'.
14:32:42 INFO  : Context for processor 'ps7_cortexa9_0' is selected.
14:32:42 INFO  : The application '/home/fabian/Documents/ensta/deuxieme/simple_axistream/viv/kmean/kmean.sdk/kmean/Debug/kmean.elf' is downloaded to processor 'ps7_cortexa9_0'.
14:32:42 INFO  : 'configparams force-mem-access 0' command is executed.
14:32:42 INFO  : ----------------XSDB Script----------------
connect -url tcp:127.0.0.1:3121
source /home/fabian/Documents/ensta/deuxieme/simple_axistream/viv/kmean/kmean.sdk/design_1_wrapper_hw_platform_0/ps7_init.tcl
targets -set -nocase -filter {name =~"APU*" && jtag_cable_name =~ "Digilent Zed 210248686086"} -index 0
loadhw -hw /home/fabian/Documents/ensta/deuxieme/simple_axistream/viv/kmean/kmean.sdk/design_1_wrapper_hw_platform_0/system.hdf -mem-ranges [list {0x40000000 0xbfffffff}]
configparams force-mem-access 1
targets -set -nocase -filter {name =~"APU*" && jtag_cable_name =~ "Digilent Zed 210248686086"} -index 0
stop
ps7_init
ps7_post_config
targets -set -nocase -filter {name =~ "ARM*#0" && jtag_cable_name =~ "Digilent Zed 210248686086"} -index 0
rst -processor
targets -set -nocase -filter {name =~ "ARM*#0" && jtag_cable_name =~ "Digilent Zed 210248686086"} -index 0
dow /home/fabian/Documents/ensta/deuxieme/simple_axistream/viv/kmean/kmean.sdk/kmean/Debug/kmean.elf
configparams force-mem-access 0
----------------End of Script----------------

14:32:42 INFO  : Context for processor 'ps7_cortexa9_0' is selected.
14:32:42 INFO  : 'con' command is executed.
14:32:42 INFO  : ----------------XSDB Script (After Launch)----------------
targets -set -nocase -filter {name =~ "ARM*#0" && jtag_cable_name =~ "Digilent Zed 210248686086"} -index 0
con
----------------End of Script----------------

14:32:42 INFO  : Disconnected from the channel tcfchan#2.
14:33:20 INFO  : Connected to target on host '127.0.0.1' and port '3121'.
14:33:21 INFO  : 'targets -set -filter {jtag_cable_name =~ "Digilent Zed 210248686086" && level==0} -index 1' command is executed.
14:33:23 INFO  : FPGA configured successfully with bitstream "/home/fabian/Documents/ensta/deuxieme/simple_axistream/viv/kmean/kmean.sdk/design_1_wrapper_hw_platform_0/design_1_wrapper.bit"
14:33:28 INFO  : 'targets -set -filter {jtag_cable_name =~ "Digilent Zed 210248686086" && level==0} -index 1' command is executed.
14:33:28 INFO  : 'fpga -state' command is executed.
14:33:28 INFO  : Connected to target on host '127.0.0.1' and port '3121'.
14:33:28 INFO  : Jtag cable 'Digilent Zed 210248686086' is selected.
14:33:28 INFO  : 'jtag frequency' command is executed.
14:33:28 INFO  : Sourcing of '/home/fabian/Documents/ensta/deuxieme/simple_axistream/viv/kmean/kmean.sdk/design_1_wrapper_hw_platform_0/ps7_init.tcl' is done.
14:33:28 INFO  : Context for 'APU' is selected.
14:33:28 INFO  : Hardware design information is loaded from '/home/fabian/Documents/ensta/deuxieme/simple_axistream/viv/kmean/kmean.sdk/design_1_wrapper_hw_platform_0/system.hdf'.
14:33:28 INFO  : 'configparams force-mem-access 1' command is executed.
14:33:28 INFO  : Context for 'APU' is selected.
14:33:28 INFO  : 'stop' command is executed.
14:33:28 INFO  : 'ps7_init' command is executed.
14:33:28 INFO  : 'ps7_post_config' command is executed.
14:33:28 INFO  : Context for processor 'ps7_cortexa9_0' is selected.
14:33:28 INFO  : Processor reset is completed for 'ps7_cortexa9_0'.
14:33:28 INFO  : Context for processor 'ps7_cortexa9_0' is selected.
14:33:28 INFO  : The application '/home/fabian/Documents/ensta/deuxieme/simple_axistream/viv/kmean/kmean.sdk/kmean/Debug/kmean.elf' is downloaded to processor 'ps7_cortexa9_0'.
14:33:28 INFO  : 'configparams force-mem-access 0' command is executed.
14:33:28 INFO  : ----------------XSDB Script----------------
connect -url tcp:127.0.0.1:3121
source /home/fabian/Documents/ensta/deuxieme/simple_axistream/viv/kmean/kmean.sdk/design_1_wrapper_hw_platform_0/ps7_init.tcl
targets -set -nocase -filter {name =~"APU*" && jtag_cable_name =~ "Digilent Zed 210248686086"} -index 0
loadhw -hw /home/fabian/Documents/ensta/deuxieme/simple_axistream/viv/kmean/kmean.sdk/design_1_wrapper_hw_platform_0/system.hdf -mem-ranges [list {0x40000000 0xbfffffff}]
configparams force-mem-access 1
targets -set -nocase -filter {name =~"APU*" && jtag_cable_name =~ "Digilent Zed 210248686086"} -index 0
stop
ps7_init
ps7_post_config
targets -set -nocase -filter {name =~ "ARM*#0" && jtag_cable_name =~ "Digilent Zed 210248686086"} -index 0
rst -processor
targets -set -nocase -filter {name =~ "ARM*#0" && jtag_cable_name =~ "Digilent Zed 210248686086"} -index 0
dow /home/fabian/Documents/ensta/deuxieme/simple_axistream/viv/kmean/kmean.sdk/kmean/Debug/kmean.elf
configparams force-mem-access 0
----------------End of Script----------------

14:33:29 INFO  : Context for processor 'ps7_cortexa9_0' is selected.
14:33:29 INFO  : 'con' command is executed.
14:33:29 INFO  : ----------------XSDB Script (After Launch)----------------
targets -set -nocase -filter {name =~ "ARM*#0" && jtag_cable_name =~ "Digilent Zed 210248686086"} -index 0
con
----------------End of Script----------------

14:33:29 INFO  : Disconnected from the channel tcfchan#3.
14:34:03 INFO  : 'targets -set -filter {jtag_cable_name =~ "Digilent Zed 210248686086" && level==0} -index 1' command is executed.
14:34:03 INFO  : 'fpga -state' command is executed.
14:34:03 INFO  : Connected to target on host '127.0.0.1' and port '3121'.
14:34:03 INFO  : Jtag cable 'Digilent Zed 210248686086' is selected.
14:34:03 INFO  : 'jtag frequency' command is executed.
14:34:03 INFO  : Sourcing of '/home/fabian/Documents/ensta/deuxieme/simple_axistream/viv/kmean/kmean.sdk/design_1_wrapper_hw_platform_0/ps7_init.tcl' is done.
14:34:03 INFO  : Context for 'APU' is selected.
14:34:03 INFO  : Hardware design information is loaded from '/home/fabian/Documents/ensta/deuxieme/simple_axistream/viv/kmean/kmean.sdk/design_1_wrapper_hw_platform_0/system.hdf'.
14:34:03 INFO  : 'configparams force-mem-access 1' command is executed.
14:34:03 INFO  : Context for 'APU' is selected.
14:34:03 INFO  : 'stop' command is executed.
14:34:03 INFO  : 'ps7_init' command is executed.
14:34:03 INFO  : 'ps7_post_config' command is executed.
14:34:03 INFO  : Context for processor 'ps7_cortexa9_0' is selected.
14:34:03 INFO  : Processor reset is completed for 'ps7_cortexa9_0'.
14:34:03 INFO  : Context for processor 'ps7_cortexa9_0' is selected.
14:34:04 INFO  : The application '/home/fabian/Documents/ensta/deuxieme/simple_axistream/viv/kmean/kmean.sdk/kmean/Debug/kmean.elf' is downloaded to processor 'ps7_cortexa9_0'.
14:34:04 INFO  : 'configparams force-mem-access 0' command is executed.
14:34:04 INFO  : ----------------XSDB Script----------------
connect -url tcp:127.0.0.1:3121
source /home/fabian/Documents/ensta/deuxieme/simple_axistream/viv/kmean/kmean.sdk/design_1_wrapper_hw_platform_0/ps7_init.tcl
targets -set -nocase -filter {name =~"APU*" && jtag_cable_name =~ "Digilent Zed 210248686086"} -index 0
loadhw -hw /home/fabian/Documents/ensta/deuxieme/simple_axistream/viv/kmean/kmean.sdk/design_1_wrapper_hw_platform_0/system.hdf -mem-ranges [list {0x40000000 0xbfffffff}]
configparams force-mem-access 1
targets -set -nocase -filter {name =~"APU*" && jtag_cable_name =~ "Digilent Zed 210248686086"} -index 0
stop
ps7_init
ps7_post_config
targets -set -nocase -filter {name =~ "ARM*#0" && jtag_cable_name =~ "Digilent Zed 210248686086"} -index 0
rst -processor
targets -set -nocase -filter {name =~ "ARM*#0" && jtag_cable_name =~ "Digilent Zed 210248686086"} -index 0
dow /home/fabian/Documents/ensta/deuxieme/simple_axistream/viv/kmean/kmean.sdk/kmean/Debug/kmean.elf
configparams force-mem-access 0
----------------End of Script----------------

14:34:04 INFO  : Context for processor 'ps7_cortexa9_0' is selected.
14:34:04 INFO  : 'con' command is executed.
14:34:04 INFO  : ----------------XSDB Script (After Launch)----------------
targets -set -nocase -filter {name =~ "ARM*#0" && jtag_cable_name =~ "Digilent Zed 210248686086"} -index 0
con
----------------End of Script----------------

14:34:04 INFO  : Disconnected from the channel tcfchan#4.
14:34:39 INFO  : 'targets -set -filter {jtag_cable_name =~ "Digilent Zed 210248686086" && level==0} -index 1' command is executed.
14:34:39 INFO  : 'fpga -state' command is executed.
14:34:39 INFO  : Connected to target on host '127.0.0.1' and port '3121'.
14:34:39 INFO  : Jtag cable 'Digilent Zed 210248686086' is selected.
14:34:39 INFO  : 'jtag frequency' command is executed.
14:34:39 INFO  : Sourcing of '/home/fabian/Documents/ensta/deuxieme/simple_axistream/viv/kmean/kmean.sdk/design_1_wrapper_hw_platform_0/ps7_init.tcl' is done.
14:34:39 INFO  : Context for 'APU' is selected.
14:34:39 INFO  : Hardware design information is loaded from '/home/fabian/Documents/ensta/deuxieme/simple_axistream/viv/kmean/kmean.sdk/design_1_wrapper_hw_platform_0/system.hdf'.
14:34:39 INFO  : 'configparams force-mem-access 1' command is executed.
14:34:39 INFO  : Context for 'APU' is selected.
14:34:39 INFO  : 'stop' command is executed.
14:34:39 INFO  : 'ps7_init' command is executed.
14:34:39 INFO  : 'ps7_post_config' command is executed.
14:34:39 INFO  : Context for processor 'ps7_cortexa9_0' is selected.
14:34:39 INFO  : Processor reset is completed for 'ps7_cortexa9_0'.
14:34:39 INFO  : Context for processor 'ps7_cortexa9_0' is selected.
14:34:40 INFO  : The application '/home/fabian/Documents/ensta/deuxieme/simple_axistream/viv/kmean/kmean.sdk/kmean/Debug/kmean.elf' is downloaded to processor 'ps7_cortexa9_0'.
14:34:40 INFO  : 'configparams force-mem-access 0' command is executed.
14:34:40 INFO  : ----------------XSDB Script----------------
connect -url tcp:127.0.0.1:3121
source /home/fabian/Documents/ensta/deuxieme/simple_axistream/viv/kmean/kmean.sdk/design_1_wrapper_hw_platform_0/ps7_init.tcl
targets -set -nocase -filter {name =~"APU*" && jtag_cable_name =~ "Digilent Zed 210248686086"} -index 0
loadhw -hw /home/fabian/Documents/ensta/deuxieme/simple_axistream/viv/kmean/kmean.sdk/design_1_wrapper_hw_platform_0/system.hdf -mem-ranges [list {0x40000000 0xbfffffff}]
configparams force-mem-access 1
targets -set -nocase -filter {name =~"APU*" && jtag_cable_name =~ "Digilent Zed 210248686086"} -index 0
stop
ps7_init
ps7_post_config
targets -set -nocase -filter {name =~ "ARM*#0" && jtag_cable_name =~ "Digilent Zed 210248686086"} -index 0
rst -processor
targets -set -nocase -filter {name =~ "ARM*#0" && jtag_cable_name =~ "Digilent Zed 210248686086"} -index 0
dow /home/fabian/Documents/ensta/deuxieme/simple_axistream/viv/kmean/kmean.sdk/kmean/Debug/kmean.elf
configparams force-mem-access 0
----------------End of Script----------------

14:34:40 INFO  : Context for processor 'ps7_cortexa9_0' is selected.
14:34:40 INFO  : 'con' command is executed.
14:34:40 INFO  : ----------------XSDB Script (After Launch)----------------
targets -set -nocase -filter {name =~ "ARM*#0" && jtag_cable_name =~ "Digilent Zed 210248686086"} -index 0
con
----------------End of Script----------------

14:34:40 INFO  : Disconnected from the channel tcfchan#5.
14:35:15 INFO  : 'targets -set -filter {jtag_cable_name =~ "Digilent Zed 210248686086" && level==0} -index 1' command is executed.
14:35:15 INFO  : 'fpga -state' command is executed.
14:35:15 INFO  : Connected to target on host '127.0.0.1' and port '3121'.
14:35:16 INFO  : Jtag cable 'Digilent Zed 210248686086' is selected.
14:35:16 INFO  : 'jtag frequency' command is executed.
14:35:16 INFO  : Sourcing of '/home/fabian/Documents/ensta/deuxieme/simple_axistream/viv/kmean/kmean.sdk/design_1_wrapper_hw_platform_0/ps7_init.tcl' is done.
14:35:16 INFO  : Context for 'APU' is selected.
14:35:16 INFO  : Hardware design information is loaded from '/home/fabian/Documents/ensta/deuxieme/simple_axistream/viv/kmean/kmean.sdk/design_1_wrapper_hw_platform_0/system.hdf'.
14:35:16 INFO  : 'configparams force-mem-access 1' command is executed.
14:35:16 INFO  : Context for 'APU' is selected.
14:35:16 INFO  : 'stop' command is executed.
14:35:16 INFO  : 'ps7_init' command is executed.
14:35:16 INFO  : 'ps7_post_config' command is executed.
14:35:16 INFO  : Context for processor 'ps7_cortexa9_0' is selected.
14:35:16 INFO  : Processor reset is completed for 'ps7_cortexa9_0'.
14:35:16 INFO  : Context for processor 'ps7_cortexa9_0' is selected.
14:35:16 INFO  : The application '/home/fabian/Documents/ensta/deuxieme/simple_axistream/viv/kmean/kmean.sdk/kmean/Debug/kmean.elf' is downloaded to processor 'ps7_cortexa9_0'.
14:35:16 INFO  : 'configparams force-mem-access 0' command is executed.
14:35:16 INFO  : ----------------XSDB Script----------------
connect -url tcp:127.0.0.1:3121
source /home/fabian/Documents/ensta/deuxieme/simple_axistream/viv/kmean/kmean.sdk/design_1_wrapper_hw_platform_0/ps7_init.tcl
targets -set -nocase -filter {name =~"APU*" && jtag_cable_name =~ "Digilent Zed 210248686086"} -index 0
loadhw -hw /home/fabian/Documents/ensta/deuxieme/simple_axistream/viv/kmean/kmean.sdk/design_1_wrapper_hw_platform_0/system.hdf -mem-ranges [list {0x40000000 0xbfffffff}]
configparams force-mem-access 1
targets -set -nocase -filter {name =~"APU*" && jtag_cable_name =~ "Digilent Zed 210248686086"} -index 0
stop
ps7_init
ps7_post_config
targets -set -nocase -filter {name =~ "ARM*#0" && jtag_cable_name =~ "Digilent Zed 210248686086"} -index 0
rst -processor
targets -set -nocase -filter {name =~ "ARM*#0" && jtag_cable_name =~ "Digilent Zed 210248686086"} -index 0
dow /home/fabian/Documents/ensta/deuxieme/simple_axistream/viv/kmean/kmean.sdk/kmean/Debug/kmean.elf
configparams force-mem-access 0
----------------End of Script----------------

14:35:16 INFO  : Context for processor 'ps7_cortexa9_0' is selected.
14:35:16 INFO  : 'con' command is executed.
14:35:16 INFO  : ----------------XSDB Script (After Launch)----------------
targets -set -nocase -filter {name =~ "ARM*#0" && jtag_cable_name =~ "Digilent Zed 210248686086"} -index 0
con
----------------End of Script----------------

14:35:16 INFO  : Disconnected from the channel tcfchan#6.
14:35:37 INFO  : 'targets -set -filter {jtag_cable_name =~ "Digilent Zed 210248686086" && level==0} -index 1' command is executed.
14:35:37 INFO  : 'fpga -state' command is executed.
14:35:37 INFO  : Connected to target on host '127.0.0.1' and port '3121'.
14:35:37 INFO  : Jtag cable 'Digilent Zed 210248686086' is selected.
14:35:37 INFO  : 'jtag frequency' command is executed.
14:35:37 INFO  : Sourcing of '/home/fabian/Documents/ensta/deuxieme/simple_axistream/viv/kmean/kmean.sdk/design_1_wrapper_hw_platform_0/ps7_init.tcl' is done.
14:35:37 INFO  : Context for 'APU' is selected.
14:35:37 INFO  : Hardware design information is loaded from '/home/fabian/Documents/ensta/deuxieme/simple_axistream/viv/kmean/kmean.sdk/design_1_wrapper_hw_platform_0/system.hdf'.
14:35:37 INFO  : 'configparams force-mem-access 1' command is executed.
14:35:37 INFO  : Context for 'APU' is selected.
14:35:37 INFO  : 'stop' command is executed.
14:35:37 INFO  : 'ps7_init' command is executed.
14:35:37 INFO  : 'ps7_post_config' command is executed.
14:35:37 INFO  : Context for processor 'ps7_cortexa9_0' is selected.
14:35:37 INFO  : Processor reset is completed for 'ps7_cortexa9_0'.
14:35:37 INFO  : Context for processor 'ps7_cortexa9_0' is selected.
14:35:38 INFO  : The application '/home/fabian/Documents/ensta/deuxieme/simple_axistream/viv/kmean/kmean.sdk/kmean/Debug/kmean.elf' is downloaded to processor 'ps7_cortexa9_0'.
14:35:38 INFO  : 'configparams force-mem-access 0' command is executed.
14:35:38 INFO  : ----------------XSDB Script----------------
connect -url tcp:127.0.0.1:3121
source /home/fabian/Documents/ensta/deuxieme/simple_axistream/viv/kmean/kmean.sdk/design_1_wrapper_hw_platform_0/ps7_init.tcl
targets -set -nocase -filter {name =~"APU*" && jtag_cable_name =~ "Digilent Zed 210248686086"} -index 0
loadhw -hw /home/fabian/Documents/ensta/deuxieme/simple_axistream/viv/kmean/kmean.sdk/design_1_wrapper_hw_platform_0/system.hdf -mem-ranges [list {0x40000000 0xbfffffff}]
configparams force-mem-access 1
targets -set -nocase -filter {name =~"APU*" && jtag_cable_name =~ "Digilent Zed 210248686086"} -index 0
stop
ps7_init
ps7_post_config
targets -set -nocase -filter {name =~ "ARM*#0" && jtag_cable_name =~ "Digilent Zed 210248686086"} -index 0
rst -processor
targets -set -nocase -filter {name =~ "ARM*#0" && jtag_cable_name =~ "Digilent Zed 210248686086"} -index 0
dow /home/fabian/Documents/ensta/deuxieme/simple_axistream/viv/kmean/kmean.sdk/kmean/Debug/kmean.elf
configparams force-mem-access 0
----------------End of Script----------------

14:35:38 INFO  : Context for processor 'ps7_cortexa9_0' is selected.
14:35:38 INFO  : 'con' command is executed.
14:35:38 INFO  : ----------------XSDB Script (After Launch)----------------
targets -set -nocase -filter {name =~ "ARM*#0" && jtag_cable_name =~ "Digilent Zed 210248686086"} -index 0
con
----------------End of Script----------------

14:35:38 INFO  : Disconnected from the channel tcfchan#7.
14:36:01 INFO  : 'targets -set -filter {jtag_cable_name =~ "Digilent Zed 210248686086" && level==0} -index 1' command is executed.
14:36:02 INFO  : 'fpga -state' command is executed.
14:36:02 INFO  : Connected to target on host '127.0.0.1' and port '3121'.
14:36:02 INFO  : Jtag cable 'Digilent Zed 210248686086' is selected.
14:36:02 INFO  : 'jtag frequency' command is executed.
14:36:02 INFO  : Sourcing of '/home/fabian/Documents/ensta/deuxieme/simple_axistream/viv/kmean/kmean.sdk/design_1_wrapper_hw_platform_0/ps7_init.tcl' is done.
14:36:02 INFO  : Context for 'APU' is selected.
14:36:02 INFO  : Hardware design information is loaded from '/home/fabian/Documents/ensta/deuxieme/simple_axistream/viv/kmean/kmean.sdk/design_1_wrapper_hw_platform_0/system.hdf'.
14:36:02 INFO  : 'configparams force-mem-access 1' command is executed.
14:36:02 INFO  : Context for 'APU' is selected.
14:36:02 INFO  : 'stop' command is executed.
14:36:02 INFO  : 'ps7_init' command is executed.
14:36:02 INFO  : 'ps7_post_config' command is executed.
14:36:02 INFO  : Context for processor 'ps7_cortexa9_0' is selected.
14:36:02 INFO  : Processor reset is completed for 'ps7_cortexa9_0'.
14:36:02 INFO  : Context for processor 'ps7_cortexa9_0' is selected.
14:36:02 INFO  : The application '/home/fabian/Documents/ensta/deuxieme/simple_axistream/viv/kmean/kmean.sdk/kmean/Debug/kmean.elf' is downloaded to processor 'ps7_cortexa9_0'.
14:36:02 INFO  : 'configparams force-mem-access 0' command is executed.
14:36:02 INFO  : ----------------XSDB Script----------------
connect -url tcp:127.0.0.1:3121
source /home/fabian/Documents/ensta/deuxieme/simple_axistream/viv/kmean/kmean.sdk/design_1_wrapper_hw_platform_0/ps7_init.tcl
targets -set -nocase -filter {name =~"APU*" && jtag_cable_name =~ "Digilent Zed 210248686086"} -index 0
loadhw -hw /home/fabian/Documents/ensta/deuxieme/simple_axistream/viv/kmean/kmean.sdk/design_1_wrapper_hw_platform_0/system.hdf -mem-ranges [list {0x40000000 0xbfffffff}]
configparams force-mem-access 1
targets -set -nocase -filter {name =~"APU*" && jtag_cable_name =~ "Digilent Zed 210248686086"} -index 0
stop
ps7_init
ps7_post_config
targets -set -nocase -filter {name =~ "ARM*#0" && jtag_cable_name =~ "Digilent Zed 210248686086"} -index 0
rst -processor
targets -set -nocase -filter {name =~ "ARM*#0" && jtag_cable_name =~ "Digilent Zed 210248686086"} -index 0
dow /home/fabian/Documents/ensta/deuxieme/simple_axistream/viv/kmean/kmean.sdk/kmean/Debug/kmean.elf
configparams force-mem-access 0
----------------End of Script----------------

14:36:02 INFO  : Context for processor 'ps7_cortexa9_0' is selected.
14:36:02 INFO  : 'con' command is executed.
14:36:02 INFO  : ----------------XSDB Script (After Launch)----------------
targets -set -nocase -filter {name =~ "ARM*#0" && jtag_cable_name =~ "Digilent Zed 210248686086"} -index 0
con
----------------End of Script----------------

14:36:02 INFO  : Disconnected from the channel tcfchan#8.
14:36:47 INFO  : 'targets -set -filter {jtag_cable_name =~ "Digilent Zed 210248686086" && level==0} -index 1' command is executed.
14:36:47 INFO  : 'fpga -state' command is executed.
14:36:47 INFO  : Connected to target on host '127.0.0.1' and port '3121'.
14:36:47 INFO  : Jtag cable 'Digilent Zed 210248686086' is selected.
14:36:47 INFO  : 'jtag frequency' command is executed.
14:36:47 INFO  : Sourcing of '/home/fabian/Documents/ensta/deuxieme/simple_axistream/viv/kmean/kmean.sdk/design_1_wrapper_hw_platform_0/ps7_init.tcl' is done.
14:36:47 INFO  : Context for 'APU' is selected.
14:36:47 INFO  : Hardware design information is loaded from '/home/fabian/Documents/ensta/deuxieme/simple_axistream/viv/kmean/kmean.sdk/design_1_wrapper_hw_platform_0/system.hdf'.
14:36:47 INFO  : 'configparams force-mem-access 1' command is executed.
14:36:47 INFO  : Context for 'APU' is selected.
14:36:47 INFO  : 'stop' command is executed.
14:36:48 INFO  : 'ps7_init' command is executed.
14:36:48 INFO  : 'ps7_post_config' command is executed.
14:36:48 INFO  : Context for processor 'ps7_cortexa9_0' is selected.
14:36:48 INFO  : Processor reset is completed for 'ps7_cortexa9_0'.
14:36:48 INFO  : Context for processor 'ps7_cortexa9_0' is selected.
14:36:48 INFO  : The application '/home/fabian/Documents/ensta/deuxieme/simple_axistream/viv/kmean/kmean.sdk/kmean/Debug/kmean.elf' is downloaded to processor 'ps7_cortexa9_0'.
14:36:48 INFO  : 'configparams force-mem-access 0' command is executed.
14:36:48 INFO  : ----------------XSDB Script----------------
connect -url tcp:127.0.0.1:3121
source /home/fabian/Documents/ensta/deuxieme/simple_axistream/viv/kmean/kmean.sdk/design_1_wrapper_hw_platform_0/ps7_init.tcl
targets -set -nocase -filter {name =~"APU*" && jtag_cable_name =~ "Digilent Zed 210248686086"} -index 0
loadhw -hw /home/fabian/Documents/ensta/deuxieme/simple_axistream/viv/kmean/kmean.sdk/design_1_wrapper_hw_platform_0/system.hdf -mem-ranges [list {0x40000000 0xbfffffff}]
configparams force-mem-access 1
targets -set -nocase -filter {name =~"APU*" && jtag_cable_name =~ "Digilent Zed 210248686086"} -index 0
stop
ps7_init
ps7_post_config
targets -set -nocase -filter {name =~ "ARM*#0" && jtag_cable_name =~ "Digilent Zed 210248686086"} -index 0
rst -processor
targets -set -nocase -filter {name =~ "ARM*#0" && jtag_cable_name =~ "Digilent Zed 210248686086"} -index 0
dow /home/fabian/Documents/ensta/deuxieme/simple_axistream/viv/kmean/kmean.sdk/kmean/Debug/kmean.elf
configparams force-mem-access 0
----------------End of Script----------------

14:36:48 INFO  : Context for processor 'ps7_cortexa9_0' is selected.
14:36:48 INFO  : 'con' command is executed.
14:36:48 INFO  : ----------------XSDB Script (After Launch)----------------
targets -set -nocase -filter {name =~ "ARM*#0" && jtag_cable_name =~ "Digilent Zed 210248686086"} -index 0
con
----------------End of Script----------------

14:36:48 INFO  : Disconnected from the channel tcfchan#9.
14:37:14 INFO  : 'targets -set -filter {jtag_cable_name =~ "Digilent Zed 210248686086" && level==0} -index 1' command is executed.
14:37:14 INFO  : 'fpga -state' command is executed.
14:37:14 INFO  : Connected to target on host '127.0.0.1' and port '3121'.
14:37:14 INFO  : Jtag cable 'Digilent Zed 210248686086' is selected.
14:37:14 INFO  : 'jtag frequency' command is executed.
14:37:14 INFO  : Sourcing of '/home/fabian/Documents/ensta/deuxieme/simple_axistream/viv/kmean/kmean.sdk/design_1_wrapper_hw_platform_0/ps7_init.tcl' is done.
14:37:14 INFO  : Context for 'APU' is selected.
14:37:14 INFO  : Hardware design information is loaded from '/home/fabian/Documents/ensta/deuxieme/simple_axistream/viv/kmean/kmean.sdk/design_1_wrapper_hw_platform_0/system.hdf'.
14:37:14 INFO  : 'configparams force-mem-access 1' command is executed.
14:37:14 INFO  : Context for 'APU' is selected.
14:37:14 INFO  : 'stop' command is executed.
14:37:15 INFO  : 'ps7_init' command is executed.
14:37:15 INFO  : 'ps7_post_config' command is executed.
14:37:15 INFO  : Context for processor 'ps7_cortexa9_0' is selected.
14:37:15 INFO  : Processor reset is completed for 'ps7_cortexa9_0'.
14:37:15 INFO  : Context for processor 'ps7_cortexa9_0' is selected.
14:37:15 INFO  : The application '/home/fabian/Documents/ensta/deuxieme/simple_axistream/viv/kmean/kmean.sdk/kmean/Debug/kmean.elf' is downloaded to processor 'ps7_cortexa9_0'.
14:37:15 INFO  : 'configparams force-mem-access 0' command is executed.
14:37:15 INFO  : ----------------XSDB Script----------------
connect -url tcp:127.0.0.1:3121
source /home/fabian/Documents/ensta/deuxieme/simple_axistream/viv/kmean/kmean.sdk/design_1_wrapper_hw_platform_0/ps7_init.tcl
targets -set -nocase -filter {name =~"APU*" && jtag_cable_name =~ "Digilent Zed 210248686086"} -index 0
loadhw -hw /home/fabian/Documents/ensta/deuxieme/simple_axistream/viv/kmean/kmean.sdk/design_1_wrapper_hw_platform_0/system.hdf -mem-ranges [list {0x40000000 0xbfffffff}]
configparams force-mem-access 1
targets -set -nocase -filter {name =~"APU*" && jtag_cable_name =~ "Digilent Zed 210248686086"} -index 0
stop
ps7_init
ps7_post_config
targets -set -nocase -filter {name =~ "ARM*#0" && jtag_cable_name =~ "Digilent Zed 210248686086"} -index 0
rst -processor
targets -set -nocase -filter {name =~ "ARM*#0" && jtag_cable_name =~ "Digilent Zed 210248686086"} -index 0
dow /home/fabian/Documents/ensta/deuxieme/simple_axistream/viv/kmean/kmean.sdk/kmean/Debug/kmean.elf
configparams force-mem-access 0
----------------End of Script----------------

14:37:15 INFO  : Context for processor 'ps7_cortexa9_0' is selected.
14:37:15 INFO  : 'con' command is executed.
14:37:15 INFO  : ----------------XSDB Script (After Launch)----------------
targets -set -nocase -filter {name =~ "ARM*#0" && jtag_cable_name =~ "Digilent Zed 210248686086"} -index 0
con
----------------End of Script----------------

14:37:15 INFO  : Disconnected from the channel tcfchan#10.
14:38:08 INFO  : 'targets -set -filter {jtag_cable_name =~ "Digilent Zed 210248686086" && level==0} -index 1' command is executed.
14:38:08 INFO  : 'fpga -state' command is executed.
14:38:08 INFO  : Connected to target on host '127.0.0.1' and port '3121'.
14:38:08 INFO  : Jtag cable 'Digilent Zed 210248686086' is selected.
14:38:08 INFO  : 'jtag frequency' command is executed.
14:38:08 INFO  : Sourcing of '/home/fabian/Documents/ensta/deuxieme/simple_axistream/viv/kmean/kmean.sdk/design_1_wrapper_hw_platform_0/ps7_init.tcl' is done.
14:38:08 INFO  : Context for 'APU' is selected.
14:38:08 INFO  : Hardware design information is loaded from '/home/fabian/Documents/ensta/deuxieme/simple_axistream/viv/kmean/kmean.sdk/design_1_wrapper_hw_platform_0/system.hdf'.
14:38:08 INFO  : 'configparams force-mem-access 1' command is executed.
14:38:08 INFO  : Context for 'APU' is selected.
14:38:08 INFO  : 'stop' command is executed.
14:38:09 INFO  : 'ps7_init' command is executed.
14:38:09 INFO  : 'ps7_post_config' command is executed.
14:38:09 INFO  : Context for processor 'ps7_cortexa9_0' is selected.
14:38:09 INFO  : Processor reset is completed for 'ps7_cortexa9_0'.
14:38:09 INFO  : Context for processor 'ps7_cortexa9_0' is selected.
14:38:09 INFO  : The application '/home/fabian/Documents/ensta/deuxieme/simple_axistream/viv/kmean/kmean.sdk/kmean/Debug/kmean.elf' is downloaded to processor 'ps7_cortexa9_0'.
14:38:09 INFO  : 'configparams force-mem-access 0' command is executed.
14:38:09 INFO  : ----------------XSDB Script----------------
connect -url tcp:127.0.0.1:3121
source /home/fabian/Documents/ensta/deuxieme/simple_axistream/viv/kmean/kmean.sdk/design_1_wrapper_hw_platform_0/ps7_init.tcl
targets -set -nocase -filter {name =~"APU*" && jtag_cable_name =~ "Digilent Zed 210248686086"} -index 0
loadhw -hw /home/fabian/Documents/ensta/deuxieme/simple_axistream/viv/kmean/kmean.sdk/design_1_wrapper_hw_platform_0/system.hdf -mem-ranges [list {0x40000000 0xbfffffff}]
configparams force-mem-access 1
targets -set -nocase -filter {name =~"APU*" && jtag_cable_name =~ "Digilent Zed 210248686086"} -index 0
stop
ps7_init
ps7_post_config
targets -set -nocase -filter {name =~ "ARM*#0" && jtag_cable_name =~ "Digilent Zed 210248686086"} -index 0
rst -processor
targets -set -nocase -filter {name =~ "ARM*#0" && jtag_cable_name =~ "Digilent Zed 210248686086"} -index 0
dow /home/fabian/Documents/ensta/deuxieme/simple_axistream/viv/kmean/kmean.sdk/kmean/Debug/kmean.elf
configparams force-mem-access 0
----------------End of Script----------------

14:38:09 INFO  : Context for processor 'ps7_cortexa9_0' is selected.
14:38:09 INFO  : 'con' command is executed.
14:38:09 INFO  : ----------------XSDB Script (After Launch)----------------
targets -set -nocase -filter {name =~ "ARM*#0" && jtag_cable_name =~ "Digilent Zed 210248686086"} -index 0
con
----------------End of Script----------------

14:38:09 INFO  : Disconnected from the channel tcfchan#11.
14:40:51 INFO  : 'targets -set -filter {jtag_cable_name =~ "Digilent Zed 210248686086" && level==0} -index 1' command is executed.
14:40:51 INFO  : 'fpga -state' command is executed.
14:40:51 INFO  : Connected to target on host '127.0.0.1' and port '3121'.
14:40:51 INFO  : Jtag cable 'Digilent Zed 210248686086' is selected.
14:40:51 INFO  : 'jtag frequency' command is executed.
14:40:51 INFO  : Sourcing of '/home/fabian/Documents/ensta/deuxieme/simple_axistream/viv/kmean/kmean.sdk/design_1_wrapper_hw_platform_0/ps7_init.tcl' is done.
14:40:51 INFO  : Context for 'APU' is selected.
14:40:51 INFO  : Hardware design information is loaded from '/home/fabian/Documents/ensta/deuxieme/simple_axistream/viv/kmean/kmean.sdk/design_1_wrapper_hw_platform_0/system.hdf'.
14:40:51 INFO  : 'configparams force-mem-access 1' command is executed.
14:40:51 INFO  : Context for 'APU' is selected.
14:40:51 INFO  : 'stop' command is executed.
14:40:51 INFO  : 'ps7_init' command is executed.
14:40:51 INFO  : 'ps7_post_config' command is executed.
14:40:51 INFO  : Context for processor 'ps7_cortexa9_0' is selected.
14:40:51 INFO  : Processor reset is completed for 'ps7_cortexa9_0'.
14:40:51 INFO  : Context for processor 'ps7_cortexa9_0' is selected.
14:40:52 INFO  : The application '/home/fabian/Documents/ensta/deuxieme/simple_axistream/viv/kmean/kmean.sdk/kmean/Debug/kmean.elf' is downloaded to processor 'ps7_cortexa9_0'.
14:40:52 INFO  : 'configparams force-mem-access 0' command is executed.
14:40:52 INFO  : ----------------XSDB Script----------------
connect -url tcp:127.0.0.1:3121
source /home/fabian/Documents/ensta/deuxieme/simple_axistream/viv/kmean/kmean.sdk/design_1_wrapper_hw_platform_0/ps7_init.tcl
targets -set -nocase -filter {name =~"APU*" && jtag_cable_name =~ "Digilent Zed 210248686086"} -index 0
loadhw -hw /home/fabian/Documents/ensta/deuxieme/simple_axistream/viv/kmean/kmean.sdk/design_1_wrapper_hw_platform_0/system.hdf -mem-ranges [list {0x40000000 0xbfffffff}]
configparams force-mem-access 1
targets -set -nocase -filter {name =~"APU*" && jtag_cable_name =~ "Digilent Zed 210248686086"} -index 0
stop
ps7_init
ps7_post_config
targets -set -nocase -filter {name =~ "ARM*#0" && jtag_cable_name =~ "Digilent Zed 210248686086"} -index 0
rst -processor
targets -set -nocase -filter {name =~ "ARM*#0" && jtag_cable_name =~ "Digilent Zed 210248686086"} -index 0
dow /home/fabian/Documents/ensta/deuxieme/simple_axistream/viv/kmean/kmean.sdk/kmean/Debug/kmean.elf
configparams force-mem-access 0
----------------End of Script----------------

14:40:52 INFO  : Context for processor 'ps7_cortexa9_0' is selected.
14:40:52 INFO  : 'con' command is executed.
14:40:52 INFO  : ----------------XSDB Script (After Launch)----------------
targets -set -nocase -filter {name =~ "ARM*#0" && jtag_cable_name =~ "Digilent Zed 210248686086"} -index 0
con
----------------End of Script----------------

14:40:52 INFO  : Disconnected from the channel tcfchan#12.
16:10:10 INFO  : Registering command handlers for SDK TCF services
16:10:11 INFO  : Launching XSCT server: xsct -n -interactive /home/fabian/Documents/ensta/deuxieme/simple_axistream/viv/kmean/kmean.sdk/temp_xsdb_launch_script.tcl
16:10:13 INFO  : XSCT server has started successfully.
16:10:14 INFO  : Successfully done setting XSCT server connection channel  
16:10:14 INFO  : Successfully done setting SDK workspace  
16:10:14 INFO  : Processing command line option -hwspec /home/fabian/Documents/ensta/deuxieme/simple_axistream/viv/kmean/kmean.sdk/design_1_wrapper.hdf.
16:10:14 INFO  : Checking for hwspec changes in the project design_1_wrapper_hw_platform_0.
16:10:16 INFO  : SDK has detected change in the last modified timestamps for source hardware specification file Source:1543503582000,  Project:1543497990000
16:10:16 INFO  : The hardware specification for project 'design_1_wrapper_hw_platform_0' is different from /home/fabian/Documents/ensta/deuxieme/simple_axistream/viv/kmean/kmean.sdk/design_1_wrapper.hdf.
16:10:16 INFO  : Copied contents of /home/fabian/Documents/ensta/deuxieme/simple_axistream/viv/kmean/kmean.sdk/design_1_wrapper.hdf into /design_1_wrapper_hw_platform_0/system.hdf.
16:10:19 INFO  : Synchronizing projects in the workspace with the hardware platform specification changes.
16:10:20 INFO  : 
16:10:21 INFO  : Updating hardware inferred compiler options for kmean.
16:10:21 INFO  : Clearing existing target manager status.
16:10:27 INFO  : Connected to target on host '127.0.0.1' and port '3121'.
16:10:27 INFO  : 'targets -set -filter {jtag_cable_name =~ "Digilent Zed 210248686086" && level==0} -index 1' command is executed.
16:10:30 INFO  : FPGA configured successfully with bitstream "/home/fabian/Documents/ensta/deuxieme/simple_axistream/viv/kmean/kmean.sdk/design_1_wrapper_hw_platform_0/design_1_wrapper.bit"
16:11:09 INFO  : 'targets -set -filter {jtag_cable_name =~ "Digilent Zed 210248686086" && level==0} -index 1' command is executed.
16:11:09 INFO  : 'fpga -state' command is executed.
16:11:09 INFO  : Connected to target on host '127.0.0.1' and port '3121'.
16:11:09 INFO  : Jtag cable 'Digilent Zed 210248686086' is selected.
16:11:09 INFO  : 'jtag frequency' command is executed.
16:11:09 INFO  : Sourcing of '/home/fabian/Documents/ensta/deuxieme/simple_axistream/viv/kmean/kmean.sdk/design_1_wrapper_hw_platform_0/ps7_init.tcl' is done.
16:11:09 INFO  : Context for 'APU' is selected.
16:11:09 INFO  : Hardware design information is loaded from '/home/fabian/Documents/ensta/deuxieme/simple_axistream/viv/kmean/kmean.sdk/design_1_wrapper_hw_platform_0/system.hdf'.
16:11:09 INFO  : 'configparams force-mem-access 1' command is executed.
16:11:09 INFO  : Context for 'APU' is selected.
16:11:09 INFO  : 'stop' command is executed.
16:11:09 INFO  : 'ps7_init' command is executed.
16:11:09 INFO  : 'ps7_post_config' command is executed.
16:11:09 INFO  : Context for processor 'ps7_cortexa9_0' is selected.
16:11:09 INFO  : Processor reset is completed for 'ps7_cortexa9_0'.
16:11:09 INFO  : Context for processor 'ps7_cortexa9_0' is selected.
16:11:10 INFO  : The application '/home/fabian/Documents/ensta/deuxieme/simple_axistream/viv/kmean/kmean.sdk/kmean/Debug/kmean.elf' is downloaded to processor 'ps7_cortexa9_0'.
16:11:10 INFO  : 'configparams force-mem-access 0' command is executed.
16:11:10 INFO  : ----------------XSDB Script----------------
connect -url tcp:127.0.0.1:3121
source /home/fabian/Documents/ensta/deuxieme/simple_axistream/viv/kmean/kmean.sdk/design_1_wrapper_hw_platform_0/ps7_init.tcl
targets -set -nocase -filter {name =~"APU*" && jtag_cable_name =~ "Digilent Zed 210248686086"} -index 0
loadhw -hw /home/fabian/Documents/ensta/deuxieme/simple_axistream/viv/kmean/kmean.sdk/design_1_wrapper_hw_platform_0/system.hdf -mem-ranges [list {0x40000000 0xbfffffff}]
configparams force-mem-access 1
targets -set -nocase -filter {name =~"APU*" && jtag_cable_name =~ "Digilent Zed 210248686086"} -index 0
stop
ps7_init
ps7_post_config
targets -set -nocase -filter {name =~ "ARM*#0" && jtag_cable_name =~ "Digilent Zed 210248686086"} -index 0
rst -processor
targets -set -nocase -filter {name =~ "ARM*#0" && jtag_cable_name =~ "Digilent Zed 210248686086"} -index 0
dow /home/fabian/Documents/ensta/deuxieme/simple_axistream/viv/kmean/kmean.sdk/kmean/Debug/kmean.elf
configparams force-mem-access 0
----------------End of Script----------------

16:11:10 INFO  : Context for processor 'ps7_cortexa9_0' is selected.
16:11:10 INFO  : 'con' command is executed.
16:11:10 INFO  : ----------------XSDB Script (After Launch)----------------
targets -set -nocase -filter {name =~ "ARM*#0" && jtag_cable_name =~ "Digilent Zed 210248686086"} -index 0
con
----------------End of Script----------------

16:11:10 INFO  : Disconnected from the channel tcfchan#1.
