
*** Running vivado
    with args -log design_1_doKmean_0_1.vds -m64 -product Vivado -mode batch -messageDb vivado.pb -notrace -source design_1_doKmean_0_1.tcl


****** Vivado v2018.2 (64-bit)
  **** SW Build 2258646 on Thu Jun 14 20:02:38 MDT 2018
  **** IP Build 2256618 on Thu Jun 14 22:10:49 MDT 2018
    ** Copyright 1986-2018 Xilinx, Inc. All Rights Reserved.

source design_1_doKmean_0_1.tcl -notrace
Command: synth_design -top design_1_doKmean_0_1 -part xc7z020clg484-1 -mode out_of_context
Starting synth_design
Attempting to get a license for feature 'Synthesis' and/or device 'xc7z020'
INFO: [Common 17-349] Got license for feature 'Synthesis' and/or device 'xc7z020'
INFO: Launching helper process for spawning children vivado processes
INFO: Helper process launched with PID 6095 
---------------------------------------------------------------------------------
Starting RTL Elaboration : Time (s): cpu = 00:00:02 ; elapsed = 00:00:02 . Memory (MB): peak = 1293.805 ; gain = 82.707 ; free physical = 1751 ; free virtual = 3478
---------------------------------------------------------------------------------
INFO: [Synth 8-638] synthesizing module 'design_1_doKmean_0_1' [/home/fabian/Documents/ensta/deuxieme/simple_axistream/viv/kmean/kmean.srcs/sources_1/bd/design_1/ip/design_1_doKmean_0_1/synth/design_1_doKmean_0_1.vhd:99]
	Parameter C_S_AXI_CRTL_BUS_ADDR_WIDTH bound to: 5 - type: integer 
	Parameter C_S_AXI_CRTL_BUS_DATA_WIDTH bound to: 32 - type: integer 
INFO: [Synth 8-3491] module 'doKmean' declared at '/home/fabian/Documents/ensta/deuxieme/simple_axistream/viv/kmean/kmean.srcs/sources_1/bd/design_1/ipshared/81c9/hdl/vhdl/doKmean.vhd:12' bound to instance 'U0' of component 'doKmean' [/home/fabian/Documents/ensta/deuxieme/simple_axistream/viv/kmean/kmean.srcs/sources_1/bd/design_1/ip/design_1_doKmean_0_1/synth/design_1_doKmean_0_1.vhd:207]
INFO: [Synth 8-638] synthesizing module 'doKmean' [/home/fabian/Documents/ensta/deuxieme/simple_axistream/viv/kmean/kmean.srcs/sources_1/bd/design_1/ipshared/81c9/hdl/vhdl/doKmean.vhd:58]
	Parameter C_S_AXI_CRTL_BUS_ADDR_WIDTH bound to: 5 - type: integer 
	Parameter C_S_AXI_CRTL_BUS_DATA_WIDTH bound to: 32 - type: integer 
INFO: [Synth 8-5534] Detected attribute (* fsm_encoding = "none" *) [/home/fabian/Documents/ensta/deuxieme/simple_axistream/viv/kmean/kmean.srcs/sources_1/bd/design_1/ipshared/81c9/hdl/vhdl/doKmean.vhd:126]
INFO: [Synth 8-5534] Detected attribute (* fsm_encoding = "none" *) [/home/fabian/Documents/ensta/deuxieme/simple_axistream/viv/kmean/kmean.srcs/sources_1/bd/design_1/ipshared/81c9/hdl/vhdl/doKmean.vhd:129]
INFO: [Synth 8-5534] Detected attribute (* fsm_encoding = "none" *) [/home/fabian/Documents/ensta/deuxieme/simple_axistream/viv/kmean/kmean.srcs/sources_1/bd/design_1/ipshared/81c9/hdl/vhdl/doKmean.vhd:335]
INFO: [Synth 8-5534] Detected attribute (* fsm_encoding = "none" *) [/home/fabian/Documents/ensta/deuxieme/simple_axistream/viv/kmean/kmean.srcs/sources_1/bd/design_1/ipshared/81c9/hdl/vhdl/doKmean.vhd:337]
INFO: [Synth 8-5534] Detected attribute (* fsm_encoding = "none" *) [/home/fabian/Documents/ensta/deuxieme/simple_axistream/viv/kmean/kmean.srcs/sources_1/bd/design_1/ipshared/81c9/hdl/vhdl/doKmean.vhd:340]
INFO: [Synth 8-5534] Detected attribute (* fsm_encoding = "none" *) [/home/fabian/Documents/ensta/deuxieme/simple_axistream/viv/kmean/kmean.srcs/sources_1/bd/design_1/ipshared/81c9/hdl/vhdl/doKmean.vhd:342]
INFO: [Synth 8-5534] Detected attribute (* fsm_encoding = "none" *) [/home/fabian/Documents/ensta/deuxieme/simple_axistream/viv/kmean/kmean.srcs/sources_1/bd/design_1/ipshared/81c9/hdl/vhdl/doKmean.vhd:347]
INFO: [Synth 8-5534] Detected attribute (* fsm_encoding = "none" *) [/home/fabian/Documents/ensta/deuxieme/simple_axistream/viv/kmean/kmean.srcs/sources_1/bd/design_1/ipshared/81c9/hdl/vhdl/doKmean.vhd:356]
INFO: [Synth 8-5534] Detected attribute (* fsm_encoding = "none" *) [/home/fabian/Documents/ensta/deuxieme/simple_axistream/viv/kmean/kmean.srcs/sources_1/bd/design_1/ipshared/81c9/hdl/vhdl/doKmean.vhd:365]
INFO: [Synth 8-5534] Detected attribute (* fsm_encoding = "none" *) [/home/fabian/Documents/ensta/deuxieme/simple_axistream/viv/kmean/kmean.srcs/sources_1/bd/design_1/ipshared/81c9/hdl/vhdl/doKmean.vhd:371]
INFO: [Synth 8-5534] Detected attribute (* fsm_encoding = "none" *) [/home/fabian/Documents/ensta/deuxieme/simple_axistream/viv/kmean/kmean.srcs/sources_1/bd/design_1/ipshared/81c9/hdl/vhdl/doKmean.vhd:378]
INFO: [Synth 8-5534] Detected attribute (* fsm_encoding = "none" *) [/home/fabian/Documents/ensta/deuxieme/simple_axistream/viv/kmean/kmean.srcs/sources_1/bd/design_1/ipshared/81c9/hdl/vhdl/doKmean.vhd:381]
INFO: [Synth 8-5534] Detected attribute (* fsm_encoding = "none" *) [/home/fabian/Documents/ensta/deuxieme/simple_axistream/viv/kmean/kmean.srcs/sources_1/bd/design_1/ipshared/81c9/hdl/vhdl/doKmean.vhd:384]
INFO: [Synth 8-5534] Detected attribute (* fsm_encoding = "none" *) [/home/fabian/Documents/ensta/deuxieme/simple_axistream/viv/kmean/kmean.srcs/sources_1/bd/design_1/ipshared/81c9/hdl/vhdl/doKmean.vhd:387]
INFO: [Synth 8-5534] Detected attribute (* fsm_encoding = "none" *) [/home/fabian/Documents/ensta/deuxieme/simple_axistream/viv/kmean/kmean.srcs/sources_1/bd/design_1/ipshared/81c9/hdl/vhdl/doKmean.vhd:392]
INFO: [Synth 8-5534] Detected attribute (* fsm_encoding = "none" *) [/home/fabian/Documents/ensta/deuxieme/simple_axistream/viv/kmean/kmean.srcs/sources_1/bd/design_1/ipshared/81c9/hdl/vhdl/doKmean.vhd:396]
	Parameter DataWidth bound to: 32 - type: integer 
	Parameter AddressRange bound to: 1000 - type: integer 
	Parameter AddressWidth bound to: 10 - type: integer 
INFO: [Synth 8-3491] module 'doKmean_points' declared at '/home/fabian/Documents/ensta/deuxieme/simple_axistream/viv/kmean/kmean.srcs/sources_1/bd/design_1/ipshared/81c9/hdl/vhdl/doKmean_points.vhd:76' bound to instance 'points_U' of component 'doKmean_points' [/home/fabian/Documents/ensta/deuxieme/simple_axistream/viv/kmean/kmean.srcs/sources_1/bd/design_1/ipshared/81c9/hdl/vhdl/doKmean.vhd:531]
INFO: [Synth 8-638] synthesizing module 'doKmean_points' [/home/fabian/Documents/ensta/deuxieme/simple_axistream/viv/kmean/kmean.srcs/sources_1/bd/design_1/ipshared/81c9/hdl/vhdl/doKmean_points.vhd:91]
	Parameter DataWidth bound to: 32 - type: integer 
	Parameter AddressRange bound to: 1000 - type: integer 
	Parameter AddressWidth bound to: 10 - type: integer 
INFO: [Synth 8-3491] module 'doKmean_points_ram' declared at '/home/fabian/Documents/ensta/deuxieme/simple_axistream/viv/kmean/kmean.srcs/sources_1/bd/design_1/ipshared/81c9/hdl/vhdl/doKmean_points.vhd:13' bound to instance 'doKmean_points_ram_U' of component 'doKmean_points_ram' [/home/fabian/Documents/ensta/deuxieme/simple_axistream/viv/kmean/kmean.srcs/sources_1/bd/design_1/ipshared/81c9/hdl/vhdl/doKmean_points.vhd:105]
INFO: [Synth 8-638] synthesizing module 'doKmean_points_ram' [/home/fabian/Documents/ensta/deuxieme/simple_axistream/viv/kmean/kmean.srcs/sources_1/bd/design_1/ipshared/81c9/hdl/vhdl/doKmean_points.vhd:31]
	Parameter MEM_TYPE bound to: block - type: string 
	Parameter DWIDTH bound to: 32 - type: integer 
	Parameter AWIDTH bound to: 10 - type: integer 
	Parameter MEM_SIZE bound to: 1000 - type: integer 
INFO: [Synth 8-256] done synthesizing module 'doKmean_points_ram' (1#1) [/home/fabian/Documents/ensta/deuxieme/simple_axistream/viv/kmean/kmean.srcs/sources_1/bd/design_1/ipshared/81c9/hdl/vhdl/doKmean_points.vhd:31]
INFO: [Synth 8-256] done synthesizing module 'doKmean_points' (2#1) [/home/fabian/Documents/ensta/deuxieme/simple_axistream/viv/kmean/kmean.srcs/sources_1/bd/design_1/ipshared/81c9/hdl/vhdl/doKmean_points.vhd:91]
	Parameter DataWidth bound to: 32 - type: integer 
	Parameter AddressRange bound to: 1000 - type: integer 
	Parameter AddressWidth bound to: 10 - type: integer 
INFO: [Synth 8-3491] module 'doKmean_centroids' declared at '/home/fabian/Documents/ensta/deuxieme/simple_axistream/viv/kmean/kmean.srcs/sources_1/bd/design_1/ipshared/81c9/hdl/vhdl/doKmean_centroids.vhd:62' bound to instance 'centroids_U' of component 'doKmean_centroids' [/home/fabian/Documents/ensta/deuxieme/simple_axistream/viv/kmean/kmean.srcs/sources_1/bd/design_1/ipshared/81c9/hdl/vhdl/doKmean.vhd:545]
INFO: [Synth 8-638] synthesizing module 'doKmean_centroids' [/home/fabian/Documents/ensta/deuxieme/simple_axistream/viv/kmean/kmean.srcs/sources_1/bd/design_1/ipshared/81c9/hdl/vhdl/doKmean_centroids.vhd:76]
	Parameter DataWidth bound to: 32 - type: integer 
	Parameter AddressRange bound to: 1000 - type: integer 
	Parameter AddressWidth bound to: 10 - type: integer 
INFO: [Synth 8-3491] module 'doKmean_centroids_ram' declared at '/home/fabian/Documents/ensta/deuxieme/simple_axistream/viv/kmean/kmean.srcs/sources_1/bd/design_1/ipshared/81c9/hdl/vhdl/doKmean_centroids.vhd:13' bound to instance 'doKmean_centroids_ram_U' of component 'doKmean_centroids_ram' [/home/fabian/Documents/ensta/deuxieme/simple_axistream/viv/kmean/kmean.srcs/sources_1/bd/design_1/ipshared/81c9/hdl/vhdl/doKmean_centroids.vhd:89]
INFO: [Synth 8-638] synthesizing module 'doKmean_centroids_ram' [/home/fabian/Documents/ensta/deuxieme/simple_axistream/viv/kmean/kmean.srcs/sources_1/bd/design_1/ipshared/81c9/hdl/vhdl/doKmean_centroids.vhd:30]
	Parameter MEM_TYPE bound to: block - type: string 
	Parameter DWIDTH bound to: 32 - type: integer 
	Parameter AWIDTH bound to: 10 - type: integer 
	Parameter MEM_SIZE bound to: 1000 - type: integer 
INFO: [Synth 8-256] done synthesizing module 'doKmean_centroids_ram' (3#1) [/home/fabian/Documents/ensta/deuxieme/simple_axistream/viv/kmean/kmean.srcs/sources_1/bd/design_1/ipshared/81c9/hdl/vhdl/doKmean_centroids.vhd:30]
INFO: [Synth 8-256] done synthesizing module 'doKmean_centroids' (4#1) [/home/fabian/Documents/ensta/deuxieme/simple_axistream/viv/kmean/kmean.srcs/sources_1/bd/design_1/ipshared/81c9/hdl/vhdl/doKmean_centroids.vhd:76]
	Parameter DataWidth bound to: 32 - type: integer 
	Parameter AddressRange bound to: 101 - type: integer 
	Parameter AddressWidth bound to: 7 - type: integer 
INFO: [Synth 8-3491] module 'doKmean_results' declared at '/home/fabian/Documents/ensta/deuxieme/simple_axistream/viv/kmean/kmean.srcs/sources_1/bd/design_1/ipshared/81c9/hdl/vhdl/doKmean_results.vhd:76' bound to instance 'results_U' of component 'doKmean_results' [/home/fabian/Documents/ensta/deuxieme/simple_axistream/viv/kmean/kmean.srcs/sources_1/bd/design_1/ipshared/81c9/hdl/vhdl/doKmean.vhd:558]
INFO: [Synth 8-638] synthesizing module 'doKmean_results' [/home/fabian/Documents/ensta/deuxieme/simple_axistream/viv/kmean/kmean.srcs/sources_1/bd/design_1/ipshared/81c9/hdl/vhdl/doKmean_results.vhd:91]
	Parameter DataWidth bound to: 32 - type: integer 
	Parameter AddressRange bound to: 101 - type: integer 
	Parameter AddressWidth bound to: 7 - type: integer 
INFO: [Synth 8-3491] module 'doKmean_results_ram' declared at '/home/fabian/Documents/ensta/deuxieme/simple_axistream/viv/kmean/kmean.srcs/sources_1/bd/design_1/ipshared/81c9/hdl/vhdl/doKmean_results.vhd:13' bound to instance 'doKmean_results_ram_U' of component 'doKmean_results_ram' [/home/fabian/Documents/ensta/deuxieme/simple_axistream/viv/kmean/kmean.srcs/sources_1/bd/design_1/ipshared/81c9/hdl/vhdl/doKmean_results.vhd:105]
INFO: [Synth 8-638] synthesizing module 'doKmean_results_ram' [/home/fabian/Documents/ensta/deuxieme/simple_axistream/viv/kmean/kmean.srcs/sources_1/bd/design_1/ipshared/81c9/hdl/vhdl/doKmean_results.vhd:31]
	Parameter MEM_TYPE bound to: block - type: string 
	Parameter DWIDTH bound to: 32 - type: integer 
	Parameter AWIDTH bound to: 7 - type: integer 
	Parameter MEM_SIZE bound to: 101 - type: integer 
INFO: [Synth 8-256] done synthesizing module 'doKmean_results_ram' (5#1) [/home/fabian/Documents/ensta/deuxieme/simple_axistream/viv/kmean/kmean.srcs/sources_1/bd/design_1/ipshared/81c9/hdl/vhdl/doKmean_results.vhd:31]
INFO: [Synth 8-256] done synthesizing module 'doKmean_results' (6#1) [/home/fabian/Documents/ensta/deuxieme/simple_axistream/viv/kmean/kmean.srcs/sources_1/bd/design_1/ipshared/81c9/hdl/vhdl/doKmean_results.vhd:91]
	Parameter C_S_AXI_ADDR_WIDTH bound to: 5 - type: integer 
	Parameter C_S_AXI_DATA_WIDTH bound to: 32 - type: integer 
INFO: [Synth 8-3491] module 'doKmean_CRTL_BUS_s_axi' declared at '/home/fabian/Documents/ensta/deuxieme/simple_axistream/viv/kmean/kmean.srcs/sources_1/bd/design_1/ipshared/81c9/hdl/vhdl/doKmean_CRTL_BUS_s_axi.vhd:12' bound to instance 'doKmean_CRTL_BUS_s_axi_U' of component 'doKmean_CRTL_BUS_s_axi' [/home/fabian/Documents/ensta/deuxieme/simple_axistream/viv/kmean/kmean.srcs/sources_1/bd/design_1/ipshared/81c9/hdl/vhdl/doKmean.vhd:572]
INFO: [Synth 8-638] synthesizing module 'doKmean_CRTL_BUS_s_axi' [/home/fabian/Documents/ensta/deuxieme/simple_axistream/viv/kmean/kmean.srcs/sources_1/bd/design_1/ipshared/81c9/hdl/vhdl/doKmean_CRTL_BUS_s_axi.vhd:72]
	Parameter C_S_AXI_ADDR_WIDTH bound to: 5 - type: integer 
	Parameter C_S_AXI_DATA_WIDTH bound to: 32 - type: integer 
INFO: [Synth 8-256] done synthesizing module 'doKmean_CRTL_BUS_s_axi' (7#1) [/home/fabian/Documents/ensta/deuxieme/simple_axistream/viv/kmean/kmean.srcs/sources_1/bd/design_1/ipshared/81c9/hdl/vhdl/doKmean_CRTL_BUS_s_axi.vhd:72]
INFO: [Synth 8-256] done synthesizing module 'doKmean' (8#1) [/home/fabian/Documents/ensta/deuxieme/simple_axistream/viv/kmean/kmean.srcs/sources_1/bd/design_1/ipshared/81c9/hdl/vhdl/doKmean.vhd:58]
INFO: [Synth 8-256] done synthesizing module 'design_1_doKmean_0_1' (9#1) [/home/fabian/Documents/ensta/deuxieme/simple_axistream/viv/kmean/kmean.srcs/sources_1/bd/design_1/ip/design_1_doKmean_0_1/synth/design_1_doKmean_0_1.vhd:99]
WARNING: [Synth 8-3331] design doKmean_results has unconnected port reset
WARNING: [Synth 8-3331] design doKmean_centroids_ram has unconnected port addr0[9]
WARNING: [Synth 8-3331] design doKmean_centroids_ram has unconnected port addr0[8]
WARNING: [Synth 8-3331] design doKmean_centroids_ram has unconnected port addr0[7]
WARNING: [Synth 8-3331] design doKmean_centroids_ram has unconnected port addr0[6]
WARNING: [Synth 8-3331] design doKmean_centroids_ram has unconnected port addr0[5]
WARNING: [Synth 8-3331] design doKmean_centroids_ram has unconnected port addr0[4]
WARNING: [Synth 8-3331] design doKmean_centroids_ram has unconnected port addr0[3]
WARNING: [Synth 8-3331] design doKmean_centroids_ram has unconnected port addr0[2]
WARNING: [Synth 8-3331] design doKmean_centroids_ram has unconnected port addr0[1]
WARNING: [Synth 8-3331] design doKmean_centroids_ram has unconnected port addr0[0]
WARNING: [Synth 8-3331] design doKmean_centroids_ram has unconnected port ce0
WARNING: [Synth 8-3331] design doKmean_centroids_ram has unconnected port d0[31]
WARNING: [Synth 8-3331] design doKmean_centroids_ram has unconnected port d0[30]
WARNING: [Synth 8-3331] design doKmean_centroids_ram has unconnected port d0[29]
WARNING: [Synth 8-3331] design doKmean_centroids_ram has unconnected port d0[28]
WARNING: [Synth 8-3331] design doKmean_centroids_ram has unconnected port d0[27]
WARNING: [Synth 8-3331] design doKmean_centroids_ram has unconnected port d0[26]
WARNING: [Synth 8-3331] design doKmean_centroids_ram has unconnected port d0[25]
WARNING: [Synth 8-3331] design doKmean_centroids_ram has unconnected port d0[24]
WARNING: [Synth 8-3331] design doKmean_centroids_ram has unconnected port d0[23]
WARNING: [Synth 8-3331] design doKmean_centroids_ram has unconnected port d0[22]
WARNING: [Synth 8-3331] design doKmean_centroids_ram has unconnected port d0[21]
WARNING: [Synth 8-3331] design doKmean_centroids_ram has unconnected port d0[20]
WARNING: [Synth 8-3331] design doKmean_centroids_ram has unconnected port d0[19]
WARNING: [Synth 8-3331] design doKmean_centroids_ram has unconnected port d0[18]
WARNING: [Synth 8-3331] design doKmean_centroids_ram has unconnected port d0[17]
WARNING: [Synth 8-3331] design doKmean_centroids_ram has unconnected port d0[16]
WARNING: [Synth 8-3331] design doKmean_centroids_ram has unconnected port d0[15]
WARNING: [Synth 8-3331] design doKmean_centroids_ram has unconnected port d0[14]
WARNING: [Synth 8-3331] design doKmean_centroids_ram has unconnected port d0[13]
WARNING: [Synth 8-3331] design doKmean_centroids_ram has unconnected port d0[12]
WARNING: [Synth 8-3331] design doKmean_centroids_ram has unconnected port d0[11]
WARNING: [Synth 8-3331] design doKmean_centroids_ram has unconnected port d0[10]
WARNING: [Synth 8-3331] design doKmean_centroids_ram has unconnected port d0[9]
WARNING: [Synth 8-3331] design doKmean_centroids_ram has unconnected port d0[8]
WARNING: [Synth 8-3331] design doKmean_centroids_ram has unconnected port d0[7]
WARNING: [Synth 8-3331] design doKmean_centroids_ram has unconnected port d0[6]
WARNING: [Synth 8-3331] design doKmean_centroids_ram has unconnected port d0[5]
WARNING: [Synth 8-3331] design doKmean_centroids_ram has unconnected port d0[4]
WARNING: [Synth 8-3331] design doKmean_centroids_ram has unconnected port d0[3]
WARNING: [Synth 8-3331] design doKmean_centroids_ram has unconnected port d0[2]
WARNING: [Synth 8-3331] design doKmean_centroids_ram has unconnected port d0[1]
WARNING: [Synth 8-3331] design doKmean_centroids_ram has unconnected port d0[0]
WARNING: [Synth 8-3331] design doKmean_centroids_ram has unconnected port we0
WARNING: [Synth 8-3331] design doKmean_centroids_ram has unconnected port clk
WARNING: [Synth 8-3331] design doKmean_centroids has unconnected port reset
WARNING: [Synth 8-3331] design doKmean_points has unconnected port reset
WARNING: [Synth 8-3331] design doKmean has unconnected port inStream_TLAST[0]
---------------------------------------------------------------------------------
Finished RTL Elaboration : Time (s): cpu = 00:00:03 ; elapsed = 00:00:03 . Memory (MB): peak = 1341.430 ; gain = 130.332 ; free physical = 1755 ; free virtual = 3484
---------------------------------------------------------------------------------

Report Check Netlist: 
+------+------------------+-------+---------+-------+------------------+
|      |Item              |Errors |Warnings |Status |Description       |
+------+------------------+-------+---------+-------+------------------+
|1     |multi_driven_nets |      0|        0|Passed |Multi driven nets |
+------+------------------+-------+---------+-------+------------------+
---------------------------------------------------------------------------------
Start Handling Custom Attributes
---------------------------------------------------------------------------------
---------------------------------------------------------------------------------
Finished Handling Custom Attributes : Time (s): cpu = 00:00:03 ; elapsed = 00:00:04 . Memory (MB): peak = 1341.430 ; gain = 130.332 ; free physical = 1759 ; free virtual = 3487
---------------------------------------------------------------------------------
---------------------------------------------------------------------------------
Finished RTL Optimization Phase 1 : Time (s): cpu = 00:00:03 ; elapsed = 00:00:04 . Memory (MB): peak = 1341.430 ; gain = 130.332 ; free physical = 1759 ; free virtual = 3487
---------------------------------------------------------------------------------
INFO: [Device 21-403] Loading part xc7z020clg484-1
INFO: [Project 1-570] Preparing netlist for logic optimization

Processing XDC Constraints
Initializing timing engine
Parsing XDC File [/home/fabian/Documents/ensta/deuxieme/simple_axistream/viv/kmean/kmean.srcs/sources_1/bd/design_1/ip/design_1_doKmean_0_1/constraints/doKmean_ooc.xdc] for cell 'U0'
Finished Parsing XDC File [/home/fabian/Documents/ensta/deuxieme/simple_axistream/viv/kmean/kmean.srcs/sources_1/bd/design_1/ip/design_1_doKmean_0_1/constraints/doKmean_ooc.xdc] for cell 'U0'
Parsing XDC File [/home/fabian/Documents/ensta/deuxieme/simple_axistream/viv/kmean/kmean.runs/design_1_doKmean_0_1_synth_1/dont_touch.xdc]
Finished Parsing XDC File [/home/fabian/Documents/ensta/deuxieme/simple_axistream/viv/kmean/kmean.runs/design_1_doKmean_0_1_synth_1/dont_touch.xdc]
Completed Processing XDC Constraints

INFO: [Project 1-111] Unisim Transformation Summary:
No Unisim elements were transformed.

Constraint Validation Runtime : Time (s): cpu = 00:00:00.06 ; elapsed = 00:00:00.04 . Memory (MB): peak = 1724.469 ; gain = 0.000 ; free physical = 1427 ; free virtual = 3201
---------------------------------------------------------------------------------
Finished Constraint Validation : Time (s): cpu = 00:00:14 ; elapsed = 00:00:29 . Memory (MB): peak = 1724.469 ; gain = 513.371 ; free physical = 1512 ; free virtual = 3286
---------------------------------------------------------------------------------
---------------------------------------------------------------------------------
Start Loading Part and Timing Information
---------------------------------------------------------------------------------
Loading part: xc7z020clg484-1
---------------------------------------------------------------------------------
Finished Loading Part and Timing Information : Time (s): cpu = 00:00:14 ; elapsed = 00:00:29 . Memory (MB): peak = 1724.469 ; gain = 513.371 ; free physical = 1512 ; free virtual = 3286
---------------------------------------------------------------------------------
---------------------------------------------------------------------------------
Start Applying 'set_property' XDC Constraints
---------------------------------------------------------------------------------
Applied set_property DONT_TOUCH = true for U0. (constraint file  /home/fabian/Documents/ensta/deuxieme/simple_axistream/viv/kmean/kmean.runs/design_1_doKmean_0_1_synth_1/dont_touch.xdc, line 9).
---------------------------------------------------------------------------------
Finished applying 'set_property' XDC Constraints : Time (s): cpu = 00:00:14 ; elapsed = 00:00:29 . Memory (MB): peak = 1724.469 ; gain = 513.371 ; free physical = 1513 ; free virtual = 3288
---------------------------------------------------------------------------------
INFO: [Synth 8-802] inferred FSM for state register 'wstate_reg' in module 'doKmean_CRTL_BUS_s_axi'
INFO: [Synth 8-802] inferred FSM for state register 'rstate_reg' in module 'doKmean_CRTL_BUS_s_axi'
INFO: [Synth 8-5544] ROM "BVALID" won't be mapped to Block RAM because address size (3) smaller than threshold (5)
INFO: [Synth 8-5544] ROM "WREADY_t" won't be mapped to Block RAM because address size (3) smaller than threshold (5)
INFO: [Synth 8-5544] ROM "AWREADY_t" won't be mapped to Block RAM because address size (3) smaller than threshold (5)
INFO: [Synth 8-5544] ROM "wnext" won't be mapped to Block RAM because address size (1) smaller than threshold (5)
INFO: [Synth 8-5544] ROM "wnext" won't be mapped to Block RAM because address size (1) smaller than threshold (5)
INFO: [Synth 8-5544] ROM "RVALID_t" won't be mapped to Block RAM because address size (3) smaller than threshold (5)
INFO: [Synth 8-5544] ROM "ARREADY_t" won't be mapped to Block RAM because address size (3) smaller than threshold (5)
INFO: [Synth 8-5544] ROM "rnext" won't be mapped to Block RAM because address size (1) smaller than threshold (5)
INFO: [Synth 8-5544] ROM "rnext" won't be mapped to Block RAM because address size (1) smaller than threshold (5)
INFO: [Synth 8-4490] FSM extraction disabled for register 'ap_CS_fsm_reg' through user attribute
INFO: [Synth 8-5546] ROM "exitcond_fu_712_p2" won't be mapped to RAM because it is too sparse
INFO: [Synth 8-5546] ROM "exitcond1_fu_355_p2" won't be mapped to RAM because it is too sparse
INFO: [Synth 8-5546] ROM "exitcond2_fu_372_p2" won't be mapped to RAM because it is too sparse
INFO: [Synth 8-5546] ROM "exitcond3_fu_491_p2" won't be mapped to RAM because it is too sparse
INFO: [Synth 8-5546] ROM "exitcond4_fu_503_p2" won't be mapped to RAM because it is too sparse
INFO: [Synth 8-5546] ROM "exitcond5_fu_534_p2" won't be mapped to RAM because it is too sparse
INFO: [Synth 8-5545] ROM "tmp_fu_367_p2" won't be mapped to RAM because address size (32) is larger than maximum supported(25)
INFO: [Synth 8-5544] ROM "inStream_V_data_V_0_state_cmp_full" won't be mapped to Block RAM because address size (2) smaller than threshold (5)
INFO: [Synth 8-5544] ROM "inStream_V_dest_V_0_state_cmp_full" won't be mapped to Block RAM because address size (2) smaller than threshold (5)
INFO: [Synth 8-5544] ROM "inStream_V_id_V_0_state_cmp_full" won't be mapped to Block RAM because address size (2) smaller than threshold (5)
INFO: [Synth 8-5544] ROM "inStream_V_keep_V_0_state_cmp_full" won't be mapped to Block RAM because address size (2) smaller than threshold (5)
INFO: [Synth 8-5544] ROM "inStream_V_strb_V_0_state_cmp_full" won't be mapped to Block RAM because address size (2) smaller than threshold (5)
INFO: [Synth 8-5544] ROM "inStream_V_user_V_0_state_cmp_full" won't be mapped to Block RAM because address size (2) smaller than threshold (5)
INFO: [Synth 8-5544] ROM "outStream_V_data_V_1_state_cmp_full" won't be mapped to Block RAM because address size (2) smaller than threshold (5)
INFO: [Synth 8-5544] ROM "outStream_V_dest_V_1_state_cmp_full" won't be mapped to Block RAM because address size (2) smaller than threshold (5)
INFO: [Synth 8-5544] ROM "outStream_V_id_V_1_state_cmp_full" won't be mapped to Block RAM because address size (2) smaller than threshold (5)
INFO: [Synth 8-5544] ROM "outStream_V_keep_V_1_state_cmp_full" won't be mapped to Block RAM because address size (2) smaller than threshold (5)
INFO: [Synth 8-5544] ROM "outStream_V_last_V_1_state_cmp_full" won't be mapped to Block RAM because address size (2) smaller than threshold (5)
INFO: [Synth 8-5544] ROM "outStream_V_strb_V_1_state_cmp_full" won't be mapped to Block RAM because address size (2) smaller than threshold (5)
INFO: [Synth 8-5544] ROM "outStream_V_user_V_1_state_cmp_full" won't be mapped to Block RAM because address size (2) smaller than threshold (5)
INFO: [Synth 8-5546] ROM "tmp_2_fu_420_p2" won't be mapped to RAM because it is too sparse
INFO: [Synth 8-5546] ROM "valOut_last_V_fu_729_p2" won't be mapped to RAM because it is too sparse
WARNING: [Synth 8-6014] Unused sequential element tmp_5_reg_828_reg was removed.  [/home/fabian/Documents/ensta/deuxieme/simple_axistream/viv/kmean/kmean.srcs/sources_1/bd/design_1/ipshared/81c9/hdl/vhdl/doKmean.vhd:1619]
---------------------------------------------------------------------------------------------------
                   State |                     New Encoding |                Previous Encoding 
---------------------------------------------------------------------------------------------------
                  iSTATE |                             0001 |                              011
*
                  wridle |                             0010 |                              000
                  wrdata |                             0100 |                              001
                  wrresp |                             1000 |                              010
---------------------------------------------------------------------------------------------------
INFO: [Synth 8-3354] encoded FSM with state register 'wstate_reg' using encoding 'one-hot' in module 'doKmean_CRTL_BUS_s_axi'
---------------------------------------------------------------------------------------------------
                   State |                     New Encoding |                Previous Encoding 
---------------------------------------------------------------------------------------------------
                  iSTATE |                              001 |                              110
*
                  rdidle |                              010 |                              100
                  rddata |                              100 |                              101
---------------------------------------------------------------------------------------------------
INFO: [Synth 8-3354] encoded FSM with state register 'rstate_reg' using encoding 'one-hot' in module 'doKmean_CRTL_BUS_s_axi'
---------------------------------------------------------------------------------
Finished RTL Optimization Phase 2 : Time (s): cpu = 00:00:15 ; elapsed = 00:00:30 . Memory (MB): peak = 1724.469 ; gain = 513.371 ; free physical = 1503 ; free virtual = 3278
---------------------------------------------------------------------------------

Report RTL Partitions: 
+-+--------------+------------+----------+
| |RTL Partition |Replication |Instances |
+-+--------------+------------+----------+
+-+--------------+------------+----------+
---------------------------------------------------------------------------------
Start RTL Component Statistics 
---------------------------------------------------------------------------------
Detailed RTL Component Info : 
+---Adders : 
	   2 Input     32 Bit       Adders := 1     
	   2 Input     10 Bit       Adders := 4     
	   2 Input      9 Bit       Adders := 1     
	   2 Input      8 Bit       Adders := 1     
	   2 Input      6 Bit       Adders := 2     
	   2 Input      5 Bit       Adders := 5     
+---XORs : 
	   2 Input      1 Bit         XORs := 2     
+---Registers : 
	               32 Bit    Registers := 11    
	               15 Bit    Registers := 1     
	               10 Bit    Registers := 6     
	                6 Bit    Registers := 9     
	                5 Bit    Registers := 13    
	                4 Bit    Registers := 10    
	                2 Bit    Registers := 19    
	                1 Bit    Registers := 40    
+---RAMs : 
	              31K Bit         RAMs := 1     
	               3K Bit         RAMs := 1     
+---Muxes : 
	   2 Input     32 Bit        Muxes := 6     
	   6 Input     32 Bit        Muxes := 1     
	   3 Input     32 Bit        Muxes := 1     
	   2 Input     15 Bit        Muxes := 2     
	   3 Input     14 Bit        Muxes := 1     
	   2 Input     13 Bit        Muxes := 1     
	   2 Input     10 Bit        Muxes := 1     
	   2 Input      9 Bit        Muxes := 1     
	   2 Input      8 Bit        Muxes := 1     
	   2 Input      7 Bit        Muxes := 2     
	   2 Input      6 Bit        Muxes := 2     
	   2 Input      5 Bit        Muxes := 5     
	   4 Input      4 Bit        Muxes := 1     
	   2 Input      4 Bit        Muxes := 9     
	   3 Input      3 Bit        Muxes := 1     
	   2 Input      3 Bit        Muxes := 2     
	   6 Input      3 Bit        Muxes := 1     
	   2 Input      2 Bit        Muxes := 16    
	   4 Input      2 Bit        Muxes := 13    
	   2 Input      1 Bit        Muxes := 37    
---------------------------------------------------------------------------------
Finished RTL Component Statistics 
---------------------------------------------------------------------------------
---------------------------------------------------------------------------------
Start RTL Hierarchical Component Statistics 
---------------------------------------------------------------------------------
Hierarchical RTL Component report 
Module doKmean_points_ram 
Detailed RTL Component Info : 
+---Registers : 
	               32 Bit    Registers := 1     
+---RAMs : 
	              31K Bit         RAMs := 1     
Module doKmean_results_ram 
Detailed RTL Component Info : 
+---Registers : 
	               32 Bit    Registers := 1     
+---RAMs : 
	               3K Bit         RAMs := 1     
Module doKmean_CRTL_BUS_s_axi 
Detailed RTL Component Info : 
+---XORs : 
	   2 Input      1 Bit         XORs := 2     
+---Registers : 
	               32 Bit    Registers := 2     
	                5 Bit    Registers := 1     
	                2 Bit    Registers := 1     
	                1 Bit    Registers := 8     
+---Muxes : 
	   2 Input     32 Bit        Muxes := 1     
	   6 Input     32 Bit        Muxes := 1     
	   4 Input      4 Bit        Muxes := 1     
	   2 Input      4 Bit        Muxes := 3     
	   3 Input      3 Bit        Muxes := 1     
	   2 Input      3 Bit        Muxes := 2     
	   6 Input      3 Bit        Muxes := 1     
	   2 Input      1 Bit        Muxes := 1     
Module doKmean 
Detailed RTL Component Info : 
+---Adders : 
	   2 Input     32 Bit       Adders := 1     
	   2 Input     10 Bit       Adders := 4     
	   2 Input      9 Bit       Adders := 1     
	   2 Input      8 Bit       Adders := 1     
	   2 Input      6 Bit       Adders := 2     
	   2 Input      5 Bit       Adders := 5     
+---Registers : 
	               32 Bit    Registers := 7     
	               15 Bit    Registers := 1     
	               10 Bit    Registers := 6     
	                6 Bit    Registers := 9     
	                5 Bit    Registers := 12    
	                4 Bit    Registers := 10    
	                2 Bit    Registers := 18    
	                1 Bit    Registers := 32    
+---Muxes : 
	   2 Input     32 Bit        Muxes := 5     
	   3 Input     32 Bit        Muxes := 1     
	   2 Input     15 Bit        Muxes := 2     
	   3 Input     14 Bit        Muxes := 1     
	   2 Input     13 Bit        Muxes := 1     
	   2 Input     10 Bit        Muxes := 1     
	   2 Input      9 Bit        Muxes := 1     
	   2 Input      8 Bit        Muxes := 1     
	   2 Input      7 Bit        Muxes := 2     
	   2 Input      6 Bit        Muxes := 2     
	   2 Input      5 Bit        Muxes := 5     
	   2 Input      4 Bit        Muxes := 6     
	   2 Input      2 Bit        Muxes := 16    
	   4 Input      2 Bit        Muxes := 13    
	   2 Input      1 Bit        Muxes := 36    
---------------------------------------------------------------------------------
Finished RTL Hierarchical Component Statistics
---------------------------------------------------------------------------------
---------------------------------------------------------------------------------
Start Part Resource Summary
---------------------------------------------------------------------------------
Part Resources:
DSPs: 220 (col length:60)
BRAMs: 280 (col length: RAMB18 60 RAMB36 30)
---------------------------------------------------------------------------------
Finished Part Resource Summary
---------------------------------------------------------------------------------
---------------------------------------------------------------------------------
Start Cross Boundary and Area Optimization
---------------------------------------------------------------------------------
Warning: Parallel synthesis criteria is not met 
WARNING: [Synth 8-6014] Unused sequential element next_mul2_reg_799_reg was removed.  [/home/fabian/Documents/ensta/deuxieme/simple_axistream/viv/kmean/kmean.srcs/sources_1/bd/design_1/ipshared/81c9/hdl/vhdl/doKmean.vhd:1316]
WARNING: [Synth 8-6014] Unused sequential element phi_mul1_reg_299_reg was removed.  [/home/fabian/Documents/ensta/deuxieme/simple_axistream/viv/kmean/kmean.srcs/sources_1/bd/design_1/ipshared/81c9/hdl/vhdl/doKmean.vhd:1314]
WARNING: [Synth 8-6014] Unused sequential element tmp_9_reg_820_reg was removed.  [/home/fabian/Documents/ensta/deuxieme/simple_axistream/viv/kmean/kmean.srcs/sources_1/bd/design_1/ipshared/81c9/hdl/vhdl/doKmean.vhd:1627]
INFO: [Synth 8-5545] ROM "tmp_fu_367_p2" won't be mapped to RAM because address size (32) is larger than maximum supported(25)
WARNING: [Synth 8-3331] design doKmean has unconnected port inStream_TLAST[0]
---------------------------------------------------------------------------------
Finished Cross Boundary and Area Optimization : Time (s): cpu = 00:00:17 ; elapsed = 00:00:32 . Memory (MB): peak = 1724.469 ; gain = 513.371 ; free physical = 1476 ; free virtual = 3256
---------------------------------------------------------------------------------
---------------------------------------------------------------------------------
Start ROM, RAM, DSP and Shift Register Reporting
---------------------------------------------------------------------------------

Block RAM: Preliminary Mapping  Report (see note below)
+---------------------+------------+------------------------+---+---+------------------------+---+---+------------------+--------+--------+
|Module Name          | RTL Object | PORT A (Depth x Width) | W | R | PORT B (Depth x Width) | W | R | Ports driving FF | RAMB18 | RAMB36 | 
+---------------------+------------+------------------------+---+---+------------------------+---+---+------------------+--------+--------+
|doKmean_points_ram:  | ram_reg    | 1 K x 32(WRITE_FIRST)  | W | R |                        |   |   | Port A           | 0      | 1      | 
|doKmean_results_ram: | ram_reg    | 128 x 32(WRITE_FIRST)  | W | R |                        |   |   | Port A           | 1      | 0      | 
+---------------------+------------+------------------------+---+---+------------------------+---+---+------------------+--------+--------+

Note: The tale above is a preliminary report that shows the Block RAMs at the current stage of the synthesis flow. Some Block RAMs may be reimplemented as non Block RAM primitives later in the synthesis flow. Multiple instantiated Block RAMs are reported only once. 
---------------------------------------------------------------------------------
Finished ROM, RAM, DSP and Shift Register Reporting
---------------------------------------------------------------------------------
INFO: [Synth 8-4480] The timing for the instance U0/i_3_3/results_U/doKmean_results_ram_U/ram_reg (implemented as a block RAM) might be sub-optimal as no optional output register could be merged into the block ram. Providing additional output register may help in improving timing.
INFO: [Synth 8-4480] The timing for the instance U0/i_3_3/results_U/doKmean_results_ram_U/ram_reg (implemented as a block RAM) might be sub-optimal as no optional output register could be merged into the block ram. Providing additional output register may help in improving timing.

Report RTL Partitions: 
+-+--------------+------------+----------+
| |RTL Partition |Replication |Instances |
+-+--------------+------------+----------+
+-+--------------+------------+----------+
---------------------------------------------------------------------------------
Start Applying XDC Timing Constraints
---------------------------------------------------------------------------------
---------------------------------------------------------------------------------
Finished Applying XDC Timing Constraints : Time (s): cpu = 00:00:23 ; elapsed = 00:00:41 . Memory (MB): peak = 1724.469 ; gain = 513.371 ; free physical = 1350 ; free virtual = 3137
---------------------------------------------------------------------------------
---------------------------------------------------------------------------------
Start Timing Optimization
---------------------------------------------------------------------------------
---------------------------------------------------------------------------------
Finished Timing Optimization : Time (s): cpu = 00:00:24 ; elapsed = 00:00:42 . Memory (MB): peak = 1724.469 ; gain = 513.371 ; free physical = 1341 ; free virtual = 3128
---------------------------------------------------------------------------------
---------------------------------------------------------------------------------
Start ROM, RAM, DSP and Shift Register Reporting
---------------------------------------------------------------------------------

Block RAM: Final Mapping  Report
+---------------------+------------+------------------------+---+---+------------------------+---+---+------------------+--------+--------+
|Module Name          | RTL Object | PORT A (Depth x Width) | W | R | PORT B (Depth x Width) | W | R | Ports driving FF | RAMB18 | RAMB36 | 
+---------------------+------------+------------------------+---+---+------------------------+---+---+------------------+--------+--------+
|doKmean_points_ram:  | ram_reg    | 1 K x 32(WRITE_FIRST)  | W | R |                        |   |   | Port A           | 0      | 1      | 
|doKmean_results_ram: | ram_reg    | 128 x 32(WRITE_FIRST)  | W | R |                        |   |   | Port A           | 1      | 0      | 
+---------------------+------------+------------------------+---+---+------------------------+---+---+------------------+--------+--------+

---------------------------------------------------------------------------------
Finished ROM, RAM, DSP and Shift Register Reporting
---------------------------------------------------------------------------------

Report RTL Partitions: 
+-+--------------+------------+----------+
| |RTL Partition |Replication |Instances |
+-+--------------+------------+----------+
+-+--------------+------------+----------+
---------------------------------------------------------------------------------
Start Technology Mapping
---------------------------------------------------------------------------------
WARNING: [Synth 8-3332] Sequential element (next_mul_reg_765_reg[0]) is unused and will be removed from module doKmean.
WARNING: [Synth 8-3332] Sequential element (phi_mul_reg_265_reg[0]) is unused and will be removed from module doKmean.
INFO: [Synth 8-4480] The timing for the instance U0/results_U/doKmean_results_ram_U/ram_reg (implemented as a block RAM) might be sub-optimal as no optional output register could be merged into the block ram. Providing additional output register may help in improving timing.
INFO: [Synth 8-4480] The timing for the instance U0/results_U/doKmean_results_ram_U/ram_reg (implemented as a block RAM) might be sub-optimal as no optional output register could be merged into the block ram. Providing additional output register may help in improving timing.
---------------------------------------------------------------------------------
Finished Technology Mapping : Time (s): cpu = 00:00:24 ; elapsed = 00:00:42 . Memory (MB): peak = 1724.469 ; gain = 513.371 ; free physical = 1341 ; free virtual = 3128
---------------------------------------------------------------------------------

Report RTL Partitions: 
+-+--------------+------------+----------+
| |RTL Partition |Replication |Instances |
+-+--------------+------------+----------+
+-+--------------+------------+----------+
---------------------------------------------------------------------------------
Start IO Insertion
---------------------------------------------------------------------------------
---------------------------------------------------------------------------------
Start Flattening Before IO Insertion
---------------------------------------------------------------------------------
---------------------------------------------------------------------------------
Finished Flattening Before IO Insertion
---------------------------------------------------------------------------------
---------------------------------------------------------------------------------
Start Final Netlist Cleanup
---------------------------------------------------------------------------------
---------------------------------------------------------------------------------
Finished Final Netlist Cleanup
---------------------------------------------------------------------------------
---------------------------------------------------------------------------------
Finished IO Insertion : Time (s): cpu = 00:00:25 ; elapsed = 00:00:43 . Memory (MB): peak = 1724.469 ; gain = 513.371 ; free physical = 1340 ; free virtual = 3127
---------------------------------------------------------------------------------

Report Check Netlist: 
+------+------------------+-------+---------+-------+------------------+
|      |Item              |Errors |Warnings |Status |Description       |
+------+------------------+-------+---------+-------+------------------+
|1     |multi_driven_nets |      0|        0|Passed |Multi driven nets |
+------+------------------+-------+---------+-------+------------------+
---------------------------------------------------------------------------------
Start Renaming Generated Instances
---------------------------------------------------------------------------------
---------------------------------------------------------------------------------
Finished Renaming Generated Instances : Time (s): cpu = 00:00:25 ; elapsed = 00:00:43 . Memory (MB): peak = 1724.469 ; gain = 513.371 ; free physical = 1340 ; free virtual = 3127
---------------------------------------------------------------------------------

Report RTL Partitions: 
+-+--------------+------------+----------+
| |RTL Partition |Replication |Instances |
+-+--------------+------------+----------+
+-+--------------+------------+----------+
---------------------------------------------------------------------------------
Start Rebuilding User Hierarchy
---------------------------------------------------------------------------------
---------------------------------------------------------------------------------
Finished Rebuilding User Hierarchy : Time (s): cpu = 00:00:25 ; elapsed = 00:00:43 . Memory (MB): peak = 1724.469 ; gain = 513.371 ; free physical = 1340 ; free virtual = 3127
---------------------------------------------------------------------------------
---------------------------------------------------------------------------------
Start Renaming Generated Ports
---------------------------------------------------------------------------------
---------------------------------------------------------------------------------
Finished Renaming Generated Ports : Time (s): cpu = 00:00:25 ; elapsed = 00:00:43 . Memory (MB): peak = 1724.469 ; gain = 513.371 ; free physical = 1340 ; free virtual = 3127
---------------------------------------------------------------------------------
---------------------------------------------------------------------------------
Start Handling Custom Attributes
---------------------------------------------------------------------------------
---------------------------------------------------------------------------------
Finished Handling Custom Attributes : Time (s): cpu = 00:00:25 ; elapsed = 00:00:43 . Memory (MB): peak = 1724.469 ; gain = 513.371 ; free physical = 1340 ; free virtual = 3127
---------------------------------------------------------------------------------
---------------------------------------------------------------------------------
Start Renaming Generated Nets
---------------------------------------------------------------------------------
---------------------------------------------------------------------------------
Finished Renaming Generated Nets : Time (s): cpu = 00:00:25 ; elapsed = 00:00:43 . Memory (MB): peak = 1724.469 ; gain = 513.371 ; free physical = 1340 ; free virtual = 3127
---------------------------------------------------------------------------------
---------------------------------------------------------------------------------
Start Writing Synthesis Report
---------------------------------------------------------------------------------

Report BlackBoxes: 
+-+--------------+----------+
| |BlackBox name |Instances |
+-+--------------+----------+
+-+--------------+----------+

Report Cell Usage: 
+------+-----------+------+
|      |Cell       |Count |
+------+-----------+------+
|1     |CARRY4     |    13|
|2     |LUT1       |    40|
|3     |LUT2       |    39|
|4     |LUT3       |   226|
|5     |LUT4       |   111|
|6     |LUT5       |    81|
|7     |LUT6       |    83|
|8     |RAMB18E1   |     1|
|9     |RAMB36E1_1 |     1|
|10    |FDRE       |   544|
|11    |FDSE       |     4|
+------+-----------+------+

Report Instance Areas: 
+------+-----------------------------+-----------------------+------+
|      |Instance                     |Module                 |Cells |
+------+-----------------------------+-----------------------+------+
|1     |top                          |                       |  1143|
|2     |  U0                         |doKmean                |  1143|
|3     |    doKmean_CRTL_BUS_s_axi_U |doKmean_CRTL_BUS_s_axi |   158|
|4     |    points_U                 |doKmean_points         |   176|
|5     |      doKmean_points_ram_U   |doKmean_points_ram     |   176|
|6     |    results_U                |doKmean_results        |    43|
|7     |      doKmean_results_ram_U  |doKmean_results_ram    |    43|
+------+-----------------------------+-----------------------+------+
---------------------------------------------------------------------------------
Finished Writing Synthesis Report : Time (s): cpu = 00:00:25 ; elapsed = 00:00:43 . Memory (MB): peak = 1724.469 ; gain = 513.371 ; free physical = 1340 ; free virtual = 3127
---------------------------------------------------------------------------------
Synthesis finished with 0 errors, 0 critical warnings and 7 warnings.
Synthesis Optimization Runtime : Time (s): cpu = 00:00:16 ; elapsed = 00:00:20 . Memory (MB): peak = 1724.469 ; gain = 130.332 ; free physical = 1398 ; free virtual = 3185
Synthesis Optimization Complete : Time (s): cpu = 00:00:25 ; elapsed = 00:00:43 . Memory (MB): peak = 1724.469 ; gain = 513.371 ; free physical = 1398 ; free virtual = 3185
INFO: [Project 1-571] Translating synthesized netlist
INFO: [Netlist 29-17] Analyzing 15 Unisim elements for replacement
INFO: [Netlist 29-28] Unisim Transformation completed in 0 CPU seconds
INFO: [Project 1-570] Preparing netlist for logic optimization
INFO: [Opt 31-138] Pushed 0 inverter(s) to 0 load pin(s).
INFO: [Project 1-111] Unisim Transformation Summary:
No Unisim elements were transformed.

INFO: [Common 17-83] Releasing license: Synthesis
94 Infos, 56 Warnings, 0 Critical Warnings and 0 Errors encountered.
synth_design completed successfully
synth_design: Time (s): cpu = 00:00:27 ; elapsed = 00:00:44 . Memory (MB): peak = 1734.477 ; gain = 535.125 ; free physical = 1394 ; free virtual = 3182
WARNING: [Constraints 18-5210] No constraint will be written out.
INFO: [Common 17-1381] The checkpoint '/home/fabian/Documents/ensta/deuxieme/simple_axistream/viv/kmean/kmean.runs/design_1_doKmean_0_1_synth_1/design_1_doKmean_0_1.dcp' has been generated.
