==============================================================
File generated by Vivado(TM) HLS - High-Level Synthesis from C, C++ and SystemC
Version: 2018.2
Copyright (C) 1986-2018 Xilinx, Inc. All Rights Reserved.

==============================================================

INFO: [SYN 201-201] Setting up clock 'default' with a period of 10ns.
INFO: [HLS 200-10] Setting target device to 'xc7z020clg484-1'
INFO: [HLS 200-10] Analyzing design file 'kmeans/kmeans.cpp' ... 
INFO: [HLS 200-111] Finished Linking Time (s): cpu = 00:00:11 ; elapsed = 00:00:11 . Memory (MB): peak = 372.906 ; gain = 0.293 ; free physical = 358 ; free virtual = 2884
INFO: [HLS 200-111] Finished Checking Pragmas Time (s): cpu = 00:00:11 ; elapsed = 00:00:11 . Memory (MB): peak = 372.906 ; gain = 0.293 ; free physical = 358 ; free virtual = 2884
INFO: [HLS 200-10] Starting code transformations ...
INFO: [HLS 200-111] Finished Standard Transforms Time (s): cpu = 00:00:12 ; elapsed = 00:00:12 . Memory (MB): peak = 372.922 ; gain = 0.309 ; free physical = 348 ; free virtual = 2876
INFO: [HLS 200-10] Checking synthesizability ...
INFO: [XFORM 203-602] Inlining function 'get_cluster' into 'doKmean' (kmeans/kmeans.cpp:51) automatically.
INFO: [HLS 200-111] Finished Checking Synthesizability Time (s): cpu = 00:00:12 ; elapsed = 00:00:12 . Memory (MB): peak = 372.922 ; gain = 0.309 ; free physical = 343 ; free virtual = 2870
INFO: [XFORM 203-502] Unrolling all sub-loops inside loop 'read_p' (kmeans/kmeans.cpp:20) in function 'doKmean' for pipelining.
INFO: [XFORM 203-502] Unrolling all sub-loops inside loop 'read_c' (kmeans/kmeans.cpp:33) in function 'doKmean' for pipelining.
INFO: [XFORM 203-502] Unrolling all sub-loops inside loop 'sumcen' (kmeans/kmeans.cpp:59) in function 'doKmean' for pipelining.
INFO: [XFORM 203-502] Unrolling all sub-loops inside loop 'update' (kmeans/kmeans.cpp:70) in function 'doKmean' for pipelining.
INFO: [XFORM 203-502] Unrolling all sub-loops inside loop 'write_c' (kmeans/kmeans.cpp:108) in function 'doKmean' for pipelining.
INFO: [XFORM 203-502] Unrolling all loops for pipelining in function 'get_cluster' (kmeans/kmeans.cpp:127).
INFO: [XFORM 203-501] Unrolling loop 'Loop-1.1' (kmeans/kmeans.cpp:21) in function 'doKmean' completely.
INFO: [XFORM 203-501] Unrolling loop 'Loop-2.1' (kmeans/kmeans.cpp:34) in function 'doKmean' completely.
INFO: [XFORM 203-501] Unrolling loop 'Loop-5.1' (kmeans/kmeans.cpp:60) in function 'doKmean' completely.
INFO: [XFORM 203-501] Unrolling loop 'Loop-6.1' (kmeans/kmeans.cpp:71) in function 'doKmean' completely.
INFO: [XFORM 203-501] Unrolling loop 'Loop-9.1' (kmeans/kmeans.cpp:109) in function 'doKmean' completely.
INFO: [XFORM 203-501] Unrolling loop 'Loop-1' (kmeans/kmeans.cpp:131) in function 'get_cluster' completely.
INFO: [XFORM 203-501] Unrolling loop 'Loop-1.1' (kmeans/kmeans.cpp:133) in function 'get_cluster' completely.
INFO: [XFORM 203-102] Automatically partitioning small array 'endip' completely based on array size.
INFO: [XFORM 203-101] Partitioning array 'endip' in dimension 1 completely.
INFO: [HLS 200-111] Finished Pre-synthesis Time (s): cpu = 00:00:16 ; elapsed = 00:00:17 . Memory (MB): peak = 500.613 ; gain = 128.000 ; free physical = 297 ; free virtual = 2826
INFO: [HLS 200-111] Finished Architecture Synthesis Time (s): cpu = 00:00:20 ; elapsed = 00:00:21 . Memory (MB): peak = 564.613 ; gain = 192.000 ; free physical = 232 ; free virtual = 2761
INFO: [HLS 200-10] Starting hardware synthesis ...
INFO: [HLS 200-10] Synthesizing 'doKmean' ...
INFO: [HLS 200-10] ----------------------------------------------------------------
INFO: [HLS 200-42] -- Implementing module 'get_cluster' 
INFO: [HLS 200-10] ----------------------------------------------------------------
INFO: [SCHED 204-11] Starting scheduling ...
INFO: [SCHED 204-61] Pipelining function 'get_cluster'.
WARNING: [SCHED 204-69] Unable to schedule 'load' operation ('data_set_load_100', kmeans/kmeans.cpp:134) on array 'data_set' due to limited memory ports. Please consider using a memory core with more ports or partitioning the array 'data_set'.
WARNING: [SCHED 204-69] Unable to schedule 'load' operation ('centroids_load_16', kmeans/kmeans.cpp:134) on array 'centroids' due to limited memory ports. Please consider using a memory core with more ports or partitioning the array 'centroids'.
INFO: [SCHED 204-61] Unable to satisfy pipeline directive: Unable to pipeline the region.
INFO: [SCHED 204-11] Finished scheduling.
INFO: [HLS 200-111]  Elapsed time: 152.84 seconds; current allocated memory: 212.453 MB.
INFO: [BIND 205-100] Starting micro-architecture generation ...
INFO: [BIND 205-101] Performing variable lifetime analysis.
INFO: [BIND 205-101] Exploring resource sharing.
INFO: [BIND 205-101] Binding ...
INFO: [BIND 205-100] After resource sharing, estimated clock period (10.4276ns) exceeds the target (target clock period: 10ns, clock uncertainty: 1.25ns, effective delay budget: 8.75ns).
INFO: [BIND 205-100] The critical path consists of the following:
	'fsub' operation ('tmp_6_9', kmeans/kmeans.cpp:134) (10.4 ns)
INFO: [BIND 205-100] Finished micro-architecture generation.
INFO: [HLS 200-111]  Elapsed time: 43.92 seconds; current allocated memory: 276.714 MB.
INFO: [HLS 200-10] ----------------------------------------------------------------
INFO: [HLS 200-42] -- Implementing module 'doKmean' 
INFO: [HLS 200-10] ----------------------------------------------------------------
INFO: [SCHED 204-11] Starting scheduling ...
INFO: [SCHED 204-61] Pipelining loop 'read_p'.
WARNING: [SCHED 204-68] Unable to enforce a carried dependence constraint (II = 1, distance = 1, offset = 1)
   between axis read on port 'inStream_V_data_V' (kmeans/kmeans.cpp:22) and axis read on port 'inStream_V_data_V' (kmeans/kmeans.cpp:22).
WARNING: [SCHED 204-68] Unable to enforce a carried dependence constraint (II = 2, distance = 1, offset = 1)
   between axis read on port 'inStream_V_data_V' (kmeans/kmeans.cpp:22) and axis read on port 'inStream_V_data_V' (kmeans/kmeans.cpp:22).
WARNING: [SCHED 204-68] Unable to enforce a carried dependence constraint (II = 3, distance = 1, offset = 1)
   between axis read on port 'inStream_V_data_V' (kmeans/kmeans.cpp:22) and axis read on port 'inStream_V_data_V' (kmeans/kmeans.cpp:22).
WARNING: [SCHED 204-68] Unable to enforce a carried dependence constraint (II = 4, distance = 1, offset = 1)
   between axis read on port 'inStream_V_data_V' (kmeans/kmeans.cpp:22) and axis read on port 'inStream_V_data_V' (kmeans/kmeans.cpp:22).
WARNING: [SCHED 204-68] Unable to enforce a carried dependence constraint (II = 35, distance = 1, offset = 1)
   between axis read on port 'inStream_V_data_V' (kmeans/kmeans.cpp:22) and axis read on port 'inStream_V_data_V' (kmeans/kmeans.cpp:22).
WARNING: [SCHED 204-68] Unable to enforce a carried dependence constraint (II = 43, distance = 1, offset = 1)
   between axis read on port 'inStream_V_data_V' (kmeans/kmeans.cpp:22) and axis read on port 'inStream_V_data_V' (kmeans/kmeans.cpp:22).
WARNING: [SCHED 204-68] Unable to enforce a carried dependence constraint (II = 47, distance = 1, offset = 1)
   between axis read on port 'inStream_V_data_V' (kmeans/kmeans.cpp:22) and axis read on port 'inStream_V_data_V' (kmeans/kmeans.cpp:22).
WARNING: [SCHED 204-68] Unable to enforce a carried dependence constraint (II = 49, distance = 1, offset = 1)
   between axis read on port 'inStream_V_data_V' (kmeans/kmeans.cpp:22) and axis read on port 'inStream_V_data_V' (kmeans/kmeans.cpp:22).
INFO: [SCHED 204-61] Pipelining result : Target II = 1, Final II = 50, Depth = 51.
INFO: [SCHED 204-61] Pipelining loop 'read_c'.
WARNING: [SCHED 204-68] Unable to enforce a carried dependence constraint (II = 1, distance = 1, offset = 1)
   between axis read on port 'inStream_V_data_V' (kmeans/kmeans.cpp:35) and axis read on port 'inStream_V_data_V' (kmeans/kmeans.cpp:35).
WARNING: [SCHED 204-68] Unable to enforce a carried dependence constraint (II = 2, distance = 1, offset = 1)
   between axis read on port 'inStream_V_data_V' (kmeans/kmeans.cpp:35) and axis read on port 'inStream_V_data_V' (kmeans/kmeans.cpp:35).
WARNING: [SCHED 204-68] Unable to enforce a carried dependence constraint (II = 3, distance = 1, offset = 1)
   between axis read on port 'inStream_V_data_V' (kmeans/kmeans.cpp:35) and axis read on port 'inStream_V_data_V' (kmeans/kmeans.cpp:35).
WARNING: [SCHED 204-68] Unable to enforce a carried dependence constraint (II = 4, distance = 1, offset = 1)
   between axis read on port 'inStream_V_data_V' (kmeans/kmeans.cpp:35) and axis read on port 'inStream_V_data_V' (kmeans/kmeans.cpp:35).
WARNING: [SCHED 204-68] Unable to enforce a carried dependence constraint (II = 35, distance = 1, offset = 1)
   between axis read on port 'inStream_V_data_V' (kmeans/kmeans.cpp:35) and axis read on port 'inStream_V_data_V' (kmeans/kmeans.cpp:35).
WARNING: [SCHED 204-68] Unable to enforce a carried dependence constraint (II = 43, distance = 1, offset = 1)
   between axis read on port 'inStream_V_data_V' (kmeans/kmeans.cpp:35) and axis read on port 'inStream_V_data_V' (kmeans/kmeans.cpp:35).
WARNING: [SCHED 204-68] Unable to enforce a carried dependence constraint (II = 47, distance = 1, offset = 1)
   between axis read on port 'inStream_V_data_V' (kmeans/kmeans.cpp:35) and axis read on port 'inStream_V_data_V' (kmeans/kmeans.cpp:35).
WARNING: [SCHED 204-68] Unable to enforce a carried dependence constraint (II = 49, distance = 1, offset = 1)
   between axis read on port 'inStream_V_data_V' (kmeans/kmeans.cpp:35) and axis read on port 'inStream_V_data_V' (kmeans/kmeans.cpp:35).
INFO: [SCHED 204-61] Pipelining result : Target II = 1, Final II = 50, Depth = 51.
INFO: [SCHED 204-61] Pipelining loop 'read_res'.
INFO: [SCHED 204-61] Pipelining result : Target II = 1, Final II = 1, Depth = 2.
WARNING: [SCHED 204-67] Unable to satisfy pipeline directive: subfunction 'get_cluster' is not pipelined.
INFO: [SCHED 204-61] Pipelining loop 'sumcen'.
WARNING: [SCHED 204-68] Unable to enforce a carried dependence constraint (II = 1, distance = 1, offset = 1)
   between 'store' operation (kmeans/kmeans.cpp:61) of variable 'tmp_23_128', kmeans/kmeans.cpp:61 on array 'new_centroids' and 'load' operation ('new_centroids_load', kmeans/kmeans.cpp:61) on array 'new_centroids'.
WARNING: [SCHED 204-68] Unable to enforce a carried dependence constraint (II = 2, distance = 1, offset = 1)
   between 'store' operation (kmeans/kmeans.cpp:61) of variable 'tmp_23_128', kmeans/kmeans.cpp:61 on array 'new_centroids' and 'load' operation ('new_centroids_load', kmeans/kmeans.cpp:61) on array 'new_centroids'.
WARNING: [SCHED 204-68] Unable to enforce a carried dependence constraint (II = 3, distance = 1, offset = 1)
   between 'store' operation (kmeans/kmeans.cpp:61) of variable 'tmp_23_128', kmeans/kmeans.cpp:61 on array 'new_centroids' and 'load' operation ('new_centroids_load', kmeans/kmeans.cpp:61) on array 'new_centroids'.
WARNING: [SCHED 204-68] Unable to enforce a carried dependence constraint (II = 4, distance = 1, offset = 1)
   between 'store' operation (kmeans/kmeans.cpp:61) of variable 'tmp_23_128', kmeans/kmeans.cpp:61 on array 'new_centroids' and 'load' operation ('new_centroids_load', kmeans/kmeans.cpp:61) on array 'new_centroids'.
WARNING: [SCHED 204-69] Unable to schedule 'store' operation (kmeans/kmeans.cpp:61) of variable 'tmp_17_21', kmeans/kmeans.cpp:61 on array 'new_centroids' due to limited memory ports. Please consider using a memory core with more ports or partitioning the array 'new_centroids'.
INFO: [SCHED 204-61] Pipelining result : Target II = 1, Final II = 50, Depth = 60.
INFO: [SCHED 204-61] Pipelining loop 'update'.
WARNING: [SCHED 204-69] Unable to schedule 'load' operation ('np_cluster_load_3', kmeans/kmeans.cpp:72) on array 'np_cluster' due to limited memory ports. Please consider using a memory core with more ports or partitioning the array 'np_cluster'.
WARNING: [SCHED 204-69] Unable to schedule 'store' operation (kmeans/kmeans.cpp:73) of constant 0 on array 'new_centroids' due to limited memory ports. Please consider using a memory core with more ports or partitioning the array 'new_centroids'.
INFO: [SCHED 204-61] Pipelining result : Target II = 1, Final II = 50, Depth = 73.
INFO: [SCHED 204-61] Pipelining loop 'send'.
INFO: [SCHED 204-61] Pipelining result : Target II = 1, Final II = 1, Depth = 3.
INFO: [SCHED 204-61] Pipelining loop 'send2'.
INFO: [SCHED 204-61] Pipelining result : Target II = 1, Final II = 1, Depth = 3.
INFO: [SCHED 204-61] Pipelining loop 'write_c'.
WARNING: [SCHED 204-68] Unable to enforce a carried dependence constraint (II = 1, distance = 1, offset = 1)
   between axis write on port 'outStream_V_data_V' (kmeans/kmeans.cpp:121) and axis write on port 'outStream_V_data_V' (kmeans/kmeans.cpp:121).
WARNING: [SCHED 204-68] Unable to enforce a carried dependence constraint (II = 2, distance = 1, offset = 1)
   between axis write on port 'outStream_V_data_V' (kmeans/kmeans.cpp:121) and axis write on port 'outStream_V_data_V' (kmeans/kmeans.cpp:121).
WARNING: [SCHED 204-68] Unable to enforce a carried dependence constraint (II = 3, distance = 1, offset = 1)
   between axis write on port 'outStream_V_data_V' (kmeans/kmeans.cpp:121) and axis write on port 'outStream_V_data_V' (kmeans/kmeans.cpp:121).
WARNING: [SCHED 204-68] Unable to enforce a carried dependence constraint (II = 4, distance = 1, offset = 1)
   between axis write on port 'outStream_V_data_V' (kmeans/kmeans.cpp:121) and axis write on port 'outStream_V_data_V' (kmeans/kmeans.cpp:121).
WARNING: [SCHED 204-68] Unable to enforce a carried dependence constraint (II = 35, distance = 1, offset = 1)
   between axis write on port 'outStream_V_data_V' (kmeans/kmeans.cpp:121) and axis write on port 'outStream_V_data_V' (kmeans/kmeans.cpp:121).
WARNING: [SCHED 204-68] Unable to enforce a carried dependence constraint (II = 43, distance = 1, offset = 1)
   between axis write on port 'outStream_V_data_V' (kmeans/kmeans.cpp:121) and axis write on port 'outStream_V_data_V' (kmeans/kmeans.cpp:121).
WARNING: [SCHED 204-68] Unable to enforce a carried dependence constraint (II = 47, distance = 1, offset = 1)
   between axis write on port 'outStream_V_data_V' (kmeans/kmeans.cpp:121) and axis write on port 'outStream_V_data_V' (kmeans/kmeans.cpp:121).
WARNING: [SCHED 204-68] Unable to enforce a carried dependence constraint (II = 49, distance = 1, offset = 1)
   between axis write on port 'outStream_V_data_V' (kmeans/kmeans.cpp:121) and axis write on port 'outStream_V_data_V' (kmeans/kmeans.cpp:121).
INFO: [SCHED 204-61] Pipelining result : Target II = 1, Final II = 50, Depth = 52.
WARNING: [SCHED 204-21] Estimated clock period (9.634ns) exceeds the target (target clock period: 10ns, clock uncertainty: 1.25ns, effective delay budget: 8.75ns).
WARNING: [SCHED 204-21] The critical path consists of the following:
	'mul' operation ('tmp_352', kmeans/kmeans.cpp:61) (3.36 ns)
	'add' operation ('tmp_353', kmeans/kmeans.cpp:61) (3.02 ns)
	'getelementptr' operation ('new_centroids_addr_2', kmeans/kmeans.cpp:61) (0 ns)
	'load' operation ('new_centroids_load_2', kmeans/kmeans.cpp:61) on array 'new_centroids' (3.25 ns)
INFO: [SCHED 204-11] Finished scheduling.
INFO: [HLS 200-111]  Elapsed time: 35.15 seconds; current allocated memory: 285.657 MB.
INFO: [HLS 200-434] Only 8 loops out of a total 9 loops have been pipelined in this design.
INFO: [BIND 205-100] Starting micro-architecture generation ...
INFO: [BIND 205-101] Performing variable lifetime analysis.
INFO: [BIND 205-101] Exploring resource sharing.
INFO: [BIND 205-101] Binding ...
INFO: [BIND 205-100] Finished micro-architecture generation.
INFO: [HLS 200-111]  Elapsed time: 5.92 seconds; current allocated memory: 296.674 MB.
INFO: [HLS 200-10] ----------------------------------------------------------------
INFO: [HLS 200-10] -- Generating RTL for module 'get_cluster' 
INFO: [HLS 200-10] ----------------------------------------------------------------
INFO: [SYN 201-210] Renamed object name 'doKmean_faddfsub_32ns_32ns_32_5_full_dsp_1' to 'doKmean_faddfsub_bkb' due to the length limit 20
INFO: [SYN 201-210] Renamed object name 'doKmean_fsub_32ns_32ns_32_5_full_dsp_1' to 'doKmean_fsub_32nscud' due to the length limit 20
INFO: [SYN 201-210] Renamed object name 'doKmean_fmul_32ns_32ns_32_4_max_dsp_1' to 'doKmean_fmul_32nsdEe' due to the length limit 20
INFO: [SYN 201-210] Renamed object name 'doKmean_fcmp_32ns_32ns_1_1_1' to 'doKmean_fcmp_32nseOg' due to the length limit 20
INFO: [SYN 201-210] Renamed object name 'doKmean_fsqrt_32ns_32ns_32_12_1' to 'doKmean_fsqrt_32nfYi' due to the length limit 20
INFO: [RTGEN 206-100] Generating core module 'doKmean_faddfsub_bkb': 3 instance(s).
INFO: [RTGEN 206-100] Generating core module 'doKmean_fcmp_32nseOg': 1 instance(s).
==============================================================
File generated by Vivado(TM) HLS - High-Level Synthesis from C, C++ and SystemC
Version: 2018.2
Copyright (C) 1986-2018 Xilinx, Inc. All Rights Reserved.

==============================================================

INFO: [SYN 201-201] Setting up clock 'default' with a period of 10ns.
INFO: [HLS 200-10] Setting target device to 'xc7z020clg484-1'
INFO: [HLS 200-10] Analyzing design file 'kmeans/kmeans.cpp' ... 
INFO: [HLS 200-111] Finished Linking Time (s): cpu = 00:00:12 ; elapsed = 00:00:13 . Memory (MB): peak = 372.898 ; gain = 0.293 ; free physical = 785 ; free virtual = 3386
INFO: [HLS 200-111] Finished Checking Pragmas Time (s): cpu = 00:00:12 ; elapsed = 00:00:13 . Memory (MB): peak = 372.898 ; gain = 0.293 ; free physical = 785 ; free virtual = 3386
INFO: [HLS 200-10] Starting code transformations ...
INFO: [HLS 200-111] Finished Standard Transforms Time (s): cpu = 00:00:13 ; elapsed = 00:00:13 . Memory (MB): peak = 372.914 ; gain = 0.309 ; free physical = 775 ; free virtual = 3377
INFO: [HLS 200-10] Checking synthesizability ...
INFO: [XFORM 203-602] Inlining function 'get_cluster' into 'doKmean' (kmeans/kmeans.cpp:51) automatically.
INFO: [HLS 200-111] Finished Checking Synthesizability Time (s): cpu = 00:00:13 ; elapsed = 00:00:14 . Memory (MB): peak = 372.914 ; gain = 0.309 ; free physical = 769 ; free virtual = 3372
INFO: [XFORM 203-502] Unrolling all sub-loops inside loop 'read_p' (kmeans/kmeans.cpp:20) in function 'doKmean' for pipelining.
INFO: [XFORM 203-502] Unrolling all sub-loops inside loop 'read_c' (kmeans/kmeans.cpp:33) in function 'doKmean' for pipelining.
INFO: [XFORM 203-502] Unrolling all sub-loops inside loop 'sumcen' (kmeans/kmeans.cpp:59) in function 'doKmean' for pipelining.
INFO: [XFORM 203-502] Unrolling all sub-loops inside loop 'update' (kmeans/kmeans.cpp:70) in function 'doKmean' for pipelining.
INFO: [XFORM 203-502] Unrolling all sub-loops inside loop 'write_c' (kmeans/kmeans.cpp:108) in function 'doKmean' for pipelining.
INFO: [XFORM 203-502] Unrolling all loops for pipelining in function 'get_cluster' (kmeans/kmeans.cpp:127).
INFO: [XFORM 203-501] Unrolling loop 'Loop-1.1' (kmeans/kmeans.cpp:21) in function 'doKmean' completely.
INFO: [XFORM 203-501] Unrolling loop 'Loop-2.1' (kmeans/kmeans.cpp:34) in function 'doKmean' completely.
INFO: [XFORM 203-501] Unrolling loop 'Loop-5.1' (kmeans/kmeans.cpp:60) in function 'doKmean' completely.
INFO: [XFORM 203-501] Unrolling loop 'Loop-6.1' (kmeans/kmeans.cpp:71) in function 'doKmean' completely.
INFO: [XFORM 203-501] Unrolling loop 'Loop-9.1' (kmeans/kmeans.cpp:109) in function 'doKmean' completely.
INFO: [XFORM 203-501] Unrolling loop 'Loop-1' (kmeans/kmeans.cpp:131) in function 'get_cluster' completely.
INFO: [XFORM 203-501] Unrolling loop 'Loop-1.1' (kmeans/kmeans.cpp:133) in function 'get_cluster' completely.
INFO: [XFORM 203-102] Automatically partitioning small array 'endip' completely based on array size.
INFO: [XFORM 203-101] Partitioning array 'endip' in dimension 1 completely.
INFO: [HLS 200-111] Finished Pre-synthesis Time (s): cpu = 00:00:18 ; elapsed = 00:00:19 . Memory (MB): peak = 500.605 ; gain = 128.000 ; free physical = 723 ; free virtual = 3328
INFO: [HLS 200-111] Finished Architecture Synthesis Time (s): cpu = 00:00:23 ; elapsed = 00:00:23 . Memory (MB): peak = 564.605 ; gain = 192.000 ; free physical = 659 ; free virtual = 3263
INFO: [HLS 200-10] Starting hardware synthesis ...
INFO: [HLS 200-10] Synthesizing 'doKmean' ...
INFO: [HLS 200-10] ----------------------------------------------------------------
INFO: [HLS 200-42] -- Implementing module 'get_cluster' 
INFO: [HLS 200-10] ----------------------------------------------------------------
INFO: [SCHED 204-11] Starting scheduling ...
INFO: [SCHED 204-61] Pipelining function 'get_cluster'.
WARNING: [SCHED 204-69] Unable to schedule 'load' operation ('data_set_load_100', kmeans/kmeans.cpp:134) on array 'data_set' due to limited memory ports. Please consider using a memory core with more ports or partitioning the array 'data_set'.
INFO: [SCHED 204-61] Unable to satisfy pipeline directive: Unable to pipeline the region.
INFO: [SCHED 204-11] Finished scheduling.
INFO: [HLS 200-111]  Elapsed time: 166.3 seconds; current allocated memory: 212.451 MB.
INFO: [BIND 205-100] Starting micro-architecture generation ...
INFO: [BIND 205-101] Performing variable lifetime analysis.
INFO: [BIND 205-101] Exploring resource sharing.
INFO: [BIND 205-101] Binding ...
INFO: [BIND 205-100] After resource sharing, estimated clock period (10.4551ns) exceeds the target (target clock period: 10ns, clock uncertainty: 1.25ns, effective delay budget: 8.75ns).
INFO: [BIND 205-100] The critical path consists of the following:
	'fsub' operation ('tmp_6_9', kmeans/kmeans.cpp:134) (10.5 ns)
INFO: [BIND 205-100] Finished micro-architecture generation.
INFO: [HLS 200-111]  Elapsed time: 42.81 seconds; current allocated memory: 276.677 MB.
INFO: [HLS 200-10] ----------------------------------------------------------------
INFO: [HLS 200-42] -- Implementing module 'doKmean' 
INFO: [HLS 200-10] ----------------------------------------------------------------
INFO: [SCHED 204-11] Starting scheduling ...
INFO: [SCHED 204-61] Pipelining loop 'read_p'.
WARNING: [SCHED 204-68] Unable to enforce a carried dependence constraint (II = 1, distance = 1, offset = 1)
   between axis read on port 'inStream_V_data_V' (kmeans/kmeans.cpp:22) and axis read on port 'inStream_V_data_V' (kmeans/kmeans.cpp:22).
WARNING: [SCHED 204-68] Unable to enforce a carried dependence constraint (II = 2, distance = 1, offset = 1)
   between axis read on port 'inStream_V_data_V' (kmeans/kmeans.cpp:22) and axis read on port 'inStream_V_data_V' (kmeans/kmeans.cpp:22).
WARNING: [SCHED 204-68] Unable to enforce a carried dependence constraint (II = 3, distance = 1, offset = 1)
   between axis read on port 'inStream_V_data_V' (kmeans/kmeans.cpp:22) and axis read on port 'inStream_V_data_V' (kmeans/kmeans.cpp:22).
WARNING: [SCHED 204-68] Unable to enforce a carried dependence constraint (II = 4, distance = 1, offset = 1)
   between axis read on port 'inStream_V_data_V' (kmeans/kmeans.cpp:22) and axis read on port 'inStream_V_data_V' (kmeans/kmeans.cpp:22).
WARNING: [SCHED 204-68] Unable to enforce a carried dependence constraint (II = 35, distance = 1, offset = 1)
   between axis read on port 'inStream_V_data_V' (kmeans/kmeans.cpp:22) and axis read on port 'inStream_V_data_V' (kmeans/kmeans.cpp:22).
WARNING: [SCHED 204-68] Unable to enforce a carried dependence constraint (II = 43, distance = 1, offset = 1)
   between axis read on port 'inStream_V_data_V' (kmeans/kmeans.cpp:22) and axis read on port 'inStream_V_data_V' (kmeans/kmeans.cpp:22).
WARNING: [SCHED 204-68] Unable to enforce a carried dependence constraint (II = 47, distance = 1, offset = 1)
   between axis read on port 'inStream_V_data_V' (kmeans/kmeans.cpp:22) and axis read on port 'inStream_V_data_V' (kmeans/kmeans.cpp:22).
WARNING: [SCHED 204-68] Unable to enforce a carried dependence constraint (II = 49, distance = 1, offset = 1)
   between axis read on port 'inStream_V_data_V' (kmeans/kmeans.cpp:22) and axis read on port 'inStream_V_data_V' (kmeans/kmeans.cpp:22).
INFO: [SCHED 204-61] Pipelining result : Target II = 1, Final II = 50, Depth = 51.
INFO: [SCHED 204-61] Pipelining loop 'read_c'.
WARNING: [SCHED 204-68] Unable to enforce a carried dependence constraint (II = 1, distance = 1, offset = 1)
   between axis read on port 'inStream_V_data_V' (kmeans/kmeans.cpp:35) and axis read on port 'inStream_V_data_V' (kmeans/kmeans.cpp:35).
WARNING: [SCHED 204-68] Unable to enforce a carried dependence constraint (II = 2, distance = 1, offset = 1)
   between axis read on port 'inStream_V_data_V' (kmeans/kmeans.cpp:35) and axis read on port 'inStream_V_data_V' (kmeans/kmeans.cpp:35).
WARNING: [SCHED 204-68] Unable to enforce a carried dependence constraint (II = 3, distance = 1, offset = 1)
   between axis read on port 'inStream_V_data_V' (kmeans/kmeans.cpp:35) and axis read on port 'inStream_V_data_V' (kmeans/kmeans.cpp:35).
WARNING: [SCHED 204-68] Unable to enforce a carried dependence constraint (II = 4, distance = 1, offset = 1)
   between axis read on port 'inStream_V_data_V' (kmeans/kmeans.cpp:35) and axis read on port 'inStream_V_data_V' (kmeans/kmeans.cpp:35).
WARNING: [SCHED 204-68] Unable to enforce a carried dependence constraint (II = 35, distance = 1, offset = 1)
   between axis read on port 'inStream_V_data_V' (kmeans/kmeans.cpp:35) and axis read on port 'inStream_V_data_V' (kmeans/kmeans.cpp:35).
WARNING: [SCHED 204-68] Unable to enforce a carried dependence constraint (II = 43, distance = 1, offset = 1)
   between axis read on port 'inStream_V_data_V' (kmeans/kmeans.cpp:35) and axis read on port 'inStream_V_data_V' (kmeans/kmeans.cpp:35).
WARNING: [SCHED 204-68] Unable to enforce a carried dependence constraint (II = 47, distance = 1, offset = 1)
   between axis read on port 'inStream_V_data_V' (kmeans/kmeans.cpp:35) and axis read on port 'inStream_V_data_V' (kmeans/kmeans.cpp:35).
WARNING: [SCHED 204-68] Unable to enforce a carried dependence constraint (II = 49, distance = 1, offset = 1)
   between axis read on port 'inStream_V_data_V' (kmeans/kmeans.cpp:35) and axis read on port 'inStream_V_data_V' (kmeans/kmeans.cpp:35).
INFO: [SCHED 204-61] Pipelining result : Target II = 1, Final II = 50, Depth = 51.
INFO: [SCHED 204-61] Pipelining loop 'read_res'.
INFO: [SCHED 204-61] Pipelining result : Target II = 1, Final II = 1, Depth = 2.
WARNING: [SCHED 204-67] Unable to satisfy pipeline directive: subfunction 'get_cluster' is not pipelined.
INFO: [SCHED 204-61] Pipelining loop 'sumcen'.
WARNING: [SCHED 204-68] Unable to enforce a carried dependence constraint (II = 1, distance = 1, offset = 1)
   between 'store' operation (kmeans/kmeans.cpp:61) of variable 'tmp_23_128', kmeans/kmeans.cpp:61 on array 'new_centroids' and 'load' operation ('new_centroids_load', kmeans/kmeans.cpp:61) on array 'new_centroids'.
WARNING: [SCHED 204-68] Unable to enforce a carried dependence constraint (II = 2, distance = 1, offset = 1)
   between 'store' operation (kmeans/kmeans.cpp:61) of variable 'tmp_23_128', kmeans/kmeans.cpp:61 on array 'new_centroids' and 'load' operation ('new_centroids_load', kmeans/kmeans.cpp:61) on array 'new_centroids'.
WARNING: [SCHED 204-68] Unable to enforce a carried dependence constraint (II = 3, distance = 1, offset = 1)
   between 'store' operation (kmeans/kmeans.cpp:61) of variable 'tmp_23_128', kmeans/kmeans.cpp:61 on array 'new_centroids' and 'load' operation ('new_centroids_load', kmeans/kmeans.cpp:61) on array 'new_centroids'.
WARNING: [SCHED 204-68] Unable to enforce a carried dependence constraint (II = 4, distance = 1, offset = 1)
   between 'store' operation (kmeans/kmeans.cpp:61) of variable 'tmp_23_128', kmeans/kmeans.cpp:61 on array 'new_centroids' and 'load' operation ('new_centroids_load', kmeans/kmeans.cpp:61) on array 'new_centroids'.
WARNING: [SCHED 204-69] Unable to schedule 'store' operation (kmeans/kmeans.cpp:61) of variable 'tmp_17_21', kmeans/kmeans.cpp:61 on array 'new_centroids' due to limited memory ports. Please consider using a memory core with more ports or partitioning the array 'new_centroids'.
INFO: [SCHED 204-61] Pipelining result : Target II = 1, Final II = 50, Depth = 60.
INFO: [SCHED 204-61] Pipelining loop 'update'.
WARNING: [SCHED 204-69] Unable to schedule 'load' operation ('np_cluster_load_3', kmeans/kmeans.cpp:72) on array 'np_cluster' due to limited memory ports. Please consider using a memory core with more ports or partitioning the array 'np_cluster'.
WARNING: [SCHED 204-69] Unable to schedule 'store' operation (kmeans/kmeans.cpp:73) of constant 0 on array 'new_centroids' due to limited memory ports. Please consider using a memory core with more ports or partitioning the array 'new_centroids'.
INFO: [SCHED 204-61] Pipelining result : Target II = 1, Final II = 50, Depth = 73.
INFO: [SCHED 204-61] Pipelining loop 'send'.
INFO: [SCHED 204-61] Pipelining result : Target II = 1, Final II = 1, Depth = 3.
INFO: [SCHED 204-61] Pipelining loop 'send2'.
INFO: [SCHED 204-61] Pipelining result : Target II = 1, Final II = 1, Depth = 3.
INFO: [SCHED 204-61] Pipelining loop 'write_c'.
WARNING: [SCHED 204-68] Unable to enforce a carried dependence constraint (II = 1, distance = 1, offset = 1)
   between axis write on port 'outStream_V_data_V' (kmeans/kmeans.cpp:121) and axis write on port 'outStream_V_data_V' (kmeans/kmeans.cpp:121).
WARNING: [SCHED 204-68] Unable to enforce a carried dependence constraint (II = 2, distance = 1, offset = 1)
   between axis write on port 'outStream_V_data_V' (kmeans/kmeans.cpp:121) and axis write on port 'outStream_V_data_V' (kmeans/kmeans.cpp:121).
WARNING: [SCHED 204-68] Unable to enforce a carried dependence constraint (II = 3, distance = 1, offset = 1)
   between axis write on port 'outStream_V_data_V' (kmeans/kmeans.cpp:121) and axis write on port 'outStream_V_data_V' (kmeans/kmeans.cpp:121).
WARNING: [SCHED 204-68] Unable to enforce a carried dependence constraint (II = 4, distance = 1, offset = 1)
   between axis write on port 'outStream_V_data_V' (kmeans/kmeans.cpp:121) and axis write on port 'outStream_V_data_V' (kmeans/kmeans.cpp:121).
WARNING: [SCHED 204-68] Unable to enforce a carried dependence constraint (II = 35, distance = 1, offset = 1)
   between axis write on port 'outStream_V_data_V' (kmeans/kmeans.cpp:121) and axis write on port 'outStream_V_data_V' (kmeans/kmeans.cpp:121).
WARNING: [SCHED 204-68] Unable to enforce a carried dependence constraint (II = 43, distance = 1, offset = 1)
   between axis write on port 'outStream_V_data_V' (kmeans/kmeans.cpp:121) and axis write on port 'outStream_V_data_V' (kmeans/kmeans.cpp:121).
WARNING: [SCHED 204-68] Unable to enforce a carried dependence constraint (II = 47, distance = 1, offset = 1)
   between axis write on port 'outStream_V_data_V' (kmeans/kmeans.cpp:121) and axis write on port 'outStream_V_data_V' (kmeans/kmeans.cpp:121).
WARNING: [SCHED 204-68] Unable to enforce a carried dependence constraint (II = 49, distance = 1, offset = 1)
   between axis write on port 'outStream_V_data_V' (kmeans/kmeans.cpp:121) and axis write on port 'outStream_V_data_V' (kmeans/kmeans.cpp:121).
INFO: [SCHED 204-61] Pipelining result : Target II = 1, Final II = 50, Depth = 52.
WARNING: [SCHED 204-21] Estimated clock period (9.634ns) exceeds the target (target clock period: 10ns, clock uncertainty: 1.25ns, effective delay budget: 8.75ns).
WARNING: [SCHED 204-21] The critical path consists of the following:
	'mul' operation ('tmp_352', kmeans/kmeans.cpp:61) (3.36 ns)
	'add' operation ('tmp_353', kmeans/kmeans.cpp:61) (3.02 ns)
	'getelementptr' operation ('new_centroids_addr_2', kmeans/kmeans.cpp:61) (0 ns)
	'load' operation ('new_centroids_load_2', kmeans/kmeans.cpp:61) on array 'new_centroids' (3.25 ns)
INFO: [SCHED 204-11] Finished scheduling.
INFO: [HLS 200-111]  Elapsed time: 31.24 seconds; current allocated memory: 285.619 MB.
INFO: [HLS 200-434] Only 8 loops out of a total 9 loops have been pipelined in this design.
INFO: [BIND 205-100] Starting micro-architecture generation ...
INFO: [BIND 205-101] Performing variable lifetime analysis.
INFO: [BIND 205-101] Exploring resource sharing.
INFO: [BIND 205-101] Binding ...
INFO: [BIND 205-100] Finished micro-architecture generation.
INFO: [HLS 200-111]  Elapsed time: 5.25 seconds; current allocated memory: 296.635 MB.
INFO: [HLS 200-10] ----------------------------------------------------------------
INFO: [HLS 200-10] -- Generating RTL for module 'get_cluster' 
INFO: [HLS 200-10] ----------------------------------------------------------------
INFO: [SYN 201-210] Renamed object name 'doKmean_faddfsub_32ns_32ns_32_5_full_dsp_1' to 'doKmean_faddfsub_bkb' due to the length limit 20
INFO: [SYN 201-210] Renamed object name 'doKmean_fsub_32ns_32ns_32_5_full_dsp_1' to 'doKmean_fsub_32nscud' due to the length limit 20
INFO: [SYN 201-210] Renamed object name 'doKmean_fmul_32ns_32ns_32_4_max_dsp_1' to 'doKmean_fmul_32nsdEe' due to the length limit 20
INFO: [SYN 201-210] Renamed object name 'doKmean_fcmp_32ns_32ns_1_1_1' to 'doKmean_fcmp_32nseOg' due to the length limit 20
INFO: [SYN 201-210] Renamed object name 'doKmean_fsqrt_32ns_32ns_32_12_1' to 'doKmean_fsqrt_32nfYi' due to the length limit 20
INFO: [RTGEN 206-100] Generating core module 'doKmean_faddfsub_bkb': 3 instance(s).
INFO: [RTGEN 206-100] Generating core module 'doKmean_fcmp_32nseOg': 1 instance(s).
INFO: [RTGEN 206-100] Generating core module 'doKmean_fmul_32nsdEe': 1 instance(s).
INFO: [RTGEN 206-100] Generating core module 'doKmean_fsqrt_32nfYi': 1 instance(s).
INFO: [RTGEN 206-100] Generating core module 'doKmean_fsub_32nscud': 1 instance(s).
==============================================================
File generated by Vivado(TM) HLS - High-Level Synthesis from C, C++ and SystemC
Version: 2018.2
Copyright (C) 1986-2018 Xilinx, Inc. All Rights Reserved.

==============================================================

INFO: [SYN 201-201] Setting up clock 'default' with a period of 10ns.
INFO: [HLS 200-10] Setting target device to 'xc7z020clg484-1'
INFO: [HLS 200-10] Analyzing design file 'kmeans/kmeans.cpp' ... 
INFO: [HLS 200-111] Finished Linking Time (s): cpu = 00:00:12 ; elapsed = 00:00:12 . Memory (MB): peak = 372.906 ; gain = 0.293 ; free physical = 669 ; free virtual = 3123
INFO: [HLS 200-111] Finished Checking Pragmas Time (s): cpu = 00:00:12 ; elapsed = 00:00:12 . Memory (MB): peak = 372.906 ; gain = 0.293 ; free physical = 669 ; free virtual = 3123
INFO: [HLS 200-10] Starting code transformations ...
INFO: [HLS 200-111] Finished Standard Transforms Time (s): cpu = 00:00:13 ; elapsed = 00:00:13 . Memory (MB): peak = 372.922 ; gain = 0.309 ; free physical = 659 ; free virtual = 3115
INFO: [HLS 200-10] Checking synthesizability ...
INFO: [XFORM 203-602] Inlining function 'get_cluster' into 'doKmean' (kmeans/kmeans.cpp:51) automatically.
INFO: [HLS 200-111] Finished Checking Synthesizability Time (s): cpu = 00:00:13 ; elapsed = 00:00:13 . Memory (MB): peak = 372.922 ; gain = 0.309 ; free physical = 654 ; free virtual = 3110
INFO: [XFORM 203-502] Unrolling all sub-loops inside loop 'read_p' (kmeans/kmeans.cpp:20) in function 'doKmean' for pipelining.
INFO: [XFORM 203-502] Unrolling all sub-loops inside loop 'read_c' (kmeans/kmeans.cpp:33) in function 'doKmean' for pipelining.
INFO: [XFORM 203-502] Unrolling all sub-loops inside loop 'sumcen' (kmeans/kmeans.cpp:59) in function 'doKmean' for pipelining.
INFO: [XFORM 203-502] Unrolling all sub-loops inside loop 'update' (kmeans/kmeans.cpp:70) in function 'doKmean' for pipelining.
INFO: [XFORM 203-502] Unrolling all sub-loops inside loop 'write_c' (kmeans/kmeans.cpp:108) in function 'doKmean' for pipelining.
INFO: [XFORM 203-501] Unrolling loop 'Loop-1.1' (kmeans/kmeans.cpp:21) in function 'doKmean' completely.
INFO: [XFORM 203-501] Unrolling loop 'Loop-2.1' (kmeans/kmeans.cpp:34) in function 'doKmean' completely.
INFO: [XFORM 203-501] Unrolling loop 'Loop-5.1' (kmeans/kmeans.cpp:60) in function 'doKmean' completely.
INFO: [XFORM 203-501] Unrolling loop 'Loop-6.1' (kmeans/kmeans.cpp:71) in function 'doKmean' completely.
INFO: [XFORM 203-501] Unrolling loop 'Loop-9.1' (kmeans/kmeans.cpp:109) in function 'doKmean' completely.
INFO: [XFORM 203-602] Inlining function 'get_cluster' into 'doKmean' (kmeans/kmeans.cpp:51) automatically.
INFO: [XFORM 203-102] Automatically partitioning small array 'endip' completely based on array size.
INFO: [XFORM 203-101] Partitioning array 'endip' in dimension 1 completely.
INFO: [HLS 200-111] Finished Pre-synthesis Time (s): cpu = 00:00:17 ; elapsed = 00:00:18 . Memory (MB): peak = 500.613 ; gain = 128.000 ; free physical = 621 ; free virtual = 3078
INFO: [HLS 200-111] Finished Architecture Synthesis Time (s): cpu = 00:00:21 ; elapsed = 00:00:21 . Memory (MB): peak = 500.613 ; gain = 128.000 ; free physical = 595 ; free virtual = 3052
INFO: [HLS 200-10] Starting hardware synthesis ...
INFO: [HLS 200-10] Synthesizing 'doKmean' ...
INFO: [HLS 200-10] ----------------------------------------------------------------
INFO: [HLS 200-42] -- Implementing module 'doKmean' 
INFO: [HLS 200-10] ----------------------------------------------------------------
INFO: [SCHED 204-11] Starting scheduling ...
INFO: [SCHED 204-61] Pipelining loop 'read_p'.
WARNING: [SCHED 204-68] Unable to enforce a carried dependence constraint (II = 1, distance = 1, offset = 1)
   between axis read on port 'inStream_V_data_V' (kmeans/kmeans.cpp:22) and axis read on port 'inStream_V_data_V' (kmeans/kmeans.cpp:22).
WARNING: [SCHED 204-68] Unable to enforce a carried dependence constraint (II = 2, distance = 1, offset = 1)
   between axis read on port 'inStream_V_data_V' (kmeans/kmeans.cpp:22) and axis read on port 'inStream_V_data_V' (kmeans/kmeans.cpp:22).
WARNING: [SCHED 204-68] Unable to enforce a carried dependence constraint (II = 3, distance = 1, offset = 1)
   between axis read on port 'inStream_V_data_V' (kmeans/kmeans.cpp:22) and axis read on port 'inStream_V_data_V' (kmeans/kmeans.cpp:22).
WARNING: [SCHED 204-68] Unable to enforce a carried dependence constraint (II = 4, distance = 1, offset = 1)
   between axis read on port 'inStream_V_data_V' (kmeans/kmeans.cpp:22) and axis read on port 'inStream_V_data_V' (kmeans/kmeans.cpp:22).
WARNING: [SCHED 204-68] Unable to enforce a carried dependence constraint (II = 35, distance = 1, offset = 1)
   between axis read on port 'inStream_V_data_V' (kmeans/kmeans.cpp:22) and axis read on port 'inStream_V_data_V' (kmeans/kmeans.cpp:22).
WARNING: [SCHED 204-68] Unable to enforce a carried dependence constraint (II = 43, distance = 1, offset = 1)
   between axis read on port 'inStream_V_data_V' (kmeans/kmeans.cpp:22) and axis read on port 'inStream_V_data_V' (kmeans/kmeans.cpp:22).
WARNING: [SCHED 204-68] Unable to enforce a carried dependence constraint (II = 47, distance = 1, offset = 1)
   between axis read on port 'inStream_V_data_V' (kmeans/kmeans.cpp:22) and axis read on port 'inStream_V_data_V' (kmeans/kmeans.cpp:22).
WARNING: [SCHED 204-68] Unable to enforce a carried dependence constraint (II = 49, distance = 1, offset = 1)
   between axis read on port 'inStream_V_data_V' (kmeans/kmeans.cpp:22) and axis read on port 'inStream_V_data_V' (kmeans/kmeans.cpp:22).
INFO: [SCHED 204-61] Pipelining result : Target II = 1, Final II = 50, Depth = 51.
INFO: [SCHED 204-61] Pipelining loop 'read_c'.
WARNING: [SCHED 204-68] Unable to enforce a carried dependence constraint (II = 1, distance = 1, offset = 1)
   between axis read on port 'inStream_V_data_V' (kmeans/kmeans.cpp:35) and axis read on port 'inStream_V_data_V' (kmeans/kmeans.cpp:35).
WARNING: [SCHED 204-68] Unable to enforce a carried dependence constraint (II = 2, distance = 1, offset = 1)
   between axis read on port 'inStream_V_data_V' (kmeans/kmeans.cpp:35) and axis read on port 'inStream_V_data_V' (kmeans/kmeans.cpp:35).
WARNING: [SCHED 204-68] Unable to enforce a carried dependence constraint (II = 3, distance = 1, offset = 1)
   between axis read on port 'inStream_V_data_V' (kmeans/kmeans.cpp:35) and axis read on port 'inStream_V_data_V' (kmeans/kmeans.cpp:35).
WARNING: [SCHED 204-68] Unable to enforce a carried dependence constraint (II = 4, distance = 1, offset = 1)
   between axis read on port 'inStream_V_data_V' (kmeans/kmeans.cpp:35) and axis read on port 'inStream_V_data_V' (kmeans/kmeans.cpp:35).
WARNING: [SCHED 204-68] Unable to enforce a carried dependence constraint (II = 35, distance = 1, offset = 1)
   between axis read on port 'inStream_V_data_V' (kmeans/kmeans.cpp:35) and axis read on port 'inStream_V_data_V' (kmeans/kmeans.cpp:35).
WARNING: [SCHED 204-68] Unable to enforce a carried dependence constraint (II = 43, distance = 1, offset = 1)
   between axis read on port 'inStream_V_data_V' (kmeans/kmeans.cpp:35) and axis read on port 'inStream_V_data_V' (kmeans/kmeans.cpp:35).
WARNING: [SCHED 204-68] Unable to enforce a carried dependence constraint (II = 47, distance = 1, offset = 1)
   between axis read on port 'inStream_V_data_V' (kmeans/kmeans.cpp:35) and axis read on port 'inStream_V_data_V' (kmeans/kmeans.cpp:35).
WARNING: [SCHED 204-68] Unable to enforce a carried dependence constraint (II = 49, distance = 1, offset = 1)
   between axis read on port 'inStream_V_data_V' (kmeans/kmeans.cpp:35) and axis read on port 'inStream_V_data_V' (kmeans/kmeans.cpp:35).
INFO: [SCHED 204-61] Pipelining result : Target II = 1, Final II = 50, Depth = 51.
INFO: [SCHED 204-61] Pipelining loop 'read_res'.
INFO: [SCHED 204-61] Pipelining result : Target II = 1, Final II = 1, Depth = 2.
INFO: [SCHED 204-61] Pipelining loop 'sumcen'.
WARNING: [SCHED 204-68] Unable to enforce a carried dependence constraint (II = 1, distance = 1, offset = 1)
   between 'store' operation (kmeans/kmeans.cpp:61) of variable 'tmp_17_151', kmeans/kmeans.cpp:61 on array 'new_centroids' and 'load' operation ('new_centroids_load', kmeans/kmeans.cpp:61) on array 'new_centroids'.
WARNING: [SCHED 204-68] Unable to enforce a carried dependence constraint (II = 2, distance = 1, offset = 1)
   between 'store' operation (kmeans/kmeans.cpp:61) of variable 'tmp_17_151', kmeans/kmeans.cpp:61 on array 'new_centroids' and 'load' operation ('new_centroids_load', kmeans/kmeans.cpp:61) on array 'new_centroids'.
WARNING: [SCHED 204-68] Unable to enforce a carried dependence constraint (II = 3, distance = 1, offset = 1)
   between 'store' operation (kmeans/kmeans.cpp:61) of variable 'tmp_17_151', kmeans/kmeans.cpp:61 on array 'new_centroids' and 'load' operation ('new_centroids_load', kmeans/kmeans.cpp:61) on array 'new_centroids'.
WARNING: [SCHED 204-68] Unable to enforce a carried dependence constraint (II = 4, distance = 1, offset = 1)
   between 'store' operation (kmeans/kmeans.cpp:61) of variable 'tmp_17_151', kmeans/kmeans.cpp:61 on array 'new_centroids' and 'load' operation ('new_centroids_load', kmeans/kmeans.cpp:61) on array 'new_centroids'.
WARNING: [SCHED 204-69] Unable to schedule 'store' operation (kmeans/kmeans.cpp:61) of variable 'tmp_17_21', kmeans/kmeans.cpp:61 on array 'new_centroids' due to limited memory ports. Please consider using a memory core with more ports or partitioning the array 'new_centroids'.
INFO: [SCHED 204-61] Pipelining result : Target II = 1, Final II = 50, Depth = 60.
INFO: [SCHED 204-61] Pipelining loop 'update'.
WARNING: [SCHED 204-69] Unable to schedule 'load' operation ('np_cluster_load_3', kmeans/kmeans.cpp:72) on array 'np_cluster' due to limited memory ports. Please consider using a memory core with more ports or partitioning the array 'np_cluster'.
WARNING: [SCHED 204-69] Unable to schedule 'store' operation (kmeans/kmeans.cpp:73) of constant 0 on array 'new_centroids' due to limited memory ports. Please consider using a memory core with more ports or partitioning the array 'new_centroids'.
INFO: [SCHED 204-61] Pipelining result : Target II = 1, Final II = 50, Depth = 73.
INFO: [SCHED 204-61] Pipelining loop 'send'.
INFO: [SCHED 204-61] Pipelining result : Target II = 1, Final II = 1, Depth = 3.
INFO: [SCHED 204-61] Pipelining loop 'send2'.
INFO: [SCHED 204-61] Pipelining result : Target II = 1, Final II = 1, Depth = 3.
INFO: [SCHED 204-61] Pipelining loop 'write_c'.
WARNING: [SCHED 204-68] Unable to enforce a carried dependence constraint (II = 1, distance = 1, offset = 1)
   between axis write on port 'outStream_V_data_V' (kmeans/kmeans.cpp:121) and axis write on port 'outStream_V_data_V' (kmeans/kmeans.cpp:121).
WARNING: [SCHED 204-68] Unable to enforce a carried dependence constraint (II = 2, distance = 1, offset = 1)
   between axis write on port 'outStream_V_data_V' (kmeans/kmeans.cpp:121) and axis write on port 'outStream_V_data_V' (kmeans/kmeans.cpp:121).
WARNING: [SCHED 204-68] Unable to enforce a carried dependence constraint (II = 3, distance = 1, offset = 1)
   between axis write on port 'outStream_V_data_V' (kmeans/kmeans.cpp:121) and axis write on port 'outStream_V_data_V' (kmeans/kmeans.cpp:121).
WARNING: [SCHED 204-68] Unable to enforce a carried dependence constraint (II = 4, distance = 1, offset = 1)
   between axis write on port 'outStream_V_data_V' (kmeans/kmeans.cpp:121) and axis write on port 'outStream_V_data_V' (kmeans/kmeans.cpp:121).
WARNING: [SCHED 204-68] Unable to enforce a carried dependence constraint (II = 35, distance = 1, offset = 1)
   between axis write on port 'outStream_V_data_V' (kmeans/kmeans.cpp:121) and axis write on port 'outStream_V_data_V' (kmeans/kmeans.cpp:121).
WARNING: [SCHED 204-68] Unable to enforce a carried dependence constraint (II = 43, distance = 1, offset = 1)
   between axis write on port 'outStream_V_data_V' (kmeans/kmeans.cpp:121) and axis write on port 'outStream_V_data_V' (kmeans/kmeans.cpp:121).
WARNING: [SCHED 204-68] Unable to enforce a carried dependence constraint (II = 47, distance = 1, offset = 1)
   between axis write on port 'outStream_V_data_V' (kmeans/kmeans.cpp:121) and axis write on port 'outStream_V_data_V' (kmeans/kmeans.cpp:121).
WARNING: [SCHED 204-68] Unable to enforce a carried dependence constraint (II = 49, distance = 1, offset = 1)
   between axis write on port 'outStream_V_data_V' (kmeans/kmeans.cpp:121) and axis write on port 'outStream_V_data_V' (kmeans/kmeans.cpp:121).
INFO: [SCHED 204-61] Pipelining result : Target II = 1, Final II = 50, Depth = 52.
WARNING: [SCHED 204-21] Estimated clock period (9.634ns) exceeds the target (target clock period: 10ns, clock uncertainty: 1.25ns, effective delay budget: 8.75ns).
WARNING: [SCHED 204-21] The critical path consists of the following:
	'mul' operation ('tmp_185', kmeans/kmeans.cpp:61) (3.36 ns)
	'add' operation ('tmp_186', kmeans/kmeans.cpp:61) (3.02 ns)
	'getelementptr' operation ('new_centroids_addr_2', kmeans/kmeans.cpp:61) (0 ns)
	'load' operation ('new_centroids_load_2', kmeans/kmeans.cpp:61) on array 'new_centroids' (3.25 ns)
INFO: [SCHED 204-11] Finished scheduling.
INFO: [HLS 200-111]  Elapsed time: 27.71 seconds; current allocated memory: 129.705 MB.
INFO: [HLS 200-434] Only 8 loops out of a total 11 loops have been pipelined in this design.
INFO: [BIND 205-100] Starting micro-architecture generation ...
INFO: [BIND 205-101] Performing variable lifetime analysis.
INFO: [BIND 205-101] Exploring resource sharing.
INFO: [BIND 205-101] Binding ...
INFO: [BIND 205-100] Finished micro-architecture generation.
INFO: [HLS 200-111]  Elapsed time: 4.79 seconds; current allocated memory: 141.325 MB.
INFO: [HLS 200-10] ----------------------------------------------------------------
INFO: [HLS 200-10] -- Generating RTL for module 'doKmean' 
INFO: [HLS 200-10] ----------------------------------------------------------------
INFO: [RTGEN 206-500] Setting interface mode on port 'doKmean/inStream_V_data_V' to 'axis' (register, both mode).
INFO: [RTGEN 206-500] Setting interface mode on port 'doKmean/inStream_V_keep_V' to 'axis' (register, both mode).
INFO: [RTGEN 206-500] Setting interface mode on port 'doKmean/inStream_V_strb_V' to 'axis' (register, both mode).
INFO: [RTGEN 206-500] Setting interface mode on port 'doKmean/inStream_V_user_V' to 'axis' (register, both mode).
INFO: [RTGEN 206-500] Setting interface mode on port 'doKmean/inStream_V_last_V' to 'axis' (register, both mode).
INFO: [RTGEN 206-500] Setting interface mode on port 'doKmean/inStream_V_id_V' to 'axis' (register, both mode).
INFO: [RTGEN 206-500] Setting interface mode on port 'doKmean/inStream_V_dest_V' to 'axis' (register, both mode).
INFO: [RTGEN 206-500] Setting interface mode on port 'doKmean/outStream_V_data_V' to 'axis' (register, both mode).
INFO: [RTGEN 206-500] Setting interface mode on port 'doKmean/outStream_V_keep_V' to 'axis' (register, both mode).
INFO: [RTGEN 206-500] Setting interface mode on port 'doKmean/outStream_V_strb_V' to 'axis' (register, both mode).
INFO: [RTGEN 206-500] Setting interface mode on port 'doKmean/outStream_V_user_V' to 'axis' (register, both mode).
INFO: [RTGEN 206-500] Setting interface mode on port 'doKmean/outStream_V_last_V' to 'axis' (register, both mode).
INFO: [RTGEN 206-500] Setting interface mode on port 'doKmean/outStream_V_id_V' to 'axis' (register, both mode).
INFO: [RTGEN 206-500] Setting interface mode on port 'doKmean/outStream_V_dest_V' to 'axis' (register, both mode).
INFO: [RTGEN 206-500] Setting interface mode on port 'doKmean/gain' to 's_axilite & ap_none'.
INFO: [RTGEN 206-500] Setting interface mode on function 'doKmean' to 's_axilite & ap_ctrl_hs'.
WARNING: [RTGEN 206-101] Global array 'points' will not be exposed as RTL port.
WARNING: [RTGEN 206-101] Register 'valref_keep_V' is power-on initialization.
WARNING: [RTGEN 206-101] Register 'valref_strb_V' is power-on initialization.
WARNING: [RTGEN 206-101] Register 'valref_user_V' is power-on initialization.
WARNING: [RTGEN 206-101] Register 'valref_id_V' is power-on initialization.
WARNING: [RTGEN 206-101] Register 'valref_dest_V' is power-on initialization.
WARNING: [RTGEN 206-101] Global array 'centroids' will not be exposed as RTL port.
WARNING: [RTGEN 206-101] Register 'endip_0' is power-on initialization.
INFO: [SYN 201-210] Renamed object name 'doKmean_new_centroids' to 'doKmean_new_centrbkb' due to the length limit 20
WARNING: [RTGEN 206-101] Register 'endip_1' is power-on initialization.
INFO: [RTGEN 206-100] Bundling port 'return' and 'gain' to AXI-Lite port CRTL_BUS.
INFO: [SYN 201-210] Renamed object name 'doKmean_faddfsub_32ns_32ns_32_5_full_dsp_1' to 'doKmean_faddfsub_cud' due to the length limit 20
