
*** Running vivado
    with args -log quicksort_ip_quickSortIterativeV2_0_0.vds -m64 -product Vivado -mode batch -messageDb vivado.pb -notrace -source quicksort_ip_quickSortIterativeV2_0_0.tcl


****** Vivado v2018.2 (64-bit)
  **** SW Build 2258646 on Thu Jun 14 20:02:38 MDT 2018
  **** IP Build 2256618 on Thu Jun 14 22:10:49 MDT 2018
    ** Copyright 1986-2018 Xilinx, Inc. All Rights Reserved.

source quicksort_ip_quickSortIterativeV2_0_0.tcl -notrace
Command: synth_design -top quicksort_ip_quickSortIterativeV2_0_0 -part xc7z020clg484-1 -mode out_of_context
Starting synth_design
Attempting to get a license for feature 'Synthesis' and/or device 'xc7z020'
INFO: [Common 17-349] Got license for feature 'Synthesis' and/or device 'xc7z020'
INFO: Launching helper process for spawning children vivado processes
INFO: Helper process launched with PID 13926 
---------------------------------------------------------------------------------
Starting RTL Elaboration : Time (s): cpu = 00:00:02 ; elapsed = 00:00:02 . Memory (MB): peak = 1294.805 ; gain = 83.910 ; free physical = 9939 ; free virtual = 12819
---------------------------------------------------------------------------------
INFO: [Synth 8-6157] synthesizing module 'quicksort_ip_quickSortIterativeV2_0_0' [/home/lais/Documents/ROB307/rob_307/quicksort/hw_ip_only/hw_ip_only.srcs/sources_1/bd/quicksort_ip/ip/quicksort_ip_quickSortIterativeV2_0_0/synth/quicksort_ip_quickSortIterativeV2_0_0.v:58]
INFO: [Synth 8-6157] synthesizing module 'quickSortIterativeV2' [/home/lais/Documents/ROB307/rob_307/quicksort/hw_ip_only/hw_ip_only.srcs/sources_1/bd/quicksort_ip/ipshared/529e/hdl/verilog/quickSortIterativeV2.v:12]
	Parameter ap_ST_fsm_state1 bound to: 8'b00000001 
	Parameter ap_ST_fsm_state2 bound to: 8'b00000010 
	Parameter ap_ST_fsm_state3 bound to: 8'b00000100 
	Parameter ap_ST_fsm_state4 bound to: 8'b00001000 
	Parameter ap_ST_fsm_state5 bound to: 8'b00010000 
	Parameter ap_ST_fsm_state6 bound to: 8'b00100000 
	Parameter ap_ST_fsm_state7 bound to: 8'b01000000 
	Parameter ap_ST_fsm_state8 bound to: 8'b10000000 
	Parameter C_S_AXI_CTRL_BUS_DATA_WIDTH bound to: 32 - type: integer 
	Parameter C_S_AXI_CTRL_BUS_ADDR_WIDTH bound to: 5 - type: integer 
	Parameter C_S_AXI_DATA_WIDTH bound to: 32 - type: integer 
	Parameter C_S_AXI_CTRL_BUS_WSTRB_WIDTH bound to: 4 - type: integer 
	Parameter C_S_AXI_WSTRB_WIDTH bound to: 4 - type: integer 
INFO: [Synth 8-5534] Detected attribute (* fsm_encoding = "none" *) [/home/lais/Documents/ROB307/rob_307/quicksort/hw_ip_only/hw_ip_only.srcs/sources_1/bd/quicksort_ip/ipshared/529e/hdl/verilog/quickSortIterativeV2.v:111]
INFO: [Synth 8-6157] synthesizing module 'quickSortIterativeV2_CTRL_BUS_s_axi' [/home/lais/Documents/ROB307/rob_307/quicksort/hw_ip_only/hw_ip_only.srcs/sources_1/bd/quicksort_ip/ipshared/529e/hdl/verilog/quickSortIterativeV2_CTRL_BUS_s_axi.v:9]
	Parameter C_S_AXI_ADDR_WIDTH bound to: 5 - type: integer 
	Parameter C_S_AXI_DATA_WIDTH bound to: 32 - type: integer 
	Parameter ADDR_AP_CTRL bound to: 5'b00000 
	Parameter ADDR_GIE bound to: 5'b00100 
	Parameter ADDR_IER bound to: 5'b01000 
	Parameter ADDR_ISR bound to: 5'b01100 
	Parameter ADDR_SIZE_DATA_0 bound to: 5'b10000 
	Parameter ADDR_SIZE_CTRL bound to: 5'b10100 
	Parameter ADDR_PIVOT_DATA_0 bound to: 5'b11000 
	Parameter ADDR_PIVOT_CTRL bound to: 5'b11100 
	Parameter WRIDLE bound to: 2'b00 
	Parameter WRDATA bound to: 2'b01 
	Parameter WRRESP bound to: 2'b10 
	Parameter WRRESET bound to: 2'b11 
	Parameter RDIDLE bound to: 2'b00 
	Parameter RDDATA bound to: 2'b01 
	Parameter RDRESET bound to: 2'b10 
	Parameter ADDR_BITS bound to: 5 - type: integer 
INFO: [Synth 8-155] case statement is not full and has no default [/home/lais/Documents/ROB307/rob_307/quicksort/hw_ip_only/hw_ip_only.srcs/sources_1/bd/quicksort_ip/ipshared/529e/hdl/verilog/quickSortIterativeV2_CTRL_BUS_s_axi.v:203]
INFO: [Synth 8-6155] done synthesizing module 'quickSortIterativeV2_CTRL_BUS_s_axi' (1#1) [/home/lais/Documents/ROB307/rob_307/quicksort/hw_ip_only/hw_ip_only.srcs/sources_1/bd/quicksort_ip/ipshared/529e/hdl/verilog/quickSortIterativeV2_CTRL_BUS_s_axi.v:9]
INFO: [Synth 8-6157] synthesizing module 'quickSortIterativbkb' [/home/lais/Documents/ROB307/rob_307/quicksort/hw_ip_only/hw_ip_only.srcs/sources_1/bd/quicksort_ip/ipshared/529e/hdl/verilog/quickSortIterativbkb.v:46]
	Parameter DataWidth bound to: 32 - type: integer 
	Parameter AddressRange bound to: 1000 - type: integer 
	Parameter AddressWidth bound to: 10 - type: integer 
INFO: [Synth 8-6157] synthesizing module 'quickSortIterativbkb_ram' [/home/lais/Documents/ROB307/rob_307/quicksort/hw_ip_only/hw_ip_only.srcs/sources_1/bd/quicksort_ip/ipshared/529e/hdl/verilog/quickSortIterativbkb.v:9]
	Parameter DWIDTH bound to: 32 - type: integer 
	Parameter AWIDTH bound to: 10 - type: integer 
	Parameter MEM_SIZE bound to: 1000 - type: integer 
INFO: [Synth 8-5534] Detected attribute (* ram_style = "block" *) [/home/lais/Documents/ROB307/rob_307/quicksort/hw_ip_only/hw_ip_only.srcs/sources_1/bd/quicksort_ip/ipshared/529e/hdl/verilog/quickSortIterativbkb.v:22]
INFO: [Synth 8-6155] done synthesizing module 'quickSortIterativbkb_ram' (2#1) [/home/lais/Documents/ROB307/rob_307/quicksort/hw_ip_only/hw_ip_only.srcs/sources_1/bd/quicksort_ip/ipshared/529e/hdl/verilog/quickSortIterativbkb.v:9]
INFO: [Synth 8-6155] done synthesizing module 'quickSortIterativbkb' (3#1) [/home/lais/Documents/ROB307/rob_307/quicksort/hw_ip_only/hw_ip_only.srcs/sources_1/bd/quicksort_ip/ipshared/529e/hdl/verilog/quickSortIterativbkb.v:46]
INFO: [Synth 8-6155] done synthesizing module 'quickSortIterativeV2' (4#1) [/home/lais/Documents/ROB307/rob_307/quicksort/hw_ip_only/hw_ip_only.srcs/sources_1/bd/quicksort_ip/ipshared/529e/hdl/verilog/quickSortIterativeV2.v:12]
INFO: [Synth 8-6155] done synthesizing module 'quicksort_ip_quickSortIterativeV2_0_0' (5#1) [/home/lais/Documents/ROB307/rob_307/quicksort/hw_ip_only/hw_ip_only.srcs/sources_1/bd/quicksort_ip/ip/quicksort_ip_quickSortIterativeV2_0_0/synth/quicksort_ip_quickSortIterativeV2_0_0.v:58]
WARNING: [Synth 8-3331] design quickSortIterativbkb has unconnected port reset
---------------------------------------------------------------------------------
Finished RTL Elaboration : Time (s): cpu = 00:00:02 ; elapsed = 00:00:03 . Memory (MB): peak = 1340.430 ; gain = 129.535 ; free physical = 9943 ; free virtual = 12824
---------------------------------------------------------------------------------

Report Check Netlist: 
+------+------------------+-------+---------+-------+------------------+
|      |Item              |Errors |Warnings |Status |Description       |
+------+------------------+-------+---------+-------+------------------+
|1     |multi_driven_nets |      0|        0|Passed |Multi driven nets |
+------+------------------+-------+---------+-------+------------------+
---------------------------------------------------------------------------------
Start Handling Custom Attributes
---------------------------------------------------------------------------------
---------------------------------------------------------------------------------
Finished Handling Custom Attributes : Time (s): cpu = 00:00:03 ; elapsed = 00:00:03 . Memory (MB): peak = 1340.430 ; gain = 129.535 ; free physical = 9950 ; free virtual = 12831
---------------------------------------------------------------------------------
---------------------------------------------------------------------------------
Finished RTL Optimization Phase 1 : Time (s): cpu = 00:00:03 ; elapsed = 00:00:03 . Memory (MB): peak = 1340.430 ; gain = 129.535 ; free physical = 9950 ; free virtual = 12831
---------------------------------------------------------------------------------
INFO: [Device 21-403] Loading part xc7z020clg484-1
INFO: [Project 1-570] Preparing netlist for logic optimization

Processing XDC Constraints
Initializing timing engine
Parsing XDC File [/home/lais/Documents/ROB307/rob_307/quicksort/hw_ip_only/hw_ip_only.srcs/sources_1/bd/quicksort_ip/ip/quicksort_ip_quickSortIterativeV2_0_0/constraints/quickSortIterativeV2_ooc.xdc] for cell 'inst'
Finished Parsing XDC File [/home/lais/Documents/ROB307/rob_307/quicksort/hw_ip_only/hw_ip_only.srcs/sources_1/bd/quicksort_ip/ip/quicksort_ip_quickSortIterativeV2_0_0/constraints/quickSortIterativeV2_ooc.xdc] for cell 'inst'
Parsing XDC File [/home/lais/Documents/ROB307/rob_307/quicksort/hw_ip_only/hw_ip_only.runs/quicksort_ip_quickSortIterativeV2_0_0_synth_1/dont_touch.xdc]
Finished Parsing XDC File [/home/lais/Documents/ROB307/rob_307/quicksort/hw_ip_only/hw_ip_only.runs/quicksort_ip_quickSortIterativeV2_0_0_synth_1/dont_touch.xdc]
Completed Processing XDC Constraints

INFO: [Project 1-111] Unisim Transformation Summary:
No Unisim elements were transformed.

Constraint Validation Runtime : Time (s): cpu = 00:00:00.03 ; elapsed = 00:00:00.03 . Memory (MB): peak = 1723.453 ; gain = 0.000 ; free physical = 9675 ; free virtual = 12555
---------------------------------------------------------------------------------
Finished Constraint Validation : Time (s): cpu = 00:00:11 ; elapsed = 00:00:23 . Memory (MB): peak = 1723.453 ; gain = 512.559 ; free physical = 9758 ; free virtual = 12638
---------------------------------------------------------------------------------
---------------------------------------------------------------------------------
Start Loading Part and Timing Information
---------------------------------------------------------------------------------
Loading part: xc7z020clg484-1
---------------------------------------------------------------------------------
Finished Loading Part and Timing Information : Time (s): cpu = 00:00:11 ; elapsed = 00:00:23 . Memory (MB): peak = 1723.453 ; gain = 512.559 ; free physical = 9758 ; free virtual = 12638
---------------------------------------------------------------------------------
---------------------------------------------------------------------------------
Start Applying 'set_property' XDC Constraints
---------------------------------------------------------------------------------
Applied set_property DONT_TOUCH = true for inst. (constraint file  /home/lais/Documents/ROB307/rob_307/quicksort/hw_ip_only/hw_ip_only.runs/quicksort_ip_quickSortIterativeV2_0_0_synth_1/dont_touch.xdc, line 9).
---------------------------------------------------------------------------------
Finished applying 'set_property' XDC Constraints : Time (s): cpu = 00:00:11 ; elapsed = 00:00:23 . Memory (MB): peak = 1723.453 ; gain = 512.559 ; free physical = 9760 ; free virtual = 12640
---------------------------------------------------------------------------------
INFO: [Synth 8-802] inferred FSM for state register 'wstate_reg' in module 'quickSortIterativeV2_CTRL_BUS_s_axi'
INFO: [Synth 8-802] inferred FSM for state register 'rstate_reg' in module 'quickSortIterativeV2_CTRL_BUS_s_axi'
INFO: [Synth 8-5544] ROM "wnext" won't be mapped to Block RAM because address size (1) smaller than threshold (5)
INFO: [Synth 8-5544] ROM "wnext" won't be mapped to Block RAM because address size (1) smaller than threshold (5)
INFO: [Synth 8-4490] FSM extraction disabled for register 'ap_CS_fsm_reg' through user attribute
---------------------------------------------------------------------------------------------------
                   State |                     New Encoding |                Previous Encoding 
---------------------------------------------------------------------------------------------------
                  iSTATE |                             0001 |                               11
*
                  WRIDLE |                             0010 |                               00
                  WRDATA |                             0100 |                               01
                  WRRESP |                             1000 |                               10
---------------------------------------------------------------------------------------------------
INFO: [Synth 8-3354] encoded FSM with state register 'wstate_reg' using encoding 'one-hot' in module 'quickSortIterativeV2_CTRL_BUS_s_axi'
---------------------------------------------------------------------------------------------------
                   State |                     New Encoding |                Previous Encoding 
---------------------------------------------------------------------------------------------------
                  iSTATE |                              001 |                               10
*
                  RDIDLE |                              010 |                               00
                  RDDATA |                              100 |                               01
---------------------------------------------------------------------------------------------------
INFO: [Synth 8-3354] encoded FSM with state register 'rstate_reg' using encoding 'one-hot' in module 'quickSortIterativeV2_CTRL_BUS_s_axi'
---------------------------------------------------------------------------------
Finished RTL Optimization Phase 2 : Time (s): cpu = 00:00:11 ; elapsed = 00:00:23 . Memory (MB): peak = 1723.453 ; gain = 512.559 ; free physical = 9750 ; free virtual = 12630
---------------------------------------------------------------------------------

Report RTL Partitions: 
+-+--------------+------------+----------+
| |RTL Partition |Replication |Instances |
+-+--------------+------------+----------+
+-+--------------+------------+----------+
---------------------------------------------------------------------------------
Start RTL Component Statistics 
---------------------------------------------------------------------------------
Detailed RTL Component Info : 
+---Adders : 
	   2 Input     32 Bit       Adders := 2     
	   3 Input     32 Bit       Adders := 1     
+---XORs : 
	   2 Input      1 Bit         XORs := 2     
+---Registers : 
	               32 Bit    Registers := 14    
	                8 Bit    Registers := 1     
	                6 Bit    Registers := 6     
	                5 Bit    Registers := 7     
	                4 Bit    Registers := 12    
	                2 Bit    Registers := 21    
	                1 Bit    Registers := 43    
+---RAMs : 
	              31K Bit         RAMs := 1     
+---Muxes : 
	   2 Input     32 Bit        Muxes := 6     
	   2 Input     10 Bit        Muxes := 1     
	   2 Input      8 Bit        Muxes := 2     
	   2 Input      7 Bit        Muxes := 2     
	   2 Input      6 Bit        Muxes := 3     
	   2 Input      5 Bit        Muxes := 3     
	   4 Input      4 Bit        Muxes := 1     
	   2 Input      4 Bit        Muxes := 9     
	   3 Input      3 Bit        Muxes := 1     
	   2 Input      3 Bit        Muxes := 2     
	   2 Input      2 Bit        Muxes := 17    
	   4 Input      2 Bit        Muxes := 14    
	   2 Input      1 Bit        Muxes := 17    
---------------------------------------------------------------------------------
Finished RTL Component Statistics 
---------------------------------------------------------------------------------
---------------------------------------------------------------------------------
Start RTL Hierarchical Component Statistics 
---------------------------------------------------------------------------------
Hierarchical RTL Component report 
Module quickSortIterativeV2_CTRL_BUS_s_axi 
Detailed RTL Component Info : 
+---XORs : 
	   2 Input      1 Bit         XORs := 2     
+---Registers : 
	               32 Bit    Registers := 3     
	                5 Bit    Registers := 1     
	                2 Bit    Registers := 1     
	                1 Bit    Registers := 8     
+---Muxes : 
	   2 Input     32 Bit        Muxes := 2     
	   4 Input      4 Bit        Muxes := 1     
	   2 Input      4 Bit        Muxes := 3     
	   3 Input      3 Bit        Muxes := 1     
	   2 Input      3 Bit        Muxes := 2     
	   2 Input      1 Bit        Muxes := 1     
Module quickSortIterativbkb_ram 
Detailed RTL Component Info : 
+---Registers : 
	               32 Bit    Registers := 1     
+---RAMs : 
	              31K Bit         RAMs := 1     
Module quickSortIterativeV2 
Detailed RTL Component Info : 
+---Adders : 
	   2 Input     32 Bit       Adders := 2     
	   3 Input     32 Bit       Adders := 1     
+---Registers : 
	               32 Bit    Registers := 10    
	                8 Bit    Registers := 1     
	                6 Bit    Registers := 6     
	                5 Bit    Registers := 6     
	                4 Bit    Registers := 12    
	                2 Bit    Registers := 20    
	                1 Bit    Registers := 35    
+---Muxes : 
	   2 Input     32 Bit        Muxes := 4     
	   2 Input     10 Bit        Muxes := 1     
	   2 Input      8 Bit        Muxes := 2     
	   2 Input      7 Bit        Muxes := 2     
	   2 Input      6 Bit        Muxes := 3     
	   2 Input      5 Bit        Muxes := 3     
	   2 Input      4 Bit        Muxes := 6     
	   2 Input      2 Bit        Muxes := 17    
	   4 Input      2 Bit        Muxes := 14    
	   2 Input      1 Bit        Muxes := 16    
---------------------------------------------------------------------------------
Finished RTL Hierarchical Component Statistics
---------------------------------------------------------------------------------
---------------------------------------------------------------------------------
Start Part Resource Summary
---------------------------------------------------------------------------------
Part Resources:
DSPs: 220 (col length:60)
BRAMs: 280 (col length: RAMB18 60 RAMB36 30)
---------------------------------------------------------------------------------
Finished Part Resource Summary
---------------------------------------------------------------------------------
---------------------------------------------------------------------------------
Start Cross Boundary and Area Optimization
---------------------------------------------------------------------------------
Warning: Parallel synthesis criteria is not met 
---------------------------------------------------------------------------------
Finished Cross Boundary and Area Optimization : Time (s): cpu = 00:00:12 ; elapsed = 00:00:25 . Memory (MB): peak = 1723.453 ; gain = 512.559 ; free physical = 9729 ; free virtual = 12612
---------------------------------------------------------------------------------
---------------------------------------------------------------------------------
Start ROM, RAM, DSP and Shift Register Reporting
---------------------------------------------------------------------------------

Block RAM: Preliminary Mapping  Report (see note below)
+--------------------------+------------+------------------------+---+---+------------------------+---+---+------------------+--------+--------+
|Module Name               | RTL Object | PORT A (Depth x Width) | W | R | PORT B (Depth x Width) | W | R | Ports driving FF | RAMB18 | RAMB36 | 
+--------------------------+------------+------------------------+---+---+------------------------+---+---+------------------+--------+--------+
|quickSortIterativbkb_ram: | ram_reg    | 1 K x 32(WRITE_FIRST)  | W | R |                        |   |   | Port A           | 0      | 1      | 
+--------------------------+------------+------------------------+---+---+------------------------+---+---+------------------+--------+--------+

Note: The tale above is a preliminary report that shows the Block RAMs at the current stage of the synthesis flow. Some Block RAMs may be reimplemented as non Block RAM primitives later in the synthesis flow. Multiple instantiated Block RAMs are reported only once. 
---------------------------------------------------------------------------------
Finished ROM, RAM, DSP and Shift Register Reporting
---------------------------------------------------------------------------------
INFO: [Synth 8-4480] The timing for the instance inst/i_0/arr_U/quickSortIterativbkb_ram_U/ram_reg (implemented as a block RAM) might be sub-optimal as no optional output register could be merged into the block ram. Providing additional output register may help in improving timing.

Report RTL Partitions: 
+-+--------------+------------+----------+
| |RTL Partition |Replication |Instances |
+-+--------------+------------+----------+
+-+--------------+------------+----------+
---------------------------------------------------------------------------------
Start Applying XDC Timing Constraints
---------------------------------------------------------------------------------
---------------------------------------------------------------------------------
Finished Applying XDC Timing Constraints : Time (s): cpu = 00:00:17 ; elapsed = 00:00:32 . Memory (MB): peak = 1723.453 ; gain = 512.559 ; free physical = 9600 ; free virtual = 12483
---------------------------------------------------------------------------------
---------------------------------------------------------------------------------
Start Timing Optimization
---------------------------------------------------------------------------------
---------------------------------------------------------------------------------
Finished Timing Optimization : Time (s): cpu = 00:00:18 ; elapsed = 00:00:32 . Memory (MB): peak = 1723.453 ; gain = 512.559 ; free physical = 9587 ; free virtual = 12470
---------------------------------------------------------------------------------
---------------------------------------------------------------------------------
Start ROM, RAM, DSP and Shift Register Reporting
---------------------------------------------------------------------------------

Block RAM: Final Mapping  Report
+--------------------------+------------+------------------------+---+---+------------------------+---+---+------------------+--------+--------+
|Module Name               | RTL Object | PORT A (Depth x Width) | W | R | PORT B (Depth x Width) | W | R | Ports driving FF | RAMB18 | RAMB36 | 
+--------------------------+------------+------------------------+---+---+------------------------+---+---+------------------+--------+--------+
|quickSortIterativbkb_ram: | ram_reg    | 1 K x 32(WRITE_FIRST)  | W | R |                        |   |   | Port A           | 0      | 1      | 
+--------------------------+------------+------------------------+---+---+------------------------+---+---+------------------+--------+--------+

---------------------------------------------------------------------------------
Finished ROM, RAM, DSP and Shift Register Reporting
---------------------------------------------------------------------------------

Report RTL Partitions: 
+-+--------------+------------+----------+
| |RTL Partition |Replication |Instances |
+-+--------------+------------+----------+
+-+--------------+------------+----------+
---------------------------------------------------------------------------------
Start Technology Mapping
---------------------------------------------------------------------------------
INFO: [Synth 8-4480] The timing for the instance inst/arr_U/quickSortIterativbkb_ram_U/ram_reg (implemented as a block RAM) might be sub-optimal as no optional output register could be merged into the block ram. Providing additional output register may help in improving timing.
---------------------------------------------------------------------------------
Finished Technology Mapping : Time (s): cpu = 00:00:19 ; elapsed = 00:00:33 . Memory (MB): peak = 1723.453 ; gain = 512.559 ; free physical = 9587 ; free virtual = 12470
---------------------------------------------------------------------------------

Report RTL Partitions: 
+-+--------------+------------+----------+
| |RTL Partition |Replication |Instances |
+-+--------------+------------+----------+
+-+--------------+------------+----------+
---------------------------------------------------------------------------------
Start IO Insertion
---------------------------------------------------------------------------------
---------------------------------------------------------------------------------
Start Flattening Before IO Insertion
---------------------------------------------------------------------------------
---------------------------------------------------------------------------------
Finished Flattening Before IO Insertion
---------------------------------------------------------------------------------
---------------------------------------------------------------------------------
Start Final Netlist Cleanup
---------------------------------------------------------------------------------
---------------------------------------------------------------------------------
Finished Final Netlist Cleanup
---------------------------------------------------------------------------------
---------------------------------------------------------------------------------
Finished IO Insertion : Time (s): cpu = 00:00:19 ; elapsed = 00:00:33 . Memory (MB): peak = 1723.453 ; gain = 512.559 ; free physical = 9587 ; free virtual = 12470
---------------------------------------------------------------------------------

Report Check Netlist: 
+------+------------------+-------+---------+-------+------------------+
|      |Item              |Errors |Warnings |Status |Description       |
+------+------------------+-------+---------+-------+------------------+
|1     |multi_driven_nets |      0|        0|Passed |Multi driven nets |
+------+------------------+-------+---------+-------+------------------+
---------------------------------------------------------------------------------
Start Renaming Generated Instances
---------------------------------------------------------------------------------
---------------------------------------------------------------------------------
Finished Renaming Generated Instances : Time (s): cpu = 00:00:19 ; elapsed = 00:00:33 . Memory (MB): peak = 1723.453 ; gain = 512.559 ; free physical = 9587 ; free virtual = 12470
---------------------------------------------------------------------------------

Report RTL Partitions: 
+-+--------------+------------+----------+
| |RTL Partition |Replication |Instances |
+-+--------------+------------+----------+
+-+--------------+------------+----------+
---------------------------------------------------------------------------------
Start Rebuilding User Hierarchy
---------------------------------------------------------------------------------
---------------------------------------------------------------------------------
Finished Rebuilding User Hierarchy : Time (s): cpu = 00:00:19 ; elapsed = 00:00:33 . Memory (MB): peak = 1723.453 ; gain = 512.559 ; free physical = 9587 ; free virtual = 12470
---------------------------------------------------------------------------------
---------------------------------------------------------------------------------
Start Renaming Generated Ports
---------------------------------------------------------------------------------
---------------------------------------------------------------------------------
Finished Renaming Generated Ports : Time (s): cpu = 00:00:19 ; elapsed = 00:00:33 . Memory (MB): peak = 1723.453 ; gain = 512.559 ; free physical = 9587 ; free virtual = 12470
---------------------------------------------------------------------------------
---------------------------------------------------------------------------------
Start Handling Custom Attributes
---------------------------------------------------------------------------------
---------------------------------------------------------------------------------
Finished Handling Custom Attributes : Time (s): cpu = 00:00:19 ; elapsed = 00:00:33 . Memory (MB): peak = 1723.453 ; gain = 512.559 ; free physical = 9587 ; free virtual = 12470
---------------------------------------------------------------------------------
---------------------------------------------------------------------------------
Start Renaming Generated Nets
---------------------------------------------------------------------------------
---------------------------------------------------------------------------------
Finished Renaming Generated Nets : Time (s): cpu = 00:00:19 ; elapsed = 00:00:33 . Memory (MB): peak = 1723.453 ; gain = 512.559 ; free physical = 9587 ; free virtual = 12470
---------------------------------------------------------------------------------
---------------------------------------------------------------------------------
Start Writing Synthesis Report
---------------------------------------------------------------------------------

Report BlackBoxes: 
+-+--------------+----------+
| |BlackBox name |Instances |
+-+--------------+----------+
+-+--------------+----------+

Report Cell Usage: 
+------+---------+------+
|      |Cell     |Count |
+------+---------+------+
|1     |CARRY4   |    42|
|2     |LUT1     |     4|
|3     |LUT2     |    47|
|4     |LUT3     |   226|
|5     |LUT4     |    26|
|6     |LUT5     |    22|
|7     |LUT6     |   171|
|8     |RAMB36E1 |     1|
|9     |FDRE     |   664|
|10    |FDSE     |     3|
+------+---------+------+

Report Instance Areas: 
+------+------------------------------------------+------------------------------------+------+
|      |Instance                                  |Module                              |Cells |
+------+------------------------------------------+------------------------------------+------+
|1     |top                                       |                                    |  1206|
|2     |  inst                                    |quickSortIterativeV2                |  1206|
|3     |    arr_U                                 |quickSortIterativbkb                |   127|
|4     |      quickSortIterativbkb_ram_U          |quickSortIterativbkb_ram            |   127|
|5     |    quickSortIterativeV2_CTRL_BUS_s_axi_U |quickSortIterativeV2_CTRL_BUS_s_axi |   256|
+------+------------------------------------------+------------------------------------+------+
---------------------------------------------------------------------------------
Finished Writing Synthesis Report : Time (s): cpu = 00:00:19 ; elapsed = 00:00:33 . Memory (MB): peak = 1723.453 ; gain = 512.559 ; free physical = 9587 ; free virtual = 12470
---------------------------------------------------------------------------------
Synthesis finished with 0 errors, 0 critical warnings and 0 warnings.
Synthesis Optimization Runtime : Time (s): cpu = 00:00:12 ; elapsed = 00:00:16 . Memory (MB): peak = 1723.453 ; gain = 129.535 ; free physical = 9648 ; free virtual = 12531
Synthesis Optimization Complete : Time (s): cpu = 00:00:19 ; elapsed = 00:00:33 . Memory (MB): peak = 1723.453 ; gain = 512.559 ; free physical = 9648 ; free virtual = 12531
INFO: [Project 1-571] Translating synthesized netlist
INFO: [Netlist 29-17] Analyzing 43 Unisim elements for replacement
INFO: [Netlist 29-28] Unisim Transformation completed in 0 CPU seconds
INFO: [Project 1-570] Preparing netlist for logic optimization
INFO: [Opt 31-138] Pushed 0 inverter(s) to 0 load pin(s).
INFO: [Project 1-111] Unisim Transformation Summary:
No Unisim elements were transformed.

INFO: [Common 17-83] Releasing license: Synthesis
33 Infos, 1 Warnings, 0 Critical Warnings and 0 Errors encountered.
synth_design completed successfully
synth_design: Time (s): cpu = 00:00:21 ; elapsed = 00:00:34 . Memory (MB): peak = 1738.461 ; gain = 539.109 ; free physical = 9645 ; free virtual = 12528
WARNING: [Constraints 18-5210] No constraint will be written out.
INFO: [Common 17-1381] The checkpoint '/home/lais/Documents/ROB307/rob_307/quicksort/hw_ip_only/hw_ip_only.runs/quicksort_ip_quickSortIterativeV2_0_0_synth_1/quicksort_ip_quickSortIterativeV2_0_0.dcp' has been generated.
