
*** Running vivado
    with args -log design_1_doKmean_0_0.vds -m64 -product Vivado -mode batch -messageDb vivado.pb -notrace -source design_1_doKmean_0_0.tcl


****** Vivado v2018.2 (64-bit)
  **** SW Build 2258646 on Thu Jun 14 20:02:38 MDT 2018
  **** IP Build 2256618 on Thu Jun 14 22:10:49 MDT 2018
    ** Copyright 1986-2018 Xilinx, Inc. All Rights Reserved.

source design_1_doKmean_0_0.tcl -notrace
Command: synth_design -top design_1_doKmean_0_0 -part xc7z020clg484-1 -mode out_of_context
Starting synth_design
Attempting to get a license for feature 'Synthesis' and/or device 'xc7z020'
INFO: [Common 17-349] Got license for feature 'Synthesis' and/or device 'xc7z020'
INFO: Launching helper process for spawning children vivado processes
INFO: Helper process launched with PID 28484 
---------------------------------------------------------------------------------
Starting RTL Elaboration : Time (s): cpu = 00:00:02 ; elapsed = 00:00:02 . Memory (MB): peak = 1293.797 ; gain = 82.707 ; free physical = 1718 ; free virtual = 4400
---------------------------------------------------------------------------------
INFO: [Synth 8-638] synthesizing module 'design_1_doKmean_0_0' [/home/fabian/Documents/ensta/deuxieme/simple_axistream/viv/kmean/kmean.srcs/sources_1/bd/design_1/ip/design_1_doKmean_0_0/synth/design_1_doKmean_0_0.vhd:99]
	Parameter C_S_AXI_CRTL_BUS_ADDR_WIDTH bound to: 5 - type: integer 
	Parameter C_S_AXI_CRTL_BUS_DATA_WIDTH bound to: 32 - type: integer 
INFO: [Synth 8-3491] module 'doKmean' declared at '/home/fabian/Documents/ensta/deuxieme/simple_axistream/viv/kmean/kmean.srcs/sources_1/bd/design_1/ipshared/0607/hdl/vhdl/doKmean.vhd:12' bound to instance 'U0' of component 'doKmean' [/home/fabian/Documents/ensta/deuxieme/simple_axistream/viv/kmean/kmean.srcs/sources_1/bd/design_1/ip/design_1_doKmean_0_0/synth/design_1_doKmean_0_0.vhd:207]
INFO: [Synth 8-638] synthesizing module 'doKmean' [/home/fabian/Documents/ensta/deuxieme/simple_axistream/viv/kmean/kmean.srcs/sources_1/bd/design_1/ipshared/0607/hdl/vhdl/doKmean.vhd:58]
	Parameter C_S_AXI_CRTL_BUS_ADDR_WIDTH bound to: 5 - type: integer 
	Parameter C_S_AXI_CRTL_BUS_DATA_WIDTH bound to: 32 - type: integer 
INFO: [Synth 8-5534] Detected attribute (* fsm_encoding = "none" *) [/home/fabian/Documents/ensta/deuxieme/simple_axistream/viv/kmean/kmean.srcs/sources_1/bd/design_1/ipshared/0607/hdl/vhdl/doKmean.vhd:103]
INFO: [Synth 8-5534] Detected attribute (* fsm_encoding = "none" *) [/home/fabian/Documents/ensta/deuxieme/simple_axistream/viv/kmean/kmean.srcs/sources_1/bd/design_1/ipshared/0607/hdl/vhdl/doKmean.vhd:106]
INFO: [Synth 8-5534] Detected attribute (* fsm_encoding = "none" *) [/home/fabian/Documents/ensta/deuxieme/simple_axistream/viv/kmean/kmean.srcs/sources_1/bd/design_1/ipshared/0607/hdl/vhdl/doKmean.vhd:303]
INFO: [Synth 8-5534] Detected attribute (* fsm_encoding = "none" *) [/home/fabian/Documents/ensta/deuxieme/simple_axistream/viv/kmean/kmean.srcs/sources_1/bd/design_1/ipshared/0607/hdl/vhdl/doKmean.vhd:305]
INFO: [Synth 8-5534] Detected attribute (* fsm_encoding = "none" *) [/home/fabian/Documents/ensta/deuxieme/simple_axistream/viv/kmean/kmean.srcs/sources_1/bd/design_1/ipshared/0607/hdl/vhdl/doKmean.vhd:308]
INFO: [Synth 8-5534] Detected attribute (* fsm_encoding = "none" *) [/home/fabian/Documents/ensta/deuxieme/simple_axistream/viv/kmean/kmean.srcs/sources_1/bd/design_1/ipshared/0607/hdl/vhdl/doKmean.vhd:310]
INFO: [Synth 8-5534] Detected attribute (* fsm_encoding = "none" *) [/home/fabian/Documents/ensta/deuxieme/simple_axistream/viv/kmean/kmean.srcs/sources_1/bd/design_1/ipshared/0607/hdl/vhdl/doKmean.vhd:317]
INFO: [Synth 8-5534] Detected attribute (* fsm_encoding = "none" *) [/home/fabian/Documents/ensta/deuxieme/simple_axistream/viv/kmean/kmean.srcs/sources_1/bd/design_1/ipshared/0607/hdl/vhdl/doKmean.vhd:322]
INFO: [Synth 8-5534] Detected attribute (* fsm_encoding = "none" *) [/home/fabian/Documents/ensta/deuxieme/simple_axistream/viv/kmean/kmean.srcs/sources_1/bd/design_1/ipshared/0607/hdl/vhdl/doKmean.vhd:326]
INFO: [Synth 8-5534] Detected attribute (* fsm_encoding = "none" *) [/home/fabian/Documents/ensta/deuxieme/simple_axistream/viv/kmean/kmean.srcs/sources_1/bd/design_1/ipshared/0607/hdl/vhdl/doKmean.vhd:336]
	Parameter DataWidth bound to: 32 - type: integer 
	Parameter AddressRange bound to: 100 - type: integer 
	Parameter AddressWidth bound to: 7 - type: integer 
INFO: [Synth 8-3491] module 'doKmean_data' declared at '/home/fabian/Documents/ensta/deuxieme/simple_axistream/viv/kmean/kmean.srcs/sources_1/bd/design_1/ipshared/0607/hdl/vhdl/doKmean_data.vhd:76' bound to instance 'data_U' of component 'doKmean_data' [/home/fabian/Documents/ensta/deuxieme/simple_axistream/viv/kmean/kmean.srcs/sources_1/bd/design_1/ipshared/0607/hdl/vhdl/doKmean.vhd:399]
INFO: [Synth 8-638] synthesizing module 'doKmean_data' [/home/fabian/Documents/ensta/deuxieme/simple_axistream/viv/kmean/kmean.srcs/sources_1/bd/design_1/ipshared/0607/hdl/vhdl/doKmean_data.vhd:91]
	Parameter DataWidth bound to: 32 - type: integer 
	Parameter AddressRange bound to: 100 - type: integer 
	Parameter AddressWidth bound to: 7 - type: integer 
INFO: [Synth 8-3491] module 'doKmean_data_ram' declared at '/home/fabian/Documents/ensta/deuxieme/simple_axistream/viv/kmean/kmean.srcs/sources_1/bd/design_1/ipshared/0607/hdl/vhdl/doKmean_data.vhd:13' bound to instance 'doKmean_data_ram_U' of component 'doKmean_data_ram' [/home/fabian/Documents/ensta/deuxieme/simple_axistream/viv/kmean/kmean.srcs/sources_1/bd/design_1/ipshared/0607/hdl/vhdl/doKmean_data.vhd:105]
INFO: [Synth 8-638] synthesizing module 'doKmean_data_ram' [/home/fabian/Documents/ensta/deuxieme/simple_axistream/viv/kmean/kmean.srcs/sources_1/bd/design_1/ipshared/0607/hdl/vhdl/doKmean_data.vhd:31]
	Parameter MEM_TYPE bound to: block - type: string 
	Parameter DWIDTH bound to: 32 - type: integer 
	Parameter AWIDTH bound to: 7 - type: integer 
	Parameter MEM_SIZE bound to: 100 - type: integer 
INFO: [Synth 8-256] done synthesizing module 'doKmean_data_ram' (1#1) [/home/fabian/Documents/ensta/deuxieme/simple_axistream/viv/kmean/kmean.srcs/sources_1/bd/design_1/ipshared/0607/hdl/vhdl/doKmean_data.vhd:31]
INFO: [Synth 8-256] done synthesizing module 'doKmean_data' (2#1) [/home/fabian/Documents/ensta/deuxieme/simple_axistream/viv/kmean/kmean.srcs/sources_1/bd/design_1/ipshared/0607/hdl/vhdl/doKmean_data.vhd:91]
	Parameter C_S_AXI_ADDR_WIDTH bound to: 5 - type: integer 
	Parameter C_S_AXI_DATA_WIDTH bound to: 32 - type: integer 
INFO: [Synth 8-3491] module 'doKmean_CRTL_BUS_s_axi' declared at '/home/fabian/Documents/ensta/deuxieme/simple_axistream/viv/kmean/kmean.srcs/sources_1/bd/design_1/ipshared/0607/hdl/vhdl/doKmean_CRTL_BUS_s_axi.vhd:12' bound to instance 'doKmean_CRTL_BUS_s_axi_U' of component 'doKmean_CRTL_BUS_s_axi' [/home/fabian/Documents/ensta/deuxieme/simple_axistream/viv/kmean/kmean.srcs/sources_1/bd/design_1/ipshared/0607/hdl/vhdl/doKmean.vhd:413]
INFO: [Synth 8-638] synthesizing module 'doKmean_CRTL_BUS_s_axi' [/home/fabian/Documents/ensta/deuxieme/simple_axistream/viv/kmean/kmean.srcs/sources_1/bd/design_1/ipshared/0607/hdl/vhdl/doKmean_CRTL_BUS_s_axi.vhd:72]
	Parameter C_S_AXI_ADDR_WIDTH bound to: 5 - type: integer 
	Parameter C_S_AXI_DATA_WIDTH bound to: 32 - type: integer 
INFO: [Synth 8-256] done synthesizing module 'doKmean_CRTL_BUS_s_axi' (3#1) [/home/fabian/Documents/ensta/deuxieme/simple_axistream/viv/kmean/kmean.srcs/sources_1/bd/design_1/ipshared/0607/hdl/vhdl/doKmean_CRTL_BUS_s_axi.vhd:72]
INFO: [Synth 8-256] done synthesizing module 'doKmean' (4#1) [/home/fabian/Documents/ensta/deuxieme/simple_axistream/viv/kmean/kmean.srcs/sources_1/bd/design_1/ipshared/0607/hdl/vhdl/doKmean.vhd:58]
INFO: [Synth 8-256] done synthesizing module 'design_1_doKmean_0_0' (5#1) [/home/fabian/Documents/ensta/deuxieme/simple_axistream/viv/kmean/kmean.srcs/sources_1/bd/design_1/ip/design_1_doKmean_0_0/synth/design_1_doKmean_0_0.vhd:99]
WARNING: [Synth 8-3331] design doKmean_data has unconnected port reset
WARNING: [Synth 8-3331] design doKmean has unconnected port inStream_TLAST[0]
---------------------------------------------------------------------------------
Finished RTL Elaboration : Time (s): cpu = 00:00:03 ; elapsed = 00:00:03 . Memory (MB): peak = 1339.422 ; gain = 128.332 ; free physical = 1727 ; free virtual = 4409
---------------------------------------------------------------------------------

Report Check Netlist: 
+------+------------------+-------+---------+-------+------------------+
|      |Item              |Errors |Warnings |Status |Description       |
+------+------------------+-------+---------+-------+------------------+
|1     |multi_driven_nets |      0|        0|Passed |Multi driven nets |
+------+------------------+-------+---------+-------+------------------+
---------------------------------------------------------------------------------
Start Handling Custom Attributes
---------------------------------------------------------------------------------
---------------------------------------------------------------------------------
Finished Handling Custom Attributes : Time (s): cpu = 00:00:03 ; elapsed = 00:00:04 . Memory (MB): peak = 1339.422 ; gain = 128.332 ; free physical = 1728 ; free virtual = 4410
---------------------------------------------------------------------------------
---------------------------------------------------------------------------------
Finished RTL Optimization Phase 1 : Time (s): cpu = 00:00:03 ; elapsed = 00:00:04 . Memory (MB): peak = 1339.422 ; gain = 128.332 ; free physical = 1728 ; free virtual = 4410
---------------------------------------------------------------------------------
INFO: [Device 21-403] Loading part xc7z020clg484-1
INFO: [Project 1-570] Preparing netlist for logic optimization

Processing XDC Constraints
Initializing timing engine
Parsing XDC File [/home/fabian/Documents/ensta/deuxieme/simple_axistream/viv/kmean/kmean.srcs/sources_1/bd/design_1/ip/design_1_doKmean_0_0/constraints/doKmean_ooc.xdc] for cell 'U0'
Finished Parsing XDC File [/home/fabian/Documents/ensta/deuxieme/simple_axistream/viv/kmean/kmean.srcs/sources_1/bd/design_1/ip/design_1_doKmean_0_0/constraints/doKmean_ooc.xdc] for cell 'U0'
Parsing XDC File [/home/fabian/Documents/ensta/deuxieme/simple_axistream/viv/kmean/kmean.runs/design_1_doKmean_0_0_synth_1/dont_touch.xdc]
Finished Parsing XDC File [/home/fabian/Documents/ensta/deuxieme/simple_axistream/viv/kmean/kmean.runs/design_1_doKmean_0_0_synth_1/dont_touch.xdc]
Completed Processing XDC Constraints

INFO: [Project 1-111] Unisim Transformation Summary:
No Unisim elements were transformed.

Constraint Validation Runtime : Time (s): cpu = 00:00:00.02 ; elapsed = 00:00:00.04 . Memory (MB): peak = 1722.445 ; gain = 0.000 ; free physical = 1446 ; free virtual = 4129
---------------------------------------------------------------------------------
Finished Constraint Validation : Time (s): cpu = 00:00:14 ; elapsed = 00:00:29 . Memory (MB): peak = 1722.445 ; gain = 511.355 ; free physical = 1528 ; free virtual = 4210
---------------------------------------------------------------------------------
---------------------------------------------------------------------------------
Start Loading Part and Timing Information
---------------------------------------------------------------------------------
Loading part: xc7z020clg484-1
---------------------------------------------------------------------------------
Finished Loading Part and Timing Information : Time (s): cpu = 00:00:14 ; elapsed = 00:00:29 . Memory (MB): peak = 1722.445 ; gain = 511.355 ; free physical = 1528 ; free virtual = 4210
---------------------------------------------------------------------------------
---------------------------------------------------------------------------------
Start Applying 'set_property' XDC Constraints
---------------------------------------------------------------------------------
Applied set_property DONT_TOUCH = true for U0. (constraint file  /home/fabian/Documents/ensta/deuxieme/simple_axistream/viv/kmean/kmean.runs/design_1_doKmean_0_0_synth_1/dont_touch.xdc, line 9).
---------------------------------------------------------------------------------
Finished applying 'set_property' XDC Constraints : Time (s): cpu = 00:00:14 ; elapsed = 00:00:29 . Memory (MB): peak = 1722.445 ; gain = 511.355 ; free physical = 1530 ; free virtual = 4212
---------------------------------------------------------------------------------
INFO: [Synth 8-802] inferred FSM for state register 'wstate_reg' in module 'doKmean_CRTL_BUS_s_axi'
INFO: [Synth 8-802] inferred FSM for state register 'rstate_reg' in module 'doKmean_CRTL_BUS_s_axi'
INFO: [Synth 8-5544] ROM "BVALID" won't be mapped to Block RAM because address size (3) smaller than threshold (5)
INFO: [Synth 8-5544] ROM "WREADY_t" won't be mapped to Block RAM because address size (3) smaller than threshold (5)
INFO: [Synth 8-5544] ROM "AWREADY_t" won't be mapped to Block RAM because address size (3) smaller than threshold (5)
INFO: [Synth 8-5544] ROM "wnext" won't be mapped to Block RAM because address size (1) smaller than threshold (5)
INFO: [Synth 8-5544] ROM "wnext" won't be mapped to Block RAM because address size (1) smaller than threshold (5)
INFO: [Synth 8-5544] ROM "RVALID_t" won't be mapped to Block RAM because address size (3) smaller than threshold (5)
INFO: [Synth 8-5544] ROM "ARREADY_t" won't be mapped to Block RAM because address size (3) smaller than threshold (5)
INFO: [Synth 8-5544] ROM "rnext" won't be mapped to Block RAM because address size (1) smaller than threshold (5)
INFO: [Synth 8-5544] ROM "rnext" won't be mapped to Block RAM because address size (1) smaller than threshold (5)
INFO: [Synth 8-4490] FSM extraction disabled for register 'ap_CS_fsm_reg' through user attribute
INFO: [Synth 8-5546] ROM "exitcond_fu_314_p2" won't be mapped to RAM because it is too sparse
INFO: [Synth 8-5546] ROM "exitcond1_fu_219_p2" won't be mapped to RAM because it is too sparse
INFO: [Synth 8-5546] ROM "exitcond2_fu_292_p2" won't be mapped to RAM because it is too sparse
INFO: [Synth 8-5545] ROM "tmp_fu_213_p2" won't be mapped to RAM because address size (32) is larger than maximum supported(25)
INFO: [Synth 8-5544] ROM "inStream_V_data_V_0_state_cmp_full" won't be mapped to Block RAM because address size (2) smaller than threshold (5)
INFO: [Synth 8-5544] ROM "inStream_V_dest_V_0_state_cmp_full" won't be mapped to Block RAM because address size (2) smaller than threshold (5)
INFO: [Synth 8-5544] ROM "inStream_V_id_V_0_state_cmp_full" won't be mapped to Block RAM because address size (2) smaller than threshold (5)
INFO: [Synth 8-5544] ROM "inStream_V_keep_V_0_state_cmp_full" won't be mapped to Block RAM because address size (2) smaller than threshold (5)
INFO: [Synth 8-5544] ROM "inStream_V_strb_V_0_state_cmp_full" won't be mapped to Block RAM because address size (2) smaller than threshold (5)
INFO: [Synth 8-5544] ROM "inStream_V_user_V_0_state_cmp_full" won't be mapped to Block RAM because address size (2) smaller than threshold (5)
INFO: [Synth 8-5544] ROM "outStream_V_data_V_1_state_cmp_full" won't be mapped to Block RAM because address size (2) smaller than threshold (5)
INFO: [Synth 8-5544] ROM "outStream_V_dest_V_1_state_cmp_full" won't be mapped to Block RAM because address size (2) smaller than threshold (5)
INFO: [Synth 8-5544] ROM "outStream_V_id_V_1_state_cmp_full" won't be mapped to Block RAM because address size (2) smaller than threshold (5)
INFO: [Synth 8-5544] ROM "outStream_V_keep_V_1_state_cmp_full" won't be mapped to Block RAM because address size (2) smaller than threshold (5)
INFO: [Synth 8-5544] ROM "outStream_V_last_V_1_state_cmp_full" won't be mapped to Block RAM because address size (2) smaller than threshold (5)
INFO: [Synth 8-5544] ROM "outStream_V_strb_V_1_state_cmp_full" won't be mapped to Block RAM because address size (2) smaller than threshold (5)
INFO: [Synth 8-5544] ROM "outStream_V_user_V_1_state_cmp_full" won't be mapped to Block RAM because address size (2) smaller than threshold (5)
INFO: [Synth 8-5546] ROM "valOut_last_V_fu_331_p2" won't be mapped to RAM because it is too sparse
INFO: [Synth 8-5546] ROM "tmp_3_fu_256_p2" won't be mapped to RAM because it is too sparse
---------------------------------------------------------------------------------------------------
                   State |                     New Encoding |                Previous Encoding 
---------------------------------------------------------------------------------------------------
                  iSTATE |                             0001 |                              011
*
                  wridle |                             0010 |                              000
                  wrdata |                             0100 |                              001
                  wrresp |                             1000 |                              010
---------------------------------------------------------------------------------------------------
INFO: [Synth 8-3354] encoded FSM with state register 'wstate_reg' using encoding 'one-hot' in module 'doKmean_CRTL_BUS_s_axi'
---------------------------------------------------------------------------------------------------
                   State |                     New Encoding |                Previous Encoding 
---------------------------------------------------------------------------------------------------
                  iSTATE |                              001 |                              110
*
                  rdidle |                              010 |                              100
                  rddata |                              100 |                              101
---------------------------------------------------------------------------------------------------
INFO: [Synth 8-3354] encoded FSM with state register 'rstate_reg' using encoding 'one-hot' in module 'doKmean_CRTL_BUS_s_axi'
---------------------------------------------------------------------------------
Finished RTL Optimization Phase 2 : Time (s): cpu = 00:00:14 ; elapsed = 00:00:29 . Memory (MB): peak = 1722.445 ; gain = 511.355 ; free physical = 1520 ; free virtual = 4203
---------------------------------------------------------------------------------

Report RTL Partitions: 
+-+--------------+------------+----------+
| |RTL Partition |Replication |Instances |
+-+--------------+------------+----------+
+-+--------------+------------+----------+
---------------------------------------------------------------------------------
Start RTL Component Statistics 
---------------------------------------------------------------------------------
Detailed RTL Component Info : 
+---Adders : 
	   2 Input      7 Bit       Adders := 2     
	   2 Input      6 Bit       Adders := 1     
+---XORs : 
	   2 Input      1 Bit         XORs := 2     
+---Registers : 
	               32 Bit    Registers := 9     
	                9 Bit    Registers := 1     
	                7 Bit    Registers := 3     
	                6 Bit    Registers := 7     
	                5 Bit    Registers := 6     
	                4 Bit    Registers := 10    
	                2 Bit    Registers := 19    
	                1 Bit    Registers := 38    
+---Multipliers : 
	                32x32  Multipliers := 1     
+---RAMs : 
	               3K Bit         RAMs := 1     
+---Muxes : 
	   2 Input     32 Bit        Muxes := 4     
	   6 Input     32 Bit        Muxes := 1     
	   2 Input      9 Bit        Muxes := 2     
	   3 Input      8 Bit        Muxes := 1     
	   2 Input      7 Bit        Muxes := 3     
	   2 Input      6 Bit        Muxes := 3     
	   2 Input      5 Bit        Muxes := 2     
	   4 Input      4 Bit        Muxes := 1     
	   2 Input      4 Bit        Muxes := 8     
	   3 Input      3 Bit        Muxes := 1     
	   2 Input      3 Bit        Muxes := 3     
	   6 Input      3 Bit        Muxes := 1     
	   2 Input      2 Bit        Muxes := 16    
	   4 Input      2 Bit        Muxes := 13    
	   2 Input      1 Bit        Muxes := 34    
---------------------------------------------------------------------------------
Finished RTL Component Statistics 
---------------------------------------------------------------------------------
---------------------------------------------------------------------------------
Start RTL Hierarchical Component Statistics 
---------------------------------------------------------------------------------
Hierarchical RTL Component report 
Module doKmean_data_ram 
Detailed RTL Component Info : 
+---Registers : 
	               32 Bit    Registers := 1     
+---RAMs : 
	               3K Bit         RAMs := 1     
Module doKmean_CRTL_BUS_s_axi 
Detailed RTL Component Info : 
+---XORs : 
	   2 Input      1 Bit         XORs := 2     
+---Registers : 
	               32 Bit    Registers := 2     
	                5 Bit    Registers := 1     
	                2 Bit    Registers := 1     
	                1 Bit    Registers := 8     
+---Muxes : 
	   2 Input     32 Bit        Muxes := 1     
	   6 Input     32 Bit        Muxes := 1     
	   4 Input      4 Bit        Muxes := 1     
	   2 Input      4 Bit        Muxes := 3     
	   3 Input      3 Bit        Muxes := 1     
	   2 Input      3 Bit        Muxes := 2     
	   6 Input      3 Bit        Muxes := 1     
	   2 Input      1 Bit        Muxes := 1     
Module doKmean 
Detailed RTL Component Info : 
+---Adders : 
	   2 Input      7 Bit       Adders := 2     
	   2 Input      6 Bit       Adders := 1     
+---Registers : 
	               32 Bit    Registers := 6     
	                9 Bit    Registers := 1     
	                7 Bit    Registers := 3     
	                6 Bit    Registers := 7     
	                5 Bit    Registers := 5     
	                4 Bit    Registers := 10    
	                2 Bit    Registers := 18    
	                1 Bit    Registers := 30    
+---Multipliers : 
	                32x32  Multipliers := 1     
+---Muxes : 
	   2 Input     32 Bit        Muxes := 3     
	   2 Input      9 Bit        Muxes := 2     
	   3 Input      8 Bit        Muxes := 1     
	   2 Input      7 Bit        Muxes := 3     
	   2 Input      6 Bit        Muxes := 3     
	   2 Input      5 Bit        Muxes := 2     
	   2 Input      4 Bit        Muxes := 5     
	   2 Input      3 Bit        Muxes := 1     
	   2 Input      2 Bit        Muxes := 16    
	   4 Input      2 Bit        Muxes := 13    
	   2 Input      1 Bit        Muxes := 33    
---------------------------------------------------------------------------------
Finished RTL Hierarchical Component Statistics
---------------------------------------------------------------------------------
---------------------------------------------------------------------------------
Start Part Resource Summary
---------------------------------------------------------------------------------
Part Resources:
DSPs: 220 (col length:60)
BRAMs: 280 (col length: RAMB18 60 RAMB36 30)
---------------------------------------------------------------------------------
Finished Part Resource Summary
---------------------------------------------------------------------------------
---------------------------------------------------------------------------------
Start Cross Boundary and Area Optimization
---------------------------------------------------------------------------------
Warning: Parallel synthesis criteria is not met 
INFO: [Synth 8-5545] ROM "tmp_fu_213_p2" won't be mapped to RAM because address size (32) is larger than maximum supported(25)
INFO: [Synth 8-5546] ROM "exitcond2_fu_292_p2" won't be mapped to RAM because it is too sparse
INFO: [Synth 8-5546] ROM "exitcond_fu_314_p2" won't be mapped to RAM because it is too sparse
INFO: [Synth 8-5546] ROM "valOut_last_V_fu_331_p2" won't be mapped to RAM because it is too sparse
INFO: [Synth 8-5845] Not enough pipeline registers after wide multiplier. Recommended levels of pipeline registers is 4 [/home/fabian/Documents/ensta/deuxieme/simple_axistream/viv/kmean/kmean.srcs/sources_1/bd/design_1/ipshared/0607/hdl/vhdl/doKmean.vhd:1922]
WARNING: [Synth 8-6014] Unused sequential element p_s_reg_385_reg was removed.  [/home/fabian/Documents/ensta/deuxieme/simple_axistream/viv/kmean/kmean.srcs/sources_1/bd/design_1/ipshared/0607/hdl/vhdl/doKmean.vhd:1354]
WARNING: [Synth 8-6014] Unused sequential element gain_read_reg_362_reg was removed.  [/home/fabian/Documents/ensta/deuxieme/simple_axistream/viv/kmean/kmean.srcs/sources_1/bd/design_1/ipshared/0607/hdl/vhdl/doKmean.vhd:1121]
WARNING: [Synth 8-6014] Unused sequential element  was removed.  [/home/fabian/Documents/ensta/deuxieme/simple_axistream/viv/kmean/kmean.srcs/sources_1/bd/design_1/ipshared/0607/hdl/vhdl/doKmean.vhd:1922]
WARNING: [Synth 8-6014] Unused sequential element  was removed. 
WARNING: [Synth 8-6014] Unused sequential element  was removed.  [/home/fabian/Documents/ensta/deuxieme/simple_axistream/viv/kmean/kmean.srcs/sources_1/bd/design_1/ipshared/0607/hdl/vhdl/doKmean.vhd:1922]
WARNING: [Synth 8-6014] Unused sequential element  was removed. 
DSP Report: Generating DSP p_s_fu_298_p2, operation Mode is: A2*B.
DSP Report: register A is absorbed into DSP p_s_fu_298_p2.
DSP Report: operator p_s_fu_298_p2 is absorbed into DSP p_s_fu_298_p2.
DSP Report: operator p_s_fu_298_p2 is absorbed into DSP p_s_fu_298_p2.
DSP Report: Generating DSP p_s_reg_385_reg, operation Mode is: (PCIN>>17)+A*B2.
DSP Report: register B is absorbed into DSP p_s_reg_385_reg.
DSP Report: register p_s_reg_385_reg is absorbed into DSP p_s_reg_385_reg.
DSP Report: operator p_s_fu_298_p2 is absorbed into DSP p_s_reg_385_reg.
DSP Report: operator p_s_fu_298_p2 is absorbed into DSP p_s_reg_385_reg.
DSP Report: Generating DSP p_s_fu_298_p2, operation Mode is: A*B2.
DSP Report: register B is absorbed into DSP p_s_fu_298_p2.
DSP Report: operator p_s_fu_298_p2 is absorbed into DSP p_s_fu_298_p2.
DSP Report: operator p_s_fu_298_p2 is absorbed into DSP p_s_fu_298_p2.
DSP Report: Generating DSP p_s_reg_385_reg, operation Mode is: (PCIN>>17)+A*B2.
DSP Report: register B is absorbed into DSP p_s_reg_385_reg.
DSP Report: register p_s_reg_385_reg is absorbed into DSP p_s_reg_385_reg.
DSP Report: operator p_s_fu_298_p2 is absorbed into DSP p_s_reg_385_reg.
DSP Report: operator p_s_fu_298_p2 is absorbed into DSP p_s_reg_385_reg.
WARNING: [Synth 8-3331] design doKmean has unconnected port inStream_TLAST[0]
WARNING: [Synth 8-3332] Sequential element (p_s_reg_385_reg[47]) is unused and will be removed from module doKmean.
WARNING: [Synth 8-3332] Sequential element (p_s_reg_385_reg[46]) is unused and will be removed from module doKmean.
WARNING: [Synth 8-3332] Sequential element (p_s_reg_385_reg[45]) is unused and will be removed from module doKmean.
WARNING: [Synth 8-3332] Sequential element (p_s_reg_385_reg[44]) is unused and will be removed from module doKmean.
WARNING: [Synth 8-3332] Sequential element (p_s_reg_385_reg[43]) is unused and will be removed from module doKmean.
WARNING: [Synth 8-3332] Sequential element (p_s_reg_385_reg[42]) is unused and will be removed from module doKmean.
WARNING: [Synth 8-3332] Sequential element (p_s_reg_385_reg[41]) is unused and will be removed from module doKmean.
WARNING: [Synth 8-3332] Sequential element (p_s_reg_385_reg[40]) is unused and will be removed from module doKmean.
WARNING: [Synth 8-3332] Sequential element (p_s_reg_385_reg[39]) is unused and will be removed from module doKmean.
WARNING: [Synth 8-3332] Sequential element (p_s_reg_385_reg[38]) is unused and will be removed from module doKmean.
WARNING: [Synth 8-3332] Sequential element (p_s_reg_385_reg[37]) is unused and will be removed from module doKmean.
WARNING: [Synth 8-3332] Sequential element (p_s_reg_385_reg[36]) is unused and will be removed from module doKmean.
WARNING: [Synth 8-3332] Sequential element (p_s_reg_385_reg[35]) is unused and will be removed from module doKmean.
WARNING: [Synth 8-3332] Sequential element (p_s_reg_385_reg[34]) is unused and will be removed from module doKmean.
WARNING: [Synth 8-3332] Sequential element (p_s_reg_385_reg[33]) is unused and will be removed from module doKmean.
WARNING: [Synth 8-3332] Sequential element (p_s_reg_385_reg[32]) is unused and will be removed from module doKmean.
WARNING: [Synth 8-3332] Sequential element (p_s_reg_385_reg[31]) is unused and will be removed from module doKmean.
WARNING: [Synth 8-3332] Sequential element (p_s_reg_385_reg[30]) is unused and will be removed from module doKmean.
WARNING: [Synth 8-3332] Sequential element (p_s_reg_385_reg[29]) is unused and will be removed from module doKmean.
WARNING: [Synth 8-3332] Sequential element (p_s_reg_385_reg[28]) is unused and will be removed from module doKmean.
WARNING: [Synth 8-3332] Sequential element (p_s_reg_385_reg[27]) is unused and will be removed from module doKmean.
WARNING: [Synth 8-3332] Sequential element (p_s_reg_385_reg[26]) is unused and will be removed from module doKmean.
WARNING: [Synth 8-3332] Sequential element (p_s_reg_385_reg[25]) is unused and will be removed from module doKmean.
WARNING: [Synth 8-3332] Sequential element (p_s_reg_385_reg[24]) is unused and will be removed from module doKmean.
WARNING: [Synth 8-3332] Sequential element (p_s_reg_385_reg[23]) is unused and will be removed from module doKmean.
WARNING: [Synth 8-3332] Sequential element (p_s_reg_385_reg[22]) is unused and will be removed from module doKmean.
WARNING: [Synth 8-3332] Sequential element (p_s_reg_385_reg[21]) is unused and will be removed from module doKmean.
WARNING: [Synth 8-3332] Sequential element (p_s_reg_385_reg[20]) is unused and will be removed from module doKmean.
WARNING: [Synth 8-3332] Sequential element (p_s_reg_385_reg[19]) is unused and will be removed from module doKmean.
WARNING: [Synth 8-3332] Sequential element (p_s_reg_385_reg[18]) is unused and will be removed from module doKmean.
WARNING: [Synth 8-3332] Sequential element (p_s_reg_385_reg[17]) is unused and will be removed from module doKmean.
WARNING: [Synth 8-3332] Sequential element (p_s_reg_385_reg[16]) is unused and will be removed from module doKmean.
WARNING: [Synth 8-3332] Sequential element (p_s_reg_385_reg[15]) is unused and will be removed from module doKmean.
WARNING: [Synth 8-3332] Sequential element (p_s_reg_385_reg[47]__0) is unused and will be removed from module doKmean.
WARNING: [Synth 8-3332] Sequential element (p_s_reg_385_reg[46]__0) is unused and will be removed from module doKmean.
WARNING: [Synth 8-3332] Sequential element (p_s_reg_385_reg[45]__0) is unused and will be removed from module doKmean.
WARNING: [Synth 8-3332] Sequential element (p_s_reg_385_reg[44]__0) is unused and will be removed from module doKmean.
WARNING: [Synth 8-3332] Sequential element (p_s_reg_385_reg[43]__0) is unused and will be removed from module doKmean.
WARNING: [Synth 8-3332] Sequential element (p_s_reg_385_reg[42]__0) is unused and will be removed from module doKmean.
WARNING: [Synth 8-3332] Sequential element (p_s_reg_385_reg[41]__0) is unused and will be removed from module doKmean.
WARNING: [Synth 8-3332] Sequential element (p_s_reg_385_reg[40]__0) is unused and will be removed from module doKmean.
WARNING: [Synth 8-3332] Sequential element (p_s_reg_385_reg[39]__0) is unused and will be removed from module doKmean.
WARNING: [Synth 8-3332] Sequential element (p_s_reg_385_reg[38]__0) is unused and will be removed from module doKmean.
WARNING: [Synth 8-3332] Sequential element (p_s_reg_385_reg[37]__0) is unused and will be removed from module doKmean.
WARNING: [Synth 8-3332] Sequential element (p_s_reg_385_reg[36]__0) is unused and will be removed from module doKmean.
WARNING: [Synth 8-3332] Sequential element (p_s_reg_385_reg[35]__0) is unused and will be removed from module doKmean.
WARNING: [Synth 8-3332] Sequential element (p_s_reg_385_reg[34]__0) is unused and will be removed from module doKmean.
WARNING: [Synth 8-3332] Sequential element (p_s_reg_385_reg[33]__0) is unused and will be removed from module doKmean.
WARNING: [Synth 8-3332] Sequential element (p_s_reg_385_reg[32]__0) is unused and will be removed from module doKmean.
WARNING: [Synth 8-3332] Sequential element (p_s_reg_385_reg[31]__0) is unused and will be removed from module doKmean.
WARNING: [Synth 8-3332] Sequential element (p_s_reg_385_reg[30]__0) is unused and will be removed from module doKmean.
WARNING: [Synth 8-3332] Sequential element (p_s_reg_385_reg[29]__0) is unused and will be removed from module doKmean.
WARNING: [Synth 8-3332] Sequential element (p_s_reg_385_reg[28]__0) is unused and will be removed from module doKmean.
WARNING: [Synth 8-3332] Sequential element (p_s_reg_385_reg[27]__0) is unused and will be removed from module doKmean.
WARNING: [Synth 8-3332] Sequential element (p_s_reg_385_reg[26]__0) is unused and will be removed from module doKmean.
WARNING: [Synth 8-3332] Sequential element (p_s_reg_385_reg[25]__0) is unused and will be removed from module doKmean.
WARNING: [Synth 8-3332] Sequential element (p_s_reg_385_reg[24]__0) is unused and will be removed from module doKmean.
WARNING: [Synth 8-3332] Sequential element (p_s_reg_385_reg[23]__0) is unused and will be removed from module doKmean.
WARNING: [Synth 8-3332] Sequential element (p_s_reg_385_reg[22]__0) is unused and will be removed from module doKmean.
WARNING: [Synth 8-3332] Sequential element (p_s_reg_385_reg[21]__0) is unused and will be removed from module doKmean.
WARNING: [Synth 8-3332] Sequential element (p_s_reg_385_reg[20]__0) is unused and will be removed from module doKmean.
WARNING: [Synth 8-3332] Sequential element (p_s_reg_385_reg[19]__0) is unused and will be removed from module doKmean.
WARNING: [Synth 8-3332] Sequential element (p_s_reg_385_reg[18]__0) is unused and will be removed from module doKmean.
WARNING: [Synth 8-3332] Sequential element (p_s_reg_385_reg[17]__0) is unused and will be removed from module doKmean.
---------------------------------------------------------------------------------
Finished Cross Boundary and Area Optimization : Time (s): cpu = 00:00:16 ; elapsed = 00:00:31 . Memory (MB): peak = 1722.445 ; gain = 511.355 ; free physical = 1502 ; free virtual = 4188
---------------------------------------------------------------------------------
---------------------------------------------------------------------------------
Start ROM, RAM, DSP and Shift Register Reporting
---------------------------------------------------------------------------------

Block RAM: Preliminary Mapping  Report (see note below)
+------------------+------------+------------------------+---+---+------------------------+---+---+------------------+--------+--------+
|Module Name       | RTL Object | PORT A (Depth x Width) | W | R | PORT B (Depth x Width) | W | R | Ports driving FF | RAMB18 | RAMB36 | 
+------------------+------------+------------------------+---+---+------------------------+---+---+------------------+--------+--------+
|doKmean_data_ram: | ram_reg    | 128 x 32(WRITE_FIRST)  | W | R |                        |   |   | Port A           | 1      | 0      | 
+------------------+------------+------------------------+---+---+------------------------+---+---+------------------+--------+--------+

Note: The tale above is a preliminary report that shows the Block RAMs at the current stage of the synthesis flow. Some Block RAMs may be reimplemented as non Block RAM primitives later in the synthesis flow. Multiple instantiated Block RAMs are reported only once. 

DSP: Preliminary Mapping  Report (see note below)
+------------+-----------------+--------+--------+--------+--------+--------+------+------+------+------+-------+------+------+
|Module Name | DSP Mapping     | A Size | B Size | C Size | D Size | P Size | AREG | BREG | CREG | DREG | ADREG | MREG | PREG | 
+------------+-----------------+--------+--------+--------+--------+--------+------+------+------+------+-------+------+------+
|doKmean     | A2*B            | 18     | 15     | -      | -      | 48     | 1    | 0    | -    | -    | -     | 0    | 0    | 
|doKmean     | (PCIN>>17)+A*B2 | 15     | 15     | -      | -      | 48     | 0    | 1    | -    | -    | -     | 0    | 1    | 
|doKmean     | A*B2            | 18     | 18     | -      | -      | 48     | 0    | 1    | -    | -    | -     | 0    | 0    | 
|doKmean     | (PCIN>>17)+A*B2 | 18     | 15     | -      | -      | 48     | 0    | 1    | -    | -    | -     | 0    | 1    | 
+------------+-----------------+--------+--------+--------+--------+--------+------+------+------+------+-------+------+------+

Note: The table above is a preliminary report that shows the DSPs inferred at the current stage of the synthesis flow. Some DSP may be reimplemented as non DSP primitives later in the synthesis flow. Multiple instantiated DSPs are reported only once.
---------------------------------------------------------------------------------
Finished ROM, RAM, DSP and Shift Register Reporting
---------------------------------------------------------------------------------
INFO: [Synth 8-4480] The timing for the instance U0/i_2/data_U/doKmean_data_ram_U/ram_reg (implemented as a block RAM) might be sub-optimal as no optional output register could be merged into the block ram. Providing additional output register may help in improving timing.
INFO: [Synth 8-4480] The timing for the instance U0/i_2/data_U/doKmean_data_ram_U/ram_reg (implemented as a block RAM) might be sub-optimal as no optional output register could be merged into the block ram. Providing additional output register may help in improving timing.

Report RTL Partitions: 
+-+--------------+------------+----------+
| |RTL Partition |Replication |Instances |
+-+--------------+------------+----------+
+-+--------------+------------+----------+
---------------------------------------------------------------------------------
Start Applying XDC Timing Constraints
---------------------------------------------------------------------------------
---------------------------------------------------------------------------------
Finished Applying XDC Timing Constraints : Time (s): cpu = 00:00:24 ; elapsed = 00:00:42 . Memory (MB): peak = 1722.445 ; gain = 511.355 ; free physical = 1343 ; free virtual = 4028
---------------------------------------------------------------------------------
---------------------------------------------------------------------------------
Start Timing Optimization
---------------------------------------------------------------------------------
---------------------------------------------------------------------------------
Finished Timing Optimization : Time (s): cpu = 00:00:24 ; elapsed = 00:00:43 . Memory (MB): peak = 1726.461 ; gain = 515.371 ; free physical = 1339 ; free virtual = 4025
---------------------------------------------------------------------------------
---------------------------------------------------------------------------------
Start ROM, RAM, DSP and Shift Register Reporting
---------------------------------------------------------------------------------

Block RAM: Final Mapping  Report
+------------------+------------+------------------------+---+---+------------------------+---+---+------------------+--------+--------+
|Module Name       | RTL Object | PORT A (Depth x Width) | W | R | PORT B (Depth x Width) | W | R | Ports driving FF | RAMB18 | RAMB36 | 
+------------------+------------+------------------------+---+---+------------------------+---+---+------------------+--------+--------+
|doKmean_data_ram: | ram_reg    | 128 x 32(WRITE_FIRST)  | W | R |                        |   |   | Port A           | 1      | 0      | 
+------------------+------------+------------------------+---+---+------------------------+---+---+------------------+--------+--------+

---------------------------------------------------------------------------------
Finished ROM, RAM, DSP and Shift Register Reporting
---------------------------------------------------------------------------------

Report RTL Partitions: 
+-+--------------+------------+----------+
| |RTL Partition |Replication |Instances |
+-+--------------+------------+----------+
+-+--------------+------------+----------+
---------------------------------------------------------------------------------
Start Technology Mapping
---------------------------------------------------------------------------------
INFO: [Synth 8-4480] The timing for the instance U0/data_U/doKmean_data_ram_U/ram_reg (implemented as a block RAM) might be sub-optimal as no optional output register could be merged into the block ram. Providing additional output register may help in improving timing.
INFO: [Synth 8-4480] The timing for the instance U0/data_U/doKmean_data_ram_U/ram_reg (implemented as a block RAM) might be sub-optimal as no optional output register could be merged into the block ram. Providing additional output register may help in improving timing.
---------------------------------------------------------------------------------
Finished Technology Mapping : Time (s): cpu = 00:00:25 ; elapsed = 00:00:43 . Memory (MB): peak = 1726.461 ; gain = 515.371 ; free physical = 1338 ; free virtual = 4024
---------------------------------------------------------------------------------

Report RTL Partitions: 
+-+--------------+------------+----------+
| |RTL Partition |Replication |Instances |
+-+--------------+------------+----------+
+-+--------------+------------+----------+
---------------------------------------------------------------------------------
Start IO Insertion
---------------------------------------------------------------------------------
---------------------------------------------------------------------------------
Start Flattening Before IO Insertion
---------------------------------------------------------------------------------
---------------------------------------------------------------------------------
Finished Flattening Before IO Insertion
---------------------------------------------------------------------------------
---------------------------------------------------------------------------------
Start Final Netlist Cleanup
---------------------------------------------------------------------------------
---------------------------------------------------------------------------------
Finished Final Netlist Cleanup
---------------------------------------------------------------------------------
---------------------------------------------------------------------------------
Finished IO Insertion : Time (s): cpu = 00:00:25 ; elapsed = 00:00:44 . Memory (MB): peak = 1726.461 ; gain = 515.371 ; free physical = 1340 ; free virtual = 4025
---------------------------------------------------------------------------------

Report Check Netlist: 
+------+------------------+-------+---------+-------+------------------+
|      |Item              |Errors |Warnings |Status |Description       |
+------+------------------+-------+---------+-------+------------------+
|1     |multi_driven_nets |      0|        0|Passed |Multi driven nets |
+------+------------------+-------+---------+-------+------------------+
---------------------------------------------------------------------------------
Start Renaming Generated Instances
---------------------------------------------------------------------------------
---------------------------------------------------------------------------------
Finished Renaming Generated Instances : Time (s): cpu = 00:00:25 ; elapsed = 00:00:44 . Memory (MB): peak = 1726.461 ; gain = 515.371 ; free physical = 1340 ; free virtual = 4025
---------------------------------------------------------------------------------

Report RTL Partitions: 
+-+--------------+------------+----------+
| |RTL Partition |Replication |Instances |
+-+--------------+------------+----------+
+-+--------------+------------+----------+
---------------------------------------------------------------------------------
Start Rebuilding User Hierarchy
---------------------------------------------------------------------------------
---------------------------------------------------------------------------------
Finished Rebuilding User Hierarchy : Time (s): cpu = 00:00:25 ; elapsed = 00:00:44 . Memory (MB): peak = 1726.461 ; gain = 515.371 ; free physical = 1340 ; free virtual = 4025
---------------------------------------------------------------------------------
---------------------------------------------------------------------------------
Start Renaming Generated Ports
---------------------------------------------------------------------------------
---------------------------------------------------------------------------------
Finished Renaming Generated Ports : Time (s): cpu = 00:00:25 ; elapsed = 00:00:44 . Memory (MB): peak = 1726.461 ; gain = 515.371 ; free physical = 1340 ; free virtual = 4025
---------------------------------------------------------------------------------
---------------------------------------------------------------------------------
Start Handling Custom Attributes
---------------------------------------------------------------------------------
---------------------------------------------------------------------------------
Finished Handling Custom Attributes : Time (s): cpu = 00:00:25 ; elapsed = 00:00:44 . Memory (MB): peak = 1726.461 ; gain = 515.371 ; free physical = 1340 ; free virtual = 4025
---------------------------------------------------------------------------------
---------------------------------------------------------------------------------
Start Renaming Generated Nets
---------------------------------------------------------------------------------
---------------------------------------------------------------------------------
Finished Renaming Generated Nets : Time (s): cpu = 00:00:25 ; elapsed = 00:00:44 . Memory (MB): peak = 1726.461 ; gain = 515.371 ; free physical = 1340 ; free virtual = 4025
---------------------------------------------------------------------------------
---------------------------------------------------------------------------------
Start Writing Synthesis Report
---------------------------------------------------------------------------------

Report BlackBoxes: 
+-+--------------+----------+
| |BlackBox name |Instances |
+-+--------------+----------+
+-+--------------+----------+

Report Cell Usage: 
+------+----------+------+
|      |Cell      |Count |
+------+----------+------+
|1     |CARRY4    |     4|
|2     |DSP48E1   |     1|
|3     |DSP48E1_1 |     1|
|4     |DSP48E1_2 |     1|
|5     |LUT1      |     4|
|6     |LUT2      |    30|
|7     |LUT3      |   182|
|8     |LUT4      |    39|
|9     |LUT5      |    89|
|10    |LUT6      |    29|
|11    |RAMB18E1  |     1|
|12    |FDRE      |   428|
|13    |FDSE      |     6|
+------+----------+------+

Report Instance Areas: 
+------+-----------------------------+-----------------------+------+
|      |Instance                     |Module                 |Cells |
+------+-----------------------------+-----------------------+------+
|1     |top                          |                       |   815|
|2     |  U0                         |doKmean                |   815|
|3     |    data_U                   |doKmean_data           |    61|
|4     |      doKmean_data_ram_U     |doKmean_data_ram       |    61|
|5     |    doKmean_CRTL_BUS_s_axi_U |doKmean_CRTL_BUS_s_axi |   172|
+------+-----------------------------+-----------------------+------+
---------------------------------------------------------------------------------
Finished Writing Synthesis Report : Time (s): cpu = 00:00:25 ; elapsed = 00:00:44 . Memory (MB): peak = 1726.461 ; gain = 515.371 ; free physical = 1340 ; free virtual = 4025
---------------------------------------------------------------------------------
Synthesis finished with 0 errors, 0 critical warnings and 71 warnings.
Synthesis Optimization Runtime : Time (s): cpu = 00:00:17 ; elapsed = 00:00:21 . Memory (MB): peak = 1726.461 ; gain = 132.348 ; free physical = 1408 ; free virtual = 4094
Synthesis Optimization Complete : Time (s): cpu = 00:00:26 ; elapsed = 00:00:44 . Memory (MB): peak = 1726.469 ; gain = 515.371 ; free physical = 1408 ; free virtual = 4094
INFO: [Project 1-571] Translating synthesized netlist
INFO: [Netlist 29-17] Analyzing 8 Unisim elements for replacement
INFO: [Netlist 29-28] Unisim Transformation completed in 0 CPU seconds
INFO: [Project 1-570] Preparing netlist for logic optimization
INFO: [Opt 31-138] Pushed 0 inverter(s) to 0 load pin(s).
INFO: [Project 1-111] Unisim Transformation Summary:
No Unisim elements were transformed.

INFO: [Common 17-83] Releasing license: Synthesis
77 Infos, 73 Warnings, 0 Critical Warnings and 0 Errors encountered.
synth_design completed successfully
synth_design: Time (s): cpu = 00:00:28 ; elapsed = 00:00:45 . Memory (MB): peak = 1758.477 ; gain = 559.133 ; free physical = 1415 ; free virtual = 4101
WARNING: [Constraints 18-5210] No constraint will be written out.
INFO: [Common 17-1381] The checkpoint '/home/fabian/Documents/ensta/deuxieme/simple_axistream/viv/kmean/kmean.runs/design_1_doKmean_0_0_synth_1/design_1_doKmean_0_0.dcp' has been generated.
